Mplus VERSION 8.4
MUTHEN & MUTHEN
11/02/2021   4:04 PM

INPUT INSTRUCTIONS

  TITLE: Measurement Invariance Model for S_HELPV
  DATA: FILE = "models/syn_3d/calibration.dat";
  VARIABLE:
  NAMES = ID S_CONJ S_HELPV S_PRON S_QUANT S_QWORDS S_TIME S_WF_N S_WF_V S_WE_N S_WE_V
       S_COMPLX D_AGE_C D_AGE_C2 D_MALE D_FIRSTB D_MOMCOL D_AGESEX D_AG2SEX;
  MISSING=.;
  !
  !
  !
  USEVARIABLES= S_CONJ S_HELPV S_PRON S_QUANT S_QWORDS S_TIME S_WF_N S_WF_V S_WE_N S_WE_V
   S_COMPLX D_AGE_C D_AGE_C2 D_MALE D_FIRSTB D_MOMCOL D_AGESEX D_AG2SEX ;
  AUXILIARY= ID ;
  !
  !
  CONSTRAINT= D_AGE_C D_AGE_C2 D_MALE D_FIRSTB D_MOMCOL D_AGESEX D_AG2SEX ;
  ANALYSIS: ESTIMATOR=ML;ALGORITHM=INTEGRATION;INTEGRATION=MONTECARLO;PROCESSORS=4;
  MODEL: [ETA@0]; ETA@1;
  ETA BY S_CONJ*(l1);
  ETA BY S_HELPV*(l2);
  ETA BY S_PRON*(l3);
  ETA BY S_QUANT*(l4);
  ETA BY S_QWORDS*(l5);
  ETA BY S_TIME*(l6);
  ETA BY S_WF_N*(l7);
  ETA BY S_WF_V*(l8);
  ETA BY S_WE_N*(l9);
  ETA BY S_WE_V*(l10);
  ETA BY S_COMPLX*(l11);
  S_HELPV on D_AGE_C D_AGE_C2 D_MALE D_FIRSTB D_MOMCOL D_AGESEX D_AG2SEX;
  MODEL CONSTRAINT: new(
  l2_00*1
  l2_1*0
  l2_2*0
  l2_3*0
  l2_4*0
  l2_5*0
  l2_6*0
  l2_7*0
  );
  l2=l2_00
  +l2_1*D_AGE_C
  +l2_2*D_AGE_C2
  +l2_3*D_MALE
  +l2_4*D_FIRSTB
  +l2_5*D_MOMCOL
  +l2_6*D_AGESEX
  +l2_7*D_AG2SEX
  ;
  OUTPUT: tech1;



INPUT READING TERMINATED NORMALLY



Measurement Invariance Model for S_HELPV

SUMMARY OF ANALYSIS

Number of groups                                                 1
Number of observations                                        2766

Number of dependent variables                                   11
Number of independent variables                                  7
Number of continuous latent variables                            1

Observed dependent variables

  Continuous
   S_CONJ      S_HELPV     S_PRON      S_QUANT     S_QWORDS    S_TIME
   S_WF_N      S_WF_V      S_WE_N      S_WE_V      S_COMPLX

Observed independent variables
   D_AGE_C     D_AGE_C2    D_MALE      D_FIRSTB    D_MOMCOL    D_AGESEX
   D_AG2SEX

Observed auxiliary variables
   ID

Continuous latent variables
   ETA


Estimator                                                       ML
Information matrix                                        OBSERVED
Optimization Specifications for the Quasi-Newton Algorithm for
Continuous Outcomes
  Maximum number of iterations                                 100
  Convergence criterion                                  0.100D-05
Optimization Specifications for the EM Algorithm
  Maximum number of iterations                                 500
  Convergence criteria
    Loglikelihood change                                 0.100D-02
    Relative loglikelihood change                        0.100D-05
    Derivative                                           0.100D-02
Optimization Specifications for the M step of the EM Algorithm for
Categorical Latent variables
  Number of M step iterations                                    1
  M step convergence criterion                           0.100D-02
  Basis for M step termination                           ITERATION
Optimization Specifications for the M step of the EM Algorithm for
Censored, Binary or Ordered Categorical (Ordinal), Unordered
Categorical (Nominal) and Count Outcomes
  Number of M step iterations                                    1
  M step convergence criterion                           0.100D-02
  Basis for M step termination                           ITERATION
  Maximum value for logit thresholds                            15
  Minimum value for logit thresholds                           -15
  Minimum expected cell size for chi-square              0.100D-01
Maximum number of iterations for H1                           2000
Convergence criterion for H1                             0.100D-03
Optimization algorithm                                         EMA
Integration Specifications
  Type                                                  MONTECARLO
  Number of integration points                                   1
  Dimensions of numerical integration                            0
  Adaptive quadrature                                           ON
  Monte Carlo integration seed                                   0
Cholesky                                                       OFF

Input data file(s)
  models/syn_3d/calibration.dat
Input data format  FREE


SUMMARY OF DATA

     Number of missing data patterns             1


COVARIANCE COVERAGE OF DATA

Minimum covariance coverage value   0.100


     PROPORTION OF DATA PRESENT FOR Y


           Covariance Coverage
              S_CONJ        S_HELPV       S_PRON        S_QUANT       S_QWORDS
              ________      ________      ________      ________      ________
 S_CONJ         1.000
 S_HELPV        1.000         1.000
 S_PRON         1.000         1.000         1.000
 S_QUANT        1.000         1.000         1.000         1.000
 S_QWORDS       1.000         1.000         1.000         1.000         1.000
 S_TIME         1.000         1.000         1.000         1.000         1.000
 S_WF_N         1.000         1.000         1.000         1.000         1.000
 S_WF_V         1.000         1.000         1.000         1.000         1.000
 S_WE_N         1.000         1.000         1.000         1.000         1.000
 S_WE_V         1.000         1.000         1.000         1.000         1.000
 S_COMPLX       1.000         1.000         1.000         1.000         1.000
 D_AGE_C        1.000         1.000         1.000         1.000         1.000
 D_AGE_C2       1.000         1.000         1.000         1.000         1.000
 D_MALE         1.000         1.000         1.000         1.000         1.000
 D_FIRSTB       1.000         1.000         1.000         1.000         1.000
 D_MOMCOL       1.000         1.000         1.000         1.000         1.000
 D_AGESEX       1.000         1.000         1.000         1.000         1.000
 D_AG2SEX       1.000         1.000         1.000         1.000         1.000


           Covariance Coverage
              S_TIME        S_WF_N        S_WF_V        S_WE_N        S_WE_V
              ________      ________      ________      ________      ________
 S_TIME         1.000
 S_WF_N         1.000         1.000
 S_WF_V         1.000         1.000         1.000
 S_WE_N         1.000         1.000         1.000         1.000
 S_WE_V         1.000         1.000         1.000         1.000         1.000
 S_COMPLX       1.000         1.000         1.000         1.000         1.000
 D_AGE_C        1.000         1.000         1.000         1.000         1.000
 D_AGE_C2       1.000         1.000         1.000         1.000         1.000
 D_MALE         1.000         1.000         1.000         1.000         1.000
 D_FIRSTB       1.000         1.000         1.000         1.000         1.000
 D_MOMCOL       1.000         1.000         1.000         1.000         1.000
 D_AGESEX       1.000         1.000         1.000         1.000         1.000
 D_AG2SEX       1.000         1.000         1.000         1.000         1.000


           Covariance Coverage
              S_COMPLX      D_AGE_C       D_AGE_C2      D_MALE        D_FIRSTB
              ________      ________      ________      ________      ________
 S_COMPLX       1.000
 D_AGE_C        1.000         1.000
 D_AGE_C2       1.000         1.000         1.000
 D_MALE         1.000         1.000         1.000         1.000
 D_FIRSTB       1.000         1.000         1.000         1.000         1.000
 D_MOMCOL       1.000         1.000         1.000         1.000         1.000
 D_AGESEX       1.000         1.000         1.000         1.000         1.000
 D_AG2SEX       1.000         1.000         1.000         1.000         1.000


           Covariance Coverage
              D_MOMCOL      D_AGESEX      D_AG2SEX
              ________      ________      ________
 D_MOMCOL       1.000
 D_AGESEX       1.000         1.000
 D_AG2SEX       1.000         1.000         1.000



UNIVARIATE SAMPLE STATISTICS


     UNIVARIATE HIGHER-ORDER MOMENT DESCRIPTIVE STATISTICS

         Variable/         Mean/     Skewness/   Minimum/ % with                Percentiles
        Sample Size      Variance    Kurtosis    Maximum  Min/Max      20%/60%    40%/80%    Median

     S_CONJ                0.132       2.167       0.000   67.25%       0.000      0.000      0.000
            2766.000       0.062       3.990       1.000    3.40%       0.000      0.167
     S_HELPV               0.212       1.398       0.000   36.62%       0.000      0.048      0.048
            2766.000       0.080       0.843       1.000    2.96%       0.143      0.429
     S_PRON                0.257       1.246       0.000   15.37%       0.040      0.120      0.160
            2766.000       0.075       0.569       1.000    2.49%       0.200      0.480
     S_QUANT               0.236       1.241       0.000   27.11%       0.000      0.059      0.118
            2766.000       0.078       0.438       1.000    2.35%       0.176      0.471
     S_QWORDS              0.248       1.100       0.000   42.91%       0.000      0.000      0.143
            2766.000       0.090       0.097       1.000    4.66%       0.286      0.571
     S_TIME                0.229       1.282       0.000   42.23%       0.000      0.000      0.083
            2766.000       0.090       0.457       1.000    4.30%       0.167      0.500
     S_WF_N                0.322       0.492       0.000   25.74%       0.000      0.200      0.400
            2766.000       0.066      -0.178       1.000    2.86%       0.400      0.600
     S_WF_V                0.187       1.564       0.000   42.37%       0.000      0.000      0.050
            2766.000       0.072       1.427       1.000    2.13%       0.100      0.350
     S_WE_N                0.066       2.603       0.000   66.20%       0.000      0.000      0.000
            2766.000       0.016       8.720       1.000    0.11%       0.000      0.143
     S_WE_V                0.038       4.398       0.000   70.50%       0.000      0.000      0.000
            2766.000       0.008      28.722       1.000    0.11%       0.000      0.065
     S_COMPLX              0.241       1.159       0.000   37.85%       0.000      0.027      0.081
            2766.000       0.095       0.029       1.000    2.82%       0.162      0.541
     D_AGE_C              -0.267       0.087      -7.000    6.69%      -5.000     -2.000      1.000
            2766.000      18.040      -1.118       7.000    8.17%       1.000      4.000
     D_AGE_C2             18.112       0.675       0.000    4.92%       1.000      9.000     16.000
            2766.000     285.153      -0.881      49.000   14.86%      16.000     36.000
     D_MALE                0.013      -0.026      -1.000   49.35%      -1.000     -1.000      1.000
            2766.000       1.000      -1.999       1.000   50.65%       1.000      1.000
     D_FIRSTB              0.030      -0.059      -1.000   48.52%      -1.000     -1.000      1.000
            2766.000       0.999      -1.996       1.000   51.48%       1.000      1.000
     D_MOMCOL              0.165      -0.334      -1.000   41.76%      -1.000     -1.000      1.000
            2766.000       0.973      -1.888       1.000   58.24%       1.000      1.000
     D_AGESEX              0.056      -0.017      -7.000    7.30%      -4.000     -1.000      0.000
            2766.000      18.109      -1.130       7.000    7.56%       1.000      4.000
     D_AG2SEX              0.267      -0.018     -49.000    7.41%     -16.000     -1.000      0.000
            2766.000     613.116      -0.136      49.000    7.45%       1.000     25.000


THE MODEL ESTIMATION TERMINATED NORMALLY



MODEL FIT INFORMATION

Number of Free Parameters                       47

Loglikelihood

          H0 Value                       17632.975

Information Criteria

          Akaike (AIC)                  -35171.950
          Bayesian (BIC)                -34893.468
          Sample-Size Adjusted BIC      -35042.802
            (n* = (n + 2) / 24)



MODEL RESULTS

                                                    Two-Tailed
                    Estimate       S.E.  Est./S.E.    P-Value

 ETA      BY
    S_CONJ             0.208      0.004     54.338      0.000
    S_HELPV          999.000      0.000    999.000    999.000
    S_PRON             0.259      0.004     66.713      0.000
    S_QUANT            0.264      0.004     66.691      0.000
    S_QWORDS           0.262      0.005     58.074      0.000
    S_TIME             0.270      0.004     61.173      0.000
    S_WF_N             0.184      0.004     43.625      0.000
    S_WF_V             0.244      0.004     62.031      0.000
    S_WE_N             0.055      0.002     23.951      0.000
    S_WE_V             0.049      0.002     30.027      0.000
    S_COMPLX           0.278      0.005     61.186      0.000

 S_HELPV    ON
    D_AGE_C            0.003      0.001      3.664      0.000
    D_AGE_C2          -0.001      0.000     -4.348      0.000
    D_MALE             0.003      0.003      1.242      0.214
    D_FIRSTB          -0.006      0.002     -3.237      0.001
    D_MOMCOL          -0.003      0.002     -1.554      0.120
    D_AGESEX          -0.001      0.001     -0.816      0.415
    D_AG2SEX           0.000      0.000      1.663      0.096

 Means
    ETA                0.000      0.000    999.000    999.000

 Intercepts
    S_CONJ             0.132      0.005     27.956      0.000
    S_HELPV            0.203      0.006     36.170      0.000
    S_PRON             0.257      0.005     49.349      0.000
    S_QUANT            0.236      0.005     44.451      0.000
    S_QWORDS           0.248      0.006     43.534      0.000
    S_TIME             0.229      0.006     40.134      0.000
    S_WF_N             0.322      0.005     65.995      0.000
    S_WF_V             0.187      0.005     36.634      0.000
    S_WE_N             0.066      0.002     27.863      0.000
    S_WE_V             0.038      0.002     21.920      0.000
    S_COMPLX           0.241      0.006     41.070      0.000

 Variances
    ETA                1.000      0.000    999.000    999.000

 Residual Variances
    S_CONJ             0.019      0.001     35.294      0.000
    S_HELPV            0.007      0.000     28.597      0.000
    S_PRON             0.008      0.000     30.261      0.000
    S_QUANT            0.008      0.000     30.435      0.000
    S_QWORDS           0.021      0.001     34.622      0.000
    S_TIME             0.017      0.001     33.764      0.000
    S_WF_N             0.032      0.001     36.301      0.000
    S_WF_V             0.013      0.000     33.375      0.000
    S_WE_N             0.013      0.000     36.998      0.000
    S_WE_V             0.006      0.000     36.872      0.000
    S_COMPLX           0.018      0.001     33.752      0.000

New/Additional Parameters
    L2_00              0.263      0.005     55.663      0.000
    L2_1               0.009      0.001      9.475      0.000
    L2_2              -0.001      0.000     -4.768      0.000
    L2_3               0.001      0.003      0.235      0.814
    L2_4              -0.004      0.002     -2.390      0.017
    L2_5              -0.002      0.002     -1.162      0.245
    L2_6              -0.002      0.001     -1.827      0.068
    L2_7               0.000      0.000      1.486      0.137


QUALITY OF NUMERICAL RESULTS

     Condition Number for the Information Matrix              0.224E-07
       (ratio of smallest to largest eigenvalue)


TECHNICAL 1 OUTPUT


     PARAMETER SPECIFICATION


           NU
              S_CONJ        S_HELPV       S_PRON        S_QUANT       S_QWORDS
              ________      ________      ________      ________      ________
                    1             0             2             3             4


           NU
              S_TIME        S_WF_N        S_WF_V        S_WE_N        S_WE_V
              ________      ________      ________      ________      ________
                    5             6             7             8             9


           NU
              S_COMPLX      D_AGE_C       D_AGE_C2      D_MALE        D_FIRSTB
              ________      ________      ________      ________      ________
                   10             0             0             0             0


           NU
              D_MOMCOL      D_AGESEX      D_AG2SEX
              ________      ________      ________
                    0             0             0


           LAMBDA
              ETA           S_HELPV       D_AGE_C       D_AGE_C2      D_MALE
              ________      ________      ________      ________      ________
 S_CONJ            11             0             0             0             0
 S_HELPV            0             0             0             0             0
 S_PRON            12             0             0             0             0
 S_QUANT           13             0             0             0             0
 S_QWORDS          14             0             0             0             0
 S_TIME            15             0             0             0             0
 S_WF_N            16             0             0             0             0
 S_WF_V            17             0             0             0             0
 S_WE_N            18             0             0             0             0
 S_WE_V            19             0             0             0             0
 S_COMPLX          20             0             0             0             0
 D_AGE_C            0             0             0             0             0
 D_AGE_C2           0             0             0             0             0
 D_MALE             0             0             0             0             0
 D_FIRSTB           0             0             0             0             0
 D_MOMCOL           0             0             0             0             0
 D_AGESEX           0             0             0             0             0
 D_AG2SEX           0             0             0             0             0


           LAMBDA
              D_FIRSTB      D_MOMCOL      D_AGESEX      D_AG2SEX
              ________      ________      ________      ________
 S_CONJ             0             0             0             0
 S_HELPV            0             0             0             0
 S_PRON             0             0             0             0
 S_QUANT            0             0             0             0
 S_QWORDS           0             0             0             0
 S_TIME             0             0             0             0
 S_WF_N             0             0             0             0
 S_WF_V             0             0             0             0
 S_WE_N             0             0             0             0
 S_WE_V             0             0             0             0
 S_COMPLX           0             0             0             0
 D_AGE_C            0             0             0             0
 D_AGE_C2           0             0             0             0
 D_MALE             0             0             0             0
 D_FIRSTB           0             0             0             0
 D_MOMCOL           0             0             0             0
 D_AGESEX           0             0             0             0
 D_AG2SEX           0             0             0             0


           THETA
              S_CONJ        S_HELPV       S_PRON        S_QUANT       S_QWORDS
              ________      ________      ________      ________      ________
 S_CONJ            21
 S_HELPV            0             0
 S_PRON             0             0            22
 S_QUANT            0             0             0            23
 S_QWORDS           0             0             0             0            24
 S_TIME             0             0             0             0             0
 S_WF_N             0             0             0             0             0
 S_WF_V             0             0             0             0             0
 S_WE_N             0             0             0             0             0
 S_WE_V             0             0             0             0             0
 S_COMPLX           0             0             0             0             0
 D_AGE_C            0             0             0             0             0
 D_AGE_C2           0             0             0             0             0
 D_MALE             0             0             0             0             0
 D_FIRSTB           0             0             0             0             0
 D_MOMCOL           0             0             0             0             0
 D_AGESEX           0             0             0             0             0
 D_AG2SEX           0             0             0             0             0


           THETA
              S_TIME        S_WF_N        S_WF_V        S_WE_N        S_WE_V
              ________      ________      ________      ________      ________
 S_TIME            25
 S_WF_N             0            26
 S_WF_V             0             0            27
 S_WE_N             0             0             0            28
 S_WE_V             0             0             0             0            29
 S_COMPLX           0             0             0             0             0
 D_AGE_C            0             0             0             0             0
 D_AGE_C2           0             0             0             0             0
 D_MALE             0             0             0             0             0
 D_FIRSTB           0             0             0             0             0
 D_MOMCOL           0             0             0             0             0
 D_AGESEX           0             0             0             0             0
 D_AG2SEX           0             0             0             0             0


           THETA
              S_COMPLX      D_AGE_C       D_AGE_C2      D_MALE        D_FIRSTB
              ________      ________      ________      ________      ________
 S_COMPLX          30
 D_AGE_C            0             0
 D_AGE_C2           0             0             0
 D_MALE             0             0             0             0
 D_FIRSTB           0             0             0             0             0
 D_MOMCOL           0             0             0             0             0
 D_AGESEX           0             0             0             0             0
 D_AG2SEX           0             0             0             0             0


           THETA
              D_MOMCOL      D_AGESEX      D_AG2SEX
              ________      ________      ________
 D_MOMCOL           0
 D_AGESEX           0             0
 D_AG2SEX           0             0             0


           ALPHA
              ETA           S_HELPV       D_AGE_C       D_AGE_C2      D_MALE
              ________      ________      ________      ________      ________
                    0            31             0             0             0


           ALPHA
              D_FIRSTB      D_MOMCOL      D_AGESEX      D_AG2SEX
              ________      ________      ________      ________
                    0             0             0             0


           BETA
              ETA           S_HELPV       D_AGE_C       D_AGE_C2      D_MALE
              ________      ________      ________      ________      ________
 ETA                0             0             0             0             0
 S_HELPV           32             0            33            34            35
 D_AGE_C            0             0             0             0             0
 D_AGE_C2           0             0             0             0             0
 D_MALE             0             0             0             0             0
 D_FIRSTB           0             0             0             0             0
 D_MOMCOL           0             0             0             0             0
 D_AGESEX           0             0             0             0             0
 D_AG2SEX           0             0             0             0             0


           BETA
              D_FIRSTB      D_MOMCOL      D_AGESEX      D_AG2SEX
              ________      ________      ________      ________
 ETA                0             0             0             0
 S_HELPV           36            37            38            39
 D_AGE_C            0             0             0             0
 D_AGE_C2           0             0             0             0
 D_MALE             0             0             0             0
 D_FIRSTB           0             0             0             0
 D_MOMCOL           0             0             0             0
 D_AGESEX           0             0             0             0
 D_AG2SEX           0             0             0             0


           PSI
              ETA           S_HELPV       D_AGE_C       D_AGE_C2      D_MALE
              ________      ________      ________      ________      ________
 ETA                0
 S_HELPV            0            40
 D_AGE_C            0             0             0
 D_AGE_C2           0             0             0             0
 D_MALE             0             0             0             0             0
 D_FIRSTB           0             0             0             0             0
 D_MOMCOL           0             0             0             0             0
 D_AGESEX           0             0             0             0             0
 D_AG2SEX           0             0             0             0             0


           PSI
              D_FIRSTB      D_MOMCOL      D_AGESEX      D_AG2SEX
              ________      ________      ________      ________
 D_FIRSTB           0
 D_MOMCOL           0             0
 D_AGESEX           0             0             0
 D_AG2SEX           0             0             0             0


     PARAMETER SPECIFICATION FOR THE ADDITIONAL PARAMETERS


           NEW/ADDITIONAL PARAMETERS
              L2_00         L2_1          L2_2          L2_3          L2_4
              ________      ________      ________      ________      ________
                   41            42            43            44            45


           NEW/ADDITIONAL PARAMETERS
              L2_5          L2_6          L2_7
              ________      ________      ________
                   46            47            48


     STARTING VALUES


           NU
              S_CONJ        S_HELPV       S_PRON        S_QUANT       S_QWORDS
              ________      ________      ________      ________      ________
                0.132         0.000         0.257         0.236         0.248


           NU
              S_TIME        S_WF_N        S_WF_V        S_WE_N        S_WE_V
              ________      ________      ________      ________      ________
                0.229         0.322         0.187         0.066         0.038


           NU
              S_COMPLX      D_AGE_C       D_AGE_C2      D_MALE        D_FIRSTB
              ________      ________      ________      ________      ________
                0.241         0.000         0.000         0.000         0.000


           NU
              D_MOMCOL      D_AGESEX      D_AG2SEX
              ________      ________      ________
                0.000         0.000         0.000


           LAMBDA
              ETA           S_HELPV       D_AGE_C       D_AGE_C2      D_MALE
              ________      ________      ________      ________      ________
 S_CONJ         1.000         0.000         0.000         0.000         0.000
 S_HELPV        0.000         1.000         0.000         0.000         0.000
 S_PRON         1.000         0.000         0.000         0.000         0.000
 S_QUANT        1.000         0.000         0.000         0.000         0.000
 S_QWORDS       1.000         0.000         0.000         0.000         0.000
 S_TIME         1.000         0.000         0.000         0.000         0.000
 S_WF_N         1.000         0.000         0.000         0.000         0.000
 S_WF_V         1.000         0.000         0.000         0.000         0.000
 S_WE_N         1.000         0.000         0.000         0.000         0.000
 S_WE_V         1.000         0.000         0.000         0.000         0.000
 S_COMPLX       1.000         0.000         0.000         0.000         0.000
 D_AGE_C        0.000         0.000         1.000         0.000         0.000
 D_AGE_C2       0.000         0.000         0.000         1.000         0.000
 D_MALE         0.000         0.000         0.000         0.000         1.000
 D_FIRSTB       0.000         0.000         0.000         0.000         0.000
 D_MOMCOL       0.000         0.000         0.000         0.000         0.000
 D_AGESEX       0.000         0.000         0.000         0.000         0.000
 D_AG2SEX       0.000         0.000         0.000         0.000         0.000


           LAMBDA
              D_FIRSTB      D_MOMCOL      D_AGESEX      D_AG2SEX
              ________      ________      ________      ________
 S_CONJ         0.000         0.000         0.000         0.000
 S_HELPV        0.000         0.000         0.000         0.000
 S_PRON         0.000         0.000         0.000         0.000
 S_QUANT        0.000         0.000         0.000         0.000
 S_QWORDS       0.000         0.000         0.000         0.000
 S_TIME         0.000         0.000         0.000         0.000
 S_WF_N         0.000         0.000         0.000         0.000
 S_WF_V         0.000         0.000         0.000         0.000
 S_WE_N         0.000         0.000         0.000         0.000
 S_WE_V         0.000         0.000         0.000         0.000
 S_COMPLX       0.000         0.000         0.000         0.000
 D_AGE_C        0.000         0.000         0.000         0.000
 D_AGE_C2       0.000         0.000         0.000         0.000
 D_MALE         0.000         0.000         0.000         0.000
 D_FIRSTB       1.000         0.000         0.000         0.000
 D_MOMCOL       0.000         1.000         0.000         0.000
 D_AGESEX       0.000         0.000         1.000         0.000
 D_AG2SEX       0.000         0.000         0.000         1.000


           THETA
              S_CONJ        S_HELPV       S_PRON        S_QUANT       S_QWORDS
              ________      ________      ________      ________      ________
 S_CONJ         0.031
 S_HELPV        0.000         0.000
 S_PRON         0.000         0.000         0.037
 S_QUANT        0.000         0.000         0.000         0.039
 S_QWORDS       0.000         0.000         0.000         0.000         0.045
 S_TIME         0.000         0.000         0.000         0.000         0.000
 S_WF_N         0.000         0.000         0.000         0.000         0.000
 S_WF_V         0.000         0.000         0.000         0.000         0.000
 S_WE_N         0.000         0.000         0.000         0.000         0.000
 S_WE_V         0.000         0.000         0.000         0.000         0.000
 S_COMPLX       0.000         0.000         0.000         0.000         0.000
 D_AGE_C        0.000         0.000         0.000         0.000         0.000
 D_AGE_C2       0.000         0.000         0.000         0.000         0.000
 D_MALE         0.000         0.000         0.000         0.000         0.000
 D_FIRSTB       0.000         0.000         0.000         0.000         0.000
 D_MOMCOL       0.000         0.000         0.000         0.000         0.000
 D_AGESEX       0.000         0.000         0.000         0.000         0.000
 D_AG2SEX       0.000         0.000         0.000         0.000         0.000


           THETA
              S_TIME        S_WF_N        S_WF_V        S_WE_N        S_WE_V
              ________      ________      ________      ________      ________
 S_TIME         0.045
 S_WF_N         0.000         0.033
 S_WF_V         0.000         0.000         0.036
 S_WE_N         0.000         0.000         0.000         0.008
 S_WE_V         0.000         0.000         0.000         0.000         0.004
 S_COMPLX       0.000         0.000         0.000         0.000         0.000
 D_AGE_C        0.000         0.000         0.000         0.000         0.000
 D_AGE_C2       0.000         0.000         0.000         0.000         0.000
 D_MALE         0.000         0.000         0.000         0.000         0.000
 D_FIRSTB       0.000         0.000         0.000         0.000         0.000
 D_MOMCOL       0.000         0.000         0.000         0.000         0.000
 D_AGESEX       0.000         0.000         0.000         0.000         0.000
 D_AG2SEX       0.000         0.000         0.000         0.000         0.000


           THETA
              S_COMPLX      D_AGE_C       D_AGE_C2      D_MALE        D_FIRSTB
              ________      ________      ________      ________      ________
 S_COMPLX       0.048
 D_AGE_C        0.000         0.000
 D_AGE_C2       0.000         0.000         0.000
 D_MALE         0.000         0.000         0.000         0.000
 D_FIRSTB       0.000         0.000         0.000         0.000         0.000
 D_MOMCOL       0.000         0.000         0.000         0.000         0.000
 D_AGESEX       0.000         0.000         0.000         0.000         0.000
 D_AG2SEX       0.000         0.000         0.000         0.000         0.000


           THETA
              D_MOMCOL      D_AGESEX      D_AG2SEX
              ________      ________      ________
 D_MOMCOL       0.000
 D_AGESEX       0.000         0.000
 D_AG2SEX       0.000         0.000         0.000


           ALPHA
              ETA           S_HELPV       D_AGE_C       D_AGE_C2      D_MALE
              ________      ________      ________      ________      ________
                0.000         0.212         0.000         0.000         0.000


           ALPHA
              D_FIRSTB      D_MOMCOL      D_AGESEX      D_AG2SEX
              ________      ________      ________      ________
                0.000         0.000         0.000         0.000


           BETA
              ETA           S_HELPV       D_AGE_C       D_AGE_C2      D_MALE
              ________      ________      ________      ________      ________
 ETA            0.000         0.000         0.000         0.000         0.000
 S_HELPV        1.000         0.000         0.000         0.000         0.000
 D_AGE_C        0.000         0.000         0.000         0.000         0.000
 D_AGE_C2       0.000         0.000         0.000         0.000         0.000
 D_MALE         0.000         0.000         0.000         0.000         0.000
 D_FIRSTB       0.000         0.000         0.000         0.000         0.000
 D_MOMCOL       0.000         0.000         0.000         0.000         0.000
 D_AGESEX       0.000         0.000         0.000         0.000         0.000
 D_AG2SEX       0.000         0.000         0.000         0.000         0.000


           BETA
              D_FIRSTB      D_MOMCOL      D_AGESEX      D_AG2SEX
              ________      ________      ________      ________
 ETA            0.000         0.000         0.000         0.000
 S_HELPV        0.000         0.000         0.000         0.000
 D_AGE_C        0.000         0.000         0.000         0.000
 D_AGE_C2       0.000         0.000         0.000         0.000
 D_MALE         0.000         0.000         0.000         0.000
 D_FIRSTB       0.000         0.000         0.000         0.000
 D_MOMCOL       0.000         0.000         0.000         0.000
 D_AGESEX       0.000         0.000         0.000         0.000
 D_AG2SEX       0.000         0.000         0.000         0.000


           PSI
              ETA           S_HELPV       D_AGE_C       D_AGE_C2      D_MALE
              ________      ________      ________      ________      ________
 ETA            1.000
 S_HELPV        0.000         0.040
 D_AGE_C        0.000         0.000         9.020
 D_AGE_C2       0.000         0.000         0.000       142.577
 D_MALE         0.000         0.000         0.000         0.000         0.500
 D_FIRSTB       0.000         0.000         0.000         0.000         0.000
 D_MOMCOL       0.000         0.000         0.000         0.000         0.000
 D_AGESEX       0.000         0.000         0.000         0.000         0.000
 D_AG2SEX       0.000         0.000         0.000         0.000         0.000


           PSI
              D_FIRSTB      D_MOMCOL      D_AGESEX      D_AG2SEX
              ________      ________      ________      ________
 D_FIRSTB       0.500
 D_MOMCOL       0.000         0.486
 D_AGESEX       0.000         0.000         9.054
 D_AG2SEX       0.000         0.000         0.000       306.558


     STARTING VALUES FOR THE ADDITIONAL PARAMETERS


           NEW/ADDITIONAL PARAMETERS
              L2_00         L2_1          L2_2          L2_3          L2_4
              ________      ________      ________      ________      ________
                1.000         0.000         0.000         0.000         0.000


           NEW/ADDITIONAL PARAMETERS
              L2_5          L2_6          L2_7
              ________      ________      ________
                0.000         0.000         0.000


     Beginning Time:  16:04:45
        Ending Time:  16:08:07
       Elapsed Time:  00:03:22



MUTHEN & MUTHEN
3463 Stoner Ave.
Los Angeles, CA  90066

Tel: (310) 391-9971
Fax: (310) 391-8971
Web: www.StatModel.com
Support: Support@StatModel.com

Copyright (c) 1998-2019 Muthen & Muthen
