Mplus VERSION 8.4
MUTHEN & MUTHEN
11/02/2021   8:27 PM

INPUT INSTRUCTIONS

  TITLE: Round 2 Calibration Model
  DATA: FILE = "models/syn_3d/calibration.dat";
  VARIABLE:
  NAMES = ID S_CONJ S_HELPV S_PRON S_QUANT S_QWORDS S_TIME S_WF_N S_WF_V S_WE_N S_WE_V
       S_COMPLX D_AGE_C D_AGE_C2 D_MALE D_FIRSTB D_MOMCOL D_AGESEX D_AG2SEX;
  MISSING=.;
  !
  !
  !
  USEVARIABLES= S_CONJ S_HELPV S_PRON S_QUANT S_QWORDS S_TIME S_WF_N S_WF_V S_WE_N S_WE_V
   S_COMPLX D_AGE_C D_AGE_C2 D_MALE D_FIRSTB D_MOMCOL D_AGESEX D_AG2SEX;
  AUXILIARY= ID ;
  !
  !
  CONSTRAINT= D_AGE_C D_AGE_C2 D_MALE D_FIRSTB D_MOMCOL D_AGESEX D_AG2SEX ;
  ANALYSIS: ESTIMATOR=ML;ALGORITHM=INTEGRATION;INTEGRATION=MONTECARLO;PROCESSORS=4;
  MODEL: [ETA@0];ETA*(veta);
  ETA BY S_CONJ*(l_1);
  ETA BY S_HELPV*(l_2);
  ETA BY S_PRON*(l_3);
  ETA BY S_QUANT*(l_4);
  ETA BY S_QWORDS*(l_5);
  ETA BY S_TIME*(l_6);
  ETA BY S_WF_N*(l_7);
  ETA BY S_WF_V*(l_8);
  ETA BY S_WE_N*(l_9);
  ETA BY S_WE_V*(l_10);
  ETA BY S_COMPLX*(l_11);
  ETA ON D_AGE_C; ETA ON D_AGE_C2; ETA ON D_MALE; ETA ON D_FIRSTB; ETA ON D_MOMCOL; ETA ON
   D_AGESEX;
  S_CONJ on D_AGE_C D_AGE_C2 D_MALE D_FIRSTB D_MOMCOL;

  S_HELPV on D_AGE_C D_AGE_C2 D_FIRSTB;


  S_PRON on D_AGE_C D_AGE_C2 D_MALE D_FIRSTB D_MOMCOL D_AGESEX D_AG2SEX;



  S_QUANT on D_AGE_C D_AGE_C2 D_MALE D_FIRSTB D_MOMCOL;




  S_QWORDS on D_AGE_C D_AGE_C2 D_MALE D_FIRSTB D_MOMCOL;





  S_TIME on D_AGE_C D_AGE_C2 D_MALE D_FIRSTB D_MOMCOL D_AGESEX D_AG2SEX;






  S_WF_N on D_AGE_C D_AGE_C2 D_FIRSTB;







  S_WF_V on D_AGE_C D_AGE_C2 D_MALE D_FIRSTB D_MOMCOL;








  S_WE_N on D_AGE_C D_AGE_C2 D_MALE D_FIRSTB D_MOMCOL;









  S_WE_V on D_AGE_C D_AGE_C2 D_MALE D_FIRSTB D_MOMCOL D_AG2SEX;










  S_COMPLX on D_AGE_C D_AGE_C2 D_MALE D_FIRSTB D_MOMCOL D_AGESEX D_AG2SEX;
  MODEL CONSTRAINT: new( v1*0 v2*0
  l1_0*1   l1_1*0  l1_2*0  l1_4*0
  l2_0*1   l2_1*0  l2_2*0  l2_4*0
  l3_0*1   l3_1*0  l3_2*0  l3_3*0  l3_4*0  l3_5*0  l3_6*0  l3_7*0
  l4_0*1   l4_1*0  l4_2*0
  l5_0*1   l5_1*0  l5_2*0  l5_3*0  l5_4*0  l5_5*0
  l6_0*1   l6_1*0  l6_2*0  l6_4*0  l6_6*0  l6_7*0
  l7_0*1   l7_1*0  l7_2*0
  l8_0*1   l8_1*0  l8_2*0  l8_3*0  l8_4*0
  l9_0*1   l9_1*0  l9_2*0  l9_3*0  l9_4*0  l9_5*0
  l10_0*1   l10_1*0  l10_2*0  l10_3*0  l10_4*0  l10_5*0  l10_7*0
  l11_0*1   l11_1*0  l11_2*0  l11_3*0  l11_5*0  l11_7*0
  );
  veta=1*exp(
  v1*D_AGE_C+
  v2*D_AGE_C2+
  0);
  l_1=l1_0 +l1_1*D_AGE_C +l1_2*D_AGE_C2 +l1_4*D_FIRSTB;
  l_2=l2_0 +l2_1*D_AGE_C +l2_2*D_AGE_C2 +l2_4*D_FIRSTB;
  l_3=l3_0 +l3_1*D_AGE_C +l3_2*D_AGE_C2 +l3_3*D_MALE +l3_4*D_FIRSTB +l3_5*D_MOMCOL
   +l3_6*D_AGESEX +l3_7*D_AG2SEX;
  l_4=l4_0 +l4_1*D_AGE_C +l4_2*D_AGE_C2;
  l_5=l5_0 +l5_1*D_AGE_C +l5_2*D_AGE_C2 +l5_3*D_MALE +l5_4*D_FIRSTB +l5_5*D_MOMCOL;
  l_6=l6_0 +l6_1*D_AGE_C +l6_2*D_AGE_C2 +l6_4*D_FIRSTB +l6_6*D_AGESEX +l6_7*D_AG2SEX;
  l_7=l7_0 +l7_1*D_AGE_C +l7_2*D_AGE_C2;
  l_8=l8_0 +l8_1*D_AGE_C +l8_2*D_AGE_C2 +l8_3*D_MALE +l8_4*D_FIRSTB;
  l_9=l9_0 +l9_1*D_AGE_C +l9_2*D_AGE_C2 +l9_3*D_MALE +l9_4*D_FIRSTB +l9_5*D_MOMCOL;
  l_10=l10_0 +l10_1*D_AGE_C +l10_2*D_AGE_C2 +l10_3*D_MALE +l10_4*D_FIRSTB +l10_5*D_MOMCOL
   +l10_7*D_AG2SEX;
  l_11=l11_0 +l11_1*D_AGE_C +l11_2*D_AGE_C2 +l11_3*D_MALE +l11_5*D_MOMCOL +l11_7*D_AG2SEX;
  OUTPUT: tech1;



INPUT READING TERMINATED NORMALLY



Round 2 Calibration Model

SUMMARY OF ANALYSIS

Number of groups                                                 1
Number of observations                                        2766

Number of dependent variables                                   11
Number of independent variables                                  7
Number of continuous latent variables                            1

Observed dependent variables

  Continuous
   S_CONJ      S_HELPV     S_PRON      S_QUANT     S_QWORDS    S_TIME
   S_WF_N      S_WF_V      S_WE_N      S_WE_V      S_COMPLX

Observed independent variables
   D_AGE_C     D_AGE_C2    D_MALE      D_FIRSTB    D_MOMCOL    D_AGESEX
   D_AG2SEX

Observed auxiliary variables
   ID

Continuous latent variables
   ETA


Estimator                                                       ML
Information matrix                                        OBSERVED
Optimization Specifications for the Quasi-Newton Algorithm for
Continuous Outcomes
  Maximum number of iterations                                 100
  Convergence criterion                                  0.100D-05
Optimization Specifications for the EM Algorithm
  Maximum number of iterations                                 500
  Convergence criteria
    Loglikelihood change                                 0.100D-02
    Relative loglikelihood change                        0.100D-05
    Derivative                                           0.100D-02
Optimization Specifications for the M step of the EM Algorithm for
Categorical Latent variables
  Number of M step iterations                                    1
  M step convergence criterion                           0.100D-02
  Basis for M step termination                           ITERATION
Optimization Specifications for the M step of the EM Algorithm for
Censored, Binary or Ordered Categorical (Ordinal), Unordered
Categorical (Nominal) and Count Outcomes
  Number of M step iterations                                    1
  M step convergence criterion                           0.100D-02
  Basis for M step termination                           ITERATION
  Maximum value for logit thresholds                            15
  Minimum value for logit thresholds                           -15
  Minimum expected cell size for chi-square              0.100D-01
Maximum number of iterations for H1                           2000
Convergence criterion for H1                             0.100D-03
Optimization algorithm                                         EMA
Integration Specifications
  Type                                                  MONTECARLO
  Number of integration points                                   1
  Dimensions of numerical integration                            0
  Adaptive quadrature                                           ON
  Monte Carlo integration seed                                   0
Cholesky                                                       OFF

Input data file(s)
  models/syn_3d/calibration.dat
Input data format  FREE


SUMMARY OF DATA

     Number of missing data patterns             1


COVARIANCE COVERAGE OF DATA

Minimum covariance coverage value   0.100


     PROPORTION OF DATA PRESENT FOR Y


           Covariance Coverage
              S_CONJ        S_HELPV       S_PRON        S_QUANT       S_QWORDS
              ________      ________      ________      ________      ________
 S_CONJ         1.000
 S_HELPV        1.000         1.000
 S_PRON         1.000         1.000         1.000
 S_QUANT        1.000         1.000         1.000         1.000
 S_QWORDS       1.000         1.000         1.000         1.000         1.000
 S_TIME         1.000         1.000         1.000         1.000         1.000
 S_WF_N         1.000         1.000         1.000         1.000         1.000
 S_WF_V         1.000         1.000         1.000         1.000         1.000
 S_WE_N         1.000         1.000         1.000         1.000         1.000
 S_WE_V         1.000         1.000         1.000         1.000         1.000
 S_COMPLX       1.000         1.000         1.000         1.000         1.000
 D_AGE_C        1.000         1.000         1.000         1.000         1.000
 D_AGE_C2       1.000         1.000         1.000         1.000         1.000
 D_MALE         1.000         1.000         1.000         1.000         1.000
 D_FIRSTB       1.000         1.000         1.000         1.000         1.000
 D_MOMCOL       1.000         1.000         1.000         1.000         1.000
 D_AGESEX       1.000         1.000         1.000         1.000         1.000
 D_AG2SEX       1.000         1.000         1.000         1.000         1.000


           Covariance Coverage
              S_TIME        S_WF_N        S_WF_V        S_WE_N        S_WE_V
              ________      ________      ________      ________      ________
 S_TIME         1.000
 S_WF_N         1.000         1.000
 S_WF_V         1.000         1.000         1.000
 S_WE_N         1.000         1.000         1.000         1.000
 S_WE_V         1.000         1.000         1.000         1.000         1.000
 S_COMPLX       1.000         1.000         1.000         1.000         1.000
 D_AGE_C        1.000         1.000         1.000         1.000         1.000
 D_AGE_C2       1.000         1.000         1.000         1.000         1.000
 D_MALE         1.000         1.000         1.000         1.000         1.000
 D_FIRSTB       1.000         1.000         1.000         1.000         1.000
 D_MOMCOL       1.000         1.000         1.000         1.000         1.000
 D_AGESEX       1.000         1.000         1.000         1.000         1.000
 D_AG2SEX       1.000         1.000         1.000         1.000         1.000


           Covariance Coverage
              S_COMPLX      D_AGE_C       D_AGE_C2      D_MALE        D_FIRSTB
              ________      ________      ________      ________      ________
 S_COMPLX       1.000
 D_AGE_C        1.000         1.000
 D_AGE_C2       1.000         1.000         1.000
 D_MALE         1.000         1.000         1.000         1.000
 D_FIRSTB       1.000         1.000         1.000         1.000         1.000
 D_MOMCOL       1.000         1.000         1.000         1.000         1.000
 D_AGESEX       1.000         1.000         1.000         1.000         1.000
 D_AG2SEX       1.000         1.000         1.000         1.000         1.000


           Covariance Coverage
              D_MOMCOL      D_AGESEX      D_AG2SEX
              ________      ________      ________
 D_MOMCOL       1.000
 D_AGESEX       1.000         1.000
 D_AG2SEX       1.000         1.000         1.000



UNIVARIATE SAMPLE STATISTICS


     UNIVARIATE HIGHER-ORDER MOMENT DESCRIPTIVE STATISTICS

         Variable/         Mean/     Skewness/   Minimum/ % with                Percentiles
        Sample Size      Variance    Kurtosis    Maximum  Min/Max      20%/60%    40%/80%    Median

     S_CONJ                0.132       2.167       0.000   67.25%       0.000      0.000      0.000
            2766.000       0.062       3.990       1.000    3.40%       0.000      0.167
     S_HELPV               0.212       1.398       0.000   36.62%       0.000      0.048      0.048
            2766.000       0.080       0.843       1.000    2.96%       0.143      0.429
     S_PRON                0.257       1.246       0.000   15.37%       0.040      0.120      0.160
            2766.000       0.075       0.569       1.000    2.49%       0.200      0.480
     S_QUANT               0.236       1.241       0.000   27.11%       0.000      0.059      0.118
            2766.000       0.078       0.438       1.000    2.35%       0.176      0.471
     S_QWORDS              0.248       1.100       0.000   42.91%       0.000      0.000      0.143
            2766.000       0.090       0.097       1.000    4.66%       0.286      0.571
     S_TIME                0.229       1.282       0.000   42.23%       0.000      0.000      0.083
            2766.000       0.090       0.457       1.000    4.30%       0.167      0.500
     S_WF_N                0.322       0.492       0.000   25.74%       0.000      0.200      0.400
            2766.000       0.066      -0.178       1.000    2.86%       0.400      0.600
     S_WF_V                0.187       1.564       0.000   42.37%       0.000      0.000      0.050
            2766.000       0.072       1.427       1.000    2.13%       0.100      0.350
     S_WE_N                0.066       2.603       0.000   66.20%       0.000      0.000      0.000
            2766.000       0.016       8.720       1.000    0.11%       0.000      0.143
     S_WE_V                0.038       4.398       0.000   70.50%       0.000      0.000      0.000
            2766.000       0.008      28.722       1.000    0.11%       0.000      0.065
     S_COMPLX              0.241       1.159       0.000   37.85%       0.000      0.027      0.081
            2766.000       0.095       0.029       1.000    2.82%       0.162      0.541
     D_AGE_C              -0.267       0.087      -7.000    6.69%      -5.000     -2.000      1.000
            2766.000      18.040      -1.118       7.000    8.17%       1.000      4.000
     D_AGE_C2             18.112       0.675       0.000    4.92%       1.000      9.000     16.000
            2766.000     285.153      -0.881      49.000   14.86%      16.000     36.000
     D_MALE                0.013      -0.026      -1.000   49.35%      -1.000     -1.000      1.000
            2766.000       1.000      -1.999       1.000   50.65%       1.000      1.000
     D_FIRSTB              0.030      -0.059      -1.000   48.52%      -1.000     -1.000      1.000
            2766.000       0.999      -1.996       1.000   51.48%       1.000      1.000
     D_MOMCOL              0.165      -0.334      -1.000   41.76%      -1.000     -1.000      1.000
            2766.000       0.973      -1.888       1.000   58.24%       1.000      1.000
     D_AGESEX              0.056      -0.017      -7.000    7.30%      -4.000     -1.000      0.000
            2766.000      18.109      -1.130       7.000    7.56%       1.000      4.000
     D_AG2SEX              0.267      -0.018     -49.000    7.41%     -16.000     -1.000      0.000
            2766.000     613.116      -0.136      49.000    7.45%       1.000     25.000


THE MODEL ESTIMATION TERMINATED NORMALLY



MODEL FIT INFORMATION

Number of Free Parameters                      146

Loglikelihood

          H0 Value                       19730.666

Information Criteria

          Akaike (AIC)                  -39169.331
          Bayesian (BIC)                -38304.258
          Sample-Size Adjusted BIC      -38768.149
            (n* = (n + 2) / 24)



MODEL RESULTS

                                                    Two-Tailed
                    Estimate       S.E.  Est./S.E.    P-Value

 ETA      BY
    S_CONJ           999.000      0.000    999.000    999.000
    S_HELPV          999.000      0.000    999.000    999.000
    S_PRON           999.000      0.000    999.000    999.000
    S_QUANT          999.000      0.000    999.000    999.000
    S_QWORDS         999.000      0.000    999.000    999.000
    S_TIME           999.000      0.000    999.000    999.000
    S_WF_N           999.000      0.000    999.000    999.000
    S_WF_V           999.000      0.000    999.000    999.000
    S_WE_N           999.000      0.000    999.000    999.000
    S_WE_V           999.000      0.000    999.000    999.000
    S_COMPLX         999.000      0.000    999.000    999.000

 ETA        ON
    D_AGE_C            0.109      0.018      6.035      0.000
    D_AGE_C2          -0.002      0.002     -1.232      0.218
    D_MALE            -0.134      0.020     -6.715      0.000
    D_FIRSTB           0.050      0.025      2.002      0.045
    D_MOMCOL           0.047      0.020      2.301      0.021
    D_AGESEX          -0.010      0.005     -2.199      0.028

 S_CONJ     ON
    D_AGE_C            0.012      0.003      3.384      0.001
    D_AGE_C2           0.000      0.001     -0.658      0.510
    D_MALE            -0.001      0.003     -0.206      0.837
    D_FIRSTB          -0.004      0.003     -1.374      0.170
    D_MOMCOL          -0.008      0.003     -3.174      0.002

 S_HELPV    ON
    D_AGE_C            0.019      0.004      4.874      0.000
    D_AGE_C2           0.000      0.001     -0.402      0.687
    D_FIRSTB          -0.002      0.003     -0.692      0.489

 S_PRON     ON
    D_AGE_C            0.021      0.004      5.552      0.000
    D_AGE_C2          -0.001      0.000     -1.084      0.278
    D_MALE            -0.005      0.003     -1.593      0.111
    D_FIRSTB           0.006      0.003      1.982      0.047
    D_MOMCOL           0.005      0.002      2.263      0.024
    D_AGESEX           0.001      0.001      1.145      0.252
    D_AG2SEX           0.000      0.000     -1.135      0.256

 S_QUANT    ON
    D_AGE_C            0.019      0.004      4.955      0.000
    D_AGE_C2          -0.001      0.000     -1.275      0.202
    D_MALE             0.000      0.002     -0.134      0.893
    D_FIRSTB           0.009      0.003      2.635      0.008
    D_MOMCOL           0.007      0.002      3.080      0.002

 S_QWORDS   ON
    D_AGE_C            0.023      0.004      6.198      0.000
    D_AGE_C2           0.000      0.000      0.020      0.984
    D_MALE            -0.004      0.003     -1.170      0.242
    D_FIRSTB          -0.004      0.004     -1.127      0.260
    D_MOMCOL          -0.004      0.003     -1.354      0.176

 S_TIME     ON
    D_AGE_C            0.021      0.004      5.525      0.000
    D_AGE_C2           0.000      0.000     -0.167      0.867
    D_MALE            -0.008      0.004     -1.901      0.057
    D_FIRSTB           0.015      0.004      3.928      0.000
    D_MOMCOL          -0.008      0.003     -2.857      0.004
    D_AGESEX           0.002      0.001      2.204      0.028
    D_AG2SEX           0.000      0.000     -1.341      0.180

 S_WF_N     ON
    D_AGE_C            0.015      0.003      4.737      0.000
    D_AGE_C2          -0.001      0.000     -2.077      0.038
    D_FIRSTB           0.021      0.004      5.103      0.000

 S_WF_V     ON
    D_AGE_C            0.017      0.004      4.772      0.000
    D_AGE_C2           0.000      0.000      0.294      0.769
    D_MALE            -0.001      0.002     -0.361      0.718
    D_FIRSTB          -0.005      0.003     -1.436      0.151
    D_MOMCOL          -0.005      0.002     -1.981      0.048

 S_WE_N     ON
    D_AGE_C            0.005      0.001      4.735      0.000
    D_AGE_C2           0.000      0.000     -0.180      0.857
    D_MALE            -0.006      0.002     -2.936      0.003
    D_FIRSTB          -0.001      0.002     -0.595      0.552
    D_MOMCOL          -0.009      0.002     -4.171      0.000

 S_WE_V     ON
    D_AGE_C            0.004      0.001      4.585      0.000
    D_AGE_C2           0.000      0.000      1.048      0.295
    D_MALE            -0.003      0.002     -1.525      0.127
    D_FIRSTB          -0.004      0.002     -2.225      0.026
    D_MOMCOL          -0.006      0.002     -3.958      0.000
    D_AG2SEX           0.000      0.000      1.740      0.082

 S_COMPLX   ON
    D_AGE_C            0.030      0.003      8.548      0.000
    D_AGE_C2           0.000      0.000      0.113      0.910
    D_MALE            -0.017      0.004     -4.344      0.000
    D_FIRSTB           0.007      0.003      2.132      0.033
    D_MOMCOL           0.013      0.003      4.526      0.000
    D_AGESEX          -0.002      0.001     -2.428      0.015
    D_AG2SEX           0.000      0.000      1.710      0.087

 Intercepts
    S_CONJ             0.101      0.005     18.713      0.000
    S_HELPV            0.183      0.006     29.510      0.000
    S_PRON             0.237      0.006     40.425      0.000
    S_QUANT            0.218      0.006     34.650      0.000
    S_QWORDS           0.224      0.007     33.073      0.000
    S_TIME             0.205      0.007     29.937      0.000
    S_WF_N             0.339      0.006     57.413      0.000
    S_WF_V             0.158      0.006     26.395      0.000
    S_WE_N             0.070      0.003     20.620      0.000
    S_WE_V             0.034      0.002     13.727      0.000
    S_COMPLX           0.209      0.006     32.311      0.000
    ETA                0.000      0.000    999.000    999.000

 Residual Variances
    S_CONJ             0.016      0.000     34.580      0.000
    S_HELPV            0.007      0.000     28.889      0.000
    S_PRON             0.008      0.000     30.837      0.000
    S_QUANT            0.008      0.000     30.335      0.000
    S_QWORDS           0.021      0.001     34.901      0.000
    S_TIME             0.017      0.000     33.807      0.000
    S_WF_N             0.029      0.001     35.462      0.000
    S_WF_V             0.012      0.000     33.256      0.000
    S_WE_N             0.012      0.000     36.921      0.000
    S_WE_V             0.006      0.000     36.746      0.000
    S_COMPLX           0.016      0.000     34.261      0.000
    ETA              999.000      0.000    999.000    999.000

New/Additional Parameters
    V1                 0.011      0.030      0.376      0.707
    V2                -0.016      0.003     -5.483      0.000
    L1_0               0.146      0.005     30.379      0.000
    L1_1               0.028      0.003     10.543      0.000
    L1_2               0.001      0.000      2.341      0.019
    L1_4              -0.006      0.003     -2.074      0.038
    L2_0               0.209      0.005     42.382      0.000
    L2_1               0.027      0.003      8.820      0.000
    L2_2               0.000      0.000      0.092      0.927
    L2_4              -0.003      0.002     -1.434      0.152
    L3_0               0.195      0.005     40.893      0.000
    L3_1               0.023      0.003      8.227      0.000
    L3_2               0.000      0.000      0.112      0.911
    L3_3              -0.002      0.003     -0.650      0.516
    L3_4               0.002      0.002      1.039      0.299
    L3_5               0.004      0.002      1.876      0.061
    L3_6               0.001      0.001      1.989      0.047
    L3_7               0.000      0.000     -0.995      0.320
    L4_0               0.211      0.005     41.866      0.000
    L4_1               0.024      0.003      8.138      0.000
    L4_2               0.000      0.000     -0.597      0.551
    L5_0               0.197      0.006     33.901      0.000
    L5_1               0.023      0.003      7.974      0.000
    L5_2               0.000      0.000     -0.288      0.773
    L5_3              -0.001      0.003     -0.234      0.815
    L5_4              -0.008      0.003     -2.657      0.008
    L5_5              -0.005      0.003     -1.698      0.089
    L6_0               0.213      0.006     37.066      0.000
    L6_1               0.023      0.003      7.660      0.000
    L6_2               0.000      0.000     -0.967      0.334
    L6_4               0.009      0.003      3.066      0.002
    L6_6               0.004      0.001      4.288      0.000
    L6_7               0.000      0.000     -1.484      0.138
    L7_0               0.132      0.006     23.686      0.000
    L7_1               0.005      0.002      1.972      0.049
    L7_2               0.001      0.000      3.410      0.001
    L8_0               0.187      0.005     37.640      0.000
    L8_1               0.023      0.003      8.106      0.000
    L8_2               0.000      0.000      0.482      0.630
    L8_3              -0.005      0.002     -2.337      0.019
    L8_4              -0.004      0.002     -1.616      0.106
    L9_0               0.052      0.003     15.620      0.000
    L9_1               0.001      0.001      1.355      0.175
    L9_2               0.000      0.000     -1.936      0.053
    L9_3              -0.002      0.002     -1.106      0.269
    L9_4              -0.006      0.002     -2.604      0.009
    L9_5              -0.011      0.002     -4.980      0.000
    L10_0              0.043      0.002     18.308      0.000
    L10_1              0.004      0.001      5.194      0.000
    L10_2              0.000      0.000     -1.275      0.202
    L10_3             -0.004      0.002     -1.972      0.049
    L10_4             -0.007      0.002     -4.422      0.000
    L10_5             -0.008      0.002     -4.923      0.000
    L10_7              0.000      0.000      2.046      0.041
    L11_0              0.195      0.005     35.660      0.000
    L11_1              0.024      0.003      9.154      0.000
    L11_2             -0.001      0.000     -1.444      0.149
    L11_3             -0.006      0.004     -1.558      0.119
    L11_5              0.015      0.003      5.559      0.000
    L11_7              0.000      0.000      1.380      0.168


QUALITY OF NUMERICAL RESULTS

     Condition Number for the Information Matrix              0.215E-07
       (ratio of smallest to largest eigenvalue)


TECHNICAL 1 OUTPUT


     PARAMETER SPECIFICATION


           NU
              S_CONJ        S_HELPV       S_PRON        S_QUANT       S_QWORDS
              ________      ________      ________      ________      ________
                    0             0             0             0             0


           NU
              S_TIME        S_WF_N        S_WF_V        S_WE_N        S_WE_V
              ________      ________      ________      ________      ________
                    0             0             0             0             0


           NU
              S_COMPLX      D_AGE_C       D_AGE_C2      D_MALE        D_FIRSTB
              ________      ________      ________      ________      ________
                    0             0             0             0             0


           NU
              D_MOMCOL      D_AGESEX      D_AG2SEX
              ________      ________      ________
                    0             0             0


           LAMBDA
              ETA           S_CONJ        S_HELPV       S_PRON        S_QUANT
              ________      ________      ________      ________      ________
 S_CONJ             0             0             0             0             0
 S_HELPV            0             0             0             0             0
 S_PRON             0             0             0             0             0
 S_QUANT            0             0             0             0             0
 S_QWORDS           0             0             0             0             0
 S_TIME             0             0             0             0             0
 S_WF_N             0             0             0             0             0
 S_WF_V             0             0             0             0             0
 S_WE_N             0             0             0             0             0
 S_WE_V             0             0             0             0             0
 S_COMPLX           0             0             0             0             0
 D_AGE_C            0             0             0             0             0
 D_AGE_C2           0             0             0             0             0
 D_MALE             0             0             0             0             0
 D_FIRSTB           0             0             0             0             0
 D_MOMCOL           0             0             0             0             0
 D_AGESEX           0             0             0             0             0
 D_AG2SEX           0             0             0             0             0


           LAMBDA
              S_QWORDS      S_TIME        S_WF_N        S_WF_V        S_WE_N
              ________      ________      ________      ________      ________
 S_CONJ             0             0             0             0             0
 S_HELPV            0             0             0             0             0
 S_PRON             0             0             0             0             0
 S_QUANT            0             0             0             0             0
 S_QWORDS           0             0             0             0             0
 S_TIME             0             0             0             0             0
 S_WF_N             0             0             0             0             0
 S_WF_V             0             0             0             0             0
 S_WE_N             0             0             0             0             0
 S_WE_V             0             0             0             0             0
 S_COMPLX           0             0             0             0             0
 D_AGE_C            0             0             0             0             0
 D_AGE_C2           0             0             0             0             0
 D_MALE             0             0             0             0             0
 D_FIRSTB           0             0             0             0             0
 D_MOMCOL           0             0             0             0             0
 D_AGESEX           0             0             0             0             0
 D_AG2SEX           0             0             0             0             0


           LAMBDA
              S_WE_V        S_COMPLX      D_AGE_C       D_AGE_C2      D_MALE
              ________      ________      ________      ________      ________
 S_CONJ             0             0             0             0             0
 S_HELPV            0             0             0             0             0
 S_PRON             0             0             0             0             0
 S_QUANT            0             0             0             0             0
 S_QWORDS           0             0             0             0             0
 S_TIME             0             0             0             0             0
 S_WF_N             0             0             0             0             0
 S_WF_V             0             0             0             0             0
 S_WE_N             0             0             0             0             0
 S_WE_V             0             0             0             0             0
 S_COMPLX           0             0             0             0             0
 D_AGE_C            0             0             0             0             0
 D_AGE_C2           0             0             0             0             0
 D_MALE             0             0             0             0             0
 D_FIRSTB           0             0             0             0             0
 D_MOMCOL           0             0             0             0             0
 D_AGESEX           0             0             0             0             0
 D_AG2SEX           0             0             0             0             0


           LAMBDA
              D_FIRSTB      D_MOMCOL      D_AGESEX      D_AG2SEX
              ________      ________      ________      ________
 S_CONJ             0             0             0             0
 S_HELPV            0             0             0             0
 S_PRON             0             0             0             0
 S_QUANT            0             0             0             0
 S_QWORDS           0             0             0             0
 S_TIME             0             0             0             0
 S_WF_N             0             0             0             0
 S_WF_V             0             0             0             0
 S_WE_N             0             0             0             0
 S_WE_V             0             0             0             0
 S_COMPLX           0             0             0             0
 D_AGE_C            0             0             0             0
 D_AGE_C2           0             0             0             0
 D_MALE             0             0             0             0
 D_FIRSTB           0             0             0             0
 D_MOMCOL           0             0             0             0
 D_AGESEX           0             0             0             0
 D_AG2SEX           0             0             0             0


           THETA
              S_CONJ        S_HELPV       S_PRON        S_QUANT       S_QWORDS
              ________      ________      ________      ________      ________
 S_CONJ             0
 S_HELPV            0             0
 S_PRON             0             0             0
 S_QUANT            0             0             0             0
 S_QWORDS           0             0             0             0             0
 S_TIME             0             0             0             0             0
 S_WF_N             0             0             0             0             0
 S_WF_V             0             0             0             0             0
 S_WE_N             0             0             0             0             0
 S_WE_V             0             0             0             0             0
 S_COMPLX           0             0             0             0             0
 D_AGE_C            0             0             0             0             0
 D_AGE_C2           0             0             0             0             0
 D_MALE             0             0             0             0             0
 D_FIRSTB           0             0             0             0             0
 D_MOMCOL           0             0             0             0             0
 D_AGESEX           0             0             0             0             0
 D_AG2SEX           0             0             0             0             0


           THETA
              S_TIME        S_WF_N        S_WF_V        S_WE_N        S_WE_V
              ________      ________      ________      ________      ________
 S_TIME             0
 S_WF_N             0             0
 S_WF_V             0             0             0
 S_WE_N             0             0             0             0
 S_WE_V             0             0             0             0             0
 S_COMPLX           0             0             0             0             0
 D_AGE_C            0             0             0             0             0
 D_AGE_C2           0             0             0             0             0
 D_MALE             0             0             0             0             0
 D_FIRSTB           0             0             0             0             0
 D_MOMCOL           0             0             0             0             0
 D_AGESEX           0             0             0             0             0
 D_AG2SEX           0             0             0             0             0


           THETA
              S_COMPLX      D_AGE_C       D_AGE_C2      D_MALE        D_FIRSTB
              ________      ________      ________      ________      ________
 S_COMPLX           0
 D_AGE_C            0             0
 D_AGE_C2           0             0             0
 D_MALE             0             0             0             0
 D_FIRSTB           0             0             0             0             0
 D_MOMCOL           0             0             0             0             0
 D_AGESEX           0             0             0             0             0
 D_AG2SEX           0             0             0             0             0


           THETA
              D_MOMCOL      D_AGESEX      D_AG2SEX
              ________      ________      ________
 D_MOMCOL           0
 D_AGESEX           0             0
 D_AG2SEX           0             0             0


           ALPHA
              ETA           S_CONJ        S_HELPV       S_PRON        S_QUANT
              ________      ________      ________      ________      ________
                    0             1             2             3             4


           ALPHA
              S_QWORDS      S_TIME        S_WF_N        S_WF_V        S_WE_N
              ________      ________      ________      ________      ________
                    5             6             7             8             9


           ALPHA
              S_WE_V        S_COMPLX      D_AGE_C       D_AGE_C2      D_MALE
              ________      ________      ________      ________      ________
                   10            11             0             0             0


           ALPHA
              D_FIRSTB      D_MOMCOL      D_AGESEX      D_AG2SEX
              ________      ________      ________      ________
                    0             0             0             0


           BETA
              ETA           S_CONJ        S_HELPV       S_PRON        S_QUANT
              ________      ________      ________      ________      ________
 ETA                0             0             0             0             0
 S_CONJ            18             0             0             0             0
 S_HELPV           24             0             0             0             0
 S_PRON            28             0             0             0             0
 S_QUANT           36             0             0             0             0
 S_QWORDS          42             0             0             0             0
 S_TIME            48             0             0             0             0
 S_WF_N            56             0             0             0             0
 S_WF_V            60             0             0             0             0
 S_WE_N            66             0             0             0             0
 S_WE_V            72             0             0             0             0
 S_COMPLX          79             0             0             0             0
 D_AGE_C            0             0             0             0             0
 D_AGE_C2           0             0             0             0             0
 D_MALE             0             0             0             0             0
 D_FIRSTB           0             0             0             0             0
 D_MOMCOL           0             0             0             0             0
 D_AGESEX           0             0             0             0             0
 D_AG2SEX           0             0             0             0             0


           BETA
              S_QWORDS      S_TIME        S_WF_N        S_WF_V        S_WE_N
              ________      ________      ________      ________      ________
 ETA                0             0             0             0             0
 S_CONJ             0             0             0             0             0
 S_HELPV            0             0             0             0             0
 S_PRON             0             0             0             0             0
 S_QUANT            0             0             0             0             0
 S_QWORDS           0             0             0             0             0
 S_TIME             0             0             0             0             0
 S_WF_N             0             0             0             0             0
 S_WF_V             0             0             0             0             0
 S_WE_N             0             0             0             0             0
 S_WE_V             0             0             0             0             0
 S_COMPLX           0             0             0             0             0
 D_AGE_C            0             0             0             0             0
 D_AGE_C2           0             0             0             0             0
 D_MALE             0             0             0             0             0
 D_FIRSTB           0             0             0             0             0
 D_MOMCOL           0             0             0             0             0
 D_AGESEX           0             0             0             0             0
 D_AG2SEX           0             0             0             0             0


           BETA
              S_WE_V        S_COMPLX      D_AGE_C       D_AGE_C2      D_MALE
              ________      ________      ________      ________      ________
 ETA                0             0            12            13            14
 S_CONJ             0             0            19            20            21
 S_HELPV            0             0            25            26             0
 S_PRON             0             0            29            30            31
 S_QUANT            0             0            37            38            39
 S_QWORDS           0             0            43            44            45
 S_TIME             0             0            49            50            51
 S_WF_N             0             0            57            58             0
 S_WF_V             0             0            61            62            63
 S_WE_N             0             0            67            68            69
 S_WE_V             0             0            73            74            75
 S_COMPLX           0             0            80            81            82
 D_AGE_C            0             0             0             0             0
 D_AGE_C2           0             0             0             0             0
 D_MALE             0             0             0             0             0
 D_FIRSTB           0             0             0             0             0
 D_MOMCOL           0             0             0             0             0
 D_AGESEX           0             0             0             0             0
 D_AG2SEX           0             0             0             0             0


           BETA
              D_FIRSTB      D_MOMCOL      D_AGESEX      D_AG2SEX
              ________      ________      ________      ________
 ETA               15            16            17             0
 S_CONJ            22            23             0             0
 S_HELPV           27             0             0             0
 S_PRON            32            33            34            35
 S_QUANT           40            41             0             0
 S_QWORDS          46            47             0             0
 S_TIME            52            53            54            55
 S_WF_N            59             0             0             0
 S_WF_V            64            65             0             0
 S_WE_N            70            71             0             0
 S_WE_V            76            77             0            78
 S_COMPLX          83            84            85            86
 D_AGE_C            0             0             0             0
 D_AGE_C2           0             0             0             0
 D_MALE             0             0             0             0
 D_FIRSTB           0             0             0             0
 D_MOMCOL           0             0             0             0
 D_AGESEX           0             0             0             0
 D_AG2SEX           0             0             0             0


           PSI
              ETA           S_CONJ        S_HELPV       S_PRON        S_QUANT
              ________      ________      ________      ________      ________
 ETA               87
 S_CONJ             0            88
 S_HELPV            0             0            89
 S_PRON             0             0             0            90
 S_QUANT            0             0             0             0            91
 S_QWORDS           0             0             0             0             0
 S_TIME             0             0             0             0             0
 S_WF_N             0             0             0             0             0
 S_WF_V             0             0             0             0             0
 S_WE_N             0             0             0             0             0
 S_WE_V             0             0             0             0             0
 S_COMPLX           0             0             0             0             0
 D_AGE_C            0             0             0             0             0
 D_AGE_C2           0             0             0             0             0
 D_MALE             0             0             0             0             0
 D_FIRSTB           0             0             0             0             0
 D_MOMCOL           0             0             0             0             0
 D_AGESEX           0             0             0             0             0
 D_AG2SEX           0             0             0             0             0


           PSI
              S_QWORDS      S_TIME        S_WF_N        S_WF_V        S_WE_N
              ________      ________      ________      ________      ________
 S_QWORDS          92
 S_TIME             0            93
 S_WF_N             0             0            94
 S_WF_V             0             0             0            95
 S_WE_N             0             0             0             0            96
 S_WE_V             0             0             0             0             0
 S_COMPLX           0             0             0             0             0
 D_AGE_C            0             0             0             0             0
 D_AGE_C2           0             0             0             0             0
 D_MALE             0             0             0             0             0
 D_FIRSTB           0             0             0             0             0
 D_MOMCOL           0             0             0             0             0
 D_AGESEX           0             0             0             0             0
 D_AG2SEX           0             0             0             0             0


           PSI
              S_WE_V        S_COMPLX      D_AGE_C       D_AGE_C2      D_MALE
              ________      ________      ________      ________      ________
 S_WE_V            97
 S_COMPLX           0            98
 D_AGE_C            0             0             0
 D_AGE_C2           0             0             0             0
 D_MALE             0             0             0             0             0
 D_FIRSTB           0             0             0             0             0
 D_MOMCOL           0             0             0             0             0
 D_AGESEX           0             0             0             0             0
 D_AG2SEX           0             0             0             0             0


           PSI
              D_FIRSTB      D_MOMCOL      D_AGESEX      D_AG2SEX
              ________      ________      ________      ________
 D_FIRSTB           0
 D_MOMCOL           0             0
 D_AGESEX           0             0             0
 D_AG2SEX           0             0             0             0


     PARAMETER SPECIFICATION FOR THE ADDITIONAL PARAMETERS


           NEW/ADDITIONAL PARAMETERS
              V1            V2            L1_0          L1_1          L1_2
              ________      ________      ________      ________      ________
                   99           100           101           102           103


           NEW/ADDITIONAL PARAMETERS
              L1_4          L2_0          L2_1          L2_2          L2_4
              ________      ________      ________      ________      ________
                  104           105           106           107           108


           NEW/ADDITIONAL PARAMETERS
              L3_0          L3_1          L3_2          L3_3          L3_4
              ________      ________      ________      ________      ________
                  109           110           111           112           113


           NEW/ADDITIONAL PARAMETERS
              L3_5          L3_6          L3_7          L4_0          L4_1
              ________      ________      ________      ________      ________
                  114           115           116           117           118


           NEW/ADDITIONAL PARAMETERS
              L4_2          L5_0          L5_1          L5_2          L5_3
              ________      ________      ________      ________      ________
                  119           120           121           122           123


           NEW/ADDITIONAL PARAMETERS
              L5_4          L5_5          L6_0          L6_1          L6_2
              ________      ________      ________      ________      ________
                  124           125           126           127           128


           NEW/ADDITIONAL PARAMETERS
              L6_4          L6_6          L6_7          L7_0          L7_1
              ________      ________      ________      ________      ________
                  129           130           131           132           133


           NEW/ADDITIONAL PARAMETERS
              L7_2          L8_0          L8_1          L8_2          L8_3
              ________      ________      ________      ________      ________
                  134           135           136           137           138


           NEW/ADDITIONAL PARAMETERS
              L8_4          L9_0          L9_1          L9_2          L9_3
              ________      ________      ________      ________      ________
                  139           140           141           142           143


           NEW/ADDITIONAL PARAMETERS
              L9_4          L9_5          L10_0         L10_1         L10_2
              ________      ________      ________      ________      ________
                  144           145           146           147           148


           NEW/ADDITIONAL PARAMETERS
              L10_3         L10_4         L10_5         L10_7         L11_0
              ________      ________      ________      ________      ________
                  149           150           151           152           153


           NEW/ADDITIONAL PARAMETERS
              L11_1         L11_2         L11_3         L11_5         L11_7
              ________      ________      ________      ________      ________
                  154           155           156           157           158


     STARTING VALUES


           NU
              S_CONJ        S_HELPV       S_PRON        S_QUANT       S_QWORDS
              ________      ________      ________      ________      ________
                0.000         0.000         0.000         0.000         0.000


           NU
              S_TIME        S_WF_N        S_WF_V        S_WE_N        S_WE_V
              ________      ________      ________      ________      ________
                0.000         0.000         0.000         0.000         0.000


           NU
              S_COMPLX      D_AGE_C       D_AGE_C2      D_MALE        D_FIRSTB
              ________      ________      ________      ________      ________
                0.000         0.000         0.000         0.000         0.000


           NU
              D_MOMCOL      D_AGESEX      D_AG2SEX
              ________      ________      ________
                0.000         0.000         0.000


           LAMBDA
              ETA           S_CONJ        S_HELPV       S_PRON        S_QUANT
              ________      ________      ________      ________      ________
 S_CONJ         0.000         1.000         0.000         0.000         0.000
 S_HELPV        0.000         0.000         1.000         0.000         0.000
 S_PRON         0.000         0.000         0.000         1.000         0.000
 S_QUANT        0.000         0.000         0.000         0.000         1.000
 S_QWORDS       0.000         0.000         0.000         0.000         0.000
 S_TIME         0.000         0.000         0.000         0.000         0.000
 S_WF_N         0.000         0.000         0.000         0.000         0.000
 S_WF_V         0.000         0.000         0.000         0.000         0.000
 S_WE_N         0.000         0.000         0.000         0.000         0.000
 S_WE_V         0.000         0.000         0.000         0.000         0.000
 S_COMPLX       0.000         0.000         0.000         0.000         0.000
 D_AGE_C        0.000         0.000         0.000         0.000         0.000
 D_AGE_C2       0.000         0.000         0.000         0.000         0.000
 D_MALE         0.000         0.000         0.000         0.000         0.000
 D_FIRSTB       0.000         0.000         0.000         0.000         0.000
 D_MOMCOL       0.000         0.000         0.000         0.000         0.000
 D_AGESEX       0.000         0.000         0.000         0.000         0.000
 D_AG2SEX       0.000         0.000         0.000         0.000         0.000


           LAMBDA
              S_QWORDS      S_TIME        S_WF_N        S_WF_V        S_WE_N
              ________      ________      ________      ________      ________
 S_CONJ         0.000         0.000         0.000         0.000         0.000
 S_HELPV        0.000         0.000         0.000         0.000         0.000
 S_PRON         0.000         0.000         0.000         0.000         0.000
 S_QUANT        0.000         0.000         0.000         0.000         0.000
 S_QWORDS       1.000         0.000         0.000         0.000         0.000
 S_TIME         0.000         1.000         0.000         0.000         0.000
 S_WF_N         0.000         0.000         1.000         0.000         0.000
 S_WF_V         0.000         0.000         0.000         1.000         0.000
 S_WE_N         0.000         0.000         0.000         0.000         1.000
 S_WE_V         0.000         0.000         0.000         0.000         0.000
 S_COMPLX       0.000         0.000         0.000         0.000         0.000
 D_AGE_C        0.000         0.000         0.000         0.000         0.000
 D_AGE_C2       0.000         0.000         0.000         0.000         0.000
 D_MALE         0.000         0.000         0.000         0.000         0.000
 D_FIRSTB       0.000         0.000         0.000         0.000         0.000
 D_MOMCOL       0.000         0.000         0.000         0.000         0.000
 D_AGESEX       0.000         0.000         0.000         0.000         0.000
 D_AG2SEX       0.000         0.000         0.000         0.000         0.000


           LAMBDA
              S_WE_V        S_COMPLX      D_AGE_C       D_AGE_C2      D_MALE
              ________      ________      ________      ________      ________
 S_CONJ         0.000         0.000         0.000         0.000         0.000
 S_HELPV        0.000         0.000         0.000         0.000         0.000
 S_PRON         0.000         0.000         0.000         0.000         0.000
 S_QUANT        0.000         0.000         0.000         0.000         0.000
 S_QWORDS       0.000         0.000         0.000         0.000         0.000
 S_TIME         0.000         0.000         0.000         0.000         0.000
 S_WF_N         0.000         0.000         0.000         0.000         0.000
 S_WF_V         0.000         0.000         0.000         0.000         0.000
 S_WE_N         0.000         0.000         0.000         0.000         0.000
 S_WE_V         1.000         0.000         0.000         0.000         0.000
 S_COMPLX       0.000         1.000         0.000         0.000         0.000
 D_AGE_C        0.000         0.000         1.000         0.000         0.000
 D_AGE_C2       0.000         0.000         0.000         1.000         0.000
 D_MALE         0.000         0.000         0.000         0.000         1.000
 D_FIRSTB       0.000         0.000         0.000         0.000         0.000
 D_MOMCOL       0.000         0.000         0.000         0.000         0.000
 D_AGESEX       0.000         0.000         0.000         0.000         0.000
 D_AG2SEX       0.000         0.000         0.000         0.000         0.000


           LAMBDA
              D_FIRSTB      D_MOMCOL      D_AGESEX      D_AG2SEX
              ________      ________      ________      ________
 S_CONJ         0.000         0.000         0.000         0.000
 S_HELPV        0.000         0.000         0.000         0.000
 S_PRON         0.000         0.000         0.000         0.000
 S_QUANT        0.000         0.000         0.000         0.000
 S_QWORDS       0.000         0.000         0.000         0.000
 S_TIME         0.000         0.000         0.000         0.000
 S_WF_N         0.000         0.000         0.000         0.000
 S_WF_V         0.000         0.000         0.000         0.000
 S_WE_N         0.000         0.000         0.000         0.000
 S_WE_V         0.000         0.000         0.000         0.000
 S_COMPLX       0.000         0.000         0.000         0.000
 D_AGE_C        0.000         0.000         0.000         0.000
 D_AGE_C2       0.000         0.000         0.000         0.000
 D_MALE         0.000         0.000         0.000         0.000
 D_FIRSTB       1.000         0.000         0.000         0.000
 D_MOMCOL       0.000         1.000         0.000         0.000
 D_AGESEX       0.000         0.000         1.000         0.000
 D_AG2SEX       0.000         0.000         0.000         1.000


           THETA
              S_CONJ        S_HELPV       S_PRON        S_QUANT       S_QWORDS
              ________      ________      ________      ________      ________
 S_CONJ         0.000
 S_HELPV        0.000         0.000
 S_PRON         0.000         0.000         0.000
 S_QUANT        0.000         0.000         0.000         0.000
 S_QWORDS       0.000         0.000         0.000         0.000         0.000
 S_TIME         0.000         0.000         0.000         0.000         0.000
 S_WF_N         0.000         0.000         0.000         0.000         0.000
 S_WF_V         0.000         0.000         0.000         0.000         0.000
 S_WE_N         0.000         0.000         0.000         0.000         0.000
 S_WE_V         0.000         0.000         0.000         0.000         0.000
 S_COMPLX       0.000         0.000         0.000         0.000         0.000
 D_AGE_C        0.000         0.000         0.000         0.000         0.000
 D_AGE_C2       0.000         0.000         0.000         0.000         0.000
 D_MALE         0.000         0.000         0.000         0.000         0.000
 D_FIRSTB       0.000         0.000         0.000         0.000         0.000
 D_MOMCOL       0.000         0.000         0.000         0.000         0.000
 D_AGESEX       0.000         0.000         0.000         0.000         0.000
 D_AG2SEX       0.000         0.000         0.000         0.000         0.000


           THETA
              S_TIME        S_WF_N        S_WF_V        S_WE_N        S_WE_V
              ________      ________      ________      ________      ________
 S_TIME         0.000
 S_WF_N         0.000         0.000
 S_WF_V         0.000         0.000         0.000
 S_WE_N         0.000         0.000         0.000         0.000
 S_WE_V         0.000         0.000         0.000         0.000         0.000
 S_COMPLX       0.000         0.000         0.000         0.000         0.000
 D_AGE_C        0.000         0.000         0.000         0.000         0.000
 D_AGE_C2       0.000         0.000         0.000         0.000         0.000
 D_MALE         0.000         0.000         0.000         0.000         0.000
 D_FIRSTB       0.000         0.000         0.000         0.000         0.000
 D_MOMCOL       0.000         0.000         0.000         0.000         0.000
 D_AGESEX       0.000         0.000         0.000         0.000         0.000
 D_AG2SEX       0.000         0.000         0.000         0.000         0.000


           THETA
              S_COMPLX      D_AGE_C       D_AGE_C2      D_MALE        D_FIRSTB
              ________      ________      ________      ________      ________
 S_COMPLX       0.000
 D_AGE_C        0.000         0.000
 D_AGE_C2       0.000         0.000         0.000
 D_MALE         0.000         0.000         0.000         0.000
 D_FIRSTB       0.000         0.000         0.000         0.000         0.000
 D_MOMCOL       0.000         0.000         0.000         0.000         0.000
 D_AGESEX       0.000         0.000         0.000         0.000         0.000
 D_AG2SEX       0.000         0.000         0.000         0.000         0.000


           THETA
              D_MOMCOL      D_AGESEX      D_AG2SEX
              ________      ________      ________
 D_MOMCOL       0.000
 D_AGESEX       0.000         0.000
 D_AG2SEX       0.000         0.000         0.000


           ALPHA
              ETA           S_CONJ        S_HELPV       S_PRON        S_QUANT
              ________      ________      ________      ________      ________
                0.000         0.132         0.212         0.257         0.236


           ALPHA
              S_QWORDS      S_TIME        S_WF_N        S_WF_V        S_WE_N
              ________      ________      ________      ________      ________
                0.248         0.229         0.322         0.187         0.066


           ALPHA
              S_WE_V        S_COMPLX      D_AGE_C       D_AGE_C2      D_MALE
              ________      ________      ________      ________      ________
                0.038         0.241         0.000         0.000         0.000


           ALPHA
              D_FIRSTB      D_MOMCOL      D_AGESEX      D_AG2SEX
              ________      ________      ________      ________
                0.000         0.000         0.000         0.000


           BETA
              ETA           S_CONJ        S_HELPV       S_PRON        S_QUANT
              ________      ________      ________      ________      ________
 ETA            0.000         0.000         0.000         0.000         0.000
 S_CONJ         1.000         0.000         0.000         0.000         0.000
 S_HELPV        1.000         0.000         0.000         0.000         0.000
 S_PRON         1.000         0.000         0.000         0.000         0.000
 S_QUANT        1.000         0.000         0.000         0.000         0.000
 S_QWORDS       1.000         0.000         0.000         0.000         0.000
 S_TIME         1.000         0.000         0.000         0.000         0.000
 S_WF_N         1.000         0.000         0.000         0.000         0.000
 S_WF_V         1.000         0.000         0.000         0.000         0.000
 S_WE_N         1.000         0.000         0.000         0.000         0.000
 S_WE_V         1.000         0.000         0.000         0.000         0.000
 S_COMPLX       1.000         0.000         0.000         0.000         0.000
 D_AGE_C        0.000         0.000         0.000         0.000         0.000
 D_AGE_C2       0.000         0.000         0.000         0.000         0.000
 D_MALE         0.000         0.000         0.000         0.000         0.000
 D_FIRSTB       0.000         0.000         0.000         0.000         0.000
 D_MOMCOL       0.000         0.000         0.000         0.000         0.000
 D_AGESEX       0.000         0.000         0.000         0.000         0.000
 D_AG2SEX       0.000         0.000         0.000         0.000         0.000


           BETA
              S_QWORDS      S_TIME        S_WF_N        S_WF_V        S_WE_N
              ________      ________      ________      ________      ________
 ETA            0.000         0.000         0.000         0.000         0.000
 S_CONJ         0.000         0.000         0.000         0.000         0.000
 S_HELPV        0.000         0.000         0.000         0.000         0.000
 S_PRON         0.000         0.000         0.000         0.000         0.000
 S_QUANT        0.000         0.000         0.000         0.000         0.000
 S_QWORDS       0.000         0.000         0.000         0.000         0.000
 S_TIME         0.000         0.000         0.000         0.000         0.000
 S_WF_N         0.000         0.000         0.000         0.000         0.000
 S_WF_V         0.000         0.000         0.000         0.000         0.000
 S_WE_N         0.000         0.000         0.000         0.000         0.000
 S_WE_V         0.000         0.000         0.000         0.000         0.000
 S_COMPLX       0.000         0.000         0.000         0.000         0.000
 D_AGE_C        0.000         0.000         0.000         0.000         0.000
 D_AGE_C2       0.000         0.000         0.000         0.000         0.000
 D_MALE         0.000         0.000         0.000         0.000         0.000
 D_FIRSTB       0.000         0.000         0.000         0.000         0.000
 D_MOMCOL       0.000         0.000         0.000         0.000         0.000
 D_AGESEX       0.000         0.000         0.000         0.000         0.000
 D_AG2SEX       0.000         0.000         0.000         0.000         0.000


           BETA
              S_WE_V        S_COMPLX      D_AGE_C       D_AGE_C2      D_MALE
              ________      ________      ________      ________      ________
 ETA            0.000         0.000         0.000         0.000         0.000
 S_CONJ         0.000         0.000         0.000         0.000         0.000
 S_HELPV        0.000         0.000         0.000         0.000         0.000
 S_PRON         0.000         0.000         0.000         0.000         0.000
 S_QUANT        0.000         0.000         0.000         0.000         0.000
 S_QWORDS       0.000         0.000         0.000         0.000         0.000
 S_TIME         0.000         0.000         0.000         0.000         0.000
 S_WF_N         0.000         0.000         0.000         0.000         0.000
 S_WF_V         0.000         0.000         0.000         0.000         0.000
 S_WE_N         0.000         0.000         0.000         0.000         0.000
 S_WE_V         0.000         0.000         0.000         0.000         0.000
 S_COMPLX       0.000         0.000         0.000         0.000         0.000
 D_AGE_C        0.000         0.000         0.000         0.000         0.000
 D_AGE_C2       0.000         0.000         0.000         0.000         0.000
 D_MALE         0.000         0.000         0.000         0.000         0.000
 D_FIRSTB       0.000         0.000         0.000         0.000         0.000
 D_MOMCOL       0.000         0.000         0.000         0.000         0.000
 D_AGESEX       0.000         0.000         0.000         0.000         0.000
 D_AG2SEX       0.000         0.000         0.000         0.000         0.000


           BETA
              D_FIRSTB      D_MOMCOL      D_AGESEX      D_AG2SEX
              ________      ________      ________      ________
 ETA            0.000         0.000         0.000         0.000
 S_CONJ         0.000         0.000         0.000         0.000
 S_HELPV        0.000         0.000         0.000         0.000
 S_PRON         0.000         0.000         0.000         0.000
 S_QUANT        0.000         0.000         0.000         0.000
 S_QWORDS       0.000         0.000         0.000         0.000
 S_TIME         0.000         0.000         0.000         0.000
 S_WF_N         0.000         0.000         0.000         0.000
 S_WF_V         0.000         0.000         0.000         0.000
 S_WE_N         0.000         0.000         0.000         0.000
 S_WE_V         0.000         0.000         0.000         0.000
 S_COMPLX       0.000         0.000         0.000         0.000
 D_AGE_C        0.000         0.000         0.000         0.000
 D_AGE_C2       0.000         0.000         0.000         0.000
 D_MALE         0.000         0.000         0.000         0.000
 D_FIRSTB       0.000         0.000         0.000         0.000
 D_MOMCOL       0.000         0.000         0.000         0.000
 D_AGESEX       0.000         0.000         0.000         0.000
 D_AG2SEX       0.000         0.000         0.000         0.000


           PSI
              ETA           S_CONJ        S_HELPV       S_PRON        S_QUANT
              ________      ________      ________      ________      ________
 ETA            0.050
 S_CONJ         0.000         0.031
 S_HELPV        0.000         0.000         0.040
 S_PRON         0.000         0.000         0.000         0.037
 S_QUANT        0.000         0.000         0.000         0.000         0.039
 S_QWORDS       0.000         0.000         0.000         0.000         0.000
 S_TIME         0.000         0.000         0.000         0.000         0.000
 S_WF_N         0.000         0.000         0.000         0.000         0.000
 S_WF_V         0.000         0.000         0.000         0.000         0.000
 S_WE_N         0.000         0.000         0.000         0.000         0.000
 S_WE_V         0.000         0.000         0.000         0.000         0.000
 S_COMPLX       0.000         0.000         0.000         0.000         0.000
 D_AGE_C        0.000         0.000         0.000         0.000         0.000
 D_AGE_C2       0.000         0.000         0.000         0.000         0.000
 D_MALE         0.000         0.000         0.000         0.000         0.000
 D_FIRSTB       0.000         0.000         0.000         0.000         0.000
 D_MOMCOL       0.000         0.000         0.000         0.000         0.000
 D_AGESEX       0.000         0.000         0.000         0.000         0.000
 D_AG2SEX       0.000         0.000         0.000         0.000         0.000


           PSI
              S_QWORDS      S_TIME        S_WF_N        S_WF_V        S_WE_N
              ________      ________      ________      ________      ________
 S_QWORDS       0.045
 S_TIME         0.000         0.045
 S_WF_N         0.000         0.000         0.033
 S_WF_V         0.000         0.000         0.000         0.036
 S_WE_N         0.000         0.000         0.000         0.000         0.008
 S_WE_V         0.000         0.000         0.000         0.000         0.000
 S_COMPLX       0.000         0.000         0.000         0.000         0.000
 D_AGE_C        0.000         0.000         0.000         0.000         0.000
 D_AGE_C2       0.000         0.000         0.000         0.000         0.000
 D_MALE         0.000         0.000         0.000         0.000         0.000
 D_FIRSTB       0.000         0.000         0.000         0.000         0.000
 D_MOMCOL       0.000         0.000         0.000         0.000         0.000
 D_AGESEX       0.000         0.000         0.000         0.000         0.000
 D_AG2SEX       0.000         0.000         0.000         0.000         0.000


           PSI
              S_WE_V        S_COMPLX      D_AGE_C       D_AGE_C2      D_MALE
              ________      ________      ________      ________      ________
 S_WE_V         0.004
 S_COMPLX       0.000         0.048
 D_AGE_C        0.000         0.000         9.020
 D_AGE_C2       0.000         0.000         0.000       142.577
 D_MALE         0.000         0.000         0.000         0.000         0.500
 D_FIRSTB       0.000         0.000         0.000         0.000         0.000
 D_MOMCOL       0.000         0.000         0.000         0.000         0.000
 D_AGESEX       0.000         0.000         0.000         0.000         0.000
 D_AG2SEX       0.000         0.000         0.000         0.000         0.000


           PSI
              D_FIRSTB      D_MOMCOL      D_AGESEX      D_AG2SEX
              ________      ________      ________      ________
 D_FIRSTB       0.500
 D_MOMCOL       0.000         0.486
 D_AGESEX       0.000         0.000         9.054
 D_AG2SEX       0.000         0.000         0.000       306.558


     STARTING VALUES FOR THE ADDITIONAL PARAMETERS


           NEW/ADDITIONAL PARAMETERS
              V1            V2            L1_0          L1_1          L1_2
              ________      ________      ________      ________      ________
                0.000         0.000         1.000         0.000         0.000


           NEW/ADDITIONAL PARAMETERS
              L1_4          L2_0          L2_1          L2_2          L2_4
              ________      ________      ________      ________      ________
                0.000         1.000         0.000         0.000         0.000


           NEW/ADDITIONAL PARAMETERS
              L3_0          L3_1          L3_2          L3_3          L3_4
              ________      ________      ________      ________      ________
                1.000         0.000         0.000         0.000         0.000


           NEW/ADDITIONAL PARAMETERS
              L3_5          L3_6          L3_7          L4_0          L4_1
              ________      ________      ________      ________      ________
                0.000         0.000         0.000         1.000         0.000


           NEW/ADDITIONAL PARAMETERS
              L4_2          L5_0          L5_1          L5_2          L5_3
              ________      ________      ________      ________      ________
                0.000         1.000         0.000         0.000         0.000


           NEW/ADDITIONAL PARAMETERS
              L5_4          L5_5          L6_0          L6_1          L6_2
              ________      ________      ________      ________      ________
                0.000         0.000         1.000         0.000         0.000


           NEW/ADDITIONAL PARAMETERS
              L6_4          L6_6          L6_7          L7_0          L7_1
              ________      ________      ________      ________      ________
                0.000         0.000         0.000         1.000         0.000


           NEW/ADDITIONAL PARAMETERS
              L7_2          L8_0          L8_1          L8_2          L8_3
              ________      ________      ________      ________      ________
                0.000         1.000         0.000         0.000         0.000


           NEW/ADDITIONAL PARAMETERS
              L8_4          L9_0          L9_1          L9_2          L9_3
              ________      ________      ________      ________      ________
                0.000         1.000         0.000         0.000         0.000


           NEW/ADDITIONAL PARAMETERS
              L9_4          L9_5          L10_0         L10_1         L10_2
              ________      ________      ________      ________      ________
                0.000         0.000         1.000         0.000         0.000


           NEW/ADDITIONAL PARAMETERS
              L10_3         L10_4         L10_5         L10_7         L11_0
              ________      ________      ________      ________      ________
                0.000         0.000         0.000         0.000         1.000


           NEW/ADDITIONAL PARAMETERS
              L11_1         L11_2         L11_3         L11_5         L11_7
              ________      ________      ________      ________      ________
                0.000         0.000         0.000         0.000         0.000


     Beginning Time:  20:27:15
        Ending Time:  21:06:52
       Elapsed Time:  00:39:37



MUTHEN & MUTHEN
3463 Stoner Ave.
Los Angeles, CA  90066

Tel: (310) 391-9971
Fax: (310) 391-8971
Web: www.StatModel.com
Support: Support@StatModel.com

Copyright (c) 1998-2019 Muthen & Muthen
