Mplus VERSION 8.4
MUTHEN & MUTHEN
11/02/2021  11:01 PM

INPUT INSTRUCTIONS

  TITLE: Scoring Model
  DATA: FILE = "models/syn_3d/full.dat";
  VARIABLE:
  NAMES = ID S_CONJ S_HELPV S_PRON S_QUANT S_QWORDS S_TIME S_WF_N S_WF_V S_WE_N S_WE_V
       S_COMPLX D_AGE_C D_AGE_C2 D_MALE D_FIRSTB D_MOMCOL D_AGESEX D_AG2SEX;
  MISSING=.;
  !
  !
  !
  USEVARIABLES= S_CONJ S_HELPV S_PRON S_QUANT S_QWORDS S_TIME S_WF_N S_WF_V S_WE_N S_WE_V
   S_COMPLX D_AGE_C D_MALE D_FIRSTB D_MOMCOL D_AGESEX D_AGE_C2;
  AUXILIARY=ID;
  !
  !
  !
  CONSTRAINT= D_AGE_C2 D_AGE_C D_AGESEX D_MOMCOL D_FIRSTB ;
  ANALYSIS: ESTIMATOR=ML; ALGORITHM=INTEGRATION; INTEGRATION=MONTECARLO; PROCESSORS=4;
  MODEL: [ETA@0];ETA*(veta);
  ETA BY S_CONJ*(l_1);
  ETA BY S_HELPV*(l_2);
  ETA BY S_PRON*(l_3);
  ETA BY S_QUANT*(l_4);
  ETA BY S_QWORDS*(l_5);
  ETA BY S_TIME*(l_6);
  ETA BY S_WF_N*(l_7);
  ETA BY S_WF_V*(l_8);
  ETA BY S_WE_N*(l_9);
  ETA BY S_WE_V*(l_10);
  ETA BY S_COMPLX*(l_11);
  ETA ON D_AGE_C@0.09;
  ETA ON D_MALE@-0.147;
  ETA ON D_FIRSTB@0.065;
  ETA ON D_MOMCOL@0.051;
  ETA ON D_AGESEX@-0.01;
  S_CONJ ON D_AGE_C@0.015;
  S_HELPV ON D_AGE_C@0.022;
  S_PRON ON D_AGE_C@0.023;
  S_QUANT ON D_AGE_C@0.021;
  S_QWORDS ON D_AGE_C@0.025;
  S_TIME ON D_AGE_C@0.023;
  S_TIME ON D_FIRSTB@0.011;
  S_TIME ON D_AGESEX@0.001;
  S_WF_N ON D_AGE_C@0.017;
  S_WF_N ON D_AGE_C2@0;
  S_WF_N ON D_FIRSTB@0.019;
  S_WF_V ON D_AGE_C@0.02;
  S_WE_N ON D_AGE_C@0.005;
  S_WE_N ON D_MOMCOL@-0.009;
  S_WE_V ON D_AGE_C@0.004;
  S_WE_V ON D_FIRSTB@-0.004;
  S_WE_V ON D_MOMCOL@-0.006;
  S_COMPLX ON D_AGE_C@0.03;
  S_COMPLX ON D_MALE@-0.009;
  S_COMPLX ON D_MOMCOL@0.012;
  [S_CONJ@0.094];
  [S_HELPV@0.178];
  [S_PRON@0.229];
  [S_QUANT@0.208];
  [S_QWORDS@0.221];
  [S_TIME@0.201];
  [S_WF_N@0.336];
  [S_WF_V@0.158];
  [S_WE_N@0.07];
  [S_WE_V@0.035];
  [S_COMPLX@0.209];
  MODEL CONSTRAINT:
    veta=1*exp(
    -0.017*D_AGE_C2+
    0);
    l_1=0.158 +0.027*D_AGE_C;
    l_2=0.208 +0.026*D_AGE_C;
    l_3=0.197 +0.022*D_AGE_C;
    l_4=0.209 +0.023*D_AGE_C;
    l_5=0.194 +0.022*D_AGE_C;
    l_6=0.209 +0.022*D_AGE_C +0.002*D_AGESEX;
    l_7=0.131 +0.001*D_AGE_C2;
    l_8=0.188 +0.023*D_AGE_C;
    l_9=0.05 -0.013*D_MOMCOL;
    l_10=0.041 +0.004*D_AGE_C -0.007*D_FIRSTB -0.008*D_MOMCOL;
    l_11=0.188 +0.025*D_AGE_C +0.014*D_MOMCOL;



  OUTPUT: tech1;
  SAVEDATA: SAVE=FSCORES; FILE=scores.dat;



INPUT READING TERMINATED NORMALLY



Scoring Model

SUMMARY OF ANALYSIS

Number of groups                                                 1
Number of observations                                        2766

Number of dependent variables                                   11
Number of independent variables                                  6
Number of continuous latent variables                            1

Observed dependent variables

  Continuous
   S_CONJ      S_HELPV     S_PRON      S_QUANT     S_QWORDS    S_TIME
   S_WF_N      S_WF_V      S_WE_N      S_WE_V      S_COMPLX

Observed independent variables
   D_AGE_C     D_MALE      D_FIRSTB    D_MOMCOL    D_AGESEX    D_AGE_C2

Observed auxiliary variables
   ID

Continuous latent variables
   ETA


Estimator                                                       ML
Information matrix                                        OBSERVED
Optimization Specifications for the Quasi-Newton Algorithm for
Continuous Outcomes
  Maximum number of iterations                                 100
  Convergence criterion                                  0.100D-05
Optimization Specifications for the EM Algorithm
  Maximum number of iterations                                 500
  Convergence criteria
    Loglikelihood change                                 0.100D-02
    Relative loglikelihood change                        0.100D-05
    Derivative                                           0.100D-02
Optimization Specifications for the M step of the EM Algorithm for
Categorical Latent variables
  Number of M step iterations                                    1
  M step convergence criterion                           0.100D-02
  Basis for M step termination                           ITERATION
Optimization Specifications for the M step of the EM Algorithm for
Censored, Binary or Ordered Categorical (Ordinal), Unordered
Categorical (Nominal) and Count Outcomes
  Number of M step iterations                                    1
  M step convergence criterion                           0.100D-02
  Basis for M step termination                           ITERATION
  Maximum value for logit thresholds                            15
  Minimum value for logit thresholds                           -15
  Minimum expected cell size for chi-square              0.100D-01
Maximum number of iterations for H1                           2000
Convergence criterion for H1                             0.100D-03
Optimization algorithm                                         EMA
Integration Specifications
  Type                                                  MONTECARLO
  Number of integration points                                   1
  Dimensions of numerical integration                            0
  Adaptive quadrature                                           ON
  Monte Carlo integration seed                                   0
Cholesky                                                       OFF

Input data file(s)
  models/syn_3d/full.dat
Input data format  FREE


SUMMARY OF DATA

     Number of missing data patterns             1


COVARIANCE COVERAGE OF DATA

Minimum covariance coverage value   0.100


     PROPORTION OF DATA PRESENT FOR Y


           Covariance Coverage
              S_CONJ        S_HELPV       S_PRON        S_QUANT       S_QWORDS
              ________      ________      ________      ________      ________
 S_CONJ         1.000
 S_HELPV        1.000         1.000
 S_PRON         1.000         1.000         1.000
 S_QUANT        1.000         1.000         1.000         1.000
 S_QWORDS       1.000         1.000         1.000         1.000         1.000
 S_TIME         1.000         1.000         1.000         1.000         1.000
 S_WF_N         1.000         1.000         1.000         1.000         1.000
 S_WF_V         1.000         1.000         1.000         1.000         1.000
 S_WE_N         1.000         1.000         1.000         1.000         1.000
 S_WE_V         1.000         1.000         1.000         1.000         1.000
 S_COMPLX       1.000         1.000         1.000         1.000         1.000
 D_AGE_C        1.000         1.000         1.000         1.000         1.000
 D_MALE         1.000         1.000         1.000         1.000         1.000
 D_FIRSTB       1.000         1.000         1.000         1.000         1.000
 D_MOMCOL       1.000         1.000         1.000         1.000         1.000
 D_AGESEX       1.000         1.000         1.000         1.000         1.000
 D_AGE_C2       1.000         1.000         1.000         1.000         1.000


           Covariance Coverage
              S_TIME        S_WF_N        S_WF_V        S_WE_N        S_WE_V
              ________      ________      ________      ________      ________
 S_TIME         1.000
 S_WF_N         1.000         1.000
 S_WF_V         1.000         1.000         1.000
 S_WE_N         1.000         1.000         1.000         1.000
 S_WE_V         1.000         1.000         1.000         1.000         1.000
 S_COMPLX       1.000         1.000         1.000         1.000         1.000
 D_AGE_C        1.000         1.000         1.000         1.000         1.000
 D_MALE         1.000         1.000         1.000         1.000         1.000
 D_FIRSTB       1.000         1.000         1.000         1.000         1.000
 D_MOMCOL       1.000         1.000         1.000         1.000         1.000
 D_AGESEX       1.000         1.000         1.000         1.000         1.000
 D_AGE_C2       1.000         1.000         1.000         1.000         1.000


           Covariance Coverage
              S_COMPLX      D_AGE_C       D_MALE        D_FIRSTB      D_MOMCOL
              ________      ________      ________      ________      ________
 S_COMPLX       1.000
 D_AGE_C        1.000         1.000
 D_MALE         1.000         1.000         1.000
 D_FIRSTB       1.000         1.000         1.000         1.000
 D_MOMCOL       1.000         1.000         1.000         1.000         1.000
 D_AGESEX       1.000         1.000         1.000         1.000         1.000
 D_AGE_C2       1.000         1.000         1.000         1.000         1.000


           Covariance Coverage
              D_AGESEX      D_AGE_C2
              ________      ________
 D_AGESEX       1.000
 D_AGE_C2       1.000         1.000



UNIVARIATE SAMPLE STATISTICS


     UNIVARIATE HIGHER-ORDER MOMENT DESCRIPTIVE STATISTICS

         Variable/         Mean/     Skewness/   Minimum/ % with                Percentiles
        Sample Size      Variance    Kurtosis    Maximum  Min/Max      20%/60%    40%/80%    Median

     S_CONJ                0.132       2.167       0.000   67.25%       0.000      0.000      0.000
            2766.000       0.062       3.990       1.000    3.40%       0.000      0.167
     S_HELPV               0.212       1.398       0.000   36.62%       0.000      0.048      0.048
            2766.000       0.080       0.843       1.000    2.96%       0.143      0.429
     S_PRON                0.257       1.246       0.000   15.37%       0.040      0.120      0.160
            2766.000       0.075       0.569       1.000    2.49%       0.200      0.480
     S_QUANT               0.236       1.241       0.000   27.11%       0.000      0.059      0.118
            2766.000       0.078       0.438       1.000    2.35%       0.176      0.471
     S_QWORDS              0.248       1.100       0.000   42.91%       0.000      0.000      0.143
            2766.000       0.090       0.097       1.000    4.66%       0.286      0.571
     S_TIME                0.229       1.282       0.000   42.23%       0.000      0.000      0.083
            2766.000       0.090       0.457       1.000    4.30%       0.167      0.500
     S_WF_N                0.322       0.492       0.000   25.74%       0.000      0.200      0.400
            2766.000       0.066      -0.178       1.000    2.86%       0.400      0.600
     S_WF_V                0.187       1.564       0.000   42.37%       0.000      0.000      0.050
            2766.000       0.072       1.427       1.000    2.13%       0.100      0.350
     S_WE_N                0.066       2.603       0.000   66.20%       0.000      0.000      0.000
            2766.000       0.016       8.720       1.000    0.11%       0.000      0.143
     S_WE_V                0.038       4.398       0.000   70.50%       0.000      0.000      0.000
            2766.000       0.008      28.722       1.000    0.11%       0.000      0.065
     S_COMPLX              0.241       1.159       0.000   37.85%       0.000      0.027      0.081
            2766.000       0.095       0.029       1.000    2.82%       0.162      0.541
     D_AGE_C              -0.267       0.087      -7.000    6.69%      -5.000     -2.000      1.000
            2766.000      18.040      -1.118       7.000    8.17%       1.000      4.000
     D_MALE                0.013      -0.026      -1.000   49.35%      -1.000     -1.000      1.000
            2766.000       1.000      -1.999       1.000   50.65%       1.000      1.000
     D_FIRSTB              0.030      -0.059      -1.000   48.52%      -1.000     -1.000      1.000
            2766.000       0.999      -1.996       1.000   51.48%       1.000      1.000
     D_MOMCOL              0.165      -0.334      -1.000   41.76%      -1.000     -1.000      1.000
            2766.000       0.973      -1.888       1.000   58.24%       1.000      1.000
     D_AGESEX              0.056      -0.017      -7.000    7.30%      -4.000     -1.000      0.000
            2766.000      18.109      -1.130       7.000    7.56%       1.000      4.000
     D_AGE_C2             18.112       0.675       0.000    4.92%       1.000      9.000     16.000
            2766.000     285.153      -0.881      49.000   14.86%      16.000     36.000


THE MODEL ESTIMATION TERMINATED NORMALLY



MODEL FIT INFORMATION

Number of Free Parameters                       11

Loglikelihood

          H0 Value                       19546.708

Information Criteria

          Akaike (AIC)                  -39071.415
          Bayesian (BIC)                -39006.238
          Sample-Size Adjusted BIC      -39041.189
            (n* = (n + 2) / 24)



MODEL RESULTS

                                                    Two-Tailed
                    Estimate       S.E.  Est./S.E.    P-Value

 ETA      BY
    S_CONJ           999.000      0.000    999.000    999.000
    S_HELPV          999.000      0.000    999.000    999.000
    S_PRON           999.000      0.000    999.000    999.000
    S_QUANT          999.000      0.000    999.000    999.000
    S_QWORDS         999.000      0.000    999.000    999.000
    S_TIME           999.000      0.000    999.000    999.000
    S_WF_N           999.000      0.000    999.000    999.000
    S_WF_V           999.000      0.000    999.000    999.000
    S_WE_N           999.000      0.000    999.000    999.000
    S_WE_V           999.000      0.000    999.000    999.000
    S_COMPLX         999.000      0.000    999.000    999.000

 ETA        ON
    D_AGE_C            0.090      0.000    999.000    999.000
    D_MALE            -0.147      0.000    999.000    999.000
    D_FIRSTB           0.065      0.000    999.000    999.000
    D_MOMCOL           0.051      0.000    999.000    999.000
    D_AGESEX          -0.010      0.000    999.000    999.000

 S_CONJ     ON
    D_AGE_C            0.015      0.000    999.000    999.000

 S_HELPV    ON
    D_AGE_C            0.022      0.000    999.000    999.000

 S_PRON     ON
    D_AGE_C            0.023      0.000    999.000    999.000

 S_QUANT    ON
    D_AGE_C            0.021      0.000    999.000    999.000

 S_QWORDS   ON
    D_AGE_C            0.025      0.000    999.000    999.000

 S_TIME     ON
    D_AGE_C            0.023      0.000    999.000    999.000
    D_FIRSTB           0.011      0.000    999.000    999.000
    D_AGESEX           0.001      0.000    999.000    999.000

 S_WF_N     ON
    D_AGE_C            0.017      0.000    999.000    999.000
    D_AGE_C2           0.000      0.000    999.000    999.000
    D_FIRSTB           0.019      0.000    999.000    999.000

 S_WF_V     ON
    D_AGE_C            0.020      0.000    999.000    999.000

 S_WE_N     ON
    D_AGE_C            0.005      0.000    999.000    999.000
    D_MOMCOL          -0.009      0.000    999.000    999.000

 S_WE_V     ON
    D_AGE_C            0.004      0.000    999.000    999.000
    D_FIRSTB          -0.004      0.000    999.000    999.000
    D_MOMCOL          -0.006      0.000    999.000    999.000

 S_COMPLX   ON
    D_AGE_C            0.030      0.000    999.000    999.000
    D_MALE            -0.009      0.000    999.000    999.000
    D_MOMCOL           0.012      0.000    999.000    999.000

 Intercepts
    S_CONJ             0.094      0.000    999.000    999.000
    S_HELPV            0.178      0.000    999.000    999.000
    S_PRON             0.229      0.000    999.000    999.000
    S_QUANT            0.208      0.000    999.000    999.000
    S_QWORDS           0.221      0.000    999.000    999.000
    S_TIME             0.201      0.000    999.000    999.000
    S_WF_N             0.336      0.000    999.000    999.000
    S_WF_V             0.158      0.000    999.000    999.000
    S_WE_N             0.070      0.000    999.000    999.000
    S_WE_V             0.035      0.000    999.000    999.000
    S_COMPLX           0.209      0.000    999.000    999.000
    ETA                0.000      0.000    999.000    999.000

 Residual Variances
    S_CONJ             0.017      0.000     34.829      0.000
    S_HELPV            0.007      0.000     29.311      0.000
    S_PRON             0.008      0.000     31.123      0.000
    S_QUANT            0.008      0.000     30.605      0.000
    S_QWORDS           0.021      0.001     35.005      0.000
    S_TIME             0.017      0.000     33.988      0.000
    S_WF_N             0.029      0.001     35.558      0.000
    S_WF_V             0.012      0.000     33.455      0.000
    S_WE_N             0.012      0.000     36.914      0.000
    S_WE_V             0.006      0.000     36.785      0.000
    S_COMPLX           0.016      0.000     34.345      0.000
    ETA              999.000      0.000    999.000    999.000


QUALITY OF NUMERICAL RESULTS

     Condition Number for the Information Matrix              0.224E-07
       (ratio of smallest to largest eigenvalue)


TECHNICAL 1 OUTPUT


     PARAMETER SPECIFICATION


           NU
              S_CONJ        S_HELPV       S_PRON        S_QUANT       S_QWORDS
              ________      ________      ________      ________      ________
                    0             0             0             0             0


           NU
              S_TIME        S_WF_N        S_WF_V        S_WE_N        S_WE_V
              ________      ________      ________      ________      ________
                    0             0             0             0             0


           NU
              S_COMPLX      D_AGE_C       D_MALE        D_FIRSTB      D_MOMCOL
              ________      ________      ________      ________      ________
                    0             0             0             0             0


           NU
              D_AGESEX      D_AGE_C2
              ________      ________
                    0             0


           LAMBDA
              ETA           S_CONJ        S_HELPV       S_PRON        S_QUANT
              ________      ________      ________      ________      ________
 S_CONJ             0             0             0             0             0
 S_HELPV            0             0             0             0             0
 S_PRON             0             0             0             0             0
 S_QUANT            0             0             0             0             0
 S_QWORDS           0             0             0             0             0
 S_TIME             0             0             0             0             0
 S_WF_N             0             0             0             0             0
 S_WF_V             0             0             0             0             0
 S_WE_N             0             0             0             0             0
 S_WE_V             0             0             0             0             0
 S_COMPLX           0             0             0             0             0
 D_AGE_C            0             0             0             0             0
 D_MALE             0             0             0             0             0
 D_FIRSTB           0             0             0             0             0
 D_MOMCOL           0             0             0             0             0
 D_AGESEX           0             0             0             0             0
 D_AGE_C2           0             0             0             0             0


           LAMBDA
              S_QWORDS      S_TIME        S_WF_N        S_WF_V        S_WE_N
              ________      ________      ________      ________      ________
 S_CONJ             0             0             0             0             0
 S_HELPV            0             0             0             0             0
 S_PRON             0             0             0             0             0
 S_QUANT            0             0             0             0             0
 S_QWORDS           0             0             0             0             0
 S_TIME             0             0             0             0             0
 S_WF_N             0             0             0             0             0
 S_WF_V             0             0             0             0             0
 S_WE_N             0             0             0             0             0
 S_WE_V             0             0             0             0             0
 S_COMPLX           0             0             0             0             0
 D_AGE_C            0             0             0             0             0
 D_MALE             0             0             0             0             0
 D_FIRSTB           0             0             0             0             0
 D_MOMCOL           0             0             0             0             0
 D_AGESEX           0             0             0             0             0
 D_AGE_C2           0             0             0             0             0


           LAMBDA
              S_WE_V        S_COMPLX      D_AGE_C       D_MALE        D_FIRSTB
              ________      ________      ________      ________      ________
 S_CONJ             0             0             0             0             0
 S_HELPV            0             0             0             0             0
 S_PRON             0             0             0             0             0
 S_QUANT            0             0             0             0             0
 S_QWORDS           0             0             0             0             0
 S_TIME             0             0             0             0             0
 S_WF_N             0             0             0             0             0
 S_WF_V             0             0             0             0             0
 S_WE_N             0             0             0             0             0
 S_WE_V             0             0             0             0             0
 S_COMPLX           0             0             0             0             0
 D_AGE_C            0             0             0             0             0
 D_MALE             0             0             0             0             0
 D_FIRSTB           0             0             0             0             0
 D_MOMCOL           0             0             0             0             0
 D_AGESEX           0             0             0             0             0
 D_AGE_C2           0             0             0             0             0


           LAMBDA
              D_MOMCOL      D_AGESEX      D_AGE_C2
              ________      ________      ________
 S_CONJ             0             0             0
 S_HELPV            0             0             0
 S_PRON             0             0             0
 S_QUANT            0             0             0
 S_QWORDS           0             0             0
 S_TIME             0             0             0
 S_WF_N             0             0             0
 S_WF_V             0             0             0
 S_WE_N             0             0             0
 S_WE_V             0             0             0
 S_COMPLX           0             0             0
 D_AGE_C            0             0             0
 D_MALE             0             0             0
 D_FIRSTB           0             0             0
 D_MOMCOL           0             0             0
 D_AGESEX           0             0             0
 D_AGE_C2           0             0             0


           THETA
              S_CONJ        S_HELPV       S_PRON        S_QUANT       S_QWORDS
              ________      ________      ________      ________      ________
 S_CONJ             0
 S_HELPV            0             0
 S_PRON             0             0             0
 S_QUANT            0             0             0             0
 S_QWORDS           0             0             0             0             0
 S_TIME             0             0             0             0             0
 S_WF_N             0             0             0             0             0
 S_WF_V             0             0             0             0             0
 S_WE_N             0             0             0             0             0
 S_WE_V             0             0             0             0             0
 S_COMPLX           0             0             0             0             0
 D_AGE_C            0             0             0             0             0
 D_MALE             0             0             0             0             0
 D_FIRSTB           0             0             0             0             0
 D_MOMCOL           0             0             0             0             0
 D_AGESEX           0             0             0             0             0
 D_AGE_C2           0             0             0             0             0


           THETA
              S_TIME        S_WF_N        S_WF_V        S_WE_N        S_WE_V
              ________      ________      ________      ________      ________
 S_TIME             0
 S_WF_N             0             0
 S_WF_V             0             0             0
 S_WE_N             0             0             0             0
 S_WE_V             0             0             0             0             0
 S_COMPLX           0             0             0             0             0
 D_AGE_C            0             0             0             0             0
 D_MALE             0             0             0             0             0
 D_FIRSTB           0             0             0             0             0
 D_MOMCOL           0             0             0             0             0
 D_AGESEX           0             0             0             0             0
 D_AGE_C2           0             0             0             0             0


           THETA
              S_COMPLX      D_AGE_C       D_MALE        D_FIRSTB      D_MOMCOL
              ________      ________      ________      ________      ________
 S_COMPLX           0
 D_AGE_C            0             0
 D_MALE             0             0             0
 D_FIRSTB           0             0             0             0
 D_MOMCOL           0             0             0             0             0
 D_AGESEX           0             0             0             0             0
 D_AGE_C2           0             0             0             0             0


           THETA
              D_AGESEX      D_AGE_C2
              ________      ________
 D_AGESEX           0
 D_AGE_C2           0             0


           ALPHA
              ETA           S_CONJ        S_HELPV       S_PRON        S_QUANT
              ________      ________      ________      ________      ________
                    0             0             0             0             0


           ALPHA
              S_QWORDS      S_TIME        S_WF_N        S_WF_V        S_WE_N
              ________      ________      ________      ________      ________
                    0             0             0             0             0


           ALPHA
              S_WE_V        S_COMPLX      D_AGE_C       D_MALE        D_FIRSTB
              ________      ________      ________      ________      ________
                    0             0             0             0             0


           ALPHA
              D_MOMCOL      D_AGESEX      D_AGE_C2
              ________      ________      ________
                    0             0             0


           BETA
              ETA           S_CONJ        S_HELPV       S_PRON        S_QUANT
              ________      ________      ________      ________      ________
 ETA                0             0             0             0             0
 S_CONJ             1             0             0             0             0
 S_HELPV            2             0             0             0             0
 S_PRON             3             0             0             0             0
 S_QUANT            4             0             0             0             0
 S_QWORDS           5             0             0             0             0
 S_TIME             6             0             0             0             0
 S_WF_N             7             0             0             0             0
 S_WF_V             8             0             0             0             0
 S_WE_N             9             0             0             0             0
 S_WE_V            10             0             0             0             0
 S_COMPLX          11             0             0             0             0
 D_AGE_C            0             0             0             0             0
 D_MALE             0             0             0             0             0
 D_FIRSTB           0             0             0             0             0
 D_MOMCOL           0             0             0             0             0
 D_AGESEX           0             0             0             0             0
 D_AGE_C2           0             0             0             0             0


           BETA
              S_QWORDS      S_TIME        S_WF_N        S_WF_V        S_WE_N
              ________      ________      ________      ________      ________
 ETA                0             0             0             0             0
 S_CONJ             0             0             0             0             0
 S_HELPV            0             0             0             0             0
 S_PRON             0             0             0             0             0
 S_QUANT            0             0             0             0             0
 S_QWORDS           0             0             0             0             0
 S_TIME             0             0             0             0             0
 S_WF_N             0             0             0             0             0
 S_WF_V             0             0             0             0             0
 S_WE_N             0             0             0             0             0
 S_WE_V             0             0             0             0             0
 S_COMPLX           0             0             0             0             0
 D_AGE_C            0             0             0             0             0
 D_MALE             0             0             0             0             0
 D_FIRSTB           0             0             0             0             0
 D_MOMCOL           0             0             0             0             0
 D_AGESEX           0             0             0             0             0
 D_AGE_C2           0             0             0             0             0


           BETA
              S_WE_V        S_COMPLX      D_AGE_C       D_MALE        D_FIRSTB
              ________      ________      ________      ________      ________
 ETA                0             0             0             0             0
 S_CONJ             0             0             0             0             0
 S_HELPV            0             0             0             0             0
 S_PRON             0             0             0             0             0
 S_QUANT            0             0             0             0             0
 S_QWORDS           0             0             0             0             0
 S_TIME             0             0             0             0             0
 S_WF_N             0             0             0             0             0
 S_WF_V             0             0             0             0             0
 S_WE_N             0             0             0             0             0
 S_WE_V             0             0             0             0             0
 S_COMPLX           0             0             0             0             0
 D_AGE_C            0             0             0             0             0
 D_MALE             0             0             0             0             0
 D_FIRSTB           0             0             0             0             0
 D_MOMCOL           0             0             0             0             0
 D_AGESEX           0             0             0             0             0
 D_AGE_C2           0             0             0             0             0


           BETA
              D_MOMCOL      D_AGESEX      D_AGE_C2
              ________      ________      ________
 ETA                0             0             0
 S_CONJ             0             0             0
 S_HELPV            0             0             0
 S_PRON             0             0             0
 S_QUANT            0             0             0
 S_QWORDS           0             0             0
 S_TIME             0             0             0
 S_WF_N             0             0             0
 S_WF_V             0             0             0
 S_WE_N             0             0             0
 S_WE_V             0             0             0
 S_COMPLX           0             0             0
 D_AGE_C            0             0             0
 D_MALE             0             0             0
 D_FIRSTB           0             0             0
 D_MOMCOL           0             0             0
 D_AGESEX           0             0             0
 D_AGE_C2           0             0             0


           PSI
              ETA           S_CONJ        S_HELPV       S_PRON        S_QUANT
              ________      ________      ________      ________      ________
 ETA               12
 S_CONJ             0            13
 S_HELPV            0             0            14
 S_PRON             0             0             0            15
 S_QUANT            0             0             0             0            16
 S_QWORDS           0             0             0             0             0
 S_TIME             0             0             0             0             0
 S_WF_N             0             0             0             0             0
 S_WF_V             0             0             0             0             0
 S_WE_N             0             0             0             0             0
 S_WE_V             0             0             0             0             0
 S_COMPLX           0             0             0             0             0
 D_AGE_C            0             0             0             0             0
 D_MALE             0             0             0             0             0
 D_FIRSTB           0             0             0             0             0
 D_MOMCOL           0             0             0             0             0
 D_AGESEX           0             0             0             0             0
 D_AGE_C2           0             0             0             0             0


           PSI
              S_QWORDS      S_TIME        S_WF_N        S_WF_V        S_WE_N
              ________      ________      ________      ________      ________
 S_QWORDS          17
 S_TIME             0            18
 S_WF_N             0             0            19
 S_WF_V             0             0             0            20
 S_WE_N             0             0             0             0            21
 S_WE_V             0             0             0             0             0
 S_COMPLX           0             0             0             0             0
 D_AGE_C            0             0             0             0             0
 D_MALE             0             0             0             0             0
 D_FIRSTB           0             0             0             0             0
 D_MOMCOL           0             0             0             0             0
 D_AGESEX           0             0             0             0             0
 D_AGE_C2           0             0             0             0             0


           PSI
              S_WE_V        S_COMPLX      D_AGE_C       D_MALE        D_FIRSTB
              ________      ________      ________      ________      ________
 S_WE_V            22
 S_COMPLX           0            23
 D_AGE_C            0             0             0
 D_MALE             0             0             0             0
 D_FIRSTB           0             0             0             0             0
 D_MOMCOL           0             0             0             0             0
 D_AGESEX           0             0             0             0             0
 D_AGE_C2           0             0             0             0             0


           PSI
              D_MOMCOL      D_AGESEX      D_AGE_C2
              ________      ________      ________
 D_MOMCOL           0
 D_AGESEX           0             0
 D_AGE_C2           0             0             0


     STARTING VALUES


           NU
              S_CONJ        S_HELPV       S_PRON        S_QUANT       S_QWORDS
              ________      ________      ________      ________      ________
                0.000         0.000         0.000         0.000         0.000


           NU
              S_TIME        S_WF_N        S_WF_V        S_WE_N        S_WE_V
              ________      ________      ________      ________      ________
                0.000         0.000         0.000         0.000         0.000


           NU
              S_COMPLX      D_AGE_C       D_MALE        D_FIRSTB      D_MOMCOL
              ________      ________      ________      ________      ________
                0.000         0.000         0.000         0.000         0.000


           NU
              D_AGESEX      D_AGE_C2
              ________      ________
                0.000         0.000


           LAMBDA
              ETA           S_CONJ        S_HELPV       S_PRON        S_QUANT
              ________      ________      ________      ________      ________
 S_CONJ         0.000         1.000         0.000         0.000         0.000
 S_HELPV        0.000         0.000         1.000         0.000         0.000
 S_PRON         0.000         0.000         0.000         1.000         0.000
 S_QUANT        0.000         0.000         0.000         0.000         1.000
 S_QWORDS       0.000         0.000         0.000         0.000         0.000
 S_TIME         0.000         0.000         0.000         0.000         0.000
 S_WF_N         0.000         0.000         0.000         0.000         0.000
 S_WF_V         0.000         0.000         0.000         0.000         0.000
 S_WE_N         0.000         0.000         0.000         0.000         0.000
 S_WE_V         0.000         0.000         0.000         0.000         0.000
 S_COMPLX       0.000         0.000         0.000         0.000         0.000
 D_AGE_C        0.000         0.000         0.000         0.000         0.000
 D_MALE         0.000         0.000         0.000         0.000         0.000
 D_FIRSTB       0.000         0.000         0.000         0.000         0.000
 D_MOMCOL       0.000         0.000         0.000         0.000         0.000
 D_AGESEX       0.000         0.000         0.000         0.000         0.000
 D_AGE_C2       0.000         0.000         0.000         0.000         0.000


           LAMBDA
              S_QWORDS      S_TIME        S_WF_N        S_WF_V        S_WE_N
              ________      ________      ________      ________      ________
 S_CONJ         0.000         0.000         0.000         0.000         0.000
 S_HELPV        0.000         0.000         0.000         0.000         0.000
 S_PRON         0.000         0.000         0.000         0.000         0.000
 S_QUANT        0.000         0.000         0.000         0.000         0.000
 S_QWORDS       1.000         0.000         0.000         0.000         0.000
 S_TIME         0.000         1.000         0.000         0.000         0.000
 S_WF_N         0.000         0.000         1.000         0.000         0.000
 S_WF_V         0.000         0.000         0.000         1.000         0.000
 S_WE_N         0.000         0.000         0.000         0.000         1.000
 S_WE_V         0.000         0.000         0.000         0.000         0.000
 S_COMPLX       0.000         0.000         0.000         0.000         0.000
 D_AGE_C        0.000         0.000         0.000         0.000         0.000
 D_MALE         0.000         0.000         0.000         0.000         0.000
 D_FIRSTB       0.000         0.000         0.000         0.000         0.000
 D_MOMCOL       0.000         0.000         0.000         0.000         0.000
 D_AGESEX       0.000         0.000         0.000         0.000         0.000
 D_AGE_C2       0.000         0.000         0.000         0.000         0.000


           LAMBDA
              S_WE_V        S_COMPLX      D_AGE_C       D_MALE        D_FIRSTB
              ________      ________      ________      ________      ________
 S_CONJ         0.000         0.000         0.000         0.000         0.000
 S_HELPV        0.000         0.000         0.000         0.000         0.000
 S_PRON         0.000         0.000         0.000         0.000         0.000
 S_QUANT        0.000         0.000         0.000         0.000         0.000
 S_QWORDS       0.000         0.000         0.000         0.000         0.000
 S_TIME         0.000         0.000         0.000         0.000         0.000
 S_WF_N         0.000         0.000         0.000         0.000         0.000
 S_WF_V         0.000         0.000         0.000         0.000         0.000
 S_WE_N         0.000         0.000         0.000         0.000         0.000
 S_WE_V         1.000         0.000         0.000         0.000         0.000
 S_COMPLX       0.000         1.000         0.000         0.000         0.000
 D_AGE_C        0.000         0.000         1.000         0.000         0.000
 D_MALE         0.000         0.000         0.000         1.000         0.000
 D_FIRSTB       0.000         0.000         0.000         0.000         1.000
 D_MOMCOL       0.000         0.000         0.000         0.000         0.000
 D_AGESEX       0.000         0.000         0.000         0.000         0.000
 D_AGE_C2       0.000         0.000         0.000         0.000         0.000


           LAMBDA
              D_MOMCOL      D_AGESEX      D_AGE_C2
              ________      ________      ________
 S_CONJ         0.000         0.000         0.000
 S_HELPV        0.000         0.000         0.000
 S_PRON         0.000         0.000         0.000
 S_QUANT        0.000         0.000         0.000
 S_QWORDS       0.000         0.000         0.000
 S_TIME         0.000         0.000         0.000
 S_WF_N         0.000         0.000         0.000
 S_WF_V         0.000         0.000         0.000
 S_WE_N         0.000         0.000         0.000
 S_WE_V         0.000         0.000         0.000
 S_COMPLX       0.000         0.000         0.000
 D_AGE_C        0.000         0.000         0.000
 D_MALE         0.000         0.000         0.000
 D_FIRSTB       0.000         0.000         0.000
 D_MOMCOL       1.000         0.000         0.000
 D_AGESEX       0.000         1.000         0.000
 D_AGE_C2       0.000         0.000         1.000


           THETA
              S_CONJ        S_HELPV       S_PRON        S_QUANT       S_QWORDS
              ________      ________      ________      ________      ________
 S_CONJ         0.000
 S_HELPV        0.000         0.000
 S_PRON         0.000         0.000         0.000
 S_QUANT        0.000         0.000         0.000         0.000
 S_QWORDS       0.000         0.000         0.000         0.000         0.000
 S_TIME         0.000         0.000         0.000         0.000         0.000
 S_WF_N         0.000         0.000         0.000         0.000         0.000
 S_WF_V         0.000         0.000         0.000         0.000         0.000
 S_WE_N         0.000         0.000         0.000         0.000         0.000
 S_WE_V         0.000         0.000         0.000         0.000         0.000
 S_COMPLX       0.000         0.000         0.000         0.000         0.000
 D_AGE_C        0.000         0.000         0.000         0.000         0.000
 D_MALE         0.000         0.000         0.000         0.000         0.000
 D_FIRSTB       0.000         0.000         0.000         0.000         0.000
 D_MOMCOL       0.000         0.000         0.000         0.000         0.000
 D_AGESEX       0.000         0.000         0.000         0.000         0.000
 D_AGE_C2       0.000         0.000         0.000         0.000         0.000


           THETA
              S_TIME        S_WF_N        S_WF_V        S_WE_N        S_WE_V
              ________      ________      ________      ________      ________
 S_TIME         0.000
 S_WF_N         0.000         0.000
 S_WF_V         0.000         0.000         0.000
 S_WE_N         0.000         0.000         0.000         0.000
 S_WE_V         0.000         0.000         0.000         0.000         0.000
 S_COMPLX       0.000         0.000         0.000         0.000         0.000
 D_AGE_C        0.000         0.000         0.000         0.000         0.000
 D_MALE         0.000         0.000         0.000         0.000         0.000
 D_FIRSTB       0.000         0.000         0.000         0.000         0.000
 D_MOMCOL       0.000         0.000         0.000         0.000         0.000
 D_AGESEX       0.000         0.000         0.000         0.000         0.000
 D_AGE_C2       0.000         0.000         0.000         0.000         0.000


           THETA
              S_COMPLX      D_AGE_C       D_MALE        D_FIRSTB      D_MOMCOL
              ________      ________      ________      ________      ________
 S_COMPLX       0.000
 D_AGE_C        0.000         0.000
 D_MALE         0.000         0.000         0.000
 D_FIRSTB       0.000         0.000         0.000         0.000
 D_MOMCOL       0.000         0.000         0.000         0.000         0.000
 D_AGESEX       0.000         0.000         0.000         0.000         0.000
 D_AGE_C2       0.000         0.000         0.000         0.000         0.000


           THETA
              D_AGESEX      D_AGE_C2
              ________      ________
 D_AGESEX       0.000
 D_AGE_C2       0.000         0.000


           ALPHA
              ETA           S_CONJ        S_HELPV       S_PRON        S_QUANT
              ________      ________      ________      ________      ________
                0.000         0.094         0.178         0.229         0.208


           ALPHA
              S_QWORDS      S_TIME        S_WF_N        S_WF_V        S_WE_N
              ________      ________      ________      ________      ________
                0.221         0.201         0.336         0.158         0.070


           ALPHA
              S_WE_V        S_COMPLX      D_AGE_C       D_MALE        D_FIRSTB
              ________      ________      ________      ________      ________
                0.035         0.209         0.000         0.000         0.000


           ALPHA
              D_MOMCOL      D_AGESEX      D_AGE_C2
              ________      ________      ________
                0.000         0.000         0.000


           BETA
              ETA           S_CONJ        S_HELPV       S_PRON        S_QUANT
              ________      ________      ________      ________      ________
 ETA            0.000         0.000         0.000         0.000         0.000
 S_CONJ         1.000         0.000         0.000         0.000         0.000
 S_HELPV        1.000         0.000         0.000         0.000         0.000
 S_PRON         1.000         0.000         0.000         0.000         0.000
 S_QUANT        1.000         0.000         0.000         0.000         0.000
 S_QWORDS       1.000         0.000         0.000         0.000         0.000
 S_TIME         1.000         0.000         0.000         0.000         0.000
 S_WF_N         1.000         0.000         0.000         0.000         0.000
 S_WF_V         1.000         0.000         0.000         0.000         0.000
 S_WE_N         1.000         0.000         0.000         0.000         0.000
 S_WE_V         1.000         0.000         0.000         0.000         0.000
 S_COMPLX       1.000         0.000         0.000         0.000         0.000
 D_AGE_C        0.000         0.000         0.000         0.000         0.000
 D_MALE         0.000         0.000         0.000         0.000         0.000
 D_FIRSTB       0.000         0.000         0.000         0.000         0.000
 D_MOMCOL       0.000         0.000         0.000         0.000         0.000
 D_AGESEX       0.000         0.000         0.000         0.000         0.000
 D_AGE_C2       0.000         0.000         0.000         0.000         0.000


           BETA
              S_QWORDS      S_TIME        S_WF_N        S_WF_V        S_WE_N
              ________      ________      ________      ________      ________
 ETA            0.000         0.000         0.000         0.000         0.000
 S_CONJ         0.000         0.000         0.000         0.000         0.000
 S_HELPV        0.000         0.000         0.000         0.000         0.000
 S_PRON         0.000         0.000         0.000         0.000         0.000
 S_QUANT        0.000         0.000         0.000         0.000         0.000
 S_QWORDS       0.000         0.000         0.000         0.000         0.000
 S_TIME         0.000         0.000         0.000         0.000         0.000
 S_WF_N         0.000         0.000         0.000         0.000         0.000
 S_WF_V         0.000         0.000         0.000         0.000         0.000
 S_WE_N         0.000         0.000         0.000         0.000         0.000
 S_WE_V         0.000         0.000         0.000         0.000         0.000
 S_COMPLX       0.000         0.000         0.000         0.000         0.000
 D_AGE_C        0.000         0.000         0.000         0.000         0.000
 D_MALE         0.000         0.000         0.000         0.000         0.000
 D_FIRSTB       0.000         0.000         0.000         0.000         0.000
 D_MOMCOL       0.000         0.000         0.000         0.000         0.000
 D_AGESEX       0.000         0.000         0.000         0.000         0.000
 D_AGE_C2       0.000         0.000         0.000         0.000         0.000


           BETA
              S_WE_V        S_COMPLX      D_AGE_C       D_MALE        D_FIRSTB
              ________      ________      ________      ________      ________
 ETA            0.000         0.000         0.090        -0.147         0.065
 S_CONJ         0.000         0.000         0.015         0.000         0.000
 S_HELPV        0.000         0.000         0.022         0.000         0.000
 S_PRON         0.000         0.000         0.023         0.000         0.000
 S_QUANT        0.000         0.000         0.021         0.000         0.000
 S_QWORDS       0.000         0.000         0.025         0.000         0.000
 S_TIME         0.000         0.000         0.023         0.000         0.011
 S_WF_N         0.000         0.000         0.017         0.000         0.019
 S_WF_V         0.000         0.000         0.020         0.000         0.000
 S_WE_N         0.000         0.000         0.005         0.000         0.000
 S_WE_V         0.000         0.000         0.004         0.000        -0.004
 S_COMPLX       0.000         0.000         0.030        -0.009         0.000
 D_AGE_C        0.000         0.000         0.000         0.000         0.000
 D_MALE         0.000         0.000         0.000         0.000         0.000
 D_FIRSTB       0.000         0.000         0.000         0.000         0.000
 D_MOMCOL       0.000         0.000         0.000         0.000         0.000
 D_AGESEX       0.000         0.000         0.000         0.000         0.000
 D_AGE_C2       0.000         0.000         0.000         0.000         0.000


           BETA
              D_MOMCOL      D_AGESEX      D_AGE_C2
              ________      ________      ________
 ETA            0.051        -0.010         0.000
 S_CONJ         0.000         0.000         0.000
 S_HELPV        0.000         0.000         0.000
 S_PRON         0.000         0.000         0.000
 S_QUANT        0.000         0.000         0.000
 S_QWORDS       0.000         0.000         0.000
 S_TIME         0.000         0.001         0.000
 S_WF_N         0.000         0.000         0.000
 S_WF_V         0.000         0.000         0.000
 S_WE_N        -0.009         0.000         0.000
 S_WE_V        -0.006         0.000         0.000
 S_COMPLX       0.012         0.000         0.000
 D_AGE_C        0.000         0.000         0.000
 D_MALE         0.000         0.000         0.000
 D_FIRSTB       0.000         0.000         0.000
 D_MOMCOL       0.000         0.000         0.000
 D_AGESEX       0.000         0.000         0.000
 D_AGE_C2       0.000         0.000         0.000


           PSI
              ETA           S_CONJ        S_HELPV       S_PRON        S_QUANT
              ________      ________      ________      ________      ________
 ETA            0.050
 S_CONJ         0.000         0.031
 S_HELPV        0.000         0.000         0.040
 S_PRON         0.000         0.000         0.000         0.037
 S_QUANT        0.000         0.000         0.000         0.000         0.039
 S_QWORDS       0.000         0.000         0.000         0.000         0.000
 S_TIME         0.000         0.000         0.000         0.000         0.000
 S_WF_N         0.000         0.000         0.000         0.000         0.000
 S_WF_V         0.000         0.000         0.000         0.000         0.000
 S_WE_N         0.000         0.000         0.000         0.000         0.000
 S_WE_V         0.000         0.000         0.000         0.000         0.000
 S_COMPLX       0.000         0.000         0.000         0.000         0.000
 D_AGE_C        0.000         0.000         0.000         0.000         0.000
 D_MALE         0.000         0.000         0.000         0.000         0.000
 D_FIRSTB       0.000         0.000         0.000         0.000         0.000
 D_MOMCOL       0.000         0.000         0.000         0.000         0.000
 D_AGESEX       0.000         0.000         0.000         0.000         0.000
 D_AGE_C2       0.000         0.000         0.000         0.000         0.000


           PSI
              S_QWORDS      S_TIME        S_WF_N        S_WF_V        S_WE_N
              ________      ________      ________      ________      ________
 S_QWORDS       0.045
 S_TIME         0.000         0.045
 S_WF_N         0.000         0.000         0.033
 S_WF_V         0.000         0.000         0.000         0.036
 S_WE_N         0.000         0.000         0.000         0.000         0.008
 S_WE_V         0.000         0.000         0.000         0.000         0.000
 S_COMPLX       0.000         0.000         0.000         0.000         0.000
 D_AGE_C        0.000         0.000         0.000         0.000         0.000
 D_MALE         0.000         0.000         0.000         0.000         0.000
 D_FIRSTB       0.000         0.000         0.000         0.000         0.000
 D_MOMCOL       0.000         0.000         0.000         0.000         0.000
 D_AGESEX       0.000         0.000         0.000         0.000         0.000
 D_AGE_C2       0.000         0.000         0.000         0.000         0.000


           PSI
              S_WE_V        S_COMPLX      D_AGE_C       D_MALE        D_FIRSTB
              ________      ________      ________      ________      ________
 S_WE_V         0.004
 S_COMPLX       0.000         0.048
 D_AGE_C        0.000         0.000         9.020
 D_MALE         0.000         0.000         0.000         0.500
 D_FIRSTB       0.000         0.000         0.000         0.000         0.500
 D_MOMCOL       0.000         0.000         0.000         0.000         0.000
 D_AGESEX       0.000         0.000         0.000         0.000         0.000
 D_AGE_C2       0.000         0.000         0.000         0.000         0.000


           PSI
              D_MOMCOL      D_AGESEX      D_AGE_C2
              ________      ________      ________
 D_MOMCOL       0.486
 D_AGESEX       0.000         9.054
 D_AGE_C2       0.000         0.000       142.577


SAMPLE STATISTICS FOR ESTIMATED FACTOR SCORES


     SAMPLE STATISTICS


           Means
              ETA
              ________
                0.118


           Covariances
              ETA
              ________
 ETA            0.529


           Correlations
              ETA
              ________
 ETA            1.000


SAVEDATA INFORMATION


  Save file
    scores.dat

  Order and format of variables

    S_CONJ         F10.3
    S_HELPV        F10.3
    S_PRON         F10.3
    S_QUANT        F10.3
    S_QWORDS       F10.3
    S_TIME         F10.3
    S_WF_N         F10.3
    S_WF_V         F10.3
    S_WE_N         F10.3
    S_WE_V         F10.3
    S_COMPLX       F10.3
    D_AGE_C        F10.3
    D_MALE         F10.3
    D_FIRSTB       F10.3
    D_MOMCOL       F10.3
    D_AGESEX       F10.3
    D_AGE_C2       F10.3
    ID             F10.3
    ETA            F10.3

  Save file format
    19F10.3

  Save file record length    10000


     Beginning Time:  23:01:40
        Ending Time:  23:02:40
       Elapsed Time:  00:01:00



MUTHEN & MUTHEN
3463 Stoner Ave.
Los Angeles, CA  90066

Tel: (310) 391-9971
Fax: (310) 391-8971
Web: www.StatModel.com
Support: Support@StatModel.com

Copyright (c) 1998-2019 Muthen & Muthen
