Mplus VERSION 8.4
MUTHEN & MUTHEN
11/02/2021   4:32 PM

INPUT INSTRUCTIONS

  TITLE: Variance Impact Model
  DATA: FILE = "models/syn_3d/calibration.dat";
  VARIABLE:
  NAMES = ID S_CONJ S_HELPV S_PRON S_QUANT S_QWORDS S_TIME S_WF_N S_WF_V S_WE_N S_WE_V
       S_COMPLX D_AGE_C D_AGE_C2 D_MALE D_FIRSTB D_MOMCOL D_AGESEX D_AG2SEX;
  MISSING=.;
  !
  !
  !
  USEVARIABLES= S_CONJ S_HELPV S_PRON S_QUANT S_QWORDS S_TIME S_WF_N S_WF_V S_WE_N S_WE_V
   S_COMPLX D_AGE_C D_AGE_C2 ;
  AUXILIARY= ID ;
  !
  !
  CONSTRAINT= D_AGE_C D_AGE_C2 ;
  ANALYSIS: ESTIMATOR=ML;ALGORITHM=INTEGRATION;INTEGRATION=MONTECARLO;PROCESSORS=4;
  MODEL: ETA ON D_AGE_C D_AGE_C2 ; ETA*(veta);
  ETA BY S_CONJ*(l1);
  ETA BY S_HELPV*(l2);
  ETA BY S_PRON*(l3);
  ETA BY S_QUANT*(l4);
  ETA BY S_QWORDS*(l5);
  ETA BY S_TIME*(l6);
  ETA BY S_WF_N*(l7);
  ETA BY S_WF_V*(l8);
  ETA BY S_WE_N*(l9);
  ETA BY S_WE_V*(l10);
  ETA BY S_COMPLX*(l11);
  MODEL CONSTRAINT: new(
  v1*0
  v2*0
  );
  veta=1*exp(
  v1*D_AGE_C+
  v2*D_AGE_C2);
  OUTPUT: tech1;



INPUT READING TERMINATED NORMALLY



Variance Impact Model

SUMMARY OF ANALYSIS

Number of groups                                                 1
Number of observations                                        2766

Number of dependent variables                                   11
Number of independent variables                                  2
Number of continuous latent variables                            1

Observed dependent variables

  Continuous
   S_CONJ      S_HELPV     S_PRON      S_QUANT     S_QWORDS    S_TIME
   S_WF_N      S_WF_V      S_WE_N      S_WE_V      S_COMPLX

Observed independent variables
   D_AGE_C     D_AGE_C2

Observed auxiliary variables
   ID

Continuous latent variables
   ETA


Estimator                                                       ML
Information matrix                                        OBSERVED
Optimization Specifications for the Quasi-Newton Algorithm for
Continuous Outcomes
  Maximum number of iterations                                 100
  Convergence criterion                                  0.100D-05
Optimization Specifications for the EM Algorithm
  Maximum number of iterations                                 500
  Convergence criteria
    Loglikelihood change                                 0.100D-02
    Relative loglikelihood change                        0.100D-05
    Derivative                                           0.100D-02
Optimization Specifications for the M step of the EM Algorithm for
Categorical Latent variables
  Number of M step iterations                                    1
  M step convergence criterion                           0.100D-02
  Basis for M step termination                           ITERATION
Optimization Specifications for the M step of the EM Algorithm for
Censored, Binary or Ordered Categorical (Ordinal), Unordered
Categorical (Nominal) and Count Outcomes
  Number of M step iterations                                    1
  M step convergence criterion                           0.100D-02
  Basis for M step termination                           ITERATION
  Maximum value for logit thresholds                            15
  Minimum value for logit thresholds                           -15
  Minimum expected cell size for chi-square              0.100D-01
Maximum number of iterations for H1                           2000
Convergence criterion for H1                             0.100D-03
Optimization algorithm                                         EMA
Integration Specifications
  Type                                                  MONTECARLO
  Number of integration points                                   1
  Dimensions of numerical integration                            0
  Adaptive quadrature                                           ON
  Monte Carlo integration seed                                   0
Cholesky                                                       OFF

Input data file(s)
  models/syn_3d/calibration.dat
Input data format  FREE


SUMMARY OF DATA

     Number of missing data patterns             1


COVARIANCE COVERAGE OF DATA

Minimum covariance coverage value   0.100


     PROPORTION OF DATA PRESENT FOR Y


           Covariance Coverage
              S_CONJ        S_HELPV       S_PRON        S_QUANT       S_QWORDS
              ________      ________      ________      ________      ________
 S_CONJ         1.000
 S_HELPV        1.000         1.000
 S_PRON         1.000         1.000         1.000
 S_QUANT        1.000         1.000         1.000         1.000
 S_QWORDS       1.000         1.000         1.000         1.000         1.000
 S_TIME         1.000         1.000         1.000         1.000         1.000
 S_WF_N         1.000         1.000         1.000         1.000         1.000
 S_WF_V         1.000         1.000         1.000         1.000         1.000
 S_WE_N         1.000         1.000         1.000         1.000         1.000
 S_WE_V         1.000         1.000         1.000         1.000         1.000
 S_COMPLX       1.000         1.000         1.000         1.000         1.000
 D_AGE_C        1.000         1.000         1.000         1.000         1.000
 D_AGE_C2       1.000         1.000         1.000         1.000         1.000


           Covariance Coverage
              S_TIME        S_WF_N        S_WF_V        S_WE_N        S_WE_V
              ________      ________      ________      ________      ________
 S_TIME         1.000
 S_WF_N         1.000         1.000
 S_WF_V         1.000         1.000         1.000
 S_WE_N         1.000         1.000         1.000         1.000
 S_WE_V         1.000         1.000         1.000         1.000         1.000
 S_COMPLX       1.000         1.000         1.000         1.000         1.000
 D_AGE_C        1.000         1.000         1.000         1.000         1.000
 D_AGE_C2       1.000         1.000         1.000         1.000         1.000


           Covariance Coverage
              S_COMPLX      D_AGE_C       D_AGE_C2
              ________      ________      ________
 S_COMPLX       1.000
 D_AGE_C        1.000         1.000
 D_AGE_C2       1.000         1.000         1.000



UNIVARIATE SAMPLE STATISTICS


     UNIVARIATE HIGHER-ORDER MOMENT DESCRIPTIVE STATISTICS

         Variable/         Mean/     Skewness/   Minimum/ % with                Percentiles
        Sample Size      Variance    Kurtosis    Maximum  Min/Max      20%/60%    40%/80%    Median

     S_CONJ                0.132       2.167       0.000   67.25%       0.000      0.000      0.000
            2766.000       0.062       3.990       1.000    3.40%       0.000      0.167
     S_HELPV               0.212       1.398       0.000   36.62%       0.000      0.048      0.048
            2766.000       0.080       0.843       1.000    2.96%       0.143      0.429
     S_PRON                0.257       1.246       0.000   15.37%       0.040      0.120      0.160
            2766.000       0.075       0.569       1.000    2.49%       0.200      0.480
     S_QUANT               0.236       1.241       0.000   27.11%       0.000      0.059      0.118
            2766.000       0.078       0.438       1.000    2.35%       0.176      0.471
     S_QWORDS              0.248       1.100       0.000   42.91%       0.000      0.000      0.143
            2766.000       0.090       0.097       1.000    4.66%       0.286      0.571
     S_TIME                0.229       1.282       0.000   42.23%       0.000      0.000      0.083
            2766.000       0.090       0.457       1.000    4.30%       0.167      0.500
     S_WF_N                0.322       0.492       0.000   25.74%       0.000      0.200      0.400
            2766.000       0.066      -0.178       1.000    2.86%       0.400      0.600
     S_WF_V                0.187       1.564       0.000   42.37%       0.000      0.000      0.050
            2766.000       0.072       1.427       1.000    2.13%       0.100      0.350
     S_WE_N                0.066       2.603       0.000   66.20%       0.000      0.000      0.000
            2766.000       0.016       8.720       1.000    0.11%       0.000      0.143
     S_WE_V                0.038       4.398       0.000   70.50%       0.000      0.000      0.000
            2766.000       0.008      28.722       1.000    0.11%       0.000      0.065
     S_COMPLX              0.241       1.159       0.000   37.85%       0.000      0.027      0.081
            2766.000       0.095       0.029       1.000    2.82%       0.162      0.541
     D_AGE_C              -0.267       0.087      -7.000    6.69%      -5.000     -2.000      1.000
            2766.000      18.040      -1.118       7.000    8.17%       1.000      4.000
     D_AGE_C2             18.112       0.675       0.000    4.92%       1.000      9.000     16.000
            2766.000     285.153      -0.881      49.000   14.86%      16.000     36.000


THE MODEL ESTIMATION TERMINATED NORMALLY



MODEL FIT INFORMATION

Number of Free Parameters                       37

Loglikelihood

          H0 Value                       19042.296

Information Criteria

          Akaike (AIC)                  -38010.592
          Bayesian (BIC)                -37791.361
          Sample-Size Adjusted BIC      -37908.923
            (n* = (n + 2) / 24)



MODEL RESULTS

                                                    Two-Tailed
                    Estimate       S.E.  Est./S.E.    P-Value

 ETA      BY
    S_CONJ             0.162      0.004     41.013      0.000
    S_HELPV            0.209      0.005     45.508      0.000
    S_PRON             0.201      0.004     45.265      0.000
    S_QUANT            0.205      0.005     45.145      0.000
    S_QWORDS           0.203      0.005     42.322      0.000
    S_TIME             0.209      0.005     43.326      0.000
    S_WF_N             0.141      0.004     35.248      0.000
    S_WF_V             0.189      0.004     43.731      0.000
    S_WE_N             0.042      0.002     22.087      0.000
    S_WE_V             0.038      0.001     26.958      0.000
    S_COMPLX           0.216      0.005     43.612      0.000

 ETA        ON
    D_AGE_C            0.199      0.006     32.424      0.000
    D_AGE_C2           0.010      0.001     11.921      0.000

 Intercepts
    S_CONJ             0.111      0.004     25.340      0.000
    S_HELPV            0.185      0.005     37.855      0.000
    S_PRON             0.231      0.005     48.905      0.000
    S_QUANT            0.210      0.005     43.500      0.000
    S_QWORDS           0.222      0.005     42.216      0.000
    S_TIME             0.202      0.005     38.602      0.000
    S_WF_N             0.304      0.005     65.476      0.000
    S_WF_V             0.163      0.005     34.805      0.000
    S_WE_N             0.061      0.002     25.971      0.000
    S_WE_V             0.033      0.002     19.608      0.000
    S_COMPLX           0.213      0.005     39.632      0.000

 Residual Variances
    S_CONJ             0.018      0.001     35.215      0.000
    S_HELPV            0.007      0.000     29.375      0.000
    S_PRON             0.008      0.000     30.583      0.000
    S_QUANT            0.008      0.000     30.818      0.000
    S_QWORDS           0.021      0.001     34.715      0.000
    S_TIME             0.017      0.001     33.879      0.000
    S_WF_N             0.033      0.001     36.424      0.000
    S_WF_V             0.012      0.000     33.399      0.000
    S_WE_N             0.013      0.000     37.011      0.000
    S_WE_V             0.006      0.000     36.877      0.000
    S_COMPLX           0.017      0.001     33.648      0.000
    ETA              999.000      0.000    999.000    999.000

New/Additional Parameters
    V1                 0.305      0.008     37.634      0.000
    V2                -0.033      0.002    -16.891      0.000


QUALITY OF NUMERICAL RESULTS

     Condition Number for the Information Matrix              0.217E-07
       (ratio of smallest to largest eigenvalue)


TECHNICAL 1 OUTPUT


     PARAMETER SPECIFICATION


           NU
              S_CONJ        S_HELPV       S_PRON        S_QUANT       S_QWORDS
              ________      ________      ________      ________      ________
                    1             2             3             4             5


           NU
              S_TIME        S_WF_N        S_WF_V        S_WE_N        S_WE_V
              ________      ________      ________      ________      ________
                    6             7             8             9            10


           NU
              S_COMPLX      D_AGE_C       D_AGE_C2
              ________      ________      ________
                   11             0             0


           LAMBDA
              ETA           D_AGE_C       D_AGE_C2
              ________      ________      ________
 S_CONJ            12             0             0
 S_HELPV           13             0             0
 S_PRON            14             0             0
 S_QUANT           15             0             0
 S_QWORDS          16             0             0
 S_TIME            17             0             0
 S_WF_N            18             0             0
 S_WF_V            19             0             0
 S_WE_N            20             0             0
 S_WE_V            21             0             0
 S_COMPLX          22             0             0
 D_AGE_C            0             0             0
 D_AGE_C2           0             0             0


           THETA
              S_CONJ        S_HELPV       S_PRON        S_QUANT       S_QWORDS
              ________      ________      ________      ________      ________
 S_CONJ            23
 S_HELPV            0            24
 S_PRON             0             0            25
 S_QUANT            0             0             0            26
 S_QWORDS           0             0             0             0            27
 S_TIME             0             0             0             0             0
 S_WF_N             0             0             0             0             0
 S_WF_V             0             0             0             0             0
 S_WE_N             0             0             0             0             0
 S_WE_V             0             0             0             0             0
 S_COMPLX           0             0             0             0             0
 D_AGE_C            0             0             0             0             0
 D_AGE_C2           0             0             0             0             0


           THETA
              S_TIME        S_WF_N        S_WF_V        S_WE_N        S_WE_V
              ________      ________      ________      ________      ________
 S_TIME            28
 S_WF_N             0            29
 S_WF_V             0             0            30
 S_WE_N             0             0             0            31
 S_WE_V             0             0             0             0            32
 S_COMPLX           0             0             0             0             0
 D_AGE_C            0             0             0             0             0
 D_AGE_C2           0             0             0             0             0


           THETA
              S_COMPLX      D_AGE_C       D_AGE_C2
              ________      ________      ________
 S_COMPLX          33
 D_AGE_C            0             0
 D_AGE_C2           0             0             0


           ALPHA
              ETA           D_AGE_C       D_AGE_C2
              ________      ________      ________
                    0             0             0


           BETA
              ETA           D_AGE_C       D_AGE_C2
              ________      ________      ________
 ETA                0            34            35
 D_AGE_C            0             0             0
 D_AGE_C2           0             0             0


           PSI
              ETA           D_AGE_C       D_AGE_C2
              ________      ________      ________
 ETA               36
 D_AGE_C            0             0
 D_AGE_C2           0             0             0


     PARAMETER SPECIFICATION FOR THE ADDITIONAL PARAMETERS


           NEW/ADDITIONAL PARAMETERS
              V1            V2
              ________      ________
                   37            38


     STARTING VALUES


           NU
              S_CONJ        S_HELPV       S_PRON        S_QUANT       S_QWORDS
              ________      ________      ________      ________      ________
                0.132         0.212         0.257         0.236         0.248


           NU
              S_TIME        S_WF_N        S_WF_V        S_WE_N        S_WE_V
              ________      ________      ________      ________      ________
                0.229         0.322         0.187         0.066         0.038


           NU
              S_COMPLX      D_AGE_C       D_AGE_C2
              ________      ________      ________
                0.241         0.000         0.000


           LAMBDA
              ETA           D_AGE_C       D_AGE_C2
              ________      ________      ________
 S_CONJ         1.000         0.000         0.000
 S_HELPV        1.000         0.000         0.000
 S_PRON         1.000         0.000         0.000
 S_QUANT        1.000         0.000         0.000
 S_QWORDS       1.000         0.000         0.000
 S_TIME         1.000         0.000         0.000
 S_WF_N         1.000         0.000         0.000
 S_WF_V         1.000         0.000         0.000
 S_WE_N         1.000         0.000         0.000
 S_WE_V         1.000         0.000         0.000
 S_COMPLX       1.000         0.000         0.000
 D_AGE_C        0.000         1.000         0.000
 D_AGE_C2       0.000         0.000         1.000


           THETA
              S_CONJ        S_HELPV       S_PRON        S_QUANT       S_QWORDS
              ________      ________      ________      ________      ________
 S_CONJ         0.031
 S_HELPV        0.000         0.040
 S_PRON         0.000         0.000         0.037
 S_QUANT        0.000         0.000         0.000         0.039
 S_QWORDS       0.000         0.000         0.000         0.000         0.045
 S_TIME         0.000         0.000         0.000         0.000         0.000
 S_WF_N         0.000         0.000         0.000         0.000         0.000
 S_WF_V         0.000         0.000         0.000         0.000         0.000
 S_WE_N         0.000         0.000         0.000         0.000         0.000
 S_WE_V         0.000         0.000         0.000         0.000         0.000
 S_COMPLX       0.000         0.000         0.000         0.000         0.000
 D_AGE_C        0.000         0.000         0.000         0.000         0.000
 D_AGE_C2       0.000         0.000         0.000         0.000         0.000


           THETA
              S_TIME        S_WF_N        S_WF_V        S_WE_N        S_WE_V
              ________      ________      ________      ________      ________
 S_TIME         0.045
 S_WF_N         0.000         0.033
 S_WF_V         0.000         0.000         0.036
 S_WE_N         0.000         0.000         0.000         0.008
 S_WE_V         0.000         0.000         0.000         0.000         0.004
 S_COMPLX       0.000         0.000         0.000         0.000         0.000
 D_AGE_C        0.000         0.000         0.000         0.000         0.000
 D_AGE_C2       0.000         0.000         0.000         0.000         0.000


           THETA
              S_COMPLX      D_AGE_C       D_AGE_C2
              ________      ________      ________
 S_COMPLX       0.048
 D_AGE_C        0.000         0.000
 D_AGE_C2       0.000         0.000         0.000


           ALPHA
              ETA           D_AGE_C       D_AGE_C2
              ________      ________      ________
                0.000         0.000         0.000


           BETA
              ETA           D_AGE_C       D_AGE_C2
              ________      ________      ________
 ETA            0.000         0.000         0.000
 D_AGE_C        0.000         0.000         0.000
 D_AGE_C2       0.000         0.000         0.000


           PSI
              ETA           D_AGE_C       D_AGE_C2
              ________      ________      ________
 ETA            0.050
 D_AGE_C        0.000         9.020
 D_AGE_C2       0.000         0.000       142.577


     STARTING VALUES FOR THE ADDITIONAL PARAMETERS


           NEW/ADDITIONAL PARAMETERS
              V1            V2
              ________      ________
                0.000         0.000


     Beginning Time:  16:32:54
        Ending Time:  16:33:17
       Elapsed Time:  00:00:23



MUTHEN & MUTHEN
3463 Stoner Ave.
Los Angeles, CA  90066

Tel: (310) 391-9971
Fax: (310) 391-8971
Web: www.StatModel.com
Support: Support@StatModel.com

Copyright (c) 1998-2019 Muthen & Muthen
