Mplus VERSION 8.4
MUTHEN & MUTHEN
11/02/2021   2:47 PM

INPUT INSTRUCTIONS

  TITLE: Measurement Invariance Model for L_ROOMS
  DATA: FILE = "models/lex_3d/calibration.dat";
  VARIABLE:
  NAMES = ID L_ACTION L_ANIMAL L_BODYP L_CLOTH L_DESCRB L_FOOD L_ROOMS L_GAMES
       L_HOUSEH L_LOCATE L_OUTSDE L_PEOPLE L_PLACES L_SOUNDS L_TOYS L_VEHICL D_AGE_C
       D_AGE_C2 D_MALE D_FIRSTB D_MOMCOL D_AGESEX D_AG2SEX;
  MISSING=.;
  !
  !
  USEVARIABLES= L_ACTION L_ANIMAL L_BODYP L_CLOTH L_DESCRB L_FOOD L_ROOMS L_GAMES L_HOUSEH
   L_LOCATE L_OUTSDE L_PEOPLE L_PLACES L_SOUNDS L_TOYS L_VEHICL D_AGE_C D_AGE_C2 D_MALE
   D_FIRSTB D_MOMCOL D_AGESEX D_AG2SEX ;
  AUXILIARY= ID ;
  !
  !
  CONSTRAINT= D_AGE_C D_AGE_C2 D_MALE D_FIRSTB D_MOMCOL D_AGESEX D_AG2SEX ;
  ANALYSIS: ESTIMATOR=ML;ALGORITHM=INTEGRATION;INTEGRATION=MONTECARLO;PROCESSORS=4;
  MODEL: [ETA@0]; ETA@1;
  ETA BY L_ACTION*(l1);
  ETA BY L_ANIMAL*(l2);
  ETA BY L_BODYP*(l3);
  ETA BY L_CLOTH*(l4);
  ETA BY L_DESCRB*(l5);
  ETA BY L_FOOD*(l6);
  ETA BY L_ROOMS*(l7);
  ETA BY L_GAMES*(l8);
  ETA BY L_HOUSEH*(l9);
  ETA BY L_LOCATE*(l10);
  ETA BY L_OUTSDE*(l11);
  ETA BY L_PEOPLE*(l12);
  ETA BY L_PLACES*(l13);
  ETA BY L_SOUNDS*(l14);
  ETA BY L_TOYS*(l15);
  ETA BY L_VEHICL*(l16);
  L_ROOMS on D_AGE_C D_AGE_C2 D_MALE D_FIRSTB D_MOMCOL D_AGESEX D_AG2SEX;
  MODEL CONSTRAINT: new(
  l7_00*1
  l7_1*0
  l7_2*0
  l7_3*0
  l7_4*0
  l7_5*0
  l7_6*0
  l7_7*0
  );
  l7=l7_00
  +l7_1*D_AGE_C
  +l7_2*D_AGE_C2
  +l7_3*D_MALE
  +l7_4*D_FIRSTB
  +l7_5*D_MOMCOL
  +l7_6*D_AGESEX
  +l7_7*D_AG2SEX
  ;
  OUTPUT: tech1;



INPUT READING TERMINATED NORMALLY



Measurement Invariance Model for L_ROOMS

SUMMARY OF ANALYSIS

Number of groups                                                 1
Number of observations                                        2766

Number of dependent variables                                   16
Number of independent variables                                  7
Number of continuous latent variables                            1

Observed dependent variables

  Continuous
   L_ACTION    L_ANIMAL    L_BODYP     L_CLOTH     L_DESCRB    L_FOOD
   L_ROOMS     L_GAMES     L_HOUSEH    L_LOCATE    L_OUTSDE    L_PEOPLE
   L_PLACES    L_SOUNDS    L_TOYS      L_VEHICL

Observed independent variables
   D_AGE_C     D_AGE_C2    D_MALE      D_FIRSTB    D_MOMCOL    D_AGESEX
   D_AG2SEX

Observed auxiliary variables
   ID

Continuous latent variables
   ETA


Estimator                                                       ML
Information matrix                                        OBSERVED
Optimization Specifications for the Quasi-Newton Algorithm for
Continuous Outcomes
  Maximum number of iterations                                 100
  Convergence criterion                                  0.100D-05
Optimization Specifications for the EM Algorithm
  Maximum number of iterations                                 500
  Convergence criteria
    Loglikelihood change                                 0.100D-02
    Relative loglikelihood change                        0.100D-05
    Derivative                                           0.100D-02
Optimization Specifications for the M step of the EM Algorithm for
Categorical Latent variables
  Number of M step iterations                                    1
  M step convergence criterion                           0.100D-02
  Basis for M step termination                           ITERATION
Optimization Specifications for the M step of the EM Algorithm for
Censored, Binary or Ordered Categorical (Ordinal), Unordered
Categorical (Nominal) and Count Outcomes
  Number of M step iterations                                    1
  M step convergence criterion                           0.100D-02
  Basis for M step termination                           ITERATION
  Maximum value for logit thresholds                            15
  Minimum value for logit thresholds                           -15
  Minimum expected cell size for chi-square              0.100D-01
Maximum number of iterations for H1                           2000
Convergence criterion for H1                             0.100D-03
Optimization algorithm                                         EMA
Integration Specifications
  Type                                                  MONTECARLO
  Number of integration points                                   1
  Dimensions of numerical integration                            0
  Adaptive quadrature                                           ON
  Monte Carlo integration seed                                   0
Cholesky                                                       OFF

Input data file(s)
  models/lex_3d/calibration.dat
Input data format  FREE


SUMMARY OF DATA

     Number of missing data patterns             1


COVARIANCE COVERAGE OF DATA

Minimum covariance coverage value   0.100


     PROPORTION OF DATA PRESENT FOR Y


           Covariance Coverage
              L_ACTION      L_ANIMAL      L_BODYP       L_CLOTH       L_DESCRB
              ________      ________      ________      ________      ________
 L_ACTION       1.000
 L_ANIMAL       1.000         1.000
 L_BODYP        1.000         1.000         1.000
 L_CLOTH        1.000         1.000         1.000         1.000
 L_DESCRB       1.000         1.000         1.000         1.000         1.000
 L_FOOD         1.000         1.000         1.000         1.000         1.000
 L_ROOMS        1.000         1.000         1.000         1.000         1.000
 L_GAMES        1.000         1.000         1.000         1.000         1.000
 L_HOUSEH       1.000         1.000         1.000         1.000         1.000
 L_LOCATE       1.000         1.000         1.000         1.000         1.000
 L_OUTSDE       1.000         1.000         1.000         1.000         1.000
 L_PEOPLE       1.000         1.000         1.000         1.000         1.000
 L_PLACES       1.000         1.000         1.000         1.000         1.000
 L_SOUNDS       1.000         1.000         1.000         1.000         1.000
 L_TOYS         1.000         1.000         1.000         1.000         1.000
 L_VEHICL       1.000         1.000         1.000         1.000         1.000
 D_AGE_C        1.000         1.000         1.000         1.000         1.000
 D_AGE_C2       1.000         1.000         1.000         1.000         1.000
 D_MALE         1.000         1.000         1.000         1.000         1.000
 D_FIRSTB       1.000         1.000         1.000         1.000         1.000
 D_MOMCOL       1.000         1.000         1.000         1.000         1.000
 D_AGESEX       1.000         1.000         1.000         1.000         1.000
 D_AG2SEX       1.000         1.000         1.000         1.000         1.000


           Covariance Coverage
              L_FOOD        L_ROOMS       L_GAMES       L_HOUSEH      L_LOCATE
              ________      ________      ________      ________      ________
 L_FOOD         1.000
 L_ROOMS        1.000         1.000
 L_GAMES        1.000         1.000         1.000
 L_HOUSEH       1.000         1.000         1.000         1.000
 L_LOCATE       1.000         1.000         1.000         1.000         1.000
 L_OUTSDE       1.000         1.000         1.000         1.000         1.000
 L_PEOPLE       1.000         1.000         1.000         1.000         1.000
 L_PLACES       1.000         1.000         1.000         1.000         1.000
 L_SOUNDS       1.000         1.000         1.000         1.000         1.000
 L_TOYS         1.000         1.000         1.000         1.000         1.000
 L_VEHICL       1.000         1.000         1.000         1.000         1.000
 D_AGE_C        1.000         1.000         1.000         1.000         1.000
 D_AGE_C2       1.000         1.000         1.000         1.000         1.000
 D_MALE         1.000         1.000         1.000         1.000         1.000
 D_FIRSTB       1.000         1.000         1.000         1.000         1.000
 D_MOMCOL       1.000         1.000         1.000         1.000         1.000
 D_AGESEX       1.000         1.000         1.000         1.000         1.000
 D_AG2SEX       1.000         1.000         1.000         1.000         1.000


           Covariance Coverage
              L_OUTSDE      L_PEOPLE      L_PLACES      L_SOUNDS      L_TOYS
              ________      ________      ________      ________      ________
 L_OUTSDE       1.000
 L_PEOPLE       1.000         1.000
 L_PLACES       1.000         1.000         1.000
 L_SOUNDS       1.000         1.000         1.000         1.000
 L_TOYS         1.000         1.000         1.000         1.000         1.000
 L_VEHICL       1.000         1.000         1.000         1.000         1.000
 D_AGE_C        1.000         1.000         1.000         1.000         1.000
 D_AGE_C2       1.000         1.000         1.000         1.000         1.000
 D_MALE         1.000         1.000         1.000         1.000         1.000
 D_FIRSTB       1.000         1.000         1.000         1.000         1.000
 D_MOMCOL       1.000         1.000         1.000         1.000         1.000
 D_AGESEX       1.000         1.000         1.000         1.000         1.000
 D_AG2SEX       1.000         1.000         1.000         1.000         1.000


           Covariance Coverage
              L_VEHICL      D_AGE_C       D_AGE_C2      D_MALE        D_FIRSTB
              ________      ________      ________      ________      ________
 L_VEHICL       1.000
 D_AGE_C        1.000         1.000
 D_AGE_C2       1.000         1.000         1.000
 D_MALE         1.000         1.000         1.000         1.000
 D_FIRSTB       1.000         1.000         1.000         1.000         1.000
 D_MOMCOL       1.000         1.000         1.000         1.000         1.000
 D_AGESEX       1.000         1.000         1.000         1.000         1.000
 D_AG2SEX       1.000         1.000         1.000         1.000         1.000


           Covariance Coverage
              D_MOMCOL      D_AGESEX      D_AG2SEX
              ________      ________      ________
 D_MOMCOL       1.000
 D_AGESEX       1.000         1.000
 D_AG2SEX       1.000         1.000         1.000



UNIVARIATE SAMPLE STATISTICS


     UNIVARIATE HIGHER-ORDER MOMENT DESCRIPTIVE STATISTICS

         Variable/         Mean/     Skewness/   Minimum/ % with                Percentiles
        Sample Size      Variance    Kurtosis    Maximum  Min/Max      20%/60%    40%/80%    Median

     L_ACTION              0.381       0.465       0.000   10.09%       0.029      0.146      0.272
            2766.000       0.124      -1.319       1.000    2.02%       0.437      0.796
     L_ANIMAL              0.502       0.006       0.000    3.25%       0.140      0.372      0.512
            2766.000       0.109      -1.413       1.000    6.69%       0.651      0.860
     L_BODYP               0.559      -0.333       0.000    8.13%       0.148      0.481      0.667
            2766.000       0.120      -1.406       1.000    4.66%       0.778      0.926
     L_CLOTH               0.429       0.197       0.000    9.54%       0.071      0.286      0.429
            2766.000       0.100      -1.290       1.000    2.71%       0.536      0.750
     L_DESCRB              0.361       0.570       0.000    9.65%       0.048      0.143      0.254
            2766.000       0.109      -1.095       1.000    2.28%       0.397      0.730
     L_FOOD                0.470       0.063       0.000    5.89%       0.103      0.309      0.485
            2766.000       0.112      -1.432       1.000    3.29%       0.603      0.838
     L_ROOMS               0.392       0.352       0.000   17.75%       0.030      0.182      0.333
            2766.000       0.119      -1.378       1.000    2.13%       0.485      0.788
     L_GAMES               0.580      -0.160       0.000    1.99%       0.240      0.480      0.600
            2766.000       0.096      -1.277       1.000   11.35%       0.720      0.920
     L_HOUSEH              0.456       0.111       0.000    8.79%       0.060      0.280      0.440
            2766.000       0.122      -1.486       1.000    3.69%       0.600      0.840
     L_LOCATE              0.306       0.862       0.000   17.03%       0.038      0.154      0.231
            2766.000       0.084      -0.356       1.000    2.17%       0.308      0.577
     L_OUTSDE              0.418       0.301       0.000   14.24%       0.032      0.226      0.355
            2766.000       0.117      -1.327       1.000    4.92%       0.516      0.806
     L_PEOPLE              0.418       0.559       0.000    1.19%       0.172      0.276      0.345
            2766.000       0.071      -0.751       1.000    2.71%       0.448      0.690
     L_PLACES              0.329       0.573       0.000   18.76%       0.045      0.182      0.273
            2766.000       0.087      -0.868       1.000    1.66%       0.364      0.636
     L_SOUNDS              0.726      -0.817       0.000    0.87%       0.500      0.750      0.833
            2766.000       0.069      -0.315       1.000   24.98%       0.833      1.000
     L_TOYS                0.517       0.006       0.000    5.13%       0.167      0.389      0.500
            2766.000       0.101      -1.312       1.000    8.93%       0.611      0.889
     L_VEHICL              0.514      -0.149       0.000   10.52%       0.143      0.429      0.571
            2766.000       0.111      -1.383       1.000    6.58%       0.714      0.857
     D_AGE_C              -0.267       0.087      -7.000    6.69%      -5.000     -2.000      1.000
            2766.000      18.040      -1.118       7.000    8.17%       1.000      4.000
     D_AGE_C2             18.112       0.675       0.000    4.92%       1.000      9.000     16.000
            2766.000     285.153      -0.881      49.000   14.86%      16.000     36.000
     D_MALE                0.013      -0.026      -1.000   49.35%      -1.000     -1.000      1.000
            2766.000       1.000      -1.999       1.000   50.65%       1.000      1.000
     D_FIRSTB              0.030      -0.059      -1.000   48.52%      -1.000     -1.000      1.000
            2766.000       0.999      -1.996       1.000   51.48%       1.000      1.000
     D_MOMCOL              0.165      -0.334      -1.000   41.76%      -1.000     -1.000      1.000
            2766.000       0.973      -1.888       1.000   58.24%       1.000      1.000
     D_AGESEX              0.056      -0.017      -7.000    7.30%      -4.000     -1.000      0.000
            2766.000      18.109      -1.130       7.000    7.56%       1.000      4.000
     D_AG2SEX              0.267      -0.018     -49.000    7.41%     -16.000     -1.000      0.000
            2766.000     613.116      -0.136      49.000    7.45%       1.000     25.000


THE MODEL ESTIMATION TERMINATED NORMALLY



MODEL FIT INFORMATION

Number of Free Parameters                       62

Loglikelihood

          H0 Value                       28140.580

Information Criteria

          Akaike (AIC)                  -56157.159
          Bayesian (BIC)                -55789.799
          Sample-Size Adjusted BIC      -55986.794
            (n* = (n + 2) / 24)



MODEL RESULTS

                                                    Two-Tailed
                    Estimate       S.E.  Est./S.E.    P-Value

 ETA      BY
    L_ACTION           0.333      0.005     66.678      0.000
    L_ANIMAL           0.305      0.005     64.138      0.000
    L_BODYP            0.321      0.005     64.277      0.000
    L_CLOTH            0.303      0.004     68.776      0.000
    L_DESCRB           0.310      0.005     66.162      0.000
    L_FOOD             0.324      0.005     69.935      0.000
    L_ROOMS          999.000      0.000    999.000    999.000
    L_GAMES            0.283      0.004     63.033      0.000
    L_HOUSEH           0.340      0.005     70.865      0.000
    L_LOCATE           0.254      0.004     58.558      0.000
    L_OUTSDE           0.330      0.005     69.366      0.000
    L_PEOPLE           0.247      0.004     64.451      0.000
    L_PLACES           0.276      0.004     65.677      0.000
    L_SOUNDS           0.180      0.004     41.013      0.000
    L_TOYS             0.302      0.004     67.185      0.000
    L_VEHICL           0.305      0.005     63.284      0.000

 L_ROOMS    ON
    D_AGE_C            0.000      0.001      0.281      0.779
    D_AGE_C2           0.000      0.000     -1.460      0.144
    D_MALE            -0.003      0.003     -0.949      0.343
    D_FIRSTB          -0.002      0.002     -0.832      0.406
    D_MOMCOL          -0.013      0.002     -6.781      0.000
    D_AGESEX          -0.001      0.001     -0.856      0.392
    D_AG2SEX           0.000      0.000      0.727      0.467

 Means
    ETA                0.000      0.000    999.000    999.000

 Intercepts
    L_ACTION           0.381      0.007     56.824      0.000
    L_ANIMAL           0.502      0.006     79.916      0.000
    L_BODYP            0.559      0.007     84.762      0.000
    L_CLOTH            0.429      0.006     71.434      0.000
    L_DESCRB           0.361      0.006     57.519      0.000
    L_FOOD             0.470      0.006     73.961      0.000
    L_ROOMS            0.383      0.007     54.199      0.000
    L_GAMES            0.580      0.006     98.745      0.000
    L_HOUSEH           0.456      0.007     68.738      0.000
    L_LOCATE           0.306      0.006     55.615      0.000
    L_OUTSDE           0.418      0.007     64.226      0.000
    L_PEOPLE           0.418      0.005     82.535      0.000
    L_PLACES           0.329      0.006     58.750      0.000
    L_SOUNDS           0.726      0.005    145.205      0.000
    L_TOYS             0.517      0.006     85.361      0.000
    L_VEHICL           0.514      0.006     81.202      0.000

 Variances
    ETA                1.000      0.000    999.000    999.000

 Residual Variances
    L_ACTION           0.013      0.000     34.450      0.000
    L_ANIMAL           0.016      0.000     35.447      0.000
    L_BODYP            0.017      0.000     35.300      0.000
    L_CLOTH            0.008      0.000     33.817      0.000
    L_DESCRB           0.013      0.000     34.624      0.000
    L_FOOD             0.007      0.000     32.586      0.000
    L_ROOMS            0.008      0.000     33.073      0.000
    L_GAMES            0.016      0.000     35.759      0.000
    L_HOUSEH           0.006      0.000     31.424      0.000
    L_LOCATE           0.020      0.001     36.115      0.000
    L_OUTSDE           0.008      0.000     33.425      0.000
    L_PEOPLE           0.010      0.000     35.284      0.000
    L_PLACES           0.011      0.000     34.917      0.000
    L_SOUNDS           0.037      0.001     36.929      0.000
    L_TOYS             0.010      0.000     34.529      0.000
    L_VEHICL           0.018      0.000     35.585      0.000

New/Additional Parameters
    L7_00              0.344      0.005     62.662      0.000
    L7_1               0.005      0.001      6.962      0.000
    L7_2              -0.001      0.000     -4.464      0.000
    L7_3              -0.005      0.003     -1.753      0.080
    L7_4               0.005      0.002      2.672      0.008
    L7_5              -0.001      0.002     -0.626      0.531
    L7_6               0.000      0.001      0.357      0.721
    L7_7               0.000      0.000      1.167      0.243


QUALITY OF NUMERICAL RESULTS

     Condition Number for the Information Matrix              0.117E-07
       (ratio of smallest to largest eigenvalue)


TECHNICAL 1 OUTPUT


     PARAMETER SPECIFICATION


           NU
              L_ACTION      L_ANIMAL      L_BODYP       L_CLOTH       L_DESCRB
              ________      ________      ________      ________      ________
                    1             2             3             4             5


           NU
              L_FOOD        L_ROOMS       L_GAMES       L_HOUSEH      L_LOCATE
              ________      ________      ________      ________      ________
                    6             0             7             8             9


           NU
              L_OUTSDE      L_PEOPLE      L_PLACES      L_SOUNDS      L_TOYS
              ________      ________      ________      ________      ________
                   10            11            12            13            14


           NU
              L_VEHICL      D_AGE_C       D_AGE_C2      D_MALE        D_FIRSTB
              ________      ________      ________      ________      ________
                   15             0             0             0             0


           NU
              D_MOMCOL      D_AGESEX      D_AG2SEX
              ________      ________      ________
                    0             0             0


           LAMBDA
              ETA           L_ROOMS       D_AGE_C       D_AGE_C2      D_MALE
              ________      ________      ________      ________      ________
 L_ACTION          16             0             0             0             0
 L_ANIMAL          17             0             0             0             0
 L_BODYP           18             0             0             0             0
 L_CLOTH           19             0             0             0             0
 L_DESCRB          20             0             0             0             0
 L_FOOD            21             0             0             0             0
 L_ROOMS            0             0             0             0             0
 L_GAMES           22             0             0             0             0
 L_HOUSEH          23             0             0             0             0
 L_LOCATE          24             0             0             0             0
 L_OUTSDE          25             0             0             0             0
 L_PEOPLE          26             0             0             0             0
 L_PLACES          27             0             0             0             0
 L_SOUNDS          28             0             0             0             0
 L_TOYS            29             0             0             0             0
 L_VEHICL          30             0             0             0             0
 D_AGE_C            0             0             0             0             0
 D_AGE_C2           0             0             0             0             0
 D_MALE             0             0             0             0             0
 D_FIRSTB           0             0             0             0             0
 D_MOMCOL           0             0             0             0             0
 D_AGESEX           0             0             0             0             0
 D_AG2SEX           0             0             0             0             0


           LAMBDA
              D_FIRSTB      D_MOMCOL      D_AGESEX      D_AG2SEX
              ________      ________      ________      ________
 L_ACTION           0             0             0             0
 L_ANIMAL           0             0             0             0
 L_BODYP            0             0             0             0
 L_CLOTH            0             0             0             0
 L_DESCRB           0             0             0             0
 L_FOOD             0             0             0             0
 L_ROOMS            0             0             0             0
 L_GAMES            0             0             0             0
 L_HOUSEH           0             0             0             0
 L_LOCATE           0             0             0             0
 L_OUTSDE           0             0             0             0
 L_PEOPLE           0             0             0             0
 L_PLACES           0             0             0             0
 L_SOUNDS           0             0             0             0
 L_TOYS             0             0             0             0
 L_VEHICL           0             0             0             0
 D_AGE_C            0             0             0             0
 D_AGE_C2           0             0             0             0
 D_MALE             0             0             0             0
 D_FIRSTB           0             0             0             0
 D_MOMCOL           0             0             0             0
 D_AGESEX           0             0             0             0
 D_AG2SEX           0             0             0             0


           THETA
              L_ACTION      L_ANIMAL      L_BODYP       L_CLOTH       L_DESCRB
              ________      ________      ________      ________      ________
 L_ACTION          31
 L_ANIMAL           0            32
 L_BODYP            0             0            33
 L_CLOTH            0             0             0            34
 L_DESCRB           0             0             0             0            35
 L_FOOD             0             0             0             0             0
 L_ROOMS            0             0             0             0             0
 L_GAMES            0             0             0             0             0
 L_HOUSEH           0             0             0             0             0
 L_LOCATE           0             0             0             0             0
 L_OUTSDE           0             0             0             0             0
 L_PEOPLE           0             0             0             0             0
 L_PLACES           0             0             0             0             0
 L_SOUNDS           0             0             0             0             0
 L_TOYS             0             0             0             0             0
 L_VEHICL           0             0             0             0             0
 D_AGE_C            0             0             0             0             0
 D_AGE_C2           0             0             0             0             0
 D_MALE             0             0             0             0             0
 D_FIRSTB           0             0             0             0             0
 D_MOMCOL           0             0             0             0             0
 D_AGESEX           0             0             0             0             0
 D_AG2SEX           0             0             0             0             0


           THETA
              L_FOOD        L_ROOMS       L_GAMES       L_HOUSEH      L_LOCATE
              ________      ________      ________      ________      ________
 L_FOOD            36
 L_ROOMS            0             0
 L_GAMES            0             0            37
 L_HOUSEH           0             0             0            38
 L_LOCATE           0             0             0             0            39
 L_OUTSDE           0             0             0             0             0
 L_PEOPLE           0             0             0             0             0
 L_PLACES           0             0             0             0             0
 L_SOUNDS           0             0             0             0             0
 L_TOYS             0             0             0             0             0
 L_VEHICL           0             0             0             0             0
 D_AGE_C            0             0             0             0             0
 D_AGE_C2           0             0             0             0             0
 D_MALE             0             0             0             0             0
 D_FIRSTB           0             0             0             0             0
 D_MOMCOL           0             0             0             0             0
 D_AGESEX           0             0             0             0             0
 D_AG2SEX           0             0             0             0             0


           THETA
              L_OUTSDE      L_PEOPLE      L_PLACES      L_SOUNDS      L_TOYS
              ________      ________      ________      ________      ________
 L_OUTSDE          40
 L_PEOPLE           0            41
 L_PLACES           0             0            42
 L_SOUNDS           0             0             0            43
 L_TOYS             0             0             0             0            44
 L_VEHICL           0             0             0             0             0
 D_AGE_C            0             0             0             0             0
 D_AGE_C2           0             0             0             0             0
 D_MALE             0             0             0             0             0
 D_FIRSTB           0             0             0             0             0
 D_MOMCOL           0             0             0             0             0
 D_AGESEX           0             0             0             0             0
 D_AG2SEX           0             0             0             0             0


           THETA
              L_VEHICL      D_AGE_C       D_AGE_C2      D_MALE        D_FIRSTB
              ________      ________      ________      ________      ________
 L_VEHICL          45
 D_AGE_C            0             0
 D_AGE_C2           0             0             0
 D_MALE             0             0             0             0
 D_FIRSTB           0             0             0             0             0
 D_MOMCOL           0             0             0             0             0
 D_AGESEX           0             0             0             0             0
 D_AG2SEX           0             0             0             0             0


           THETA
              D_MOMCOL      D_AGESEX      D_AG2SEX
              ________      ________      ________
 D_MOMCOL           0
 D_AGESEX           0             0
 D_AG2SEX           0             0             0


           ALPHA
              ETA           L_ROOMS       D_AGE_C       D_AGE_C2      D_MALE
              ________      ________      ________      ________      ________
                    0            46             0             0             0


           ALPHA
              D_FIRSTB      D_MOMCOL      D_AGESEX      D_AG2SEX
              ________      ________      ________      ________
                    0             0             0             0


           BETA
              ETA           L_ROOMS       D_AGE_C       D_AGE_C2      D_MALE
              ________      ________      ________      ________      ________
 ETA                0             0             0             0             0
 L_ROOMS           47             0            48            49            50
 D_AGE_C            0             0             0             0             0
 D_AGE_C2           0             0             0             0             0
 D_MALE             0             0             0             0             0
 D_FIRSTB           0             0             0             0             0
 D_MOMCOL           0             0             0             0             0
 D_AGESEX           0             0             0             0             0
 D_AG2SEX           0             0             0             0             0


           BETA
              D_FIRSTB      D_MOMCOL      D_AGESEX      D_AG2SEX
              ________      ________      ________      ________
 ETA                0             0             0             0
 L_ROOMS           51            52            53            54
 D_AGE_C            0             0             0             0
 D_AGE_C2           0             0             0             0
 D_MALE             0             0             0             0
 D_FIRSTB           0             0             0             0
 D_MOMCOL           0             0             0             0
 D_AGESEX           0             0             0             0
 D_AG2SEX           0             0             0             0


           PSI
              ETA           L_ROOMS       D_AGE_C       D_AGE_C2      D_MALE
              ________      ________      ________      ________      ________
 ETA                0
 L_ROOMS            0            55
 D_AGE_C            0             0             0
 D_AGE_C2           0             0             0             0
 D_MALE             0             0             0             0             0
 D_FIRSTB           0             0             0             0             0
 D_MOMCOL           0             0             0             0             0
 D_AGESEX           0             0             0             0             0
 D_AG2SEX           0             0             0             0             0


           PSI
              D_FIRSTB      D_MOMCOL      D_AGESEX      D_AG2SEX
              ________      ________      ________      ________
 D_FIRSTB           0
 D_MOMCOL           0             0
 D_AGESEX           0             0             0
 D_AG2SEX           0             0             0             0


     PARAMETER SPECIFICATION FOR THE ADDITIONAL PARAMETERS


           NEW/ADDITIONAL PARAMETERS
              L7_00         L7_1          L7_2          L7_3          L7_4
              ________      ________      ________      ________      ________
                   56            57            58            59            60


           NEW/ADDITIONAL PARAMETERS
              L7_5          L7_6          L7_7
              ________      ________      ________
                   61            62            63


     STARTING VALUES


           NU
              L_ACTION      L_ANIMAL      L_BODYP       L_CLOTH       L_DESCRB
              ________      ________      ________      ________      ________
                0.381         0.502         0.559         0.429         0.361


           NU
              L_FOOD        L_ROOMS       L_GAMES       L_HOUSEH      L_LOCATE
              ________      ________      ________      ________      ________
                0.470         0.000         0.580         0.456         0.306


           NU
              L_OUTSDE      L_PEOPLE      L_PLACES      L_SOUNDS      L_TOYS
              ________      ________      ________      ________      ________
                0.418         0.418         0.329         0.726         0.517


           NU
              L_VEHICL      D_AGE_C       D_AGE_C2      D_MALE        D_FIRSTB
              ________      ________      ________      ________      ________
                0.514         0.000         0.000         0.000         0.000


           NU
              D_MOMCOL      D_AGESEX      D_AG2SEX
              ________      ________      ________
                0.000         0.000         0.000


           LAMBDA
              ETA           L_ROOMS       D_AGE_C       D_AGE_C2      D_MALE
              ________      ________      ________      ________      ________
 L_ACTION       1.000         0.000         0.000         0.000         0.000
 L_ANIMAL       1.000         0.000         0.000         0.000         0.000
 L_BODYP        1.000         0.000         0.000         0.000         0.000
 L_CLOTH        1.000         0.000         0.000         0.000         0.000
 L_DESCRB       1.000         0.000         0.000         0.000         0.000
 L_FOOD         1.000         0.000         0.000         0.000         0.000
 L_ROOMS        0.000         1.000         0.000         0.000         0.000
 L_GAMES        1.000         0.000         0.000         0.000         0.000
 L_HOUSEH       1.000         0.000         0.000         0.000         0.000
 L_LOCATE       1.000         0.000         0.000         0.000         0.000
 L_OUTSDE       1.000         0.000         0.000         0.000         0.000
 L_PEOPLE       1.000         0.000         0.000         0.000         0.000
 L_PLACES       1.000         0.000         0.000         0.000         0.000
 L_SOUNDS       1.000         0.000         0.000         0.000         0.000
 L_TOYS         1.000         0.000         0.000         0.000         0.000
 L_VEHICL       1.000         0.000         0.000         0.000         0.000
 D_AGE_C        0.000         0.000         1.000         0.000         0.000
 D_AGE_C2       0.000         0.000         0.000         1.000         0.000
 D_MALE         0.000         0.000         0.000         0.000         1.000
 D_FIRSTB       0.000         0.000         0.000         0.000         0.000
 D_MOMCOL       0.000         0.000         0.000         0.000         0.000
 D_AGESEX       0.000         0.000         0.000         0.000         0.000
 D_AG2SEX       0.000         0.000         0.000         0.000         0.000


           LAMBDA
              D_FIRSTB      D_MOMCOL      D_AGESEX      D_AG2SEX
              ________      ________      ________      ________
 L_ACTION       0.000         0.000         0.000         0.000
 L_ANIMAL       0.000         0.000         0.000         0.000
 L_BODYP        0.000         0.000         0.000         0.000
 L_CLOTH        0.000         0.000         0.000         0.000
 L_DESCRB       0.000         0.000         0.000         0.000
 L_FOOD         0.000         0.000         0.000         0.000
 L_ROOMS        0.000         0.000         0.000         0.000
 L_GAMES        0.000         0.000         0.000         0.000
 L_HOUSEH       0.000         0.000         0.000         0.000
 L_LOCATE       0.000         0.000         0.000         0.000
 L_OUTSDE       0.000         0.000         0.000         0.000
 L_PEOPLE       0.000         0.000         0.000         0.000
 L_PLACES       0.000         0.000         0.000         0.000
 L_SOUNDS       0.000         0.000         0.000         0.000
 L_TOYS         0.000         0.000         0.000         0.000
 L_VEHICL       0.000         0.000         0.000         0.000
 D_AGE_C        0.000         0.000         0.000         0.000
 D_AGE_C2       0.000         0.000         0.000         0.000
 D_MALE         0.000         0.000         0.000         0.000
 D_FIRSTB       1.000         0.000         0.000         0.000
 D_MOMCOL       0.000         1.000         0.000         0.000
 D_AGESEX       0.000         0.000         1.000         0.000
 D_AG2SEX       0.000         0.000         0.000         1.000


           THETA
              L_ACTION      L_ANIMAL      L_BODYP       L_CLOTH       L_DESCRB
              ________      ________      ________      ________      ________
 L_ACTION       0.062
 L_ANIMAL       0.000         0.054
 L_BODYP        0.000         0.000         0.060
 L_CLOTH        0.000         0.000         0.000         0.050
 L_DESCRB       0.000         0.000         0.000         0.000         0.054
 L_FOOD         0.000         0.000         0.000         0.000         0.000
 L_ROOMS        0.000         0.000         0.000         0.000         0.000
 L_GAMES        0.000         0.000         0.000         0.000         0.000
 L_HOUSEH       0.000         0.000         0.000         0.000         0.000
 L_LOCATE       0.000         0.000         0.000         0.000         0.000
 L_OUTSDE       0.000         0.000         0.000         0.000         0.000
 L_PEOPLE       0.000         0.000         0.000         0.000         0.000
 L_PLACES       0.000         0.000         0.000         0.000         0.000
 L_SOUNDS       0.000         0.000         0.000         0.000         0.000
 L_TOYS         0.000         0.000         0.000         0.000         0.000
 L_VEHICL       0.000         0.000         0.000         0.000         0.000
 D_AGE_C        0.000         0.000         0.000         0.000         0.000
 D_AGE_C2       0.000         0.000         0.000         0.000         0.000
 D_MALE         0.000         0.000         0.000         0.000         0.000
 D_FIRSTB       0.000         0.000         0.000         0.000         0.000
 D_MOMCOL       0.000         0.000         0.000         0.000         0.000
 D_AGESEX       0.000         0.000         0.000         0.000         0.000
 D_AG2SEX       0.000         0.000         0.000         0.000         0.000


           THETA
              L_FOOD        L_ROOMS       L_GAMES       L_HOUSEH      L_LOCATE
              ________      ________      ________      ________      ________
 L_FOOD         0.056
 L_ROOMS        0.000         0.000
 L_GAMES        0.000         0.000         0.048
 L_HOUSEH       0.000         0.000         0.000         0.061
 L_LOCATE       0.000         0.000         0.000         0.000         0.042
 L_OUTSDE       0.000         0.000         0.000         0.000         0.000
 L_PEOPLE       0.000         0.000         0.000         0.000         0.000
 L_PLACES       0.000         0.000         0.000         0.000         0.000
 L_SOUNDS       0.000         0.000         0.000         0.000         0.000
 L_TOYS         0.000         0.000         0.000         0.000         0.000
 L_VEHICL       0.000         0.000         0.000         0.000         0.000
 D_AGE_C        0.000         0.000         0.000         0.000         0.000
 D_AGE_C2       0.000         0.000         0.000         0.000         0.000
 D_MALE         0.000         0.000         0.000         0.000         0.000
 D_FIRSTB       0.000         0.000         0.000         0.000         0.000
 D_MOMCOL       0.000         0.000         0.000         0.000         0.000
 D_AGESEX       0.000         0.000         0.000         0.000         0.000
 D_AG2SEX       0.000         0.000         0.000         0.000         0.000


           THETA
              L_OUTSDE      L_PEOPLE      L_PLACES      L_SOUNDS      L_TOYS
              ________      ________      ________      ________      ________
 L_OUTSDE       0.059
 L_PEOPLE       0.000         0.035
 L_PLACES       0.000         0.000         0.043
 L_SOUNDS       0.000         0.000         0.000         0.035
 L_TOYS         0.000         0.000         0.000         0.000         0.051
 L_VEHICL       0.000         0.000         0.000         0.000         0.000
 D_AGE_C        0.000         0.000         0.000         0.000         0.000
 D_AGE_C2       0.000         0.000         0.000         0.000         0.000
 D_MALE         0.000         0.000         0.000         0.000         0.000
 D_FIRSTB       0.000         0.000         0.000         0.000         0.000
 D_MOMCOL       0.000         0.000         0.000         0.000         0.000
 D_AGESEX       0.000         0.000         0.000         0.000         0.000
 D_AG2SEX       0.000         0.000         0.000         0.000         0.000


           THETA
              L_VEHICL      D_AGE_C       D_AGE_C2      D_MALE        D_FIRSTB
              ________      ________      ________      ________      ________
 L_VEHICL       0.055
 D_AGE_C        0.000         0.000
 D_AGE_C2       0.000         0.000         0.000
 D_MALE         0.000         0.000         0.000         0.000
 D_FIRSTB       0.000         0.000         0.000         0.000         0.000
 D_MOMCOL       0.000         0.000         0.000         0.000         0.000
 D_AGESEX       0.000         0.000         0.000         0.000         0.000
 D_AG2SEX       0.000         0.000         0.000         0.000         0.000


           THETA
              D_MOMCOL      D_AGESEX      D_AG2SEX
              ________      ________      ________
 D_MOMCOL       0.000
 D_AGESEX       0.000         0.000
 D_AG2SEX       0.000         0.000         0.000


           ALPHA
              ETA           L_ROOMS       D_AGE_C       D_AGE_C2      D_MALE
              ________      ________      ________      ________      ________
                0.000         0.392         0.000         0.000         0.000


           ALPHA
              D_FIRSTB      D_MOMCOL      D_AGESEX      D_AG2SEX
              ________      ________      ________      ________
                0.000         0.000         0.000         0.000


           BETA
              ETA           L_ROOMS       D_AGE_C       D_AGE_C2      D_MALE
              ________      ________      ________      ________      ________
 ETA            0.000         0.000         0.000         0.000         0.000
 L_ROOMS        1.000         0.000         0.000         0.000         0.000
 D_AGE_C        0.000         0.000         0.000         0.000         0.000
 D_AGE_C2       0.000         0.000         0.000         0.000         0.000
 D_MALE         0.000         0.000         0.000         0.000         0.000
 D_FIRSTB       0.000         0.000         0.000         0.000         0.000
 D_MOMCOL       0.000         0.000         0.000         0.000         0.000
 D_AGESEX       0.000         0.000         0.000         0.000         0.000
 D_AG2SEX       0.000         0.000         0.000         0.000         0.000


           BETA
              D_FIRSTB      D_MOMCOL      D_AGESEX      D_AG2SEX
              ________      ________      ________      ________
 ETA            0.000         0.000         0.000         0.000
 L_ROOMS        0.000         0.000         0.000         0.000
 D_AGE_C        0.000         0.000         0.000         0.000
 D_AGE_C2       0.000         0.000         0.000         0.000
 D_MALE         0.000         0.000         0.000         0.000
 D_FIRSTB       0.000         0.000         0.000         0.000
 D_MOMCOL       0.000         0.000         0.000         0.000
 D_AGESEX       0.000         0.000         0.000         0.000
 D_AG2SEX       0.000         0.000         0.000         0.000


           PSI
              ETA           L_ROOMS       D_AGE_C       D_AGE_C2      D_MALE
              ________      ________      ________      ________      ________
 ETA            1.000
 L_ROOMS        0.000         0.060
 D_AGE_C        0.000         0.000         9.020
 D_AGE_C2       0.000         0.000         0.000       142.577
 D_MALE         0.000         0.000         0.000         0.000         0.500
 D_FIRSTB       0.000         0.000         0.000         0.000         0.000
 D_MOMCOL       0.000         0.000         0.000         0.000         0.000
 D_AGESEX       0.000         0.000         0.000         0.000         0.000
 D_AG2SEX       0.000         0.000         0.000         0.000         0.000


           PSI
              D_FIRSTB      D_MOMCOL      D_AGESEX      D_AG2SEX
              ________      ________      ________      ________
 D_FIRSTB       0.500
 D_MOMCOL       0.000         0.486
 D_AGESEX       0.000         0.000         9.054
 D_AG2SEX       0.000         0.000         0.000       306.558


     STARTING VALUES FOR THE ADDITIONAL PARAMETERS


           NEW/ADDITIONAL PARAMETERS
              L7_00         L7_1          L7_2          L7_3          L7_4
              ________      ________      ________      ________      ________
                1.000         0.000         0.000         0.000         0.000


           NEW/ADDITIONAL PARAMETERS
              L7_5          L7_6          L7_7
              ________      ________      ________
                0.000         0.000         0.000


     Beginning Time:  14:47:38
        Ending Time:  14:50:12
       Elapsed Time:  00:02:34



MUTHEN & MUTHEN
3463 Stoner Ave.
Los Angeles, CA  90066

Tel: (310) 391-9971
Fax: (310) 391-8971
Web: www.StatModel.com
Support: Support@StatModel.com

Copyright (c) 1998-2019 Muthen & Muthen
