Mplus VERSION 8.4
MUTHEN & MUTHEN
06/28/2021   8:16 PM

INPUT INSTRUCTIONS

  TITLE: Mean Impact Model
  DATA: FILE = "I:/Research/MCDI/MCDI-analysis//code/MNLFA/syn/calibration.dat";
  VARIABLE:
  NAMES = ID L_ACTION L_ANIMAL L_BODYP L_CLOTH L_DESCRB L_FOOD L_ROOMS L_GAMES
       L_HOUSEH L_LOCATE L_OUTSDE L_PEOPLE L_PLACES L_SOUNDS L_TOYS L_VEHICL S_CONJ
       S_HELPV S_PRON S_QUANT S_QWORDS S_TIME S_WF_N S_WF_V S_WE_N S_WE_V S_COMPLX
       FIRST_B MALE;
  MISSING=.;
  !
  USEVARIABLES= S_CONJ S_HELPV S_PRON S_QUANT S_QWORDS S_TIME S_WF_N S_WF_V S_WE_N S_WE_V
   S_COMPLX FIRST_B MALE ;
  AUXILIARY= L_ACTION L_ANIMAL L_BODYP L_CLOTH L_DESCRB L_FOOD L_ROOMS L_GAMES L_HOUSEH
   L_LOCATE L_OUTSDE L_PEOPLE L_PLACES L_SOUNDS L_TOYS L_VEHICL ;
  !
  !
  ANALYSIS: ESTIMATOR=ML;ALGORITHM=INTEGRATION;INTEGRATION=MONTECARLO;PROCESSORS=4;
  MODEL: [ETA@0]; ETA@1;
  ETA BY S_CONJ*(l1);
  ETA BY S_HELPV*(l2);
  ETA BY S_PRON*(l3);
  ETA BY S_QUANT*(l4);
  ETA BY S_QWORDS*(l5);
  ETA BY S_TIME*(l6);
  ETA BY S_WF_N*(l7);
  ETA BY S_WF_V*(l8);
  ETA BY S_WE_N*(l9);
  ETA BY S_WE_V*(l10);
  ETA BY S_COMPLX*(l11);
  ETA ON FIRST_B MALE ;
  OUTPUT: tech1;



*** WARNING
  Data set contains cases with missing on x-variables.
  These cases were not included in the analysis.
  Number of cases with missing on x-variables:  2744
   1 WARNING(S) FOUND IN THE INPUT INSTRUCTIONS



Mean Impact Model

SUMMARY OF ANALYSIS

Number of groups                                                 1
Number of observations                                        2776

Number of dependent variables                                   11
Number of independent variables                                  2
Number of continuous latent variables                            1

Observed dependent variables

  Continuous
   S_CONJ      S_HELPV     S_PRON      S_QUANT     S_QWORDS    S_TIME
   S_WF_N      S_WF_V      S_WE_N      S_WE_V      S_COMPLX

Observed independent variables
   FIRST_B     MALE

Observed auxiliary variables
   L_ACTION    L_ANIMAL    L_BODYP     L_CLOTH     L_DESCRB    L_FOOD
   L_ROOMS     L_GAMES     L_HOUSEH    L_LOCATE    L_OUTSDE    L_PEOPLE
   L_PLACES    L_SOUNDS    L_TOYS      L_VEHICL

Continuous latent variables
   ETA


Estimator                                                       ML
Information matrix                                        OBSERVED
Optimization Specifications for the Quasi-Newton Algorithm for
Continuous Outcomes
  Maximum number of iterations                                 100
  Convergence criterion                                  0.100D-05
Optimization Specifications for the EM Algorithm
  Maximum number of iterations                                 500
  Convergence criteria
    Loglikelihood change                                 0.100D-02
    Relative loglikelihood change                        0.100D-05
    Derivative                                           0.100D-02
Optimization Specifications for the M step of the EM Algorithm for
Categorical Latent variables
  Number of M step iterations                                    1
  M step convergence criterion                           0.100D-02
  Basis for M step termination                           ITERATION
Optimization Specifications for the M step of the EM Algorithm for
Censored, Binary or Ordered Categorical (Ordinal), Unordered
Categorical (Nominal) and Count Outcomes
  Number of M step iterations                                    1
  M step convergence criterion                           0.100D-02
  Basis for M step termination                           ITERATION
  Maximum value for logit thresholds                            15
  Minimum value for logit thresholds                           -15
  Minimum expected cell size for chi-square              0.100D-01
Maximum number of iterations for H1                           2000
Convergence criterion for H1                             0.100D-03
Optimization algorithm                                         EMA
Integration Specifications
  Type                                                  MONTECARLO
  Number of integration points                                   1
  Dimensions of numerical integration                            0
  Adaptive quadrature                                           ON
  Monte Carlo integration seed                                   0
Cholesky                                                       OFF

Input data file(s)
  I:/Research/MCDI/MCDI-analysis//code/MNLFA/syn/calibration.dat
Input data format  FREE


SUMMARY OF DATA

     Number of missing data patterns             1


COVARIANCE COVERAGE OF DATA

Minimum covariance coverage value   0.100


     PROPORTION OF DATA PRESENT FOR Y


           Covariance Coverage
              S_CONJ        S_HELPV       S_PRON        S_QUANT       S_QWORDS
              ________      ________      ________      ________      ________
 S_CONJ         1.000
 S_HELPV        1.000         1.000
 S_PRON         1.000         1.000         1.000
 S_QUANT        1.000         1.000         1.000         1.000
 S_QWORDS       1.000         1.000         1.000         1.000         1.000
 S_TIME         1.000         1.000         1.000         1.000         1.000
 S_WF_N         1.000         1.000         1.000         1.000         1.000
 S_WF_V         1.000         1.000         1.000         1.000         1.000
 S_WE_N         1.000         1.000         1.000         1.000         1.000
 S_WE_V         1.000         1.000         1.000         1.000         1.000
 S_COMPLX       1.000         1.000         1.000         1.000         1.000
 FIRST_B        1.000         1.000         1.000         1.000         1.000
 MALE           1.000         1.000         1.000         1.000         1.000


           Covariance Coverage
              S_TIME        S_WF_N        S_WF_V        S_WE_N        S_WE_V
              ________      ________      ________      ________      ________
 S_TIME         1.000
 S_WF_N         1.000         1.000
 S_WF_V         1.000         1.000         1.000
 S_WE_N         1.000         1.000         1.000         1.000
 S_WE_V         1.000         1.000         1.000         1.000         1.000
 S_COMPLX       1.000         1.000         1.000         1.000         1.000
 FIRST_B        1.000         1.000         1.000         1.000         1.000
 MALE           1.000         1.000         1.000         1.000         1.000


           Covariance Coverage
              S_COMPLX      FIRST_B       MALE
              ________      ________      ________
 S_COMPLX       1.000
 FIRST_B        1.000         1.000
 MALE           1.000         1.000         1.000



UNIVARIATE SAMPLE STATISTICS


     UNIVARIATE HIGHER-ORDER MOMENT DESCRIPTIVE STATISTICS

         Variable/         Mean/     Skewness/   Minimum/ % with                Percentiles
        Sample Size      Variance    Kurtosis    Maximum  Min/Max      20%/60%    40%/80%    Median

     S_CONJ                0.132       2.173       0.000   67.36%       0.000      0.000      0.000
            2776.000       0.062       4.018       1.000    3.39%       0.000      0.167
     S_HELPV               0.211       1.403       0.000   36.71%       0.000      0.048      0.048
            2776.000       0.080       0.858       1.000    2.95%       0.143      0.429
     S_PRON                0.256       1.250       0.000   15.31%       0.040      0.120      0.160
            2776.000       0.075       0.583       1.000    2.49%       0.200      0.480
     S_QUANT               0.236       1.246       0.000   27.09%       0.000      0.059      0.118
            2776.000       0.078       0.452       1.000    2.34%       0.176      0.471
     S_QWORDS              0.248       1.105       0.000   42.94%       0.000      0.000      0.143
            2776.000       0.090       0.109       1.000    4.65%       0.286      0.571
     S_TIME                0.228       1.287       0.000   42.33%       0.000      0.000      0.083
            2776.000       0.090       0.471       1.000    4.29%       0.167      0.500
     S_WF_N                0.322       0.491       0.000   25.76%       0.000      0.200      0.400
            2776.000       0.066      -0.177       1.000    2.85%       0.400      0.600
     S_WF_V                0.186       1.569       0.000   42.40%       0.000      0.000      0.050
            2776.000       0.072       1.445       1.000    2.13%       0.100      0.350
     S_WE_N                0.066       2.605       0.000   66.21%       0.000      0.000      0.000
            2776.000       0.016       8.702       1.000    0.11%       0.000      0.143
     S_WE_V                0.038       4.396       0.000   70.50%       0.000      0.000      0.000
            2776.000       0.008      28.720       1.000    0.11%       0.000      0.065
     S_COMPLX              0.240       1.164       0.000   37.90%       0.000      0.027      0.081
            2776.000       0.095       0.041       1.000    2.81%       0.162      0.541
     FIRST_B               0.030      -0.059      -1.000   48.52%      -1.000     -1.000      1.000
            2776.000       0.999      -1.997       1.000   51.48%       1.000      1.000
     MALE                  0.014      -0.029      -1.000   49.28%      -1.000     -1.000      1.000
            2776.000       1.000      -1.999       1.000   50.72%       1.000      1.000


THE MODEL ESTIMATION TERMINATED NORMALLY



MODEL FIT INFORMATION

Number of Free Parameters                       35

Loglikelihood

          H0 Value                       17680.684

Information Criteria

          Akaike (AIC)                  -35291.369
          Bayesian (BIC)                -35083.862
          Sample-Size Adjusted BIC      -35195.068
            (n* = (n + 2) / 24)



MODEL RESULTS

                                                    Two-Tailed
                    Estimate       S.E.  Est./S.E.    P-Value

 ETA      BY
    S_CONJ             0.207      0.004     54.635      0.000
    S_HELPV            0.267      0.004     67.605      0.000
    S_PRON             0.256      0.004     66.874      0.000
    S_QUANT            0.261      0.004     66.819      0.000
    S_QWORDS           0.259      0.004     58.262      0.000
    S_TIME             0.267      0.004     61.313      0.000
    S_WF_N             0.182      0.004     43.464      0.000
    S_WF_V             0.241      0.004     62.248      0.000
    S_WE_N             0.054      0.002     23.844      0.000
    S_WE_V             0.048      0.002     30.069      0.000
    S_COMPLX           0.275      0.004     61.349      0.000

 ETA        ON
    FIRST_B            0.079      0.019      4.094      0.000
    MALE              -0.122      0.019     -6.343      0.000

 Intercepts
    S_CONJ             0.132      0.005     28.108      0.000
    S_HELPV            0.211      0.005     39.620      0.000
    S_PRON             0.256      0.005     49.808      0.000
    S_QUANT            0.236      0.005     44.844      0.000
    S_QWORDS           0.248      0.006     43.855      0.000
    S_TIME             0.228      0.006     40.418      0.000
    S_WF_N             0.322      0.005     66.431      0.000
    S_WF_V             0.186      0.005     36.895      0.000
    S_WE_N             0.066      0.002     27.918      0.000
    S_WE_V             0.038      0.002     22.010      0.000
    S_COMPLX           0.240      0.006     41.382      0.000
    ETA                0.000      0.000    999.000    999.000

 Residual Variances
    S_CONJ             0.018      0.001     35.312      0.000
    S_HELPV            0.008      0.000     29.373      0.000
    S_PRON             0.008      0.000     30.276      0.000
    S_QUANT            0.008      0.000     30.481      0.000
    S_QWORDS           0.021      0.001     34.678      0.000
    S_TIME             0.017      0.000     33.805      0.000
    S_WF_N             0.032      0.001     36.407      0.000
    S_WF_V             0.013      0.000     33.351      0.000
    S_WE_N             0.013      0.000     37.069      0.000
    S_WE_V             0.006      0.000     36.935      0.000
    S_COMPLX           0.018      0.001     33.820      0.000
    ETA                1.000      0.000    999.000    999.000


QUALITY OF NUMERICAL RESULTS

     Condition Number for the Information Matrix              0.137E-04
       (ratio of smallest to largest eigenvalue)


TECHNICAL 1 OUTPUT


     PARAMETER SPECIFICATION


           NU
              S_CONJ        S_HELPV       S_PRON        S_QUANT       S_QWORDS
              ________      ________      ________      ________      ________
                    1             2             3             4             5


           NU
              S_TIME        S_WF_N        S_WF_V        S_WE_N        S_WE_V
              ________      ________      ________      ________      ________
                    6             7             8             9            10


           NU
              S_COMPLX      FIRST_B       MALE
              ________      ________      ________
                   11             0             0


           LAMBDA
              ETA           FIRST_B       MALE
              ________      ________      ________
 S_CONJ            12             0             0
 S_HELPV           13             0             0
 S_PRON            14             0             0
 S_QUANT           15             0             0
 S_QWORDS          16             0             0
 S_TIME            17             0             0
 S_WF_N            18             0             0
 S_WF_V            19             0             0
 S_WE_N            20             0             0
 S_WE_V            21             0             0
 S_COMPLX          22             0             0
 FIRST_B            0             0             0
 MALE               0             0             0


           THETA
              S_CONJ        S_HELPV       S_PRON        S_QUANT       S_QWORDS
              ________      ________      ________      ________      ________
 S_CONJ            23
 S_HELPV            0            24
 S_PRON             0             0            25
 S_QUANT            0             0             0            26
 S_QWORDS           0             0             0             0            27
 S_TIME             0             0             0             0             0
 S_WF_N             0             0             0             0             0
 S_WF_V             0             0             0             0             0
 S_WE_N             0             0             0             0             0
 S_WE_V             0             0             0             0             0
 S_COMPLX           0             0             0             0             0
 FIRST_B            0             0             0             0             0
 MALE               0             0             0             0             0


           THETA
              S_TIME        S_WF_N        S_WF_V        S_WE_N        S_WE_V
              ________      ________      ________      ________      ________
 S_TIME            28
 S_WF_N             0            29
 S_WF_V             0             0            30
 S_WE_N             0             0             0            31
 S_WE_V             0             0             0             0            32
 S_COMPLX           0             0             0             0             0
 FIRST_B            0             0             0             0             0
 MALE               0             0             0             0             0


           THETA
              S_COMPLX      FIRST_B       MALE
              ________      ________      ________
 S_COMPLX          33
 FIRST_B            0             0
 MALE               0             0             0


           ALPHA
              ETA           FIRST_B       MALE
              ________      ________      ________
                    0             0             0


           BETA
              ETA           FIRST_B       MALE
              ________      ________      ________
 ETA                0            34            35
 FIRST_B            0             0             0
 MALE               0             0             0


           PSI
              ETA           FIRST_B       MALE
              ________      ________      ________
 ETA                0
 FIRST_B            0             0
 MALE               0             0             0


     STARTING VALUES


           NU
              S_CONJ        S_HELPV       S_PRON        S_QUANT       S_QWORDS
              ________      ________      ________      ________      ________
                0.132         0.211         0.256         0.236         0.248


           NU
              S_TIME        S_WF_N        S_WF_V        S_WE_N        S_WE_V
              ________      ________      ________      ________      ________
                0.228         0.322         0.186         0.066         0.038


           NU
              S_COMPLX      FIRST_B       MALE
              ________      ________      ________
                0.240         0.000         0.000


           LAMBDA
              ETA           FIRST_B       MALE
              ________      ________      ________
 S_CONJ         1.000         0.000         0.000
 S_HELPV        1.000         0.000         0.000
 S_PRON         1.000         0.000         0.000
 S_QUANT        1.000         0.000         0.000
 S_QWORDS       1.000         0.000         0.000
 S_TIME         1.000         0.000         0.000
 S_WF_N         1.000         0.000         0.000
 S_WF_V         1.000         0.000         0.000
 S_WE_N         1.000         0.000         0.000
 S_WE_V         1.000         0.000         0.000
 S_COMPLX       1.000         0.000         0.000
 FIRST_B        0.000         1.000         0.000
 MALE           0.000         0.000         1.000


           THETA
              S_CONJ        S_HELPV       S_PRON        S_QUANT       S_QWORDS
              ________      ________      ________      ________      ________
 S_CONJ         0.031
 S_HELPV        0.000         0.040
 S_PRON         0.000         0.000         0.037
 S_QUANT        0.000         0.000         0.000         0.039
 S_QWORDS       0.000         0.000         0.000         0.000         0.045
 S_TIME         0.000         0.000         0.000         0.000         0.000
 S_WF_N         0.000         0.000         0.000         0.000         0.000
 S_WF_V         0.000         0.000         0.000         0.000         0.000
 S_WE_N         0.000         0.000         0.000         0.000         0.000
 S_WE_V         0.000         0.000         0.000         0.000         0.000
 S_COMPLX       0.000         0.000         0.000         0.000         0.000
 FIRST_B        0.000         0.000         0.000         0.000         0.000
 MALE           0.000         0.000         0.000         0.000         0.000


           THETA
              S_TIME        S_WF_N        S_WF_V        S_WE_N        S_WE_V
              ________      ________      ________      ________      ________
 S_TIME         0.045
 S_WF_N         0.000         0.033
 S_WF_V         0.000         0.000         0.036
 S_WE_N         0.000         0.000         0.000         0.008
 S_WE_V         0.000         0.000         0.000         0.000         0.004
 S_COMPLX       0.000         0.000         0.000         0.000         0.000
 FIRST_B        0.000         0.000         0.000         0.000         0.000
 MALE           0.000         0.000         0.000         0.000         0.000


           THETA
              S_COMPLX      FIRST_B       MALE
              ________      ________      ________
 S_COMPLX       0.047
 FIRST_B        0.000         0.000
 MALE           0.000         0.000         0.000


           ALPHA
              ETA           FIRST_B       MALE
              ________      ________      ________
                0.000         0.000         0.000


           BETA
              ETA           FIRST_B       MALE
              ________      ________      ________
 ETA            0.000         0.000         0.000
 FIRST_B        0.000         0.000         0.000
 MALE           0.000         0.000         0.000


           PSI
              ETA           FIRST_B       MALE
              ________      ________      ________
 ETA            1.000
 FIRST_B        0.000         0.500
 MALE           0.000         0.000         0.500


     Beginning Time:  20:16:47
        Ending Time:  20:16:47
       Elapsed Time:  00:00:00



MUTHEN & MUTHEN
3463 Stoner Ave.
Los Angeles, CA  90066

Tel: (310) 391-9971
Fax: (310) 391-8971
Web: www.StatModel.com
Support: Support@StatModel.com

Copyright (c) 1998-2019 Muthen & Muthen
