Mplus VERSION 8.4
MUTHEN & MUTHEN
11/02/2021  10:31 PM

INPUT INSTRUCTIONS

  TITLE: Final Model to Get Scoring Parameters
  DATA: FILE = "models/lex_sex/calibration.dat";
  VARIABLE:
  NAMES = ID L_ACTION L_ANIMAL L_BODYP L_CLOTH L_DESCRB L_FOOD L_ROOMS L_GAMES
       L_HOUSEH L_LOCATE L_OUTSDE L_PEOPLE L_PLACES L_SOUNDS L_TOYS L_VEHICL D_AGE_C
       D_MALE D_AGE_C2;
  MISSING=.;
  !
  !
  USEVARIABLES= L_ACTION L_ANIMAL L_BODYP L_CLOTH L_DESCRB L_FOOD L_ROOMS L_GAMES L_HOUSEH
   L_LOCATE L_OUTSDE L_PEOPLE L_PLACES L_SOUNDS L_TOYS L_VEHICL D_AGE_C D_MALE;
  AUXILIARY= ID ;
  !
  !
  CONSTRAINT= D_AGE_C D_MALE ;
  ANALYSIS: ESTIMATOR=ML;ALGORITHM=INTEGRATION;INTEGRATION=MONTECARLO;PROCESSORS=4;
  MODEL: [ETA@0];ETA*(veta);
  ETA BY L_ACTION*(l_1);
  ETA BY L_ANIMAL*(l_2);
  ETA BY L_BODYP*(l_3);
  ETA BY L_CLOTH*(l_4);
  ETA BY L_DESCRB*(l_5);
  ETA BY L_FOOD*(l_6);
  ETA BY L_ROOMS*(l_7);
  ETA BY L_GAMES*(l_8);
  ETA BY L_HOUSEH*(l_9);
  ETA BY L_LOCATE*(l_10);
  ETA BY L_OUTSDE*(l_11);
  ETA BY L_PEOPLE*(l_12);
  ETA BY L_PLACES*(l_13);
  ETA BY L_SOUNDS*(l_14);
  ETA BY L_TOYS*(l_15);
  ETA BY L_VEHICL*(l_16);
  ETA ON D_AGE_C; ETA ON D_MALE;
  L_ACTION on D_AGE_C;

  L_ANIMAL on D_AGE_C;


  L_BODYP on D_AGE_C;



  L_CLOTH on D_AGE_C D_MALE;




  L_DESCRB on D_AGE_C D_MALE;





  L_FOOD on D_AGE_C;






  L_ROOMS on D_AGE_C;







  L_GAMES on D_AGE_C D_MALE;








  !









  L_LOCATE on D_AGE_C;










  L_OUTSDE on D_AGE_C D_MALE;











  L_PEOPLE on D_AGE_C;












  L_PLACES on D_AGE_C;













  L_SOUNDS on D_AGE_C;














  L_TOYS on D_AGE_C;















  L_VEHICL on D_AGE_C D_MALE;
  MODEL CONSTRAINT: new(
  V1*0
  !
  l1_0*1   l1_1*0
  l2_0*1   l2_1*0
  l3_0*1   l3_1*0
  l4_0*1   l4_2*0
  l5_0*1   l5_1*0  l5_2*0
  l6_0*1   l6_1*0
  l7_0*1   l7_1*0
  l8_0*1   l8_1*0  l8_2*0
  ! !
  l10_0*1   l10_1*0
  l11_0*1   l11_1*0  l11_2*0
  l12_0*1   l12_1*0
  l13_0*1   l13_1*0
  l14_0*1   l14_1*0
  l15_0*1   l15_1*0
  l16_0*1   l16_1*0
  );
  veta=1*exp(
  v1*D_AGE_C+
  0);
  l_1=l1_0 +l1_1*D_AGE_C;
  l_2=l2_0 +l2_1*D_AGE_C;
  l_3=l3_0 +l3_1*D_AGE_C;
  l_4=l4_0 +l4_2*D_MALE;
  l_5=l5_0 +l5_1*D_AGE_C +l5_2*D_MALE;
  l_6=l6_0 +l6_1*D_AGE_C;
  l_7=l7_0 +l7_1*D_AGE_C;
  l_8=l8_0 +l8_1*D_AGE_C +l8_2*D_MALE;
  ! !;
  l_10=l10_0 +l10_1*D_AGE_C;
  l_11=l11_0 +l11_1*D_AGE_C +l11_2*D_MALE;
  l_12=l12_0 +l12_1*D_AGE_C;
  l_13=l13_0 +l13_1*D_AGE_C;
  l_14=l14_0 +l14_1*D_AGE_C;
  l_15=l15_0 +l15_1*D_AGE_C;
  l_16=l16_0 +l16_1*D_AGE_C;



INPUT READING TERMINATED NORMALLY



Final Model to Get Scoring Parameters

SUMMARY OF ANALYSIS

Number of groups                                                 1
Number of observations                                        1308

Number of dependent variables                                   16
Number of independent variables                                  2
Number of continuous latent variables                            1

Observed dependent variables

  Continuous
   L_ACTION    L_ANIMAL    L_BODYP     L_CLOTH     L_DESCRB    L_FOOD
   L_ROOMS     L_GAMES     L_HOUSEH    L_LOCATE    L_OUTSDE    L_PEOPLE
   L_PLACES    L_SOUNDS    L_TOYS      L_VEHICL

Observed independent variables
   D_AGE_C     D_MALE

Observed auxiliary variables
   ID

Continuous latent variables
   ETA


Estimator                                                       ML
Information matrix                                        OBSERVED
Optimization Specifications for the Quasi-Newton Algorithm for
Continuous Outcomes
  Maximum number of iterations                                 100
  Convergence criterion                                  0.100D-05
Optimization Specifications for the EM Algorithm
  Maximum number of iterations                                 500
  Convergence criteria
    Loglikelihood change                                 0.100D-02
    Relative loglikelihood change                        0.100D-05
    Derivative                                           0.100D-02
Optimization Specifications for the M step of the EM Algorithm for
Categorical Latent variables
  Number of M step iterations                                    1
  M step convergence criterion                           0.100D-02
  Basis for M step termination                           ITERATION
Optimization Specifications for the M step of the EM Algorithm for
Censored, Binary or Ordered Categorical (Ordinal), Unordered
Categorical (Nominal) and Count Outcomes
  Number of M step iterations                                    1
  M step convergence criterion                           0.100D-02
  Basis for M step termination                           ITERATION
  Maximum value for logit thresholds                            15
  Minimum value for logit thresholds                           -15
  Minimum expected cell size for chi-square              0.100D-01
Maximum number of iterations for H1                           2000
Convergence criterion for H1                             0.100D-03
Optimization algorithm                                         EMA
Integration Specifications
  Type                                                  MONTECARLO
  Number of integration points                                   1
  Dimensions of numerical integration                            0
  Adaptive quadrature                                           ON
  Monte Carlo integration seed                                   0
Cholesky                                                       OFF

Input data file(s)
  models/lex_sex/calibration.dat
Input data format  FREE


SUMMARY OF DATA

     Number of missing data patterns             1


COVARIANCE COVERAGE OF DATA

Minimum covariance coverage value   0.100


     PROPORTION OF DATA PRESENT FOR Y


           Covariance Coverage
              L_ACTION      L_ANIMAL      L_BODYP       L_CLOTH       L_DESCRB
              ________      ________      ________      ________      ________
 L_ACTION       1.000
 L_ANIMAL       1.000         1.000
 L_BODYP        1.000         1.000         1.000
 L_CLOTH        1.000         1.000         1.000         1.000
 L_DESCRB       1.000         1.000         1.000         1.000         1.000
 L_FOOD         1.000         1.000         1.000         1.000         1.000
 L_ROOMS        1.000         1.000         1.000         1.000         1.000
 L_GAMES        1.000         1.000         1.000         1.000         1.000
 L_HOUSEH       1.000         1.000         1.000         1.000         1.000
 L_LOCATE       1.000         1.000         1.000         1.000         1.000
 L_OUTSDE       1.000         1.000         1.000         1.000         1.000
 L_PEOPLE       1.000         1.000         1.000         1.000         1.000
 L_PLACES       1.000         1.000         1.000         1.000         1.000
 L_SOUNDS       1.000         1.000         1.000         1.000         1.000
 L_TOYS         1.000         1.000         1.000         1.000         1.000
 L_VEHICL       1.000         1.000         1.000         1.000         1.000
 D_AGE_C        1.000         1.000         1.000         1.000         1.000
 D_MALE         1.000         1.000         1.000         1.000         1.000


           Covariance Coverage
              L_FOOD        L_ROOMS       L_GAMES       L_HOUSEH      L_LOCATE
              ________      ________      ________      ________      ________
 L_FOOD         1.000
 L_ROOMS        1.000         1.000
 L_GAMES        1.000         1.000         1.000
 L_HOUSEH       1.000         1.000         1.000         1.000
 L_LOCATE       1.000         1.000         1.000         1.000         1.000
 L_OUTSDE       1.000         1.000         1.000         1.000         1.000
 L_PEOPLE       1.000         1.000         1.000         1.000         1.000
 L_PLACES       1.000         1.000         1.000         1.000         1.000
 L_SOUNDS       1.000         1.000         1.000         1.000         1.000
 L_TOYS         1.000         1.000         1.000         1.000         1.000
 L_VEHICL       1.000         1.000         1.000         1.000         1.000
 D_AGE_C        1.000         1.000         1.000         1.000         1.000
 D_MALE         1.000         1.000         1.000         1.000         1.000


           Covariance Coverage
              L_OUTSDE      L_PEOPLE      L_PLACES      L_SOUNDS      L_TOYS
              ________      ________      ________      ________      ________
 L_OUTSDE       1.000
 L_PEOPLE       1.000         1.000
 L_PLACES       1.000         1.000         1.000
 L_SOUNDS       1.000         1.000         1.000         1.000
 L_TOYS         1.000         1.000         1.000         1.000         1.000
 L_VEHICL       1.000         1.000         1.000         1.000         1.000
 D_AGE_C        1.000         1.000         1.000         1.000         1.000
 D_MALE         1.000         1.000         1.000         1.000         1.000


           Covariance Coverage
              L_VEHICL      D_AGE_C       D_MALE
              ________      ________      ________
 L_VEHICL       1.000
 D_AGE_C        1.000         1.000
 D_MALE         1.000         1.000         1.000



UNIVARIATE SAMPLE STATISTICS


     UNIVARIATE HIGHER-ORDER MOMENT DESCRIPTIVE STATISTICS

         Variable/         Mean/     Skewness/   Minimum/ % with                Percentiles
        Sample Size      Variance    Kurtosis    Maximum  Min/Max      20%/60%    40%/80%    Median

     L_ACTION              0.402       0.325       0.000   22.40%       0.000      0.039      0.194
            1308.000       0.169      -1.671       1.000    4.97%       0.563      0.922
     L_ANIMAL              0.493       0.079       0.000    5.89%       0.070      0.209      0.442
            1308.000       0.153      -1.720       1.000   14.07%       0.721      0.953
     L_BODYP               0.502      -0.037       0.000   17.81%       0.037      0.222      0.519
            1308.000       0.168      -1.785       1.000   10.40%       0.815      0.963
     L_CLOTH               0.414       0.274       0.000   18.27%       0.036      0.143      0.286
            1308.000       0.138      -1.562       1.000    5.81%       0.571      0.857
     L_DESCRB              0.390       0.372       0.000   18.50%       0.016      0.063      0.206
            1308.000       0.154      -1.586       1.000    5.50%       0.524      0.873
     L_FOOD                0.446       0.174       0.000   10.32%       0.029      0.132      0.338
            1308.000       0.153      -1.709       1.000    6.12%       0.662      0.897
     L_ROOMS               0.394       0.324       0.000   31.73%       0.000      0.061      0.212
            1308.000       0.159      -1.646       1.000    5.28%       0.545      0.879
     L_GAMES               0.544      -0.024       0.000    4.36%       0.160      0.320      0.520
            1308.000       0.135      -1.628       1.000   18.88%       0.760      0.960
     L_HOUSEH              0.438       0.191       0.000   17.13%       0.020      0.120      0.340
            1308.000       0.162      -1.725       1.000    7.11%       0.680      0.920
     L_LOCATE              0.341       0.586       0.000   25.23%       0.000      0.077      0.192
            1308.000       0.119      -1.167       1.000    4.13%       0.385      0.731
     L_OUTSDE              0.420       0.269       0.000   25.61%       0.000      0.097      0.290
            1308.000       0.161      -1.650       1.000   11.24%       0.581      0.903
     L_PEOPLE              0.423       0.455       0.000    1.76%       0.103      0.207      0.310
            1308.000       0.102      -1.261       1.000    4.97%       0.483      0.759
     L_PLACES              0.339       0.498       0.000   33.94%       0.000      0.045      0.182
            1308.000       0.125      -1.315       1.000    4.97%       0.455      0.727
     L_SOUNDS              0.720      -0.775       0.000    1.91%       0.417      0.667      0.833
            1308.000       0.091      -0.688       1.000   35.55%       0.917      1.000
     L_TOYS                0.506       0.080       0.000    9.10%       0.111      0.278      0.444
            1308.000       0.145      -1.666       1.000   18.35%       0.722      0.944
     L_VEHICL              0.479       0.033       0.000   23.01%       0.000      0.214      0.464
            1308.000       0.160      -1.717       1.000   14.53%       0.714      0.929
     D_AGE_C              -0.992      -0.002      -7.000   49.77%      -7.000     -7.000      2.500
            1308.000      35.960      -1.999       6.000    0.08%       5.000      5.000
     D_MALE                0.060      -0.119      -1.000   47.02%      -1.000     -1.000      1.000
            1308.000       0.996      -1.986       1.000   52.98%       1.000      1.000


THE MODEL ESTIMATION TERMINATED NORMALLY



MODEL FIT INFORMATION

Number of Free Parameters                       89

Loglikelihood

          H0 Value                       19812.911

Information Criteria

          Akaike (AIC)                  -39447.823
          Bayesian (BIC)                -38987.136
          Sample-Size Adjusted BIC      -39269.847
            (n* = (n + 2) / 24)



MODEL RESULTS

                                                    Two-Tailed
                    Estimate       S.E.  Est./S.E.    P-Value

 ETA      BY
    L_ACTION         999.000      0.000    999.000    999.000
    L_ANIMAL         999.000      0.000    999.000    999.000
    L_BODYP          999.000      0.000    999.000    999.000
    L_CLOTH          999.000      0.000    999.000    999.000
    L_DESCRB         999.000      0.000    999.000    999.000
    L_FOOD           999.000      0.000    999.000    999.000
    L_ROOMS          999.000      0.000    999.000    999.000
    L_GAMES          999.000      0.000    999.000    999.000
    L_HOUSEH           0.163      0.004     44.649      0.000
    L_LOCATE         999.000      0.000    999.000    999.000
    L_OUTSDE         999.000      0.000    999.000    999.000
    L_PEOPLE         999.000      0.000    999.000    999.000
    L_PLACES         999.000      0.000    999.000    999.000
    L_SOUNDS         999.000      0.000    999.000    999.000
    L_TOYS           999.000      0.000    999.000    999.000
    L_VEHICL         999.000      0.000    999.000    999.000

 ETA        ON
    D_AGE_C            0.368      0.010     37.991      0.000
    D_MALE            -0.083      0.025     -3.377      0.001

 L_ACTION   ON
    D_AGE_C            0.011      0.001      9.805      0.000

 L_ANIMAL   ON
    D_AGE_C           -0.004      0.002     -2.646      0.008

 L_BODYP    ON
    D_AGE_C           -0.006      0.002     -3.954      0.000

 L_CLOTH    ON
    D_AGE_C           -0.006      0.001     -5.981      0.000
    D_MALE            -0.015      0.002     -7.329      0.000

 L_DESCRB   ON
    D_AGE_C            0.009      0.001      7.298      0.000
    D_MALE            -0.008      0.002     -3.404      0.001

 L_FOOD     ON
    D_AGE_C            0.002      0.001      2.141      0.032

 L_ROOMS    ON
    D_AGE_C            0.002      0.001      1.939      0.053

 L_GAMES    ON
    D_AGE_C           -0.008      0.002     -4.988      0.000
    D_MALE            -0.007      0.003     -2.755      0.006

 L_LOCATE   ON
    D_AGE_C            0.004      0.002      2.585      0.010

 L_OUTSDE   ON
    D_AGE_C            0.001      0.001      0.856      0.392
    D_MALE             0.012      0.002      5.821      0.000

 L_PEOPLE   ON
    D_AGE_C           -0.001      0.001     -0.810      0.418

 L_PLACES   ON
    D_AGE_C            0.005      0.001      4.052      0.000

 L_SOUNDS   ON
    D_AGE_C           -0.024      0.002     -9.858      0.000

 L_TOYS     ON
    D_AGE_C           -0.001      0.001     -1.057      0.291

 L_VEHICL   ON
    D_AGE_C           -0.001      0.002     -0.474      0.635
    D_MALE             0.030      0.003     10.818      0.000

 Intercepts
    L_ACTION           0.377      0.008     50.032      0.000
    L_ANIMAL           0.621      0.009     68.004      0.000
    L_BODYP            0.692      0.009     73.728      0.000
    L_CLOTH            0.468      0.006     84.976      0.000
    L_DESCRB           0.366      0.008     47.602      0.000
    L_FOOD             0.518      0.007     70.073      0.000
    L_ROOMS            0.393      0.008     50.598      0.000
    L_GAMES            0.691      0.009     74.919      0.000
    L_HOUSEH           0.498      0.005     91.791      0.000
    L_LOCATE           0.298      0.010     31.351      0.000
    L_OUTSDE           0.448      0.008     57.556      0.000
    L_PEOPLE           0.409      0.008     52.488      0.000
    L_PLACES           0.306      0.008     38.909      0.000
    L_SOUNDS           0.969      0.013     73.092      0.000
    L_TOYS             0.604      0.008     72.267      0.000
    L_VEHICL           0.619      0.009     66.377      0.000
    ETA                0.000      0.000    999.000    999.000

 Residual Variances
    L_ACTION           0.005      0.000     23.079      0.000
    L_ANIMAL           0.008      0.000     24.367      0.000
    L_BODYP            0.008      0.000     23.961      0.000
    L_CLOTH            0.005      0.000     23.313      0.000
    L_DESCRB           0.006      0.000     23.240      0.000
    L_FOOD             0.004      0.000     23.214      0.000
    L_ROOMS            0.005      0.000     23.001      0.000
    L_GAMES            0.009      0.000     24.166      0.000
    L_HOUSEH           0.004      0.000     22.259      0.000
    L_LOCATE           0.012      0.001     24.604      0.000
    L_OUTSDE           0.005      0.000     23.031      0.000
    L_PEOPLE           0.007      0.000     24.245      0.000
    L_PLACES           0.007      0.000     23.922      0.000
    L_SOUNDS           0.024      0.001     24.628      0.000
    L_TOYS             0.007      0.000     24.065      0.000
    L_VEHICL           0.009      0.000     24.389      0.000
    ETA              999.000      0.000    999.000    999.000

New/Additional Parameters
    V1                 0.104      0.007     14.508      0.000
    L1_0               0.148      0.004     40.669      0.000
    L1_1               0.007      0.000     14.704      0.000
    L2_0               0.157      0.004     38.153      0.000
    L2_1              -0.005      0.001     -9.750      0.000
    L3_0               0.164      0.004     39.090      0.000
    L3_1              -0.010      0.001    -17.077      0.000
    L4_0               0.162      0.004     42.944      0.000
    L4_2              -0.005      0.001     -5.297      0.000
    L5_0               0.145      0.004     39.577      0.000
    L5_1               0.006      0.000     13.602      0.000
    L5_2              -0.002      0.001     -2.542      0.011
    L6_0               0.151      0.004     42.709      0.000
    L6_1              -0.001      0.000     -2.353      0.019
    L7_0               0.161      0.004     42.302      0.000
    L7_1               0.005      0.000     10.258      0.000
    L8_0               0.153      0.004     37.192      0.000
    L8_1              -0.007      0.001    -12.397      0.000
    L8_2               0.003      0.001      2.356      0.018
    L10_0              0.132      0.004     31.400      0.000
    L10_1              0.007      0.001     11.141      0.000
    L11_0              0.162      0.004     42.756      0.000
    L11_1              0.002      0.000      5.434      0.000
    L11_2              0.003      0.001      3.073      0.002
    L12_0              0.133      0.004     37.061      0.000
    L12_1              0.005      0.000      9.411      0.000
    L13_0              0.136      0.004     37.259      0.000
    L13_1              0.006      0.000     13.034      0.000
    L14_0              0.134      0.005     24.747      0.000
    L14_1             -0.016      0.001    -17.549      0.000
    L15_0              0.152      0.004     39.441      0.000
    L15_1             -0.003      0.000     -6.398      0.000
    L16_0              0.152      0.004     36.632      0.000
    L16_1             -0.006      0.001    -10.829      0.000


QUALITY OF NUMERICAL RESULTS

     Condition Number for the Information Matrix              0.537E-07
       (ratio of smallest to largest eigenvalue)


     Beginning Time:  22:31:21
        Ending Time:  22:38:56
       Elapsed Time:  00:07:35



MUTHEN & MUTHEN
3463 Stoner Ave.
Los Angeles, CA  90066

Tel: (310) 391-9971
Fax: (310) 391-8971
Web: www.StatModel.com
Support: Support@StatModel.com

Copyright (c) 1998-2019 Muthen & Muthen
