Mplus VERSION 8.4
MUTHEN & MUTHEN
11/02/2021   3:36 PM

INPUT INSTRUCTIONS

  TITLE: Variance Impact Model
  DATA: FILE = "models/lex_sex/calibration.dat";
  VARIABLE:
  NAMES = ID L_ACTION L_ANIMAL L_BODYP L_CLOTH L_DESCRB L_FOOD L_ROOMS L_GAMES
       L_HOUSEH L_LOCATE L_OUTSDE L_PEOPLE L_PLACES L_SOUNDS L_TOYS L_VEHICL D_AGE_C
       D_MALE D_AGE_C2;
  MISSING=.;
  !
  !
  USEVARIABLES= L_ACTION L_ANIMAL L_BODYP L_CLOTH L_DESCRB L_FOOD L_ROOMS L_GAMES L_HOUSEH
   L_LOCATE L_OUTSDE L_PEOPLE L_PLACES L_SOUNDS L_TOYS L_VEHICL D_AGE_C D_AGE_C2 ;
  AUXILIARY= ID ;
  !
  !
  CONSTRAINT= D_AGE_C D_AGE_C2 ;
  ANALYSIS: ESTIMATOR=ML;ALGORITHM=INTEGRATION;INTEGRATION=MONTECARLO;PROCESSORS=4;
  MODEL: ETA ON D_AGE_C D_AGE_C2 ; ETA*(veta);
  ETA BY L_ACTION*(l1);
  ETA BY L_ANIMAL*(l2);
  ETA BY L_BODYP*(l3);
  ETA BY L_CLOTH*(l4);
  ETA BY L_DESCRB*(l5);
  ETA BY L_FOOD*(l6);
  ETA BY L_ROOMS*(l7);
  ETA BY L_GAMES*(l8);
  ETA BY L_HOUSEH*(l9);
  ETA BY L_LOCATE*(l10);
  ETA BY L_OUTSDE*(l11);
  ETA BY L_PEOPLE*(l12);
  ETA BY L_PLACES*(l13);
  ETA BY L_SOUNDS*(l14);
  ETA BY L_TOYS*(l15);
  ETA BY L_VEHICL*(l16);
  MODEL CONSTRAINT: new(
  v1*0
  v2*0
  );
  veta=1*exp(
  v1*D_AGE_C+
  v2*D_AGE_C2);
  OUTPUT: tech1;



INPUT READING TERMINATED NORMALLY



Variance Impact Model

SUMMARY OF ANALYSIS

Number of groups                                                 1
Number of observations                                        1308

Number of dependent variables                                   16
Number of independent variables                                  2
Number of continuous latent variables                            1

Observed dependent variables

  Continuous
   L_ACTION    L_ANIMAL    L_BODYP     L_CLOTH     L_DESCRB    L_FOOD
   L_ROOMS     L_GAMES     L_HOUSEH    L_LOCATE    L_OUTSDE    L_PEOPLE
   L_PLACES    L_SOUNDS    L_TOYS      L_VEHICL

Observed independent variables
   D_AGE_C     D_AGE_C2

Observed auxiliary variables
   ID

Continuous latent variables
   ETA


Estimator                                                       ML
Information matrix                                        OBSERVED
Optimization Specifications for the Quasi-Newton Algorithm for
Continuous Outcomes
  Maximum number of iterations                                 100
  Convergence criterion                                  0.100D-05
Optimization Specifications for the EM Algorithm
  Maximum number of iterations                                 500
  Convergence criteria
    Loglikelihood change                                 0.100D-02
    Relative loglikelihood change                        0.100D-05
    Derivative                                           0.100D-02
Optimization Specifications for the M step of the EM Algorithm for
Categorical Latent variables
  Number of M step iterations                                    1
  M step convergence criterion                           0.100D-02
  Basis for M step termination                           ITERATION
Optimization Specifications for the M step of the EM Algorithm for
Censored, Binary or Ordered Categorical (Ordinal), Unordered
Categorical (Nominal) and Count Outcomes
  Number of M step iterations                                    1
  M step convergence criterion                           0.100D-02
  Basis for M step termination                           ITERATION
  Maximum value for logit thresholds                            15
  Minimum value for logit thresholds                           -15
  Minimum expected cell size for chi-square              0.100D-01
Maximum number of iterations for H1                           2000
Convergence criterion for H1                             0.100D-03
Optimization algorithm                                         EMA
Integration Specifications
  Type                                                  MONTECARLO
  Number of integration points                                   1
  Dimensions of numerical integration                            0
  Adaptive quadrature                                           ON
  Monte Carlo integration seed                                   0
Cholesky                                                       OFF

Input data file(s)
  models/lex_sex/calibration.dat
Input data format  FREE


SUMMARY OF DATA

     Number of missing data patterns             1


COVARIANCE COVERAGE OF DATA

Minimum covariance coverage value   0.100


     PROPORTION OF DATA PRESENT FOR Y


           Covariance Coverage
              L_ACTION      L_ANIMAL      L_BODYP       L_CLOTH       L_DESCRB
              ________      ________      ________      ________      ________
 L_ACTION       1.000
 L_ANIMAL       1.000         1.000
 L_BODYP        1.000         1.000         1.000
 L_CLOTH        1.000         1.000         1.000         1.000
 L_DESCRB       1.000         1.000         1.000         1.000         1.000
 L_FOOD         1.000         1.000         1.000         1.000         1.000
 L_ROOMS        1.000         1.000         1.000         1.000         1.000
 L_GAMES        1.000         1.000         1.000         1.000         1.000
 L_HOUSEH       1.000         1.000         1.000         1.000         1.000
 L_LOCATE       1.000         1.000         1.000         1.000         1.000
 L_OUTSDE       1.000         1.000         1.000         1.000         1.000
 L_PEOPLE       1.000         1.000         1.000         1.000         1.000
 L_PLACES       1.000         1.000         1.000         1.000         1.000
 L_SOUNDS       1.000         1.000         1.000         1.000         1.000
 L_TOYS         1.000         1.000         1.000         1.000         1.000
 L_VEHICL       1.000         1.000         1.000         1.000         1.000
 D_AGE_C        1.000         1.000         1.000         1.000         1.000
 D_AGE_C2       1.000         1.000         1.000         1.000         1.000


           Covariance Coverage
              L_FOOD        L_ROOMS       L_GAMES       L_HOUSEH      L_LOCATE
              ________      ________      ________      ________      ________
 L_FOOD         1.000
 L_ROOMS        1.000         1.000
 L_GAMES        1.000         1.000         1.000
 L_HOUSEH       1.000         1.000         1.000         1.000
 L_LOCATE       1.000         1.000         1.000         1.000         1.000
 L_OUTSDE       1.000         1.000         1.000         1.000         1.000
 L_PEOPLE       1.000         1.000         1.000         1.000         1.000
 L_PLACES       1.000         1.000         1.000         1.000         1.000
 L_SOUNDS       1.000         1.000         1.000         1.000         1.000
 L_TOYS         1.000         1.000         1.000         1.000         1.000
 L_VEHICL       1.000         1.000         1.000         1.000         1.000
 D_AGE_C        1.000         1.000         1.000         1.000         1.000
 D_AGE_C2       1.000         1.000         1.000         1.000         1.000


           Covariance Coverage
              L_OUTSDE      L_PEOPLE      L_PLACES      L_SOUNDS      L_TOYS
              ________      ________      ________      ________      ________
 L_OUTSDE       1.000
 L_PEOPLE       1.000         1.000
 L_PLACES       1.000         1.000         1.000
 L_SOUNDS       1.000         1.000         1.000         1.000
 L_TOYS         1.000         1.000         1.000         1.000         1.000
 L_VEHICL       1.000         1.000         1.000         1.000         1.000
 D_AGE_C        1.000         1.000         1.000         1.000         1.000
 D_AGE_C2       1.000         1.000         1.000         1.000         1.000


           Covariance Coverage
              L_VEHICL      D_AGE_C       D_AGE_C2
              ________      ________      ________
 L_VEHICL       1.000
 D_AGE_C        1.000         1.000
 D_AGE_C2       1.000         1.000         1.000



UNIVARIATE SAMPLE STATISTICS


     UNIVARIATE HIGHER-ORDER MOMENT DESCRIPTIVE STATISTICS

         Variable/         Mean/     Skewness/   Minimum/ % with                Percentiles
        Sample Size      Variance    Kurtosis    Maximum  Min/Max      20%/60%    40%/80%    Median

     L_ACTION              0.402       0.325       0.000   22.40%       0.000      0.039      0.194
            1308.000       0.169      -1.671       1.000    4.97%       0.563      0.922
     L_ANIMAL              0.493       0.079       0.000    5.89%       0.070      0.209      0.442
            1308.000       0.153      -1.720       1.000   14.07%       0.721      0.953
     L_BODYP               0.502      -0.037       0.000   17.81%       0.037      0.222      0.519
            1308.000       0.168      -1.785       1.000   10.40%       0.815      0.963
     L_CLOTH               0.414       0.274       0.000   18.27%       0.036      0.143      0.286
            1308.000       0.138      -1.562       1.000    5.81%       0.571      0.857
     L_DESCRB              0.390       0.372       0.000   18.50%       0.016      0.063      0.206
            1308.000       0.154      -1.586       1.000    5.50%       0.524      0.873
     L_FOOD                0.446       0.174       0.000   10.32%       0.029      0.132      0.338
            1308.000       0.153      -1.709       1.000    6.12%       0.662      0.897
     L_ROOMS               0.394       0.324       0.000   31.73%       0.000      0.061      0.212
            1308.000       0.159      -1.646       1.000    5.28%       0.545      0.879
     L_GAMES               0.544      -0.024       0.000    4.36%       0.160      0.320      0.520
            1308.000       0.135      -1.628       1.000   18.88%       0.760      0.960
     L_HOUSEH              0.438       0.191       0.000   17.13%       0.020      0.120      0.340
            1308.000       0.162      -1.725       1.000    7.11%       0.680      0.920
     L_LOCATE              0.341       0.586       0.000   25.23%       0.000      0.077      0.192
            1308.000       0.119      -1.167       1.000    4.13%       0.385      0.731
     L_OUTSDE              0.420       0.269       0.000   25.61%       0.000      0.097      0.290
            1308.000       0.161      -1.650       1.000   11.24%       0.581      0.903
     L_PEOPLE              0.423       0.455       0.000    1.76%       0.103      0.207      0.310
            1308.000       0.102      -1.261       1.000    4.97%       0.483      0.759
     L_PLACES              0.339       0.498       0.000   33.94%       0.000      0.045      0.182
            1308.000       0.125      -1.315       1.000    4.97%       0.455      0.727
     L_SOUNDS              0.720      -0.775       0.000    1.91%       0.417      0.667      0.833
            1308.000       0.091      -0.688       1.000   35.55%       0.917      1.000
     L_TOYS                0.506       0.080       0.000    9.10%       0.111      0.278      0.444
            1308.000       0.145      -1.666       1.000   18.35%       0.722      0.944
     L_VEHICL              0.479       0.033       0.000   23.01%       0.000      0.214      0.464
            1308.000       0.160      -1.717       1.000   14.53%       0.714      0.929
     D_AGE_C              -0.992      -0.002      -7.000   49.77%      -7.000     -7.000      2.500
            1308.000      35.960      -1.999       6.000    0.08%       5.000      5.000
     D_AGE_C2             36.945      -0.012       1.000    0.08%      25.000     25.000     30.500
            1308.000     144.777      -1.946      49.000   49.77%      49.000     49.000


THE MODEL ESTIMATION TERMINATED NORMALLY



MODEL FIT INFORMATION

Number of Free Parameters                       52

Loglikelihood

          H0 Value                       18325.082

Information Criteria

          Akaike (AIC)                  -36546.165
          Bayesian (BIC)                -36276.999
          Sample-Size Adjusted BIC      -36442.179
            (n* = (n + 2) / 24)



MODEL RESULTS

                                                    Two-Tailed
                    Estimate       S.E.  Est./S.E.    P-Value

 ETA      BY
    L_ACTION           0.080      0.064      1.264      0.206
    L_ANIMAL           0.075      0.060      1.264      0.206
    L_BODYP            0.079      0.062      1.263      0.206
    L_CLOTH            0.072      0.057      1.264      0.206
    L_DESCRB           0.076      0.060      1.264      0.206
    L_FOOD             0.077      0.061      1.264      0.206
    L_ROOMS            0.078      0.062      1.264      0.206
    L_GAMES            0.070      0.056      1.263      0.206
    L_HOUSEH           0.079      0.063      1.264      0.206
    L_LOCATE           0.064      0.051      1.263      0.206
    L_OUTSDE           0.079      0.062      1.264      0.206
    L_PEOPLE           0.061      0.048      1.264      0.206
    L_PLACES           0.068      0.054      1.264      0.206
    L_SOUNDS           0.048      0.038      1.263      0.207
    L_TOYS             0.074      0.059      1.264      0.206
    L_VEHICL           0.077      0.061      1.264      0.206

 ETA        ON
    D_AGE_C            0.804      0.618      1.301      0.193
    D_AGE_C2           0.024      0.033      0.713      0.476

 Intercepts
    L_ACTION           0.396      0.096      4.135      0.000
    L_ANIMAL           0.487      0.090      5.418      0.000
    L_BODYP            0.496      0.094      5.273      0.000
    L_CLOTH            0.409      0.086      4.732      0.000
    L_DESCRB           0.385      0.091      4.225      0.000
    L_FOOD             0.441      0.092      4.801      0.000
    L_ROOMS            0.388      0.093      4.169      0.000
    L_GAMES            0.539      0.084      6.434      0.000
    L_HOUSEH           0.432      0.095      4.573      0.000
    L_LOCATE           0.336      0.077      4.374      0.000
    L_OUTSDE           0.414      0.094      4.412      0.000
    L_PEOPLE           0.419      0.073      5.759      0.000
    L_PLACES           0.334      0.081      4.111      0.000
    L_SOUNDS           0.716      0.058     12.384      0.000
    L_TOYS             0.501      0.088      5.666      0.000
    L_VEHICL           0.474      0.092      5.171      0.000

 Residual Variances
    L_ACTION           0.006      0.000     23.214      0.000
    L_ANIMAL           0.009      0.000     24.229      0.000
    L_BODYP            0.012      0.000     24.342      0.000
    L_CLOTH            0.006      0.000     23.687      0.000
    L_DESCRB           0.007      0.000     23.631      0.000
    L_FOOD             0.004      0.000     22.412      0.000
    L_ROOMS            0.005      0.000     23.117      0.000
    L_GAMES            0.011      0.000     24.621      0.000
    L_HOUSEH           0.003      0.000     21.605      0.000
    L_LOCATE           0.014      0.001     24.895      0.000
    L_OUTSDE           0.005      0.000     23.003      0.000
    L_PEOPLE           0.008      0.000     24.570      0.000
    L_PLACES           0.008      0.000     24.305      0.000
    L_SOUNDS           0.032      0.001     25.413      0.000
    L_TOYS             0.007      0.000     23.884      0.000
    L_VEHICL           0.012      0.000     24.476      0.000
    ETA              999.000      0.000    999.000    999.000

New/Additional Parameters
    V1                 0.194      0.091      2.142      0.032
    V2                 0.041      0.045      0.906      0.365


QUALITY OF NUMERICAL RESULTS

     Condition Number for the Information Matrix              0.941E-08
       (ratio of smallest to largest eigenvalue)


TECHNICAL 1 OUTPUT


     PARAMETER SPECIFICATION


           NU
              L_ACTION      L_ANIMAL      L_BODYP       L_CLOTH       L_DESCRB
              ________      ________      ________      ________      ________
                    1             2             3             4             5


           NU
              L_FOOD        L_ROOMS       L_GAMES       L_HOUSEH      L_LOCATE
              ________      ________      ________      ________      ________
                    6             7             8             9            10


           NU
              L_OUTSDE      L_PEOPLE      L_PLACES      L_SOUNDS      L_TOYS
              ________      ________      ________      ________      ________
                   11            12            13            14            15


           NU
              L_VEHICL      D_AGE_C       D_AGE_C2
              ________      ________      ________
                   16             0             0


           LAMBDA
              ETA           D_AGE_C       D_AGE_C2
              ________      ________      ________
 L_ACTION          17             0             0
 L_ANIMAL          18             0             0
 L_BODYP           19             0             0
 L_CLOTH           20             0             0
 L_DESCRB          21             0             0
 L_FOOD            22             0             0
 L_ROOMS           23             0             0
 L_GAMES           24             0             0
 L_HOUSEH          25             0             0
 L_LOCATE          26             0             0
 L_OUTSDE          27             0             0
 L_PEOPLE          28             0             0
 L_PLACES          29             0             0
 L_SOUNDS          30             0             0
 L_TOYS            31             0             0
 L_VEHICL          32             0             0
 D_AGE_C            0             0             0
 D_AGE_C2           0             0             0


           THETA
              L_ACTION      L_ANIMAL      L_BODYP       L_CLOTH       L_DESCRB
              ________      ________      ________      ________      ________
 L_ACTION          33
 L_ANIMAL           0            34
 L_BODYP            0             0            35
 L_CLOTH            0             0             0            36
 L_DESCRB           0             0             0             0            37
 L_FOOD             0             0             0             0             0
 L_ROOMS            0             0             0             0             0
 L_GAMES            0             0             0             0             0
 L_HOUSEH           0             0             0             0             0
 L_LOCATE           0             0             0             0             0
 L_OUTSDE           0             0             0             0             0
 L_PEOPLE           0             0             0             0             0
 L_PLACES           0             0             0             0             0
 L_SOUNDS           0             0             0             0             0
 L_TOYS             0             0             0             0             0
 L_VEHICL           0             0             0             0             0
 D_AGE_C            0             0             0             0             0
 D_AGE_C2           0             0             0             0             0


           THETA
              L_FOOD        L_ROOMS       L_GAMES       L_HOUSEH      L_LOCATE
              ________      ________      ________      ________      ________
 L_FOOD            38
 L_ROOMS            0            39
 L_GAMES            0             0            40
 L_HOUSEH           0             0             0            41
 L_LOCATE           0             0             0             0            42
 L_OUTSDE           0             0             0             0             0
 L_PEOPLE           0             0             0             0             0
 L_PLACES           0             0             0             0             0
 L_SOUNDS           0             0             0             0             0
 L_TOYS             0             0             0             0             0
 L_VEHICL           0             0             0             0             0
 D_AGE_C            0             0             0             0             0
 D_AGE_C2           0             0             0             0             0


           THETA
              L_OUTSDE      L_PEOPLE      L_PLACES      L_SOUNDS      L_TOYS
              ________      ________      ________      ________      ________
 L_OUTSDE          43
 L_PEOPLE           0            44
 L_PLACES           0             0            45
 L_SOUNDS           0             0             0            46
 L_TOYS             0             0             0             0            47
 L_VEHICL           0             0             0             0             0
 D_AGE_C            0             0             0             0             0
 D_AGE_C2           0             0             0             0             0


           THETA
              L_VEHICL      D_AGE_C       D_AGE_C2
              ________      ________      ________
 L_VEHICL          48
 D_AGE_C            0             0
 D_AGE_C2           0             0             0


           ALPHA
              ETA           D_AGE_C       D_AGE_C2
              ________      ________      ________
                    0             0             0


           BETA
              ETA           D_AGE_C       D_AGE_C2
              ________      ________      ________
 ETA                0            49            50
 D_AGE_C            0             0             0
 D_AGE_C2           0             0             0


           PSI
              ETA           D_AGE_C       D_AGE_C2
              ________      ________      ________
 ETA               51
 D_AGE_C            0             0
 D_AGE_C2           0             0             0


     PARAMETER SPECIFICATION FOR THE ADDITIONAL PARAMETERS


           NEW/ADDITIONAL PARAMETERS
              V1            V2
              ________      ________
                   52            53


     STARTING VALUES


           NU
              L_ACTION      L_ANIMAL      L_BODYP       L_CLOTH       L_DESCRB
              ________      ________      ________      ________      ________
                0.402         0.493         0.502         0.414         0.390


           NU
              L_FOOD        L_ROOMS       L_GAMES       L_HOUSEH      L_LOCATE
              ________      ________      ________      ________      ________
                0.446         0.394         0.544         0.438         0.341


           NU
              L_OUTSDE      L_PEOPLE      L_PLACES      L_SOUNDS      L_TOYS
              ________      ________      ________      ________      ________
                0.420         0.423         0.339         0.720         0.506


           NU
              L_VEHICL      D_AGE_C       D_AGE_C2
              ________      ________      ________
                0.479         0.000         0.000


           LAMBDA
              ETA           D_AGE_C       D_AGE_C2
              ________      ________      ________
 L_ACTION       1.000         0.000         0.000
 L_ANIMAL       1.000         0.000         0.000
 L_BODYP        1.000         0.000         0.000
 L_CLOTH        1.000         0.000         0.000
 L_DESCRB       1.000         0.000         0.000
 L_FOOD         1.000         0.000         0.000
 L_ROOMS        1.000         0.000         0.000
 L_GAMES        1.000         0.000         0.000
 L_HOUSEH       1.000         0.000         0.000
 L_LOCATE       1.000         0.000         0.000
 L_OUTSDE       1.000         0.000         0.000
 L_PEOPLE       1.000         0.000         0.000
 L_PLACES       1.000         0.000         0.000
 L_SOUNDS       1.000         0.000         0.000
 L_TOYS         1.000         0.000         0.000
 L_VEHICL       1.000         0.000         0.000
 D_AGE_C        0.000         1.000         0.000
 D_AGE_C2       0.000         0.000         1.000


           THETA
              L_ACTION      L_ANIMAL      L_BODYP       L_CLOTH       L_DESCRB
              ________      ________      ________      ________      ________
 L_ACTION       0.084
 L_ANIMAL       0.000         0.076
 L_BODYP        0.000         0.000         0.084
 L_CLOTH        0.000         0.000         0.000         0.069
 L_DESCRB       0.000         0.000         0.000         0.000         0.077
 L_FOOD         0.000         0.000         0.000         0.000         0.000
 L_ROOMS        0.000         0.000         0.000         0.000         0.000
 L_GAMES        0.000         0.000         0.000         0.000         0.000
 L_HOUSEH       0.000         0.000         0.000         0.000         0.000
 L_LOCATE       0.000         0.000         0.000         0.000         0.000
 L_OUTSDE       0.000         0.000         0.000         0.000         0.000
 L_PEOPLE       0.000         0.000         0.000         0.000         0.000
 L_PLACES       0.000         0.000         0.000         0.000         0.000
 L_SOUNDS       0.000         0.000         0.000         0.000         0.000
 L_TOYS         0.000         0.000         0.000         0.000         0.000
 L_VEHICL       0.000         0.000         0.000         0.000         0.000
 D_AGE_C        0.000         0.000         0.000         0.000         0.000
 D_AGE_C2       0.000         0.000         0.000         0.000         0.000


           THETA
              L_FOOD        L_ROOMS       L_GAMES       L_HOUSEH      L_LOCATE
              ________      ________      ________      ________      ________
 L_FOOD         0.077
 L_ROOMS        0.000         0.079
 L_GAMES        0.000         0.000         0.068
 L_HOUSEH       0.000         0.000         0.000         0.081
 L_LOCATE       0.000         0.000         0.000         0.000         0.060
 L_OUTSDE       0.000         0.000         0.000         0.000         0.000
 L_PEOPLE       0.000         0.000         0.000         0.000         0.000
 L_PLACES       0.000         0.000         0.000         0.000         0.000
 L_SOUNDS       0.000         0.000         0.000         0.000         0.000
 L_TOYS         0.000         0.000         0.000         0.000         0.000
 L_VEHICL       0.000         0.000         0.000         0.000         0.000
 D_AGE_C        0.000         0.000         0.000         0.000         0.000
 D_AGE_C2       0.000         0.000         0.000         0.000         0.000


           THETA
              L_OUTSDE      L_PEOPLE      L_PLACES      L_SOUNDS      L_TOYS
              ________      ________      ________      ________      ________
 L_OUTSDE       0.081
 L_PEOPLE       0.000         0.051
 L_PLACES       0.000         0.000         0.062
 L_SOUNDS       0.000         0.000         0.000         0.046
 L_TOYS         0.000         0.000         0.000         0.000         0.073
 L_VEHICL       0.000         0.000         0.000         0.000         0.000
 D_AGE_C        0.000         0.000         0.000         0.000         0.000
 D_AGE_C2       0.000         0.000         0.000         0.000         0.000


           THETA
              L_VEHICL      D_AGE_C       D_AGE_C2
              ________      ________      ________
 L_VEHICL       0.080
 D_AGE_C        0.000         0.000
 D_AGE_C2       0.000         0.000         0.000


           ALPHA
              ETA           D_AGE_C       D_AGE_C2
              ________      ________      ________
                0.000         0.000         0.000


           BETA
              ETA           D_AGE_C       D_AGE_C2
              ________      ________      ________
 ETA            0.000         0.000         0.000
 D_AGE_C        0.000         0.000         0.000
 D_AGE_C2       0.000         0.000         0.000


           PSI
              ETA           D_AGE_C       D_AGE_C2
              ________      ________      ________
 ETA            0.050
 D_AGE_C        0.000        17.980
 D_AGE_C2       0.000         0.000        72.388


     STARTING VALUES FOR THE ADDITIONAL PARAMETERS


           NEW/ADDITIONAL PARAMETERS
              V1            V2
              ________      ________
                0.000         0.000


     Beginning Time:  15:36:06
        Ending Time:  15:42:39
       Elapsed Time:  00:06:33



MUTHEN & MUTHEN
3463 Stoner Ave.
Los Angeles, CA  90066

Tel: (310) 391-9971
Fax: (310) 391-8971
Web: www.StatModel.com
Support: Support@StatModel.com

Copyright (c) 1998-2019 Muthen & Muthen
