Mplus VERSION 8.4
MUTHEN & MUTHEN
11/02/2021   9:10 PM

INPUT INSTRUCTIONS

  TITLE: Round 2 Calibration Model
  DATA: FILE = "models/syn_sex/calibration.dat";
  VARIABLE:
  NAMES = ID S_CONJ S_HELPV S_PRON S_QUANT S_QWORDS S_TIME S_WF_N S_WF_V S_WE_N S_WE_V
       S_COMPLX D_AGE_C D_MALE D_AGE_C2;
  MISSING=.;
  !
  !
  !
  USEVARIABLES= S_CONJ S_HELPV S_PRON S_QUANT S_QWORDS S_TIME S_WF_N S_WF_V S_WE_N S_WE_V
   S_COMPLX D_AGE_C D_MALE;
  AUXILIARY= ID ;
  !
  !
  CONSTRAINT= D_AGE_C D_MALE ;
  ANALYSIS: ESTIMATOR=ML;ALGORITHM=INTEGRATION;INTEGRATION=MONTECARLO;PROCESSORS=4;
  MODEL: [ETA@0];ETA*(veta);
  ETA BY S_CONJ*(l_1);
  ETA BY S_HELPV*(l_2);
  ETA BY S_PRON*(l_3);
  ETA BY S_QUANT*(l_4);
  ETA BY S_QWORDS*(l_5);
  ETA BY S_TIME*(l_6);
  ETA BY S_WF_N*(l_7);
  ETA BY S_WF_V*(l_8);
  ETA BY S_WE_N*(l_9);
  ETA BY S_WE_V*(l_10);
  ETA BY S_COMPLX*(l_11);
  ETA ON D_AGE_C; ETA ON D_MALE;
  S_CONJ on D_AGE_C;

  S_HELPV on D_AGE_C D_MALE;


  S_PRON on D_AGE_C;



  S_QUANT on D_AGE_C;




  S_QWORDS on D_AGE_C;





  S_TIME on D_AGE_C;






  S_WF_N on D_AGE_C;







  S_WF_V on D_AGE_C D_MALE;








  !









  !










  S_COMPLX on D_AGE_C D_MALE;
  MODEL CONSTRAINT: new( !
  l1_0*1   l1_1*0
  l2_0*1   l2_1*0  l2_2*0
  l3_0*1   l3_1*0
  l4_0*1   l4_1*0
  ! !
  l6_0*1   l6_1*0
  l7_0*1   l7_1*0
  l8_0*1   l8_1*0  l8_2*0
  ! !
  ! !
  l11_0*1   l11_1*0
  );
  veta=1*exp(
  0);
  l_1=l1_0 +l1_1*D_AGE_C;
  l_2=l2_0 +l2_1*D_AGE_C +l2_2*D_MALE;
  l_3=l3_0 +l3_1*D_AGE_C;
  l_4=l4_0 +l4_1*D_AGE_C;
  ! !;
  l_6=l6_0 +l6_1*D_AGE_C;
  l_7=l7_0 +l7_1*D_AGE_C;
  l_8=l8_0 +l8_1*D_AGE_C +l8_2*D_MALE;
  ! !;
  ! !;
  l_11=l11_0 +l11_1*D_AGE_C;
  OUTPUT: tech1;



INPUT READING TERMINATED NORMALLY



Round 2 Calibration Model

SUMMARY OF ANALYSIS

Number of groups                                                 1
Number of observations                                        1308

Number of dependent variables                                   11
Number of independent variables                                  2
Number of continuous latent variables                            1

Observed dependent variables

  Continuous
   S_CONJ      S_HELPV     S_PRON      S_QUANT     S_QWORDS    S_TIME
   S_WF_N      S_WF_V      S_WE_N      S_WE_V      S_COMPLX

Observed independent variables
   D_AGE_C     D_MALE

Observed auxiliary variables
   ID

Continuous latent variables
   ETA


Estimator                                                       ML
Information matrix                                        OBSERVED
Optimization Specifications for the Quasi-Newton Algorithm for
Continuous Outcomes
  Maximum number of iterations                                 100
  Convergence criterion                                  0.100D-05
Optimization Specifications for the EM Algorithm
  Maximum number of iterations                                 500
  Convergence criteria
    Loglikelihood change                                 0.100D-02
    Relative loglikelihood change                        0.100D-05
    Derivative                                           0.100D-02
Optimization Specifications for the M step of the EM Algorithm for
Categorical Latent variables
  Number of M step iterations                                    1
  M step convergence criterion                           0.100D-02
  Basis for M step termination                           ITERATION
Optimization Specifications for the M step of the EM Algorithm for
Censored, Binary or Ordered Categorical (Ordinal), Unordered
Categorical (Nominal) and Count Outcomes
  Number of M step iterations                                    1
  M step convergence criterion                           0.100D-02
  Basis for M step termination                           ITERATION
  Maximum value for logit thresholds                            15
  Minimum value for logit thresholds                           -15
  Minimum expected cell size for chi-square              0.100D-01
Maximum number of iterations for H1                           2000
Convergence criterion for H1                             0.100D-03
Optimization algorithm                                         EMA
Integration Specifications
  Type                                                  MONTECARLO
  Number of integration points                                   1
  Dimensions of numerical integration                            0
  Adaptive quadrature                                           ON
  Monte Carlo integration seed                                   0
Cholesky                                                       OFF

Input data file(s)
  models/syn_sex/calibration.dat
Input data format  FREE


SUMMARY OF DATA

     Number of missing data patterns             1


COVARIANCE COVERAGE OF DATA

Minimum covariance coverage value   0.100


     PROPORTION OF DATA PRESENT FOR Y


           Covariance Coverage
              S_CONJ        S_HELPV       S_PRON        S_QUANT       S_QWORDS
              ________      ________      ________      ________      ________
 S_CONJ         1.000
 S_HELPV        1.000         1.000
 S_PRON         1.000         1.000         1.000
 S_QUANT        1.000         1.000         1.000         1.000
 S_QWORDS       1.000         1.000         1.000         1.000         1.000
 S_TIME         1.000         1.000         1.000         1.000         1.000
 S_WF_N         1.000         1.000         1.000         1.000         1.000
 S_WF_V         1.000         1.000         1.000         1.000         1.000
 S_WE_N         1.000         1.000         1.000         1.000         1.000
 S_WE_V         1.000         1.000         1.000         1.000         1.000
 S_COMPLX       1.000         1.000         1.000         1.000         1.000
 D_AGE_C        1.000         1.000         1.000         1.000         1.000
 D_MALE         1.000         1.000         1.000         1.000         1.000


           Covariance Coverage
              S_TIME        S_WF_N        S_WF_V        S_WE_N        S_WE_V
              ________      ________      ________      ________      ________
 S_TIME         1.000
 S_WF_N         1.000         1.000
 S_WF_V         1.000         1.000         1.000
 S_WE_N         1.000         1.000         1.000         1.000
 S_WE_V         1.000         1.000         1.000         1.000         1.000
 S_COMPLX       1.000         1.000         1.000         1.000         1.000
 D_AGE_C        1.000         1.000         1.000         1.000         1.000
 D_MALE         1.000         1.000         1.000         1.000         1.000


           Covariance Coverage
              S_COMPLX      D_AGE_C       D_MALE
              ________      ________      ________
 S_COMPLX       1.000
 D_AGE_C        1.000         1.000
 D_MALE         1.000         1.000         1.000



UNIVARIATE SAMPLE STATISTICS


     UNIVARIATE HIGHER-ORDER MOMENT DESCRIPTIVE STATISTICS

         Variable/         Mean/     Skewness/   Minimum/ % with                Percentiles
        Sample Size      Variance    Kurtosis    Maximum  Min/Max      20%/60%    40%/80%    Median

     S_CONJ                0.176       1.715       0.000   63.53%       0.000      0.000      0.000
            1308.000       0.089       1.732       1.000    6.12%       0.000      0.333
     S_HELPV               0.265       0.969       0.000   45.11%       0.000      0.000      0.048
            1308.000       0.114      -0.530       1.000    4.89%       0.190      0.619
     S_PRON                0.300       0.879       0.000   25.76%       0.000      0.080      0.160
            1308.000       0.108      -0.594       1.000    5.35%       0.280      0.640
     S_QUANT               0.279       0.896       0.000   33.33%       0.000      0.059      0.118
            1308.000       0.106      -0.623       1.000    4.13%       0.235      0.647
     S_QWORDS              0.292       0.816       0.000   44.72%       0.000      0.000      0.143
            1308.000       0.116      -0.733       1.000    7.49%       0.286      0.571
     S_TIME                0.272       0.974       0.000   48.85%       0.000      0.000      0.083
            1308.000       0.124      -0.554       1.000    8.49%       0.167      0.667
     S_WF_N                0.300       0.702       0.000   38.91%       0.000      0.200      0.200
            1308.000       0.093      -0.500       1.000    5.58%       0.400      0.600
     S_WF_V                0.233       1.131       0.000   50.92%       0.000      0.000      0.000
            1308.000       0.102      -0.105       1.000    3.90%       0.150      0.550
     S_WE_N                0.048       3.598       0.000   74.85%       0.000      0.000      0.000
            1308.000       0.013      17.278       1.000    0.23%       0.000      0.071
     S_WE_V                0.039       4.718       0.000   71.79%       0.000      0.000      0.000
            1308.000       0.010      30.995       1.000    0.23%       0.000      0.065
     S_COMPLX              0.296       0.772       0.000   48.32%       0.000      0.000      0.027
            1308.000       0.131      -0.974       1.000    5.20%       0.297      0.703
     D_AGE_C              -0.992      -0.002      -7.000   49.77%      -7.000     -7.000      2.500
            1308.000      35.960      -1.999       6.000    0.08%       5.000      5.000
     D_MALE                0.060      -0.119      -1.000   47.02%      -1.000     -1.000      1.000
            1308.000       0.996      -1.986       1.000   52.98%       1.000      1.000


THE MODEL ESTIMATION TERMINATED NORMALLY



MODEL FIT INFORMATION

Number of Free Parameters                       57

Loglikelihood

          H0 Value                        9670.084

Information Criteria

          Akaike (AIC)                  -19226.168
          Bayesian (BIC)                -18931.121
          Sample-Size Adjusted BIC      -19112.183
            (n* = (n + 2) / 24)



MODEL RESULTS

                                                    Two-Tailed
                    Estimate       S.E.  Est./S.E.    P-Value

 ETA      BY
    S_CONJ           999.000      0.000    999.000    999.000
    S_HELPV          999.000      0.000    999.000    999.000
    S_PRON           999.000      0.000    999.000    999.000
    S_QUANT          999.000      0.000    999.000    999.000
    S_QWORDS           0.170      0.006     30.885      0.000
    S_TIME           999.000      0.000    999.000    999.000
    S_WF_N           999.000      0.000    999.000    999.000
    S_WF_V           999.000      0.000    999.000    999.000
    S_WE_N             0.027      0.002     12.219      0.000
    S_WE_V             0.026      0.002     12.092      0.000
    S_COMPLX         999.000      0.000    999.000    999.000

 ETA        ON
    D_AGE_C            0.254      0.022     11.434      0.000
    D_MALE            -0.128      0.031     -4.175      0.000

 S_CONJ     ON
    D_AGE_C            0.003      0.003      1.073      0.283

 S_HELPV    ON
    D_AGE_C            0.011      0.003      3.875      0.000
    D_MALE             0.006      0.003      2.233      0.026

 S_PRON     ON
    D_AGE_C            0.010      0.003      3.649      0.000

 S_QUANT    ON
    D_AGE_C            0.011      0.003      4.293      0.000

 S_QWORDS   ON
    D_AGE_C           -0.001      0.004     -0.287      0.774

 S_TIME     ON
    D_AGE_C            0.014      0.003      5.272      0.000

 S_WF_N     ON
    D_AGE_C            0.013      0.003      4.761      0.000

 S_WF_V     ON
    D_AGE_C            0.011      0.003      4.424      0.000
    D_MALE            -0.002      0.003     -0.529      0.597

 S_COMPLX   ON
    D_AGE_C            0.023      0.002      9.290      0.000
    D_MALE            -0.008      0.004     -2.263      0.024

 Intercepts
    S_CONJ             0.041      0.016      2.542      0.011
    S_HELPV            0.154      0.015     10.536      0.000
    S_PRON             0.225      0.012     18.243      0.000
    S_QUANT            0.187      0.013     14.163      0.000
    S_QWORDS           0.336      0.006     52.590      0.000
    S_TIME             0.160      0.015     10.335      0.000
    S_WF_N             0.298      0.011     27.565      0.000
    S_WF_V             0.124      0.015      8.539      0.000
    S_WE_N             0.055      0.003     18.672      0.000
    S_WE_V             0.046      0.003     17.892      0.000
    S_COMPLX           0.204      0.014     14.345      0.000
    ETA                0.000      0.000    999.000    999.000

 Residual Variances
    S_CONJ             0.019      0.001     23.507      0.000
    S_HELPV            0.006      0.000     18.918      0.000
    S_PRON             0.009      0.000     21.694      0.000
    S_QUANT            0.007      0.000     20.981      0.000
    S_QWORDS           0.023      0.001     22.377      0.000
    S_TIME             0.014      0.001     22.814      0.000
    S_WF_N             0.025      0.001     24.608      0.000
    S_WF_V             0.012      0.001     22.666      0.000
    S_WE_N             0.010      0.000     25.498      0.000
    S_WE_V             0.008      0.000     25.457      0.000
    S_COMPLX           0.015      0.001     23.514      0.000
    ETA                1.000      0.000    999.000    999.000

New/Additional Parameters
    L1_0               0.140      0.005     28.178      0.000
    L1_1               0.018      0.001     22.550      0.000
    L2_0               0.158      0.004     39.200      0.000
    L2_1               0.017      0.001     28.578      0.000
    L2_2               0.002      0.001      1.805      0.071
    L3_0               0.151      0.004     36.294      0.000
    L3_1               0.013      0.001     20.592      0.000
    L4_0               0.148      0.004     37.126      0.000
    L4_1               0.015      0.001     24.717      0.000
    L6_0               0.149      0.005     31.626      0.000
    L6_1               0.018      0.001     23.162      0.000
    L7_0               0.109      0.006     19.599      0.000
    L7_1               0.005      0.001      4.789      0.000
    L8_0               0.139      0.004     31.673      0.000
    L8_1               0.017      0.001     23.527      0.000
    L8_2              -0.003      0.002     -1.515      0.130
    L11_0              0.130      0.005     28.726      0.000
    L11_1              0.016      0.001     21.414      0.000


QUALITY OF NUMERICAL RESULTS

     Condition Number for the Information Matrix              0.163E-07
       (ratio of smallest to largest eigenvalue)


TECHNICAL 1 OUTPUT


     PARAMETER SPECIFICATION


           NU
              S_CONJ        S_HELPV       S_PRON        S_QUANT       S_QWORDS
              ________      ________      ________      ________      ________
                    0             0             0             0             0


           NU
              S_TIME        S_WF_N        S_WF_V        S_WE_N        S_WE_V
              ________      ________      ________      ________      ________
                    0             0             0             1             2


           NU
              S_COMPLX      D_AGE_C       D_MALE
              ________      ________      ________
                    0             0             0


           LAMBDA
              ETA           S_CONJ        S_HELPV       S_PRON        S_QUANT
              ________      ________      ________      ________      ________
 S_CONJ             0             0             0             0             0
 S_HELPV            0             0             0             0             0
 S_PRON             0             0             0             0             0
 S_QUANT            0             0             0             0             0
 S_QWORDS           0             0             0             0             0
 S_TIME             0             0             0             0             0
 S_WF_N             0             0             0             0             0
 S_WF_V             0             0             0             0             0
 S_WE_N             3             0             0             0             0
 S_WE_V             4             0             0             0             0
 S_COMPLX           0             0             0             0             0
 D_AGE_C            0             0             0             0             0
 D_MALE             0             0             0             0             0


           LAMBDA
              S_QWORDS      S_TIME        S_WF_N        S_WF_V        S_COMPLX
              ________      ________      ________      ________      ________
 S_CONJ             0             0             0             0             0
 S_HELPV            0             0             0             0             0
 S_PRON             0             0             0             0             0
 S_QUANT            0             0             0             0             0
 S_QWORDS           0             0             0             0             0
 S_TIME             0             0             0             0             0
 S_WF_N             0             0             0             0             0
 S_WF_V             0             0             0             0             0
 S_WE_N             0             0             0             0             0
 S_WE_V             0             0             0             0             0
 S_COMPLX           0             0             0             0             0
 D_AGE_C            0             0             0             0             0
 D_MALE             0             0             0             0             0


           LAMBDA
              D_AGE_C       D_MALE
              ________      ________
 S_CONJ             0             0
 S_HELPV            0             0
 S_PRON             0             0
 S_QUANT            0             0
 S_QWORDS           0             0
 S_TIME             0             0
 S_WF_N             0             0
 S_WF_V             0             0
 S_WE_N             0             0
 S_WE_V             0             0
 S_COMPLX           0             0
 D_AGE_C            0             0
 D_MALE             0             0


           THETA
              S_CONJ        S_HELPV       S_PRON        S_QUANT       S_QWORDS
              ________      ________      ________      ________      ________
 S_CONJ             0
 S_HELPV            0             0
 S_PRON             0             0             0
 S_QUANT            0             0             0             0
 S_QWORDS           0             0             0             0             0
 S_TIME             0             0             0             0             0
 S_WF_N             0             0             0             0             0
 S_WF_V             0             0             0             0             0
 S_WE_N             0             0             0             0             0
 S_WE_V             0             0             0             0             0
 S_COMPLX           0             0             0             0             0
 D_AGE_C            0             0             0             0             0
 D_MALE             0             0             0             0             0


           THETA
              S_TIME        S_WF_N        S_WF_V        S_WE_N        S_WE_V
              ________      ________      ________      ________      ________
 S_TIME             0
 S_WF_N             0             0
 S_WF_V             0             0             0
 S_WE_N             0             0             0             5
 S_WE_V             0             0             0             0             6
 S_COMPLX           0             0             0             0             0
 D_AGE_C            0             0             0             0             0
 D_MALE             0             0             0             0             0


           THETA
              S_COMPLX      D_AGE_C       D_MALE
              ________      ________      ________
 S_COMPLX           0
 D_AGE_C            0             0
 D_MALE             0             0             0


           ALPHA
              ETA           S_CONJ        S_HELPV       S_PRON        S_QUANT
              ________      ________      ________      ________      ________
                    0             7             8             9            10


           ALPHA
              S_QWORDS      S_TIME        S_WF_N        S_WF_V        S_COMPLX
              ________      ________      ________      ________      ________
                   11            12            13            14            15


           ALPHA
              D_AGE_C       D_MALE
              ________      ________
                    0             0


           BETA
              ETA           S_CONJ        S_HELPV       S_PRON        S_QUANT
              ________      ________      ________      ________      ________
 ETA                0             0             0             0             0
 S_CONJ            18             0             0             0             0
 S_HELPV           20             0             0             0             0
 S_PRON            23             0             0             0             0
 S_QUANT           25             0             0             0             0
 S_QWORDS          27             0             0             0             0
 S_TIME            29             0             0             0             0
 S_WF_N            31             0             0             0             0
 S_WF_V            33             0             0             0             0
 S_COMPLX          36             0             0             0             0
 D_AGE_C            0             0             0             0             0
 D_MALE             0             0             0             0             0


           BETA
              S_QWORDS      S_TIME        S_WF_N        S_WF_V        S_COMPLX
              ________      ________      ________      ________      ________
 ETA                0             0             0             0             0
 S_CONJ             0             0             0             0             0
 S_HELPV            0             0             0             0             0
 S_PRON             0             0             0             0             0
 S_QUANT            0             0             0             0             0
 S_QWORDS           0             0             0             0             0
 S_TIME             0             0             0             0             0
 S_WF_N             0             0             0             0             0
 S_WF_V             0             0             0             0             0
 S_COMPLX           0             0             0             0             0
 D_AGE_C            0             0             0             0             0
 D_MALE             0             0             0             0             0


           BETA
              D_AGE_C       D_MALE
              ________      ________
 ETA               16            17
 S_CONJ            19             0
 S_HELPV           21            22
 S_PRON            24             0
 S_QUANT           26             0
 S_QWORDS          28             0
 S_TIME            30             0
 S_WF_N            32             0
 S_WF_V            34            35
 S_COMPLX          37            38
 D_AGE_C            0             0
 D_MALE             0             0


           PSI
              ETA           S_CONJ        S_HELPV       S_PRON        S_QUANT
              ________      ________      ________      ________      ________
 ETA               39
 S_CONJ             0            40
 S_HELPV            0             0            41
 S_PRON             0             0             0            42
 S_QUANT            0             0             0             0            43
 S_QWORDS           0             0             0             0             0
 S_TIME             0             0             0             0             0
 S_WF_N             0             0             0             0             0
 S_WF_V             0             0             0             0             0
 S_COMPLX           0             0             0             0             0
 D_AGE_C            0             0             0             0             0
 D_MALE             0             0             0             0             0


           PSI
              S_QWORDS      S_TIME        S_WF_N        S_WF_V        S_COMPLX
              ________      ________      ________      ________      ________
 S_QWORDS          44
 S_TIME             0            45
 S_WF_N             0             0            46
 S_WF_V             0             0             0            47
 S_COMPLX           0             0             0             0            48
 D_AGE_C            0             0             0             0             0
 D_MALE             0             0             0             0             0


           PSI
              D_AGE_C       D_MALE
              ________      ________
 D_AGE_C            0
 D_MALE             0             0


     PARAMETER SPECIFICATION FOR THE ADDITIONAL PARAMETERS


           NEW/ADDITIONAL PARAMETERS
              L1_0          L1_1          L2_0          L2_1          L2_2
              ________      ________      ________      ________      ________
                   49            50            51            52            53


           NEW/ADDITIONAL PARAMETERS
              L3_0          L3_1          L4_0          L4_1          L6_0
              ________      ________      ________      ________      ________
                   54            55            56            57            58


           NEW/ADDITIONAL PARAMETERS
              L6_1          L7_0          L7_1          L8_0          L8_1
              ________      ________      ________      ________      ________
                   59            60            61            62            63


           NEW/ADDITIONAL PARAMETERS
              L8_2          L11_0         L11_1
              ________      ________      ________
                   64            65            66


     STARTING VALUES


           NU
              S_CONJ        S_HELPV       S_PRON        S_QUANT       S_QWORDS
              ________      ________      ________      ________      ________
                0.000         0.000         0.000         0.000         0.000


           NU
              S_TIME        S_WF_N        S_WF_V        S_WE_N        S_WE_V
              ________      ________      ________      ________      ________
                0.000         0.000         0.000         0.048         0.039


           NU
              S_COMPLX      D_AGE_C       D_MALE
              ________      ________      ________
                0.000         0.000         0.000


           LAMBDA
              ETA           S_CONJ        S_HELPV       S_PRON        S_QUANT
              ________      ________      ________      ________      ________
 S_CONJ         0.000         1.000         0.000         0.000         0.000
 S_HELPV        0.000         0.000         1.000         0.000         0.000
 S_PRON         0.000         0.000         0.000         1.000         0.000
 S_QUANT        0.000         0.000         0.000         0.000         1.000
 S_QWORDS       0.000         0.000         0.000         0.000         0.000
 S_TIME         0.000         0.000         0.000         0.000         0.000
 S_WF_N         0.000         0.000         0.000         0.000         0.000
 S_WF_V         0.000         0.000         0.000         0.000         0.000
 S_WE_N         1.000         0.000         0.000         0.000         0.000
 S_WE_V         1.000         0.000         0.000         0.000         0.000
 S_COMPLX       0.000         0.000         0.000         0.000         0.000
 D_AGE_C        0.000         0.000         0.000         0.000         0.000
 D_MALE         0.000         0.000         0.000         0.000         0.000


           LAMBDA
              S_QWORDS      S_TIME        S_WF_N        S_WF_V        S_COMPLX
              ________      ________      ________      ________      ________
 S_CONJ         0.000         0.000         0.000         0.000         0.000
 S_HELPV        0.000         0.000         0.000         0.000         0.000
 S_PRON         0.000         0.000         0.000         0.000         0.000
 S_QUANT        0.000         0.000         0.000         0.000         0.000
 S_QWORDS       1.000         0.000         0.000         0.000         0.000
 S_TIME         0.000         1.000         0.000         0.000         0.000
 S_WF_N         0.000         0.000         1.000         0.000         0.000
 S_WF_V         0.000         0.000         0.000         1.000         0.000
 S_WE_N         0.000         0.000         0.000         0.000         0.000
 S_WE_V         0.000         0.000         0.000         0.000         0.000
 S_COMPLX       0.000         0.000         0.000         0.000         1.000
 D_AGE_C        0.000         0.000         0.000         0.000         0.000
 D_MALE         0.000         0.000         0.000         0.000         0.000


           LAMBDA
              D_AGE_C       D_MALE
              ________      ________
 S_CONJ         0.000         0.000
 S_HELPV        0.000         0.000
 S_PRON         0.000         0.000
 S_QUANT        0.000         0.000
 S_QWORDS       0.000         0.000
 S_TIME         0.000         0.000
 S_WF_N         0.000         0.000
 S_WF_V         0.000         0.000
 S_WE_N         0.000         0.000
 S_WE_V         0.000         0.000
 S_COMPLX       0.000         0.000
 D_AGE_C        1.000         0.000
 D_MALE         0.000         1.000


           THETA
              S_CONJ        S_HELPV       S_PRON        S_QUANT       S_QWORDS
              ________      ________      ________      ________      ________
 S_CONJ         0.000
 S_HELPV        0.000         0.000
 S_PRON         0.000         0.000         0.000
 S_QUANT        0.000         0.000         0.000         0.000
 S_QWORDS       0.000         0.000         0.000         0.000         0.000
 S_TIME         0.000         0.000         0.000         0.000         0.000
 S_WF_N         0.000         0.000         0.000         0.000         0.000
 S_WF_V         0.000         0.000         0.000         0.000         0.000
 S_WE_N         0.000         0.000         0.000         0.000         0.000
 S_WE_V         0.000         0.000         0.000         0.000         0.000
 S_COMPLX       0.000         0.000         0.000         0.000         0.000
 D_AGE_C        0.000         0.000         0.000         0.000         0.000
 D_MALE         0.000         0.000         0.000         0.000         0.000


           THETA
              S_TIME        S_WF_N        S_WF_V        S_WE_N        S_WE_V
              ________      ________      ________      ________      ________
 S_TIME         0.000
 S_WF_N         0.000         0.000
 S_WF_V         0.000         0.000         0.000
 S_WE_N         0.000         0.000         0.000         0.006
 S_WE_V         0.000         0.000         0.000         0.000         0.005
 S_COMPLX       0.000         0.000         0.000         0.000         0.000
 D_AGE_C        0.000         0.000         0.000         0.000         0.000
 D_MALE         0.000         0.000         0.000         0.000         0.000


           THETA
              S_COMPLX      D_AGE_C       D_MALE
              ________      ________      ________
 S_COMPLX       0.000
 D_AGE_C        0.000         0.000
 D_MALE         0.000         0.000         0.000


           ALPHA
              ETA           S_CONJ        S_HELPV       S_PRON        S_QUANT
              ________      ________      ________      ________      ________
                0.000         0.176         0.265         0.300         0.279


           ALPHA
              S_QWORDS      S_TIME        S_WF_N        S_WF_V        S_COMPLX
              ________      ________      ________      ________      ________
                0.292         0.272         0.300         0.233         0.296


           ALPHA
              D_AGE_C       D_MALE
              ________      ________
                0.000         0.000


           BETA
              ETA           S_CONJ        S_HELPV       S_PRON        S_QUANT
              ________      ________      ________      ________      ________
 ETA            0.000         0.000         0.000         0.000         0.000
 S_CONJ         1.000         0.000         0.000         0.000         0.000
 S_HELPV        1.000         0.000         0.000         0.000         0.000
 S_PRON         1.000         0.000         0.000         0.000         0.000
 S_QUANT        1.000         0.000         0.000         0.000         0.000
 S_QWORDS       1.000         0.000         0.000         0.000         0.000
 S_TIME         1.000         0.000         0.000         0.000         0.000
 S_WF_N         1.000         0.000         0.000         0.000         0.000
 S_WF_V         1.000         0.000         0.000         0.000         0.000
 S_COMPLX       1.000         0.000         0.000         0.000         0.000
 D_AGE_C        0.000         0.000         0.000         0.000         0.000
 D_MALE         0.000         0.000         0.000         0.000         0.000


           BETA
              S_QWORDS      S_TIME        S_WF_N        S_WF_V        S_COMPLX
              ________      ________      ________      ________      ________
 ETA            0.000         0.000         0.000         0.000         0.000
 S_CONJ         0.000         0.000         0.000         0.000         0.000
 S_HELPV        0.000         0.000         0.000         0.000         0.000
 S_PRON         0.000         0.000         0.000         0.000         0.000
 S_QUANT        0.000         0.000         0.000         0.000         0.000
 S_QWORDS       0.000         0.000         0.000         0.000         0.000
 S_TIME         0.000         0.000         0.000         0.000         0.000
 S_WF_N         0.000         0.000         0.000         0.000         0.000
 S_WF_V         0.000         0.000         0.000         0.000         0.000
 S_COMPLX       0.000         0.000         0.000         0.000         0.000
 D_AGE_C        0.000         0.000         0.000         0.000         0.000
 D_MALE         0.000         0.000         0.000         0.000         0.000


           BETA
              D_AGE_C       D_MALE
              ________      ________
 ETA            0.000         0.000
 S_CONJ         0.000         0.000
 S_HELPV        0.000         0.000
 S_PRON         0.000         0.000
 S_QUANT        0.000         0.000
 S_QWORDS       0.000         0.000
 S_TIME         0.000         0.000
 S_WF_N         0.000         0.000
 S_WF_V         0.000         0.000
 S_COMPLX       0.000         0.000
 D_AGE_C        0.000         0.000
 D_MALE         0.000         0.000


           PSI
              ETA           S_CONJ        S_HELPV       S_PRON        S_QUANT
              ________      ________      ________      ________      ________
 ETA            0.050
 S_CONJ         0.000         0.044
 S_HELPV        0.000         0.000         0.057
 S_PRON         0.000         0.000         0.000         0.054
 S_QUANT        0.000         0.000         0.000         0.000         0.053
 S_QWORDS       0.000         0.000         0.000         0.000         0.000
 S_TIME         0.000         0.000         0.000         0.000         0.000
 S_WF_N         0.000         0.000         0.000         0.000         0.000
 S_WF_V         0.000         0.000         0.000         0.000         0.000
 S_COMPLX       0.000         0.000         0.000         0.000         0.000
 D_AGE_C        0.000         0.000         0.000         0.000         0.000
 D_MALE         0.000         0.000         0.000         0.000         0.000


           PSI
              S_QWORDS      S_TIME        S_WF_N        S_WF_V        S_COMPLX
              ________      ________      ________      ________      ________
 S_QWORDS       0.058
 S_TIME         0.000         0.062
 S_WF_N         0.000         0.000         0.046
 S_WF_V         0.000         0.000         0.000         0.051
 S_COMPLX       0.000         0.000         0.000         0.000         0.065
 D_AGE_C        0.000         0.000         0.000         0.000         0.000
 D_MALE         0.000         0.000         0.000         0.000         0.000


           PSI
              D_AGE_C       D_MALE
              ________      ________
 D_AGE_C       17.980
 D_MALE         0.000         0.498


     STARTING VALUES FOR THE ADDITIONAL PARAMETERS


           NEW/ADDITIONAL PARAMETERS
              L1_0          L1_1          L2_0          L2_1          L2_2
              ________      ________      ________      ________      ________
                1.000         0.000         1.000         0.000         0.000


           NEW/ADDITIONAL PARAMETERS
              L3_0          L3_1          L4_0          L4_1          L6_0
              ________      ________      ________      ________      ________
                1.000         0.000         1.000         0.000         1.000


           NEW/ADDITIONAL PARAMETERS
              L6_1          L7_0          L7_1          L8_0          L8_1
              ________      ________      ________      ________      ________
                0.000         1.000         0.000         1.000         0.000


           NEW/ADDITIONAL PARAMETERS
              L8_2          L11_0         L11_1
              ________      ________      ________
                0.000         1.000         0.000


     Beginning Time:  21:10:07
        Ending Time:  21:10:53
       Elapsed Time:  00:00:46



MUTHEN & MUTHEN
3463 Stoner Ave.
Los Angeles, CA  90066

Tel: (310) 391-9971
Fax: (310) 391-8971
Web: www.StatModel.com
Support: Support@StatModel.com

Copyright (c) 1998-2019 Muthen & Muthen
