Mplus VERSION 8.4
MUTHEN & MUTHEN
11/02/2021  11:04 PM

INPUT INSTRUCTIONS

  TITLE: Scoring Model
  DATA: FILE = "models/syn_sex/full.dat";
  VARIABLE:
  NAMES = ID S_CONJ S_HELPV S_PRON S_QUANT S_QWORDS S_TIME S_WF_N S_WF_V S_WE_N S_WE_V
       S_COMPLX D_AGE_C D_MALE D_AGE_C2;
  MISSING=.;
  !
  !
  !
  USEVARIABLES= S_CONJ S_HELPV S_PRON S_QUANT S_QWORDS S_TIME S_WF_N S_WF_V S_WE_N S_WE_V
   S_COMPLX D_AGE_C D_MALE;
  AUXILIARY=ID;
  !
  !
  !
  CONSTRAINT= D_AGE_C ;
  ANALYSIS: ESTIMATOR=ML; ALGORITHM=INTEGRATION; INTEGRATION=MONTECARLO; PROCESSORS=4;
  MODEL: [ETA@0];ETA*(veta);
  ETA BY S_CONJ*(l_1);
  ETA BY S_HELPV*(l_2);
  ETA BY S_PRON*(l_3);
  ETA BY S_QUANT*(l_4);
  ETA BY S_QWORDS @0.17;
  ETA BY S_TIME*(l_6);
  ETA BY S_WF_N*(l_7);
  ETA BY S_WF_V*(l_8);
  ETA BY S_WE_N @0.028;
  ETA BY S_WE_V @0.026;
  ETA BY S_COMPLX*(l_11);
  ETA ON D_AGE_C@0.249;
  ETA ON D_MALE@-0.125;
  S_CONJ ON D_AGE_C@0.003;
  S_HELPV ON D_AGE_C@0.012;
  S_PRON ON D_AGE_C@0.011;
  S_QUANT ON D_AGE_C@0.012;
  S_TIME ON D_AGE_C@0.015;
  S_WF_N ON D_AGE_C@0.014;
  S_WF_V ON D_AGE_C@0.012;
  S_COMPLX ON D_AGE_C@0.023;
  [S_CONJ@0.045];
  [S_HELPV@0.158];
  [S_PRON@0.227];
  [S_QUANT@0.19];
  [S_QWORDS@0.336];
  [S_TIME@0.163];
  [S_WF_N@0.298];
  [S_WF_V@0.127];
  [S_WE_N@0.055];
  [S_WE_V@0.046];
  [S_COMPLX@0.206];
  MODEL CONSTRAINT:
    veta=1*exp(
    0);
    l_1=0.14 +0.018*D_AGE_C;
    l_2=0.157 +0.017*D_AGE_C;
    l_3=0.151 +0.013*D_AGE_C;
    l_4=0.148 +0.015*D_AGE_C;
    ! !;
    l_6=0.149 +0.018*D_AGE_C;
    l_7=0.109 +0.005*D_AGE_C;
    l_8=0.14 +0.017*D_AGE_C;
    ! !;
    ! !;
    l_11=0.131 +0.016*D_AGE_C;



  OUTPUT: tech1;
  SAVEDATA: SAVE=FSCORES; FILE=scores.dat;



INPUT READING TERMINATED NORMALLY



Scoring Model

SUMMARY OF ANALYSIS

Number of groups                                                 1
Number of observations                                        1308

Number of dependent variables                                   11
Number of independent variables                                  2
Number of continuous latent variables                            1

Observed dependent variables

  Continuous
   S_CONJ      S_HELPV     S_PRON      S_QUANT     S_QWORDS    S_TIME
   S_WF_N      S_WF_V      S_WE_N      S_WE_V      S_COMPLX

Observed independent variables
   D_AGE_C     D_MALE

Observed auxiliary variables
   ID

Continuous latent variables
   ETA


Estimator                                                       ML
Information matrix                                        OBSERVED
Optimization Specifications for the Quasi-Newton Algorithm for
Continuous Outcomes
  Maximum number of iterations                                 100
  Convergence criterion                                  0.100D-05
Optimization Specifications for the EM Algorithm
  Maximum number of iterations                                 500
  Convergence criteria
    Loglikelihood change                                 0.100D-02
    Relative loglikelihood change                        0.100D-05
    Derivative                                           0.100D-02
Optimization Specifications for the M step of the EM Algorithm for
Categorical Latent variables
  Number of M step iterations                                    1
  M step convergence criterion                           0.100D-02
  Basis for M step termination                           ITERATION
Optimization Specifications for the M step of the EM Algorithm for
Censored, Binary or Ordered Categorical (Ordinal), Unordered
Categorical (Nominal) and Count Outcomes
  Number of M step iterations                                    1
  M step convergence criterion                           0.100D-02
  Basis for M step termination                           ITERATION
  Maximum value for logit thresholds                            15
  Minimum value for logit thresholds                           -15
  Minimum expected cell size for chi-square              0.100D-01
Maximum number of iterations for H1                           2000
Convergence criterion for H1                             0.100D-03
Optimization algorithm                                         EMA
Integration Specifications
  Type                                                  MONTECARLO
  Number of integration points                                   1
  Dimensions of numerical integration                            0
  Adaptive quadrature                                           ON
  Monte Carlo integration seed                                   0
Cholesky                                                       OFF

Input data file(s)
  models/syn_sex/full.dat
Input data format  FREE


SUMMARY OF DATA

     Number of missing data patterns             1


COVARIANCE COVERAGE OF DATA

Minimum covariance coverage value   0.100


     PROPORTION OF DATA PRESENT FOR Y


           Covariance Coverage
              S_CONJ        S_HELPV       S_PRON        S_QUANT       S_QWORDS
              ________      ________      ________      ________      ________
 S_CONJ         1.000
 S_HELPV        1.000         1.000
 S_PRON         1.000         1.000         1.000
 S_QUANT        1.000         1.000         1.000         1.000
 S_QWORDS       1.000         1.000         1.000         1.000         1.000
 S_TIME         1.000         1.000         1.000         1.000         1.000
 S_WF_N         1.000         1.000         1.000         1.000         1.000
 S_WF_V         1.000         1.000         1.000         1.000         1.000
 S_WE_N         1.000         1.000         1.000         1.000         1.000
 S_WE_V         1.000         1.000         1.000         1.000         1.000
 S_COMPLX       1.000         1.000         1.000         1.000         1.000
 D_AGE_C        1.000         1.000         1.000         1.000         1.000
 D_MALE         1.000         1.000         1.000         1.000         1.000


           Covariance Coverage
              S_TIME        S_WF_N        S_WF_V        S_WE_N        S_WE_V
              ________      ________      ________      ________      ________
 S_TIME         1.000
 S_WF_N         1.000         1.000
 S_WF_V         1.000         1.000         1.000
 S_WE_N         1.000         1.000         1.000         1.000
 S_WE_V         1.000         1.000         1.000         1.000         1.000
 S_COMPLX       1.000         1.000         1.000         1.000         1.000
 D_AGE_C        1.000         1.000         1.000         1.000         1.000
 D_MALE         1.000         1.000         1.000         1.000         1.000


           Covariance Coverage
              S_COMPLX      D_AGE_C       D_MALE
              ________      ________      ________
 S_COMPLX       1.000
 D_AGE_C        1.000         1.000
 D_MALE         1.000         1.000         1.000



UNIVARIATE SAMPLE STATISTICS


     UNIVARIATE HIGHER-ORDER MOMENT DESCRIPTIVE STATISTICS

         Variable/         Mean/     Skewness/   Minimum/ % with                Percentiles
        Sample Size      Variance    Kurtosis    Maximum  Min/Max      20%/60%    40%/80%    Median

     S_CONJ                0.176       1.715       0.000   63.53%       0.000      0.000      0.000
            1308.000       0.089       1.732       1.000    6.12%       0.000      0.333
     S_HELPV               0.265       0.969       0.000   45.11%       0.000      0.000      0.048
            1308.000       0.114      -0.530       1.000    4.89%       0.190      0.619
     S_PRON                0.300       0.879       0.000   25.76%       0.000      0.080      0.160
            1308.000       0.108      -0.594       1.000    5.35%       0.280      0.640
     S_QUANT               0.279       0.896       0.000   33.33%       0.000      0.059      0.118
            1308.000       0.106      -0.623       1.000    4.13%       0.235      0.647
     S_QWORDS              0.292       0.816       0.000   44.72%       0.000      0.000      0.143
            1308.000       0.116      -0.733       1.000    7.49%       0.286      0.571
     S_TIME                0.272       0.974       0.000   48.85%       0.000      0.000      0.083
            1308.000       0.124      -0.554       1.000    8.49%       0.167      0.667
     S_WF_N                0.300       0.702       0.000   38.91%       0.000      0.200      0.200
            1308.000       0.093      -0.500       1.000    5.58%       0.400      0.600
     S_WF_V                0.233       1.131       0.000   50.92%       0.000      0.000      0.000
            1308.000       0.102      -0.105       1.000    3.90%       0.150      0.550
     S_WE_N                0.048       3.598       0.000   74.85%       0.000      0.000      0.000
            1308.000       0.013      17.278       1.000    0.23%       0.000      0.071
     S_WE_V                0.039       4.718       0.000   71.79%       0.000      0.000      0.000
            1308.000       0.010      30.995       1.000    0.23%       0.000      0.065
     S_COMPLX              0.296       0.772       0.000   48.32%       0.000      0.000      0.027
            1308.000       0.131      -0.974       1.000    5.20%       0.297      0.703
     D_AGE_C              -0.992      -0.002      -7.000   49.77%      -7.000     -7.000      2.500
            1308.000      35.960      -1.999       6.000    0.08%       5.000      5.000
     D_MALE                0.060      -0.119      -1.000   47.02%      -1.000     -1.000      1.000
            1308.000       0.996      -1.986       1.000   52.98%       1.000      1.000


THE MODEL ESTIMATION TERMINATED NORMALLY



MODEL FIT INFORMATION

Number of Free Parameters                       11

Loglikelihood

          H0 Value                        9656.353

Information Criteria

          Akaike (AIC)                  -19290.705
          Bayesian (BIC)                -19233.767
          Sample-Size Adjusted BIC      -19268.708
            (n* = (n + 2) / 24)



MODEL RESULTS

                                                    Two-Tailed
                    Estimate       S.E.  Est./S.E.    P-Value

 ETA      BY
    S_CONJ           999.000      0.000    999.000    999.000
    S_HELPV          999.000      0.000    999.000    999.000
    S_PRON           999.000      0.000    999.000    999.000
    S_QUANT          999.000      0.000    999.000    999.000
    S_QWORDS           0.170      0.000    999.000    999.000
    S_TIME           999.000      0.000    999.000    999.000
    S_WF_N           999.000      0.000    999.000    999.000
    S_WF_V           999.000      0.000    999.000    999.000
    S_WE_N             0.028      0.000    999.000    999.000
    S_WE_V             0.026      0.000    999.000    999.000
    S_COMPLX         999.000      0.000    999.000    999.000

 ETA        ON
    D_AGE_C            0.249      0.000    999.000    999.000
    D_MALE            -0.125      0.000    999.000    999.000

 S_CONJ     ON
    D_AGE_C            0.003      0.000    999.000    999.000

 S_HELPV    ON
    D_AGE_C            0.012      0.000    999.000    999.000

 S_PRON     ON
    D_AGE_C            0.011      0.000    999.000    999.000

 S_QUANT    ON
    D_AGE_C            0.012      0.000    999.000    999.000

 S_TIME     ON
    D_AGE_C            0.015      0.000    999.000    999.000

 S_WF_N     ON
    D_AGE_C            0.014      0.000    999.000    999.000

 S_WF_V     ON
    D_AGE_C            0.012      0.000    999.000    999.000

 S_COMPLX   ON
    D_AGE_C            0.023      0.000    999.000    999.000

 Intercepts
    S_CONJ             0.045      0.000    999.000    999.000
    S_HELPV            0.158      0.000    999.000    999.000
    S_PRON             0.227      0.000    999.000    999.000
    S_QUANT            0.190      0.000    999.000    999.000
    S_QWORDS           0.336      0.000    999.000    999.000
    S_TIME             0.163      0.000    999.000    999.000
    S_WF_N             0.298      0.000    999.000    999.000
    S_WF_V             0.127      0.000    999.000    999.000
    S_WE_N             0.055      0.000    999.000    999.000
    S_WE_V             0.046      0.000    999.000    999.000
    S_COMPLX           0.206      0.000    999.000    999.000
    ETA                0.000      0.000    999.000    999.000

 Residual Variances
    S_CONJ             0.019      0.001     23.628      0.000
    S_HELPV            0.006      0.000     19.438      0.000
    S_PRON             0.009      0.000     21.946      0.000
    S_QUANT            0.007      0.000     21.188      0.000
    S_QWORDS           0.023      0.001     23.348      0.000
    S_TIME             0.014      0.001     22.875      0.000
    S_WF_N             0.025      0.001     24.802      0.000
    S_WF_V             0.012      0.001     22.719      0.000
    S_WE_N             0.010      0.000     25.506      0.000
    S_WE_V             0.008      0.000     25.500      0.000
    S_COMPLX           0.015      0.001     23.567      0.000
    ETA                1.000      0.000    999.000    999.000


QUALITY OF NUMERICAL RESULTS

     Condition Number for the Information Matrix              0.168E-07
       (ratio of smallest to largest eigenvalue)


TECHNICAL 1 OUTPUT


     PARAMETER SPECIFICATION


           NU
              S_CONJ        S_HELPV       S_PRON        S_QUANT       S_QWORDS
              ________      ________      ________      ________      ________
                    0             0             0             0             0


           NU
              S_TIME        S_WF_N        S_WF_V        S_WE_N        S_WE_V
              ________      ________      ________      ________      ________
                    0             0             0             0             0


           NU
              S_COMPLX      D_AGE_C       D_MALE
              ________      ________      ________
                    0             0             0


           LAMBDA
              ETA           S_CONJ        S_HELPV       S_PRON        S_QUANT
              ________      ________      ________      ________      ________
 S_CONJ             0             0             0             0             0
 S_HELPV            0             0             0             0             0
 S_PRON             0             0             0             0             0
 S_QUANT            0             0             0             0             0
 S_QWORDS           0             0             0             0             0
 S_TIME             0             0             0             0             0
 S_WF_N             0             0             0             0             0
 S_WF_V             0             0             0             0             0
 S_WE_N             0             0             0             0             0
 S_WE_V             0             0             0             0             0
 S_COMPLX           0             0             0             0             0
 D_AGE_C            0             0             0             0             0
 D_MALE             0             0             0             0             0


           LAMBDA
              S_TIME        S_WF_N        S_WF_V        S_COMPLX      D_AGE_C
              ________      ________      ________      ________      ________
 S_CONJ             0             0             0             0             0
 S_HELPV            0             0             0             0             0
 S_PRON             0             0             0             0             0
 S_QUANT            0             0             0             0             0
 S_QWORDS           0             0             0             0             0
 S_TIME             0             0             0             0             0
 S_WF_N             0             0             0             0             0
 S_WF_V             0             0             0             0             0
 S_WE_N             0             0             0             0             0
 S_WE_V             0             0             0             0             0
 S_COMPLX           0             0             0             0             0
 D_AGE_C            0             0             0             0             0
 D_MALE             0             0             0             0             0


           LAMBDA
              D_MALE
              ________
 S_CONJ             0
 S_HELPV            0
 S_PRON             0
 S_QUANT            0
 S_QWORDS           0
 S_TIME             0
 S_WF_N             0
 S_WF_V             0
 S_WE_N             0
 S_WE_V             0
 S_COMPLX           0
 D_AGE_C            0
 D_MALE             0


           THETA
              S_CONJ        S_HELPV       S_PRON        S_QUANT       S_QWORDS
              ________      ________      ________      ________      ________
 S_CONJ             0
 S_HELPV            0             0
 S_PRON             0             0             0
 S_QUANT            0             0             0             0
 S_QWORDS           0             0             0             0             1
 S_TIME             0             0             0             0             0
 S_WF_N             0             0             0             0             0
 S_WF_V             0             0             0             0             0
 S_WE_N             0             0             0             0             0
 S_WE_V             0             0             0             0             0
 S_COMPLX           0             0             0             0             0
 D_AGE_C            0             0             0             0             0
 D_MALE             0             0             0             0             0


           THETA
              S_TIME        S_WF_N        S_WF_V        S_WE_N        S_WE_V
              ________      ________      ________      ________      ________
 S_TIME             0
 S_WF_N             0             0
 S_WF_V             0             0             0
 S_WE_N             0             0             0             2
 S_WE_V             0             0             0             0             3
 S_COMPLX           0             0             0             0             0
 D_AGE_C            0             0             0             0             0
 D_MALE             0             0             0             0             0


           THETA
              S_COMPLX      D_AGE_C       D_MALE
              ________      ________      ________
 S_COMPLX           0
 D_AGE_C            0             0
 D_MALE             0             0             0


           ALPHA
              ETA           S_CONJ        S_HELPV       S_PRON        S_QUANT
              ________      ________      ________      ________      ________
                    0             0             0             0             0


           ALPHA
              S_TIME        S_WF_N        S_WF_V        S_COMPLX      D_AGE_C
              ________      ________      ________      ________      ________
                    0             0             0             0             0


           ALPHA
              D_MALE
              ________
                    0


           BETA
              ETA           S_CONJ        S_HELPV       S_PRON        S_QUANT
              ________      ________      ________      ________      ________
 ETA                0             0             0             0             0
 S_CONJ             4             0             0             0             0
 S_HELPV            5             0             0             0             0
 S_PRON             6             0             0             0             0
 S_QUANT            7             0             0             0             0
 S_TIME             8             0             0             0             0
 S_WF_N             9             0             0             0             0
 S_WF_V            10             0             0             0             0
 S_COMPLX          11             0             0             0             0
 D_AGE_C            0             0             0             0             0
 D_MALE             0             0             0             0             0


           BETA
              S_TIME        S_WF_N        S_WF_V        S_COMPLX      D_AGE_C
              ________      ________      ________      ________      ________
 ETA                0             0             0             0             0
 S_CONJ             0             0             0             0             0
 S_HELPV            0             0             0             0             0
 S_PRON             0             0             0             0             0
 S_QUANT            0             0             0             0             0
 S_TIME             0             0             0             0             0
 S_WF_N             0             0             0             0             0
 S_WF_V             0             0             0             0             0
 S_COMPLX           0             0             0             0             0
 D_AGE_C            0             0             0             0             0
 D_MALE             0             0             0             0             0


           BETA
              D_MALE
              ________
 ETA                0
 S_CONJ             0
 S_HELPV            0
 S_PRON             0
 S_QUANT            0
 S_TIME             0
 S_WF_N             0
 S_WF_V             0
 S_COMPLX           0
 D_AGE_C            0
 D_MALE             0


           PSI
              ETA           S_CONJ        S_HELPV       S_PRON        S_QUANT
              ________      ________      ________      ________      ________
 ETA               12
 S_CONJ             0            13
 S_HELPV            0             0            14
 S_PRON             0             0             0            15
 S_QUANT            0             0             0             0            16
 S_TIME             0             0             0             0             0
 S_WF_N             0             0             0             0             0
 S_WF_V             0             0             0             0             0
 S_COMPLX           0             0             0             0             0
 D_AGE_C            0             0             0             0             0
 D_MALE             0             0             0             0             0


           PSI
              S_TIME        S_WF_N        S_WF_V        S_COMPLX      D_AGE_C
              ________      ________      ________      ________      ________
 S_TIME            17
 S_WF_N             0            18
 S_WF_V             0             0            19
 S_COMPLX           0             0             0            20
 D_AGE_C            0             0             0             0             0
 D_MALE             0             0             0             0             0


           PSI
              D_MALE
              ________
 D_MALE             0


     STARTING VALUES


           NU
              S_CONJ        S_HELPV       S_PRON        S_QUANT       S_QWORDS
              ________      ________      ________      ________      ________
                0.000         0.000         0.000         0.000         0.336


           NU
              S_TIME        S_WF_N        S_WF_V        S_WE_N        S_WE_V
              ________      ________      ________      ________      ________
                0.000         0.000         0.000         0.055         0.046


           NU
              S_COMPLX      D_AGE_C       D_MALE
              ________      ________      ________
                0.000         0.000         0.000


           LAMBDA
              ETA           S_CONJ        S_HELPV       S_PRON        S_QUANT
              ________      ________      ________      ________      ________
 S_CONJ         0.000         1.000         0.000         0.000         0.000
 S_HELPV        0.000         0.000         1.000         0.000         0.000
 S_PRON         0.000         0.000         0.000         1.000         0.000
 S_QUANT        0.000         0.000         0.000         0.000         1.000
 S_QWORDS       0.170         0.000         0.000         0.000         0.000
 S_TIME         0.000         0.000         0.000         0.000         0.000
 S_WF_N         0.000         0.000         0.000         0.000         0.000
 S_WF_V         0.000         0.000         0.000         0.000         0.000
 S_WE_N         0.028         0.000         0.000         0.000         0.000
 S_WE_V         0.026         0.000         0.000         0.000         0.000
 S_COMPLX       0.000         0.000         0.000         0.000         0.000
 D_AGE_C        0.000         0.000         0.000         0.000         0.000
 D_MALE         0.000         0.000         0.000         0.000         0.000


           LAMBDA
              S_TIME        S_WF_N        S_WF_V        S_COMPLX      D_AGE_C
              ________      ________      ________      ________      ________
 S_CONJ         0.000         0.000         0.000         0.000         0.000
 S_HELPV        0.000         0.000         0.000         0.000         0.000
 S_PRON         0.000         0.000         0.000         0.000         0.000
 S_QUANT        0.000         0.000         0.000         0.000         0.000
 S_QWORDS       0.000         0.000         0.000         0.000         0.000
 S_TIME         1.000         0.000         0.000         0.000         0.000
 S_WF_N         0.000         1.000         0.000         0.000         0.000
 S_WF_V         0.000         0.000         1.000         0.000         0.000
 S_WE_N         0.000         0.000         0.000         0.000         0.000
 S_WE_V         0.000         0.000         0.000         0.000         0.000
 S_COMPLX       0.000         0.000         0.000         1.000         0.000
 D_AGE_C        0.000         0.000         0.000         0.000         1.000
 D_MALE         0.000         0.000         0.000         0.000         0.000


           LAMBDA
              D_MALE
              ________
 S_CONJ         0.000
 S_HELPV        0.000
 S_PRON         0.000
 S_QUANT        0.000
 S_QWORDS       0.000
 S_TIME         0.000
 S_WF_N         0.000
 S_WF_V         0.000
 S_WE_N         0.000
 S_WE_V         0.000
 S_COMPLX       0.000
 D_AGE_C        0.000
 D_MALE         1.000


           THETA
              S_CONJ        S_HELPV       S_PRON        S_QUANT       S_QWORDS
              ________      ________      ________      ________      ________
 S_CONJ         0.000
 S_HELPV        0.000         0.000
 S_PRON         0.000         0.000         0.000
 S_QUANT        0.000         0.000         0.000         0.000
 S_QWORDS       0.000         0.000         0.000         0.000         0.058
 S_TIME         0.000         0.000         0.000         0.000         0.000
 S_WF_N         0.000         0.000         0.000         0.000         0.000
 S_WF_V         0.000         0.000         0.000         0.000         0.000
 S_WE_N         0.000         0.000         0.000         0.000         0.000
 S_WE_V         0.000         0.000         0.000         0.000         0.000
 S_COMPLX       0.000         0.000         0.000         0.000         0.000
 D_AGE_C        0.000         0.000         0.000         0.000         0.000
 D_MALE         0.000         0.000         0.000         0.000         0.000


           THETA
              S_TIME        S_WF_N        S_WF_V        S_WE_N        S_WE_V
              ________      ________      ________      ________      ________
 S_TIME         0.000
 S_WF_N         0.000         0.000
 S_WF_V         0.000         0.000         0.000
 S_WE_N         0.000         0.000         0.000         0.006
 S_WE_V         0.000         0.000         0.000         0.000         0.005
 S_COMPLX       0.000         0.000         0.000         0.000         0.000
 D_AGE_C        0.000         0.000         0.000         0.000         0.000
 D_MALE         0.000         0.000         0.000         0.000         0.000


           THETA
              S_COMPLX      D_AGE_C       D_MALE
              ________      ________      ________
 S_COMPLX       0.000
 D_AGE_C        0.000         0.000
 D_MALE         0.000         0.000         0.000


           ALPHA
              ETA           S_CONJ        S_HELPV       S_PRON        S_QUANT
              ________      ________      ________      ________      ________
                0.000         0.045         0.158         0.227         0.190


           ALPHA
              S_TIME        S_WF_N        S_WF_V        S_COMPLX      D_AGE_C
              ________      ________      ________      ________      ________
                0.163         0.298         0.127         0.206         0.000


           ALPHA
              D_MALE
              ________
                0.000


           BETA
              ETA           S_CONJ        S_HELPV       S_PRON        S_QUANT
              ________      ________      ________      ________      ________
 ETA            0.000         0.000         0.000         0.000         0.000
 S_CONJ         1.000         0.000         0.000         0.000         0.000
 S_HELPV        1.000         0.000         0.000         0.000         0.000
 S_PRON         1.000         0.000         0.000         0.000         0.000
 S_QUANT        1.000         0.000         0.000         0.000         0.000
 S_TIME         1.000         0.000         0.000         0.000         0.000
 S_WF_N         1.000         0.000         0.000         0.000         0.000
 S_WF_V         1.000         0.000         0.000         0.000         0.000
 S_COMPLX       1.000         0.000         0.000         0.000         0.000
 D_AGE_C        0.000         0.000         0.000         0.000         0.000
 D_MALE         0.000         0.000         0.000         0.000         0.000


           BETA
              S_TIME        S_WF_N        S_WF_V        S_COMPLX      D_AGE_C
              ________      ________      ________      ________      ________
 ETA            0.000         0.000         0.000         0.000         0.249
 S_CONJ         0.000         0.000         0.000         0.000         0.003
 S_HELPV        0.000         0.000         0.000         0.000         0.012
 S_PRON         0.000         0.000         0.000         0.000         0.011
 S_QUANT        0.000         0.000         0.000         0.000         0.012
 S_TIME         0.000         0.000         0.000         0.000         0.015
 S_WF_N         0.000         0.000         0.000         0.000         0.014
 S_WF_V         0.000         0.000         0.000         0.000         0.012
 S_COMPLX       0.000         0.000         0.000         0.000         0.023
 D_AGE_C        0.000         0.000         0.000         0.000         0.000
 D_MALE         0.000         0.000         0.000         0.000         0.000


           BETA
              D_MALE
              ________
 ETA           -0.125
 S_CONJ         0.000
 S_HELPV        0.000
 S_PRON         0.000
 S_QUANT        0.000
 S_TIME         0.000
 S_WF_N         0.000
 S_WF_V         0.000
 S_COMPLX       0.000
 D_AGE_C        0.000
 D_MALE         0.000


           PSI
              ETA           S_CONJ        S_HELPV       S_PRON        S_QUANT
              ________      ________      ________      ________      ________
 ETA            0.050
 S_CONJ         0.000         0.044
 S_HELPV        0.000         0.000         0.057
 S_PRON         0.000         0.000         0.000         0.054
 S_QUANT        0.000         0.000         0.000         0.000         0.053
 S_TIME         0.000         0.000         0.000         0.000         0.000
 S_WF_N         0.000         0.000         0.000         0.000         0.000
 S_WF_V         0.000         0.000         0.000         0.000         0.000
 S_COMPLX       0.000         0.000         0.000         0.000         0.000
 D_AGE_C        0.000         0.000         0.000         0.000         0.000
 D_MALE         0.000         0.000         0.000         0.000         0.000


           PSI
              S_TIME        S_WF_N        S_WF_V        S_COMPLX      D_AGE_C
              ________      ________      ________      ________      ________
 S_TIME         0.062
 S_WF_N         0.000         0.046
 S_WF_V         0.000         0.000         0.051
 S_COMPLX       0.000         0.000         0.000         0.065
 D_AGE_C        0.000         0.000         0.000         0.000        17.980
 D_MALE         0.000         0.000         0.000         0.000         0.000


           PSI
              D_MALE
              ________
 D_MALE         0.498


SAMPLE STATISTICS FOR ESTIMATED FACTOR SCORES


     SAMPLE STATISTICS


           Means
              ETA
              ________
                0.458


           Covariances
              ETA
              ________
 ETA            1.601


           Correlations
              ETA
              ________
 ETA            1.000


SAVEDATA INFORMATION


  Save file
    scores.dat

  Order and format of variables

    S_CONJ         F10.3
    S_HELPV        F10.3
    S_PRON         F10.3
    S_QUANT        F10.3
    S_QWORDS       F10.3
    S_TIME         F10.3
    S_WF_N         F10.3
    S_WF_V         F10.3
    S_WE_N         F10.3
    S_WE_V         F10.3
    S_COMPLX       F10.3
    D_AGE_C        F10.3
    D_MALE         F10.3
    ID             F10.3
    ETA            F10.3

  Save file format
    15F10.3

  Save file record length    10000


     Beginning Time:  23:04:34
        Ending Time:  23:04:45
       Elapsed Time:  00:00:11



MUTHEN & MUTHEN
3463 Stoner Ave.
Los Angeles, CA  90066

Tel: (310) 391-9971
Fax: (310) 391-8971
Web: www.StatModel.com
Support: Support@StatModel.com

Copyright (c) 1998-2019 Muthen & Muthen
