Mplus VERSION 8.4
MUTHEN & MUTHEN
11/02/2021   4:47 PM

INPUT INSTRUCTIONS

  TITLE: Variance Impact Model
  DATA: FILE = "models/syn_sex/calibration.dat";
  VARIABLE:
  NAMES = ID S_CONJ S_HELPV S_PRON S_QUANT S_QWORDS S_TIME S_WF_N S_WF_V S_WE_N S_WE_V
       S_COMPLX D_AGE_C D_MALE D_AGE_C2;
  MISSING=.;
  !
  !
  !
  USEVARIABLES= S_CONJ S_HELPV S_PRON S_QUANT S_QWORDS S_TIME S_WF_N S_WF_V S_WE_N S_WE_V
   S_COMPLX D_AGE_C D_AGE_C2 ;
  AUXILIARY= ID ;
  !
  !
  CONSTRAINT= D_AGE_C D_AGE_C2 ;
  ANALYSIS: ESTIMATOR=ML;ALGORITHM=INTEGRATION;INTEGRATION=MONTECARLO;PROCESSORS=4;
  MODEL: ETA ON D_AGE_C D_AGE_C2 ; ETA*(veta);
  ETA BY S_CONJ*(l1);
  ETA BY S_HELPV*(l2);
  ETA BY S_PRON*(l3);
  ETA BY S_QUANT*(l4);
  ETA BY S_QWORDS*(l5);
  ETA BY S_TIME*(l6);
  ETA BY S_WF_N*(l7);
  ETA BY S_WF_V*(l8);
  ETA BY S_WE_N*(l9);
  ETA BY S_WE_V*(l10);
  ETA BY S_COMPLX*(l11);
  MODEL CONSTRAINT: new(
  v1*0
  v2*0
  );
  veta=1*exp(
  v1*D_AGE_C+
  v2*D_AGE_C2);
  OUTPUT: tech1;



INPUT READING TERMINATED NORMALLY



Variance Impact Model

SUMMARY OF ANALYSIS

Number of groups                                                 1
Number of observations                                        1308

Number of dependent variables                                   11
Number of independent variables                                  2
Number of continuous latent variables                            1

Observed dependent variables

  Continuous
   S_CONJ      S_HELPV     S_PRON      S_QUANT     S_QWORDS    S_TIME
   S_WF_N      S_WF_V      S_WE_N      S_WE_V      S_COMPLX

Observed independent variables
   D_AGE_C     D_AGE_C2

Observed auxiliary variables
   ID

Continuous latent variables
   ETA


Estimator                                                       ML
Information matrix                                        OBSERVED
Optimization Specifications for the Quasi-Newton Algorithm for
Continuous Outcomes
  Maximum number of iterations                                 100
  Convergence criterion                                  0.100D-05
Optimization Specifications for the EM Algorithm
  Maximum number of iterations                                 500
  Convergence criteria
    Loglikelihood change                                 0.100D-02
    Relative loglikelihood change                        0.100D-05
    Derivative                                           0.100D-02
Optimization Specifications for the M step of the EM Algorithm for
Categorical Latent variables
  Number of M step iterations                                    1
  M step convergence criterion                           0.100D-02
  Basis for M step termination                           ITERATION
Optimization Specifications for the M step of the EM Algorithm for
Censored, Binary or Ordered Categorical (Ordinal), Unordered
Categorical (Nominal) and Count Outcomes
  Number of M step iterations                                    1
  M step convergence criterion                           0.100D-02
  Basis for M step termination                           ITERATION
  Maximum value for logit thresholds                            15
  Minimum value for logit thresholds                           -15
  Minimum expected cell size for chi-square              0.100D-01
Maximum number of iterations for H1                           2000
Convergence criterion for H1                             0.100D-03
Optimization algorithm                                         EMA
Integration Specifications
  Type                                                  MONTECARLO
  Number of integration points                                   1
  Dimensions of numerical integration                            0
  Adaptive quadrature                                           ON
  Monte Carlo integration seed                                   0
Cholesky                                                       OFF

Input data file(s)
  models/syn_sex/calibration.dat
Input data format  FREE


SUMMARY OF DATA

     Number of missing data patterns             1


COVARIANCE COVERAGE OF DATA

Minimum covariance coverage value   0.100


     PROPORTION OF DATA PRESENT FOR Y


           Covariance Coverage
              S_CONJ        S_HELPV       S_PRON        S_QUANT       S_QWORDS
              ________      ________      ________      ________      ________
 S_CONJ         1.000
 S_HELPV        1.000         1.000
 S_PRON         1.000         1.000         1.000
 S_QUANT        1.000         1.000         1.000         1.000
 S_QWORDS       1.000         1.000         1.000         1.000         1.000
 S_TIME         1.000         1.000         1.000         1.000         1.000
 S_WF_N         1.000         1.000         1.000         1.000         1.000
 S_WF_V         1.000         1.000         1.000         1.000         1.000
 S_WE_N         1.000         1.000         1.000         1.000         1.000
 S_WE_V         1.000         1.000         1.000         1.000         1.000
 S_COMPLX       1.000         1.000         1.000         1.000         1.000
 D_AGE_C        1.000         1.000         1.000         1.000         1.000
 D_AGE_C2       1.000         1.000         1.000         1.000         1.000


           Covariance Coverage
              S_TIME        S_WF_N        S_WF_V        S_WE_N        S_WE_V
              ________      ________      ________      ________      ________
 S_TIME         1.000
 S_WF_N         1.000         1.000
 S_WF_V         1.000         1.000         1.000
 S_WE_N         1.000         1.000         1.000         1.000
 S_WE_V         1.000         1.000         1.000         1.000         1.000
 S_COMPLX       1.000         1.000         1.000         1.000         1.000
 D_AGE_C        1.000         1.000         1.000         1.000         1.000
 D_AGE_C2       1.000         1.000         1.000         1.000         1.000


           Covariance Coverage
              S_COMPLX      D_AGE_C       D_AGE_C2
              ________      ________      ________
 S_COMPLX       1.000
 D_AGE_C        1.000         1.000
 D_AGE_C2       1.000         1.000         1.000



UNIVARIATE SAMPLE STATISTICS


     UNIVARIATE HIGHER-ORDER MOMENT DESCRIPTIVE STATISTICS

         Variable/         Mean/     Skewness/   Minimum/ % with                Percentiles
        Sample Size      Variance    Kurtosis    Maximum  Min/Max      20%/60%    40%/80%    Median

     S_CONJ                0.176       1.715       0.000   63.53%       0.000      0.000      0.000
            1308.000       0.089       1.732       1.000    6.12%       0.000      0.333
     S_HELPV               0.265       0.969       0.000   45.11%       0.000      0.000      0.048
            1308.000       0.114      -0.530       1.000    4.89%       0.190      0.619
     S_PRON                0.300       0.879       0.000   25.76%       0.000      0.080      0.160
            1308.000       0.108      -0.594       1.000    5.35%       0.280      0.640
     S_QUANT               0.279       0.896       0.000   33.33%       0.000      0.059      0.118
            1308.000       0.106      -0.623       1.000    4.13%       0.235      0.647
     S_QWORDS              0.292       0.816       0.000   44.72%       0.000      0.000      0.143
            1308.000       0.116      -0.733       1.000    7.49%       0.286      0.571
     S_TIME                0.272       0.974       0.000   48.85%       0.000      0.000      0.083
            1308.000       0.124      -0.554       1.000    8.49%       0.167      0.667
     S_WF_N                0.300       0.702       0.000   38.91%       0.000      0.200      0.200
            1308.000       0.093      -0.500       1.000    5.58%       0.400      0.600
     S_WF_V                0.233       1.131       0.000   50.92%       0.000      0.000      0.000
            1308.000       0.102      -0.105       1.000    3.90%       0.150      0.550
     S_WE_N                0.048       3.598       0.000   74.85%       0.000      0.000      0.000
            1308.000       0.013      17.278       1.000    0.23%       0.000      0.071
     S_WE_V                0.039       4.718       0.000   71.79%       0.000      0.000      0.000
            1308.000       0.010      30.995       1.000    0.23%       0.000      0.065
     S_COMPLX              0.296       0.772       0.000   48.32%       0.000      0.000      0.027
            1308.000       0.131      -0.974       1.000    5.20%       0.297      0.703
     D_AGE_C              -0.992      -0.002      -7.000   49.77%      -7.000     -7.000      2.500
            1308.000      35.960      -1.999       6.000    0.08%       5.000      5.000
     D_AGE_C2             36.945      -0.012       1.000    0.08%      25.000     25.000     30.500
            1308.000     144.777      -1.946      49.000   49.77%      49.000     49.000


THE MODEL ESTIMATION TERMINATED NORMALLY



MODEL FIT INFORMATION

Number of Free Parameters                       37

Loglikelihood

          H0 Value                        9624.203

Information Criteria

          Akaike (AIC)                  -19174.405
          Bayesian (BIC)                -18982.884
          Sample-Size Adjusted BIC      -19100.415
            (n* = (n + 2) / 24)



MODEL RESULTS

                                                    Two-Tailed
                    Estimate       S.E.  Est./S.E.    P-Value

 ETA      BY
    S_CONJ             0.022      0.121      0.183      0.855
    S_HELPV            0.028      0.154      0.183      0.855
    S_PRON             0.027      0.148      0.183      0.855
    S_QUANT            0.027      0.148      0.183      0.855
    S_QWORDS           0.027      0.147      0.183      0.855
    S_TIME             0.028      0.156      0.183      0.855
    S_WF_N             0.022      0.119      0.183      0.855
    S_WF_V             0.026      0.141      0.183      0.855
    S_WE_N             0.004      0.023      0.183      0.855
    S_WE_V             0.004      0.023      0.183      0.855
    S_COMPLX           0.029      0.159      0.183      0.855

 ETA        ON
    D_AGE_C            1.801      9.586      0.188      0.851
    D_AGE_C2           0.133      0.588      0.226      0.821

 Intercepts
    S_CONJ             0.107      0.118      0.906      0.365
    S_HELPV            0.177      0.150      1.186      0.235
    S_PRON             0.215      0.144      1.498      0.134
    S_QUANT            0.195      0.144      1.357      0.175
    S_QWORDS           0.209      0.142      1.470      0.141
    S_TIME             0.184      0.151      1.214      0.225
    S_WF_N             0.233      0.116      2.011      0.044
    S_WF_V             0.153      0.136      1.125      0.261
    S_WE_N             0.035      0.023      1.518      0.129
    S_WE_V             0.026      0.022      1.178      0.239
    S_COMPLX           0.205      0.155      1.325      0.185

 Residual Variances
    S_CONJ             0.022      0.001     24.471      0.000
    S_HELPV            0.007      0.000     20.195      0.000
    S_PRON             0.009      0.000     21.698      0.000
    S_QUANT            0.008      0.000     21.004      0.000
    S_QWORDS           0.019      0.001     23.947      0.000
    S_TIME             0.014      0.001     22.845      0.000
    S_WF_N             0.029      0.001     24.885      0.000
    S_WF_V             0.013      0.001     22.945      0.000
    S_WE_N             0.010      0.000     25.491      0.000
    S_WE_V             0.008      0.000     25.465      0.000
    S_COMPLX           0.016      0.001     22.902      0.000
    ETA              999.000      0.000    999.000    999.000

New/Additional Parameters
    V1                 0.562      0.625      0.899      0.368
    V2                 0.072      0.313      0.230      0.818


QUALITY OF NUMERICAL RESULTS

     Condition Number for the Information Matrix              0.408E-09
       (ratio of smallest to largest eigenvalue)


TECHNICAL 1 OUTPUT


     PARAMETER SPECIFICATION


           NU
              S_CONJ        S_HELPV       S_PRON        S_QUANT       S_QWORDS
              ________      ________      ________      ________      ________
                    1             2             3             4             5


           NU
              S_TIME        S_WF_N        S_WF_V        S_WE_N        S_WE_V
              ________      ________      ________      ________      ________
                    6             7             8             9            10


           NU
              S_COMPLX      D_AGE_C       D_AGE_C2
              ________      ________      ________
                   11             0             0


           LAMBDA
              ETA           D_AGE_C       D_AGE_C2
              ________      ________      ________
 S_CONJ            12             0             0
 S_HELPV           13             0             0
 S_PRON            14             0             0
 S_QUANT           15             0             0
 S_QWORDS          16             0             0
 S_TIME            17             0             0
 S_WF_N            18             0             0
 S_WF_V            19             0             0
 S_WE_N            20             0             0
 S_WE_V            21             0             0
 S_COMPLX          22             0             0
 D_AGE_C            0             0             0
 D_AGE_C2           0             0             0


           THETA
              S_CONJ        S_HELPV       S_PRON        S_QUANT       S_QWORDS
              ________      ________      ________      ________      ________
 S_CONJ            23
 S_HELPV            0            24
 S_PRON             0             0            25
 S_QUANT            0             0             0            26
 S_QWORDS           0             0             0             0            27
 S_TIME             0             0             0             0             0
 S_WF_N             0             0             0             0             0
 S_WF_V             0             0             0             0             0
 S_WE_N             0             0             0             0             0
 S_WE_V             0             0             0             0             0
 S_COMPLX           0             0             0             0             0
 D_AGE_C            0             0             0             0             0
 D_AGE_C2           0             0             0             0             0


           THETA
              S_TIME        S_WF_N        S_WF_V        S_WE_N        S_WE_V
              ________      ________      ________      ________      ________
 S_TIME            28
 S_WF_N             0            29
 S_WF_V             0             0            30
 S_WE_N             0             0             0            31
 S_WE_V             0             0             0             0            32
 S_COMPLX           0             0             0             0             0
 D_AGE_C            0             0             0             0             0
 D_AGE_C2           0             0             0             0             0


           THETA
              S_COMPLX      D_AGE_C       D_AGE_C2
              ________      ________      ________
 S_COMPLX          33
 D_AGE_C            0             0
 D_AGE_C2           0             0             0


           ALPHA
              ETA           D_AGE_C       D_AGE_C2
              ________      ________      ________
                    0             0             0


           BETA
              ETA           D_AGE_C       D_AGE_C2
              ________      ________      ________
 ETA                0            34            35
 D_AGE_C            0             0             0
 D_AGE_C2           0             0             0


           PSI
              ETA           D_AGE_C       D_AGE_C2
              ________      ________      ________
 ETA               36
 D_AGE_C            0             0
 D_AGE_C2           0             0             0


     PARAMETER SPECIFICATION FOR THE ADDITIONAL PARAMETERS


           NEW/ADDITIONAL PARAMETERS
              V1            V2
              ________      ________
                   37            38


     STARTING VALUES


           NU
              S_CONJ        S_HELPV       S_PRON        S_QUANT       S_QWORDS
              ________      ________      ________      ________      ________
                0.176         0.265         0.300         0.279         0.292


           NU
              S_TIME        S_WF_N        S_WF_V        S_WE_N        S_WE_V
              ________      ________      ________      ________      ________
                0.272         0.300         0.233         0.048         0.039


           NU
              S_COMPLX      D_AGE_C       D_AGE_C2
              ________      ________      ________
                0.296         0.000         0.000


           LAMBDA
              ETA           D_AGE_C       D_AGE_C2
              ________      ________      ________
 S_CONJ         1.000         0.000         0.000
 S_HELPV        1.000         0.000         0.000
 S_PRON         1.000         0.000         0.000
 S_QUANT        1.000         0.000         0.000
 S_QWORDS       1.000         0.000         0.000
 S_TIME         1.000         0.000         0.000
 S_WF_N         1.000         0.000         0.000
 S_WF_V         1.000         0.000         0.000
 S_WE_N         1.000         0.000         0.000
 S_WE_V         1.000         0.000         0.000
 S_COMPLX       1.000         0.000         0.000
 D_AGE_C        0.000         1.000         0.000
 D_AGE_C2       0.000         0.000         1.000


           THETA
              S_CONJ        S_HELPV       S_PRON        S_QUANT       S_QWORDS
              ________      ________      ________      ________      ________
 S_CONJ         0.044
 S_HELPV        0.000         0.057
 S_PRON         0.000         0.000         0.054
 S_QUANT        0.000         0.000         0.000         0.053
 S_QWORDS       0.000         0.000         0.000         0.000         0.058
 S_TIME         0.000         0.000         0.000         0.000         0.000
 S_WF_N         0.000         0.000         0.000         0.000         0.000
 S_WF_V         0.000         0.000         0.000         0.000         0.000
 S_WE_N         0.000         0.000         0.000         0.000         0.000
 S_WE_V         0.000         0.000         0.000         0.000         0.000
 S_COMPLX       0.000         0.000         0.000         0.000         0.000
 D_AGE_C        0.000         0.000         0.000         0.000         0.000
 D_AGE_C2       0.000         0.000         0.000         0.000         0.000


           THETA
              S_TIME        S_WF_N        S_WF_V        S_WE_N        S_WE_V
              ________      ________      ________      ________      ________
 S_TIME         0.062
 S_WF_N         0.000         0.046
 S_WF_V         0.000         0.000         0.051
 S_WE_N         0.000         0.000         0.000         0.006
 S_WE_V         0.000         0.000         0.000         0.000         0.005
 S_COMPLX       0.000         0.000         0.000         0.000         0.000
 D_AGE_C        0.000         0.000         0.000         0.000         0.000
 D_AGE_C2       0.000         0.000         0.000         0.000         0.000


           THETA
              S_COMPLX      D_AGE_C       D_AGE_C2
              ________      ________      ________
 S_COMPLX       0.065
 D_AGE_C        0.000         0.000
 D_AGE_C2       0.000         0.000         0.000


           ALPHA
              ETA           D_AGE_C       D_AGE_C2
              ________      ________      ________
                0.000         0.000         0.000


           BETA
              ETA           D_AGE_C       D_AGE_C2
              ________      ________      ________
 ETA            0.000         0.000         0.000
 D_AGE_C        0.000         0.000         0.000
 D_AGE_C2       0.000         0.000         0.000


           PSI
              ETA           D_AGE_C       D_AGE_C2
              ________      ________      ________
 ETA            0.050
 D_AGE_C        0.000        17.980
 D_AGE_C2       0.000         0.000        72.388


     STARTING VALUES FOR THE ADDITIONAL PARAMETERS


           NEW/ADDITIONAL PARAMETERS
              V1            V2
              ________      ________
                0.000         0.000


     Beginning Time:  16:47:29
        Ending Time:  16:49:16
       Elapsed Time:  00:01:47



MUTHEN & MUTHEN
3463 Stoner Ave.
Los Angeles, CA  90066

Tel: (310) 391-9971
Fax: (310) 391-8971
Web: www.StatModel.com
Support: Support@StatModel.com

Copyright (c) 1998-2019 Muthen & Muthen
