Mplus VERSION 8.4
MUTHEN & MUTHEN
11/02/2021  10:42 PM

INPUT INSTRUCTIONS

  TITLE: Final Model to Get Scoring Parameters
  DATA: FILE = "models/syn_3d/calibration.dat";
  VARIABLE:
  NAMES = ID S_CONJ S_HELPV S_PRON S_QUANT S_QWORDS S_TIME S_WF_N S_WF_V S_WE_N S_WE_V
       S_COMPLX D_AGE_C D_AGE_C2 D_MALE D_FIRSTB D_MOMCOL D_AGESEX D_AG2SEX;
  MISSING=.;
  !
  !
  !
  USEVARIABLES= S_CONJ S_HELPV S_PRON S_QUANT S_QWORDS S_TIME S_WF_N S_WF_V S_WE_N S_WE_V
   S_COMPLX D_AGE_C D_AGE_C2 D_MALE D_FIRSTB D_MOMCOL D_AGESEX;
  AUXILIARY= ID ;
  !
  !
  CONSTRAINT= D_AGE_C2 D_AGE_C D_FIRSTB D_MOMCOL D_AGESEX ;
  ANALYSIS: ESTIMATOR=ML;ALGORITHM=INTEGRATION;INTEGRATION=MONTECARLO;PROCESSORS=4;
  MODEL: [ETA@0];ETA*(veta);
  ETA BY S_CONJ*(l_1);
  ETA BY S_HELPV*(l_2);
  ETA BY S_PRON*(l_3);
  ETA BY S_QUANT*(l_4);
  ETA BY S_QWORDS*(l_5);
  ETA BY S_TIME*(l_6);
  ETA BY S_WF_N*(l_7);
  ETA BY S_WF_V*(l_8);
  ETA BY S_WE_N*(l_9);
  ETA BY S_WE_V*(l_10);
  ETA BY S_COMPLX*(l_11);
  ETA ON D_AGE_C; ETA ON D_MALE; ETA ON D_FIRSTB; ETA ON D_MOMCOL; ETA ON D_AGESEX;
  S_CONJ on D_AGE_C;

  S_HELPV on D_AGE_C;


  S_PRON on D_AGE_C;



  S_QUANT on D_AGE_C;




  S_QWORDS on D_AGE_C;





  S_TIME on D_AGE_C D_FIRSTB D_AGESEX;






  S_WF_N on D_AGE_C D_AGE_C2 D_FIRSTB;







  S_WF_V on D_AGE_C;








  S_WE_N on D_AGE_C D_MOMCOL;









  S_WE_V on D_AGE_C D_FIRSTB D_MOMCOL;










  S_COMPLX on D_AGE_C D_MALE D_MOMCOL;
  MODEL CONSTRAINT: new(
  V2*0
  !
  l1_0*1   l1_1*0
  l2_0*1   l2_1*0
  l3_0*1   l3_1*0
  l4_0*1   l4_1*0
  l5_0*1   l5_1*0
  l6_0*1   l6_1*0  l6_6*0
  l7_0*1   l7_2*0
  l8_0*1   l8_1*0
  l9_0*1   l9_5*0
  l10_0*1   l10_1*0  l10_4*0  l10_5*0
  l11_0*1   l11_1*0  l11_5*0
  );
  veta=1*exp(
  v2*D_AGE_C2+
  0);
  l_1=l1_0 +l1_1*D_AGE_C;
  l_2=l2_0 +l2_1*D_AGE_C;
  l_3=l3_0 +l3_1*D_AGE_C;
  l_4=l4_0 +l4_1*D_AGE_C;
  l_5=l5_0 +l5_1*D_AGE_C;
  l_6=l6_0 +l6_1*D_AGE_C +l6_6*D_AGESEX;
  l_7=l7_0 +l7_2*D_AGE_C2;
  l_8=l8_0 +l8_1*D_AGE_C;
  l_9=l9_0 +l9_5*D_MOMCOL;
  l_10=l10_0 +l10_1*D_AGE_C +l10_4*D_FIRSTB +l10_5*D_MOMCOL;
  l_11=l11_0 +l11_1*D_AGE_C +l11_5*D_MOMCOL;



INPUT READING TERMINATED NORMALLY



Final Model to Get Scoring Parameters

SUMMARY OF ANALYSIS

Number of groups                                                 1
Number of observations                                        2766

Number of dependent variables                                   11
Number of independent variables                                  6
Number of continuous latent variables                            1

Observed dependent variables

  Continuous
   S_CONJ      S_HELPV     S_PRON      S_QUANT     S_QWORDS    S_TIME
   S_WF_N      S_WF_V      S_WE_N      S_WE_V      S_COMPLX

Observed independent variables
   D_AGE_C     D_AGE_C2    D_MALE      D_FIRSTB    D_MOMCOL    D_AGESEX

Observed auxiliary variables
   ID

Continuous latent variables
   ETA


Estimator                                                       ML
Information matrix                                        OBSERVED
Optimization Specifications for the Quasi-Newton Algorithm for
Continuous Outcomes
  Maximum number of iterations                                 100
  Convergence criterion                                  0.100D-05
Optimization Specifications for the EM Algorithm
  Maximum number of iterations                                 500
  Convergence criteria
    Loglikelihood change                                 0.100D-02
    Relative loglikelihood change                        0.100D-05
    Derivative                                           0.100D-02
Optimization Specifications for the M step of the EM Algorithm for
Categorical Latent variables
  Number of M step iterations                                    1
  M step convergence criterion                           0.100D-02
  Basis for M step termination                           ITERATION
Optimization Specifications for the M step of the EM Algorithm for
Censored, Binary or Ordered Categorical (Ordinal), Unordered
Categorical (Nominal) and Count Outcomes
  Number of M step iterations                                    1
  M step convergence criterion                           0.100D-02
  Basis for M step termination                           ITERATION
  Maximum value for logit thresholds                            15
  Minimum value for logit thresholds                           -15
  Minimum expected cell size for chi-square              0.100D-01
Maximum number of iterations for H1                           2000
Convergence criterion for H1                             0.100D-03
Optimization algorithm                                         EMA
Integration Specifications
  Type                                                  MONTECARLO
  Number of integration points                                   1
  Dimensions of numerical integration                            0
  Adaptive quadrature                                           ON
  Monte Carlo integration seed                                   0
Cholesky                                                       OFF

Input data file(s)
  models/syn_3d/calibration.dat
Input data format  FREE


SUMMARY OF DATA

     Number of missing data patterns             1


COVARIANCE COVERAGE OF DATA

Minimum covariance coverage value   0.100


     PROPORTION OF DATA PRESENT FOR Y


           Covariance Coverage
              S_CONJ        S_HELPV       S_PRON        S_QUANT       S_QWORDS
              ________      ________      ________      ________      ________
 S_CONJ         1.000
 S_HELPV        1.000         1.000
 S_PRON         1.000         1.000         1.000
 S_QUANT        1.000         1.000         1.000         1.000
 S_QWORDS       1.000         1.000         1.000         1.000         1.000
 S_TIME         1.000         1.000         1.000         1.000         1.000
 S_WF_N         1.000         1.000         1.000         1.000         1.000
 S_WF_V         1.000         1.000         1.000         1.000         1.000
 S_WE_N         1.000         1.000         1.000         1.000         1.000
 S_WE_V         1.000         1.000         1.000         1.000         1.000
 S_COMPLX       1.000         1.000         1.000         1.000         1.000
 D_AGE_C        1.000         1.000         1.000         1.000         1.000
 D_AGE_C2       1.000         1.000         1.000         1.000         1.000
 D_MALE         1.000         1.000         1.000         1.000         1.000
 D_FIRSTB       1.000         1.000         1.000         1.000         1.000
 D_MOMCOL       1.000         1.000         1.000         1.000         1.000
 D_AGESEX       1.000         1.000         1.000         1.000         1.000


           Covariance Coverage
              S_TIME        S_WF_N        S_WF_V        S_WE_N        S_WE_V
              ________      ________      ________      ________      ________
 S_TIME         1.000
 S_WF_N         1.000         1.000
 S_WF_V         1.000         1.000         1.000
 S_WE_N         1.000         1.000         1.000         1.000
 S_WE_V         1.000         1.000         1.000         1.000         1.000
 S_COMPLX       1.000         1.000         1.000         1.000         1.000
 D_AGE_C        1.000         1.000         1.000         1.000         1.000
 D_AGE_C2       1.000         1.000         1.000         1.000         1.000
 D_MALE         1.000         1.000         1.000         1.000         1.000
 D_FIRSTB       1.000         1.000         1.000         1.000         1.000
 D_MOMCOL       1.000         1.000         1.000         1.000         1.000
 D_AGESEX       1.000         1.000         1.000         1.000         1.000


           Covariance Coverage
              S_COMPLX      D_AGE_C       D_AGE_C2      D_MALE        D_FIRSTB
              ________      ________      ________      ________      ________
 S_COMPLX       1.000
 D_AGE_C        1.000         1.000
 D_AGE_C2       1.000         1.000         1.000
 D_MALE         1.000         1.000         1.000         1.000
 D_FIRSTB       1.000         1.000         1.000         1.000         1.000
 D_MOMCOL       1.000         1.000         1.000         1.000         1.000
 D_AGESEX       1.000         1.000         1.000         1.000         1.000


           Covariance Coverage
              D_MOMCOL      D_AGESEX
              ________      ________
 D_MOMCOL       1.000
 D_AGESEX       1.000         1.000



UNIVARIATE SAMPLE STATISTICS


     UNIVARIATE HIGHER-ORDER MOMENT DESCRIPTIVE STATISTICS

         Variable/         Mean/     Skewness/   Minimum/ % with                Percentiles
        Sample Size      Variance    Kurtosis    Maximum  Min/Max      20%/60%    40%/80%    Median

     S_CONJ                0.132       2.167       0.000   67.25%       0.000      0.000      0.000
            2766.000       0.062       3.990       1.000    3.40%       0.000      0.167
     S_HELPV               0.212       1.398       0.000   36.62%       0.000      0.048      0.048
            2766.000       0.080       0.843       1.000    2.96%       0.143      0.429
     S_PRON                0.257       1.246       0.000   15.37%       0.040      0.120      0.160
            2766.000       0.075       0.569       1.000    2.49%       0.200      0.480
     S_QUANT               0.236       1.241       0.000   27.11%       0.000      0.059      0.118
            2766.000       0.078       0.438       1.000    2.35%       0.176      0.471
     S_QWORDS              0.248       1.100       0.000   42.91%       0.000      0.000      0.143
            2766.000       0.090       0.097       1.000    4.66%       0.286      0.571
     S_TIME                0.229       1.282       0.000   42.23%       0.000      0.000      0.083
            2766.000       0.090       0.457       1.000    4.30%       0.167      0.500
     S_WF_N                0.322       0.492       0.000   25.74%       0.000      0.200      0.400
            2766.000       0.066      -0.178       1.000    2.86%       0.400      0.600
     S_WF_V                0.187       1.564       0.000   42.37%       0.000      0.000      0.050
            2766.000       0.072       1.427       1.000    2.13%       0.100      0.350
     S_WE_N                0.066       2.603       0.000   66.20%       0.000      0.000      0.000
            2766.000       0.016       8.720       1.000    0.11%       0.000      0.143
     S_WE_V                0.038       4.398       0.000   70.50%       0.000      0.000      0.000
            2766.000       0.008      28.722       1.000    0.11%       0.000      0.065
     S_COMPLX              0.241       1.159       0.000   37.85%       0.000      0.027      0.081
            2766.000       0.095       0.029       1.000    2.82%       0.162      0.541
     D_AGE_C              -0.267       0.087      -7.000    6.69%      -5.000     -2.000      1.000
            2766.000      18.040      -1.118       7.000    8.17%       1.000      4.000
     D_AGE_C2             18.112       0.675       0.000    4.92%       1.000      9.000     16.000
            2766.000     285.153      -0.881      49.000   14.86%      16.000     36.000
     D_MALE                0.013      -0.026      -1.000   49.35%      -1.000     -1.000      1.000
            2766.000       1.000      -1.999       1.000   50.65%       1.000      1.000
     D_FIRSTB              0.030      -0.059      -1.000   48.52%      -1.000     -1.000      1.000
            2766.000       0.999      -1.996       1.000   51.48%       1.000      1.000
     D_MOMCOL              0.165      -0.334      -1.000   41.76%      -1.000     -1.000      1.000
            2766.000       0.973      -1.888       1.000   58.24%       1.000      1.000
     D_AGESEX              0.056      -0.017      -7.000    7.30%      -4.000     -1.000      0.000
            2766.000      18.109      -1.130       7.000    7.56%       1.000      4.000


THE MODEL ESTIMATION TERMINATED NORMALLY



MODEL FIT INFORMATION

Number of Free Parameters                       74

Loglikelihood

          H0 Value                       19556.579

Information Criteria

          Akaike (AIC)                  -38965.158
          Bayesian (BIC)                -38526.697
          Sample-Size Adjusted BIC      -38761.819
            (n* = (n + 2) / 24)



MODEL RESULTS

                                                    Two-Tailed
                    Estimate       S.E.  Est./S.E.    P-Value

 ETA      BY
    S_CONJ           999.000      0.000    999.000    999.000
    S_HELPV          999.000      0.000    999.000    999.000
    S_PRON           999.000      0.000    999.000    999.000
    S_QUANT          999.000      0.000    999.000    999.000
    S_QWORDS         999.000      0.000    999.000    999.000
    S_TIME           999.000      0.000    999.000    999.000
    S_WF_N           999.000      0.000    999.000    999.000
    S_WF_V           999.000      0.000    999.000    999.000
    S_WE_N           999.000      0.000    999.000    999.000
    S_WE_V           999.000      0.000    999.000    999.000
    S_COMPLX         999.000      0.000    999.000    999.000

 ETA        ON
    D_AGE_C            0.090      0.006     14.301      0.000
    D_MALE            -0.147      0.018     -8.331      0.000
    D_FIRSTB           0.065      0.018      3.676      0.000
    D_MOMCOL           0.051      0.018      2.897      0.004
    D_AGESEX          -0.010      0.004     -2.654      0.008

 S_CONJ     ON
    D_AGE_C            0.015      0.001     15.331      0.000

 S_HELPV    ON
    D_AGE_C            0.022      0.001     20.572      0.000

 S_PRON     ON
    D_AGE_C            0.023      0.001     22.151      0.000

 S_QUANT    ON
    D_AGE_C            0.021      0.001     19.389      0.000

 S_QWORDS   ON
    D_AGE_C            0.025      0.001     21.644      0.000

 S_TIME     ON
    D_AGE_C            0.023      0.001     19.692      0.000
    D_FIRSTB           0.011      0.003      4.152      0.000
    D_AGESEX           0.001      0.001      1.792      0.073

 S_WF_N     ON
    D_AGE_C            0.017      0.001     13.355      0.000
    D_AGE_C2           0.000      0.000     -2.169      0.030
    D_FIRSTB           0.019      0.003      5.653      0.000

 S_WF_V     ON
    D_AGE_C            0.020      0.001     19.459      0.000

 S_WE_N     ON
    D_AGE_C            0.005      0.001      8.025      0.000
    D_MOMCOL          -0.009      0.002     -4.109      0.000

 S_WE_V     ON
    D_AGE_C            0.004      0.000      9.596      0.000
    D_FIRSTB          -0.004      0.001     -2.419      0.016
    D_MOMCOL          -0.006      0.002     -3.902      0.000

 S_COMPLX   ON
    D_AGE_C            0.030      0.001     27.666      0.000
    D_MALE            -0.009      0.003     -3.522      0.000
    D_MOMCOL           0.012      0.003      4.645      0.000

 Intercepts
    S_CONJ             0.094      0.004     21.018      0.000
    S_HELPV            0.178      0.005     38.006      0.000
    S_PRON             0.229      0.004     52.119      0.000
    S_QUANT            0.208      0.005     45.258      0.000
    S_QWORDS           0.221      0.005     44.104      0.000
    S_TIME             0.201      0.005     40.033      0.000
    S_WF_N             0.336      0.006     60.750      0.000
    S_WF_V             0.158      0.005     34.799      0.000
    S_WE_N             0.070      0.002     30.550      0.000
    S_WE_V             0.035      0.002     19.679      0.000
    S_COMPLX           0.209      0.005     43.292      0.000
    ETA                0.000      0.000    999.000    999.000

 Residual Variances
    S_CONJ             0.017      0.000     34.713      0.000
    S_HELPV            0.007      0.000     28.905      0.000
    S_PRON             0.008      0.000     30.804      0.000
    S_QUANT            0.008      0.000     30.362      0.000
    S_QWORDS           0.021      0.001     34.913      0.000
    S_TIME             0.017      0.000     33.851      0.000
    S_WF_N             0.028      0.001     35.310      0.000
    S_WF_V             0.012      0.000     33.291      0.000
    S_WE_N             0.012      0.000     36.897      0.000
    S_WE_V             0.006      0.000     36.762      0.000
    S_COMPLX           0.016      0.000     34.229      0.000
    ETA              999.000      0.000    999.000    999.000

New/Additional Parameters
    V2                -0.017      0.002     -9.128      0.000
    L1_0               0.158      0.004     36.693      0.000
    L1_1               0.027      0.001     28.633      0.000
    L2_0               0.208      0.005     44.616      0.000
    L2_1               0.026      0.001     31.441      0.000
    L3_0               0.197      0.004     43.937      0.000
    L3_1               0.022      0.001     28.126      0.000
    L4_0               0.209      0.005     44.191      0.000
    L4_1               0.023      0.001     27.826      0.000
    L5_0               0.194      0.005     37.975      0.000
    L5_1               0.022      0.001     22.545      0.000
    L6_0               0.209      0.005     40.551      0.000
    L6_1               0.022      0.001     23.593      0.000
    L6_6               0.002      0.001      3.234      0.001
    L7_0               0.131      0.006     23.679      0.000
    L7_2               0.001      0.000      5.132      0.000
    L8_0               0.188      0.005     41.116      0.000
    L8_1               0.023      0.001     26.979      0.000
    L9_0               0.050      0.003     18.832      0.000
    L9_5              -0.013      0.002     -5.627      0.000
    L10_0              0.041      0.002     21.986      0.000
    L10_1              0.004      0.000      8.821      0.000
    L10_4             -0.007      0.002     -4.284      0.000
    L10_5             -0.008      0.002     -5.175      0.000
    L11_0              0.188      0.005     39.012      0.000
    L11_1              0.025      0.001     26.241      0.000
    L11_5              0.014      0.003      5.279      0.000


QUALITY OF NUMERICAL RESULTS

     Condition Number for the Information Matrix              0.218E-07
       (ratio of smallest to largest eigenvalue)


     Beginning Time:  22:42:25
        Ending Time:  22:46:18
       Elapsed Time:  00:03:53



MUTHEN & MUTHEN
3463 Stoner Ave.
Los Angeles, CA  90066

Tel: (310) 391-9971
Fax: (310) 391-8971
Web: www.StatModel.com
Support: Support@StatModel.com

Copyright (c) 1998-2019 Muthen & Muthen
