Mplus VERSION 8.3
MUTHEN & MUTHEN
11/12/2021  11:09 PM

INPUT INSTRUCTIONS

  TITLE: Measurement Invariance Model for S_WE_V
  DATA: FILE = "models/onefac/calibration.dat";
  VARIABLE:
  NAMES = ID L_ACTION L_ANIMAL L_BODYP L_CLOTH L_DESCRB L_FOOD L_ROOMS L_GAMES
       L_HOUSEH L_LOCATE L_OUTSDE L_PEOPLE L_PLACES L_SOUNDS L_TOYS L_VEHICL S_CONJ
       S_HELPV S_PRON S_QUANT S_QWORDS S_TIME S_WF_N S_WF_V S_WE_N S_WE_V S_COMPLX
       D_MALE D_FIRSTB D_MOMCOL D_AGE_C D_AGE_C2 D_AGCMLE D_AC2MLE;
  MISSING=.;
  !
  USEVARIABLES= L_ACTION L_ANIMAL L_BODYP L_CLOTH L_DESCRB L_FOOD L_ROOMS L_GAMES L_HOUSEH
   L_LOCATE L_OUTSDE L_PEOPLE L_PLACES L_SOUNDS L_TOYS L_VEHICL S_CONJ S_HELPV S_PRON
   S_QUANT S_QWORDS S_TIME S_WF_N S_WF_V S_WE_N S_WE_V S_COMPLX D_MALE D_FIRSTB
   D_MOMCOL D_AGE_C D_AGE_C2 D_AGCMLE D_AC2MLE ;
  AUXILIARY= ID ;
  !
  !
  CONSTRAINT= D_MALE D_FIRSTB D_MOMCOL D_AGE_C D_AGE_C2 D_AGCMLE D_AC2MLE ;
  ANALYSIS: ESTIMATOR=ML;ALGORITHM=INTEGRATION;INTEGRATION=MONTECARLO;PROCESSORS=4;
  MODEL: [ETA@0]; ETA@1;
  ETA BY L_ACTION*(l1);
  ETA BY L_ANIMAL*(l2);
  ETA BY L_BODYP*(l3);
  ETA BY L_CLOTH*(l4);
  ETA BY L_DESCRB*(l5);
  ETA BY L_FOOD*(l6);
  ETA BY L_ROOMS*(l7);
  ETA BY L_GAMES*(l8);
  ETA BY L_HOUSEH*(l9);
  ETA BY L_LOCATE*(l10);
  ETA BY L_OUTSDE*(l11);
  ETA BY L_PEOPLE*(l12);
  ETA BY L_PLACES*(l13);
  ETA BY L_SOUNDS*(l14);
  ETA BY L_TOYS*(l15);
  ETA BY L_VEHICL*(l16);
  ETA BY S_CONJ*(l17);
  ETA BY S_HELPV*(l18);
  ETA BY S_PRON*(l19);
  ETA BY S_QUANT*(l20);
  ETA BY S_QWORDS*(l21);
  ETA BY S_TIME*(l22);
  ETA BY S_WF_N*(l23);
  ETA BY S_WF_V*(l24);
  ETA BY S_WE_N*(l25);
  ETA BY S_WE_V*(l26);
  ETA BY S_COMPLX*(l27);
  S_WE_V on D_MALE D_FIRSTB D_MOMCOL D_AGE_C D_AGE_C2 D_AGCMLE D_AC2MLE;
  MODEL CONSTRAINT: new(
  l26_00*1
  l26_1*0
  l26_2*0
  l26_3*0
  l26_4*0
  l26_5*0
  l26_6*0
  l26_7*0
  );
  l26=l26_00
  +l26_1*D_MALE
  +l26_2*D_FIRSTB
  +l26_3*D_MOMCOL
  +l26_4*D_AGE_C
  +l26_5*D_AGE_C2
  +l26_6*D_AGCMLE
  +l26_7*D_AC2MLE
  ;
  OUTPUT: tech1;



INPUT READING TERMINATED NORMALLY



Measurement Invariance Model for S_WE_V

SUMMARY OF ANALYSIS

Number of groups                                                 1
Number of observations                                        2766

Number of dependent variables                                   27
Number of independent variables                                  7
Number of continuous latent variables                            1

Observed dependent variables

  Continuous
   L_ACTION    L_ANIMAL    L_BODYP     L_CLOTH     L_DESCRB    L_FOOD
   L_ROOMS     L_GAMES     L_HOUSEH    L_LOCATE    L_OUTSDE    L_PEOPLE
   L_PLACES    L_SOUNDS    L_TOYS      L_VEHICL    S_CONJ      S_HELPV
   S_PRON      S_QUANT     S_QWORDS    S_TIME      S_WF_N      S_WF_V
   S_WE_N      S_WE_V      S_COMPLX

Observed independent variables
   D_MALE      D_FIRSTB    D_MOMCOL    D_AGE_C     D_AGE_C2    D_AGCMLE
   D_AC2MLE

Observed auxiliary variables
   ID

Continuous latent variables
   ETA


Estimator                                                       ML
Information matrix                                        OBSERVED
Optimization Specifications for the Quasi-Newton Algorithm for
Continuous Outcomes
  Maximum number of iterations                                 100
  Convergence criterion                                  0.100D-05
Optimization Specifications for the EM Algorithm
  Maximum number of iterations                                 500
  Convergence criteria
    Loglikelihood change                                 0.100D-02
    Relative loglikelihood change                        0.100D-05
    Derivative                                           0.100D-02
Optimization Specifications for the M step of the EM Algorithm for
Categorical Latent variables
  Number of M step iterations                                    1
  M step convergence criterion                           0.100D-02
  Basis for M step termination                           ITERATION
Optimization Specifications for the M step of the EM Algorithm for
Censored, Binary or Ordered Categorical (Ordinal), Unordered
Categorical (Nominal) and Count Outcomes
  Number of M step iterations                                    1
  M step convergence criterion                           0.100D-02
  Basis for M step termination                           ITERATION
  Maximum value for logit thresholds                            15
  Minimum value for logit thresholds                           -15
  Minimum expected cell size for chi-square              0.100D-01
Maximum number of iterations for H1                           2000
Convergence criterion for H1                             0.100D-03
Optimization algorithm                                         EMA
Integration Specifications
  Type                                                  MONTECARLO
  Number of integration points                                   1
  Dimensions of numerical integration                            0
  Adaptive quadrature                                           ON
  Monte Carlo integration seed                                   0
Cholesky                                                       OFF

Input data file(s)
  models/onefac/calibration.dat
Input data format  FREE


SUMMARY OF DATA

     Number of missing data patterns             1


COVARIANCE COVERAGE OF DATA

Minimum covariance coverage value   0.100


     PROPORTION OF DATA PRESENT FOR Y


           Covariance Coverage
              L_ACTION      L_ANIMAL      L_BODYP       L_CLOTH       L_DESCRB
              ________      ________      ________      ________      ________
 L_ACTION       1.000
 L_ANIMAL       1.000         1.000
 L_BODYP        1.000         1.000         1.000
 L_CLOTH        1.000         1.000         1.000         1.000
 L_DESCRB       1.000         1.000         1.000         1.000         1.000
 L_FOOD         1.000         1.000         1.000         1.000         1.000
 L_ROOMS        1.000         1.000         1.000         1.000         1.000
 L_GAMES        1.000         1.000         1.000         1.000         1.000
 L_HOUSEH       1.000         1.000         1.000         1.000         1.000
 L_LOCATE       1.000         1.000         1.000         1.000         1.000
 L_OUTSDE       1.000         1.000         1.000         1.000         1.000
 L_PEOPLE       1.000         1.000         1.000         1.000         1.000
 L_PLACES       1.000         1.000         1.000         1.000         1.000
 L_SOUNDS       1.000         1.000         1.000         1.000         1.000
 L_TOYS         1.000         1.000         1.000         1.000         1.000
 L_VEHICL       1.000         1.000         1.000         1.000         1.000
 S_CONJ         1.000         1.000         1.000         1.000         1.000
 S_HELPV        1.000         1.000         1.000         1.000         1.000
 S_PRON         1.000         1.000         1.000         1.000         1.000
 S_QUANT        1.000         1.000         1.000         1.000         1.000
 S_QWORDS       1.000         1.000         1.000         1.000         1.000
 S_TIME         1.000         1.000         1.000         1.000         1.000
 S_WF_N         1.000         1.000         1.000         1.000         1.000
 S_WF_V         1.000         1.000         1.000         1.000         1.000
 S_WE_N         1.000         1.000         1.000         1.000         1.000
 S_WE_V         1.000         1.000         1.000         1.000         1.000
 S_COMPLX       1.000         1.000         1.000         1.000         1.000
 D_MALE         1.000         1.000         1.000         1.000         1.000
 D_FIRSTB       1.000         1.000         1.000         1.000         1.000
 D_MOMCOL       1.000         1.000         1.000         1.000         1.000
 D_AGE_C        1.000         1.000         1.000         1.000         1.000
 D_AGE_C2       1.000         1.000         1.000         1.000         1.000
 D_AGCMLE       1.000         1.000         1.000         1.000         1.000
 D_AC2MLE       1.000         1.000         1.000         1.000         1.000


           Covariance Coverage
              L_FOOD        L_ROOMS       L_GAMES       L_HOUSEH      L_LOCATE
              ________      ________      ________      ________      ________
 L_FOOD         1.000
 L_ROOMS        1.000         1.000
 L_GAMES        1.000         1.000         1.000
 L_HOUSEH       1.000         1.000         1.000         1.000
 L_LOCATE       1.000         1.000         1.000         1.000         1.000
 L_OUTSDE       1.000         1.000         1.000         1.000         1.000
 L_PEOPLE       1.000         1.000         1.000         1.000         1.000
 L_PLACES       1.000         1.000         1.000         1.000         1.000
 L_SOUNDS       1.000         1.000         1.000         1.000         1.000
 L_TOYS         1.000         1.000         1.000         1.000         1.000
 L_VEHICL       1.000         1.000         1.000         1.000         1.000
 S_CONJ         1.000         1.000         1.000         1.000         1.000
 S_HELPV        1.000         1.000         1.000         1.000         1.000
 S_PRON         1.000         1.000         1.000         1.000         1.000
 S_QUANT        1.000         1.000         1.000         1.000         1.000
 S_QWORDS       1.000         1.000         1.000         1.000         1.000
 S_TIME         1.000         1.000         1.000         1.000         1.000
 S_WF_N         1.000         1.000         1.000         1.000         1.000
 S_WF_V         1.000         1.000         1.000         1.000         1.000
 S_WE_N         1.000         1.000         1.000         1.000         1.000
 S_WE_V         1.000         1.000         1.000         1.000         1.000
 S_COMPLX       1.000         1.000         1.000         1.000         1.000
 D_MALE         1.000         1.000         1.000         1.000         1.000
 D_FIRSTB       1.000         1.000         1.000         1.000         1.000
 D_MOMCOL       1.000         1.000         1.000         1.000         1.000
 D_AGE_C        1.000         1.000         1.000         1.000         1.000
 D_AGE_C2       1.000         1.000         1.000         1.000         1.000
 D_AGCMLE       1.000         1.000         1.000         1.000         1.000
 D_AC2MLE       1.000         1.000         1.000         1.000         1.000


           Covariance Coverage
              L_OUTSDE      L_PEOPLE      L_PLACES      L_SOUNDS      L_TOYS
              ________      ________      ________      ________      ________
 L_OUTSDE       1.000
 L_PEOPLE       1.000         1.000
 L_PLACES       1.000         1.000         1.000
 L_SOUNDS       1.000         1.000         1.000         1.000
 L_TOYS         1.000         1.000         1.000         1.000         1.000
 L_VEHICL       1.000         1.000         1.000         1.000         1.000
 S_CONJ         1.000         1.000         1.000         1.000         1.000
 S_HELPV        1.000         1.000         1.000         1.000         1.000
 S_PRON         1.000         1.000         1.000         1.000         1.000
 S_QUANT        1.000         1.000         1.000         1.000         1.000
 S_QWORDS       1.000         1.000         1.000         1.000         1.000
 S_TIME         1.000         1.000         1.000         1.000         1.000
 S_WF_N         1.000         1.000         1.000         1.000         1.000
 S_WF_V         1.000         1.000         1.000         1.000         1.000
 S_WE_N         1.000         1.000         1.000         1.000         1.000
 S_WE_V         1.000         1.000         1.000         1.000         1.000
 S_COMPLX       1.000         1.000         1.000         1.000         1.000
 D_MALE         1.000         1.000         1.000         1.000         1.000
 D_FIRSTB       1.000         1.000         1.000         1.000         1.000
 D_MOMCOL       1.000         1.000         1.000         1.000         1.000
 D_AGE_C        1.000         1.000         1.000         1.000         1.000
 D_AGE_C2       1.000         1.000         1.000         1.000         1.000
 D_AGCMLE       1.000         1.000         1.000         1.000         1.000
 D_AC2MLE       1.000         1.000         1.000         1.000         1.000


           Covariance Coverage
              L_VEHICL      S_CONJ        S_HELPV       S_PRON        S_QUANT
              ________      ________      ________      ________      ________
 L_VEHICL       1.000
 S_CONJ         1.000         1.000
 S_HELPV        1.000         1.000         1.000
 S_PRON         1.000         1.000         1.000         1.000
 S_QUANT        1.000         1.000         1.000         1.000         1.000
 S_QWORDS       1.000         1.000         1.000         1.000         1.000
 S_TIME         1.000         1.000         1.000         1.000         1.000
 S_WF_N         1.000         1.000         1.000         1.000         1.000
 S_WF_V         1.000         1.000         1.000         1.000         1.000
 S_WE_N         1.000         1.000         1.000         1.000         1.000
 S_WE_V         1.000         1.000         1.000         1.000         1.000
 S_COMPLX       1.000         1.000         1.000         1.000         1.000
 D_MALE         1.000         1.000         1.000         1.000         1.000
 D_FIRSTB       1.000         1.000         1.000         1.000         1.000
 D_MOMCOL       1.000         1.000         1.000         1.000         1.000
 D_AGE_C        1.000         1.000         1.000         1.000         1.000
 D_AGE_C2       1.000         1.000         1.000         1.000         1.000
 D_AGCMLE       1.000         1.000         1.000         1.000         1.000
 D_AC2MLE       1.000         1.000         1.000         1.000         1.000


           Covariance Coverage
              S_QWORDS      S_TIME        S_WF_N        S_WF_V        S_WE_N
              ________      ________      ________      ________      ________
 S_QWORDS       1.000
 S_TIME         1.000         1.000
 S_WF_N         1.000         1.000         1.000
 S_WF_V         1.000         1.000         1.000         1.000
 S_WE_N         1.000         1.000         1.000         1.000         1.000
 S_WE_V         1.000         1.000         1.000         1.000         1.000
 S_COMPLX       1.000         1.000         1.000         1.000         1.000
 D_MALE         1.000         1.000         1.000         1.000         1.000
 D_FIRSTB       1.000         1.000         1.000         1.000         1.000
 D_MOMCOL       1.000         1.000         1.000         1.000         1.000
 D_AGE_C        1.000         1.000         1.000         1.000         1.000
 D_AGE_C2       1.000         1.000         1.000         1.000         1.000
 D_AGCMLE       1.000         1.000         1.000         1.000         1.000
 D_AC2MLE       1.000         1.000         1.000         1.000         1.000


           Covariance Coverage
              S_WE_V        S_COMPLX      D_MALE        D_FIRSTB      D_MOMCOL
              ________      ________      ________      ________      ________
 S_WE_V         1.000
 S_COMPLX       1.000         1.000
 D_MALE         1.000         1.000         1.000
 D_FIRSTB       1.000         1.000         1.000         1.000
 D_MOMCOL       1.000         1.000         1.000         1.000         1.000
 D_AGE_C        1.000         1.000         1.000         1.000         1.000
 D_AGE_C2       1.000         1.000         1.000         1.000         1.000
 D_AGCMLE       1.000         1.000         1.000         1.000         1.000
 D_AC2MLE       1.000         1.000         1.000         1.000         1.000


           Covariance Coverage
              D_AGE_C       D_AGE_C2      D_AGCMLE      D_AC2MLE
              ________      ________      ________      ________
 D_AGE_C        1.000
 D_AGE_C2       1.000         1.000
 D_AGCMLE       1.000         1.000         1.000
 D_AC2MLE       1.000         1.000         1.000         1.000



UNIVARIATE SAMPLE STATISTICS


     UNIVARIATE HIGHER-ORDER MOMENT DESCRIPTIVE STATISTICS

         Variable/         Mean/     Skewness/   Minimum/ % with                Percentiles
        Sample Size      Variance    Kurtosis    Maximum  Min/Max      20%/60%    40%/80%    Median

     L_ACTION              0.381       0.465       0.000   10.09%       0.029      0.146      0.272
            2766.000       0.124      -1.319       1.000    2.02%       0.437      0.796
     L_ANIMAL              0.502       0.006       0.000    3.25%       0.140      0.372      0.512
            2766.000       0.109      -1.413       1.000    6.69%       0.651      0.860
     L_BODYP               0.559      -0.333       0.000    8.13%       0.148      0.481      0.667
            2766.000       0.120      -1.406       1.000    4.66%       0.778      0.926
     L_CLOTH               0.429       0.197       0.000    9.54%       0.071      0.286      0.429
            2766.000       0.100      -1.290       1.000    2.71%       0.536      0.750
     L_DESCRB              0.361       0.570       0.000    9.65%       0.048      0.143      0.254
            2766.000       0.109      -1.095       1.000    2.28%       0.397      0.730
     L_FOOD                0.470       0.063       0.000    5.89%       0.103      0.309      0.485
            2766.000       0.112      -1.432       1.000    3.29%       0.603      0.838
     L_ROOMS               0.392       0.352       0.000   17.75%       0.030      0.182      0.333
            2766.000       0.119      -1.378       1.000    2.13%       0.485      0.788
     L_GAMES               0.580      -0.160       0.000    1.99%       0.240      0.480      0.600
            2766.000       0.096      -1.277       1.000   11.35%       0.720      0.920
     L_HOUSEH              0.456       0.111       0.000    8.79%       0.060      0.280      0.440
            2766.000       0.122      -1.486       1.000    3.69%       0.600      0.840
     L_LOCATE              0.306       0.862       0.000   17.03%       0.038      0.154      0.231
            2766.000       0.084      -0.356       1.000    2.17%       0.308      0.577
     L_OUTSDE              0.418       0.301       0.000   14.24%       0.032      0.226      0.355
            2766.000       0.117      -1.327       1.000    4.92%       0.516      0.806
     L_PEOPLE              0.418       0.559       0.000    1.19%       0.172      0.276      0.345
            2766.000       0.071      -0.751       1.000    2.71%       0.448      0.690
     L_PLACES              0.329       0.573       0.000   18.76%       0.045      0.182      0.273
            2766.000       0.087      -0.868       1.000    1.66%       0.364      0.636
     L_SOUNDS              0.726      -0.817       0.000    0.87%       0.500      0.750      0.833
            2766.000       0.069      -0.315       1.000   24.98%       0.833      1.000
     L_TOYS                0.517       0.006       0.000    5.13%       0.167      0.389      0.500
            2766.000       0.101      -1.312       1.000    8.93%       0.611      0.889
     L_VEHICL              0.514      -0.149       0.000   10.52%       0.143      0.429      0.571
            2766.000       0.111      -1.383       1.000    6.58%       0.714      0.857
     S_CONJ                0.132       2.167       0.000   67.25%       0.000      0.000      0.000
            2766.000       0.062       3.990       1.000    3.40%       0.000      0.167
     S_HELPV               0.212       1.398       0.000   36.62%       0.000      0.048      0.048
            2766.000       0.080       0.843       1.000    2.96%       0.143      0.429
     S_PRON                0.257       1.246       0.000   15.37%       0.040      0.120      0.160
            2766.000       0.075       0.569       1.000    2.49%       0.200      0.480
     S_QUANT               0.236       1.241       0.000   27.11%       0.000      0.059      0.118
            2766.000       0.078       0.438       1.000    2.35%       0.176      0.471
     S_QWORDS              0.248       1.100       0.000   42.91%       0.000      0.000      0.143
            2766.000       0.090       0.097       1.000    4.66%       0.286      0.571
     S_TIME                0.229       1.282       0.000   42.23%       0.000      0.000      0.083
            2766.000       0.090       0.457       1.000    4.30%       0.167      0.500
     S_WF_N                0.322       0.492       0.000   25.74%       0.000      0.200      0.400
            2766.000       0.066      -0.178       1.000    2.86%       0.400      0.600
     S_WF_V                0.187       1.564       0.000   42.37%       0.000      0.000      0.050
            2766.000       0.072       1.427       1.000    2.13%       0.100      0.350
     S_WE_N                0.066       2.603       0.000   66.20%       0.000      0.000      0.000
            2766.000       0.016       8.720       1.000    0.11%       0.000      0.143
     S_WE_V                0.038       4.398       0.000   70.50%       0.000      0.000      0.000
            2766.000       0.008      28.722       1.000    0.11%       0.000      0.065
     S_COMPLX              0.241       1.159       0.000   37.85%       0.000      0.027      0.081
            2766.000       0.095       0.029       1.000    2.82%       0.162      0.541
     D_MALE                0.013      -0.026      -1.000   49.35%      -1.000     -1.000      1.000
            2766.000       1.000      -1.999       1.000   50.65%       1.000      1.000
     D_FIRSTB              0.030      -0.059      -1.000   48.52%      -1.000     -1.000      1.000
            2766.000       0.999      -1.996       1.000   51.48%       1.000      1.000
     D_MOMCOL              0.165      -0.334      -1.000   41.76%      -1.000     -1.000      1.000
            2766.000       0.973      -1.888       1.000   58.24%       1.000      1.000
     D_AGE_C              -1.267       0.087      -8.000    6.69%      -6.000     -3.000      0.000
            2766.000      18.040      -1.118       6.000    8.17%       0.000      3.000
     D_AGE_C2             19.646       0.767       0.000   15.08%       1.000      9.000     16.000
            2766.000     369.110      -0.398      64.000    6.69%      25.000     36.000
     D_AGCMLE              0.043      -0.017      -8.000    3.29%      -5.000     -1.000      0.000
            2766.000      19.644      -1.043       8.000    3.40%       1.000      5.000
     D_AC2MLE              0.168      -0.024     -64.000    3.40%     -25.000     -1.000      0.000
            2766.000     755.049       0.133      64.000    3.29%       1.000     25.000


THE MODEL ESTIMATION TERMINATED NORMALLY



MODEL FIT INFORMATION

Number of Free Parameters                       95

Loglikelihood

          H0 Value                       42130.061

Information Criteria

          Akaike (AIC)                  -84070.122
          Bayesian (BIC)                -83507.232
          Sample-Size Adjusted BIC      -83809.078
            (n* = (n + 2) / 24)



MODEL RESULTS

                                                    Two-Tailed
                    Estimate       S.E.  Est./S.E.    P-Value

 ETA      BY
    L_ACTION           0.338      0.005     68.445      0.000
    L_ANIMAL           0.301      0.005     62.528      0.000
    L_BODYP            0.313      0.005     61.599      0.000
    L_CLOTH            0.300      0.004     67.371      0.000
    L_DESCRB           0.316      0.005     68.483      0.000
    L_FOOD             0.320      0.005     68.184      0.000
    L_ROOMS            0.331      0.005     68.700      0.000
    L_GAMES            0.281      0.005     62.311      0.000
    L_HOUSEH           0.336      0.005     69.090      0.000
    L_LOCATE           0.263      0.004     62.265      0.000
    L_OUTSDE           0.329      0.005     68.742      0.000
    L_PEOPLE           0.250      0.004     66.175      0.000
    L_PLACES           0.279      0.004     67.130      0.000
    L_SOUNDS           0.176      0.004     39.744      0.000
    L_TOYS             0.298      0.005     65.402      0.000
    L_VEHICL           0.299      0.005     61.022      0.000
    S_CONJ             0.169      0.004     40.434      0.000
    S_HELPV            0.235      0.004     53.692      0.000
    S_PRON             0.235      0.004     56.755      0.000
    S_QUANT            0.239      0.004     56.164      0.000
    S_QWORDS           0.238      0.005     50.132      0.000
    S_TIME             0.254      0.005     55.545      0.000
    S_WF_N             0.198      0.004     48.271      0.000
    S_WF_V             0.217      0.004     51.571      0.000
    S_WE_N             0.054      0.002     23.894      0.000
    S_WE_V           999.000      0.000    999.000    999.000
    S_COMPLX           0.260      0.005     55.081      0.000

 S_WE_V     ON
    D_MALE            -0.003      0.002     -1.404      0.160
    D_FIRSTB          -0.004      0.002     -2.806      0.005
    D_MOMCOL          -0.006      0.002     -4.060      0.000
    D_AGE_C            0.001      0.001      1.646      0.100
    D_AGE_C2           0.000      0.000     -0.702      0.483
    D_AGCMLE           0.000      0.001     -0.265      0.791
    D_AC2MLE           0.000      0.000      1.570      0.117

 Means
    ETA                0.000      0.000    999.000    999.000

 Intercepts
    L_ACTION           0.381      0.007     56.824      0.000
    L_ANIMAL           0.502      0.006     79.916      0.000
    L_BODYP            0.559      0.007     84.763      0.000
    L_CLOTH            0.429      0.006     71.434      0.000
    L_DESCRB           0.361      0.006     57.519      0.000
    L_FOOD             0.470      0.006     73.961      0.000
    L_ROOMS            0.392      0.007     59.690      0.000
    L_GAMES            0.580      0.006     98.745      0.000
    L_HOUSEH           0.456      0.007     68.738      0.000
    L_LOCATE           0.306      0.006     55.615      0.000
    L_OUTSDE           0.418      0.007     64.226      0.000
    L_PEOPLE           0.418      0.005     82.535      0.000
    L_PLACES           0.329      0.006     58.750      0.000
    L_SOUNDS           0.726      0.005    145.205      0.000
    L_TOYS             0.517      0.006     85.362      0.000
    L_VEHICL           0.514      0.006     81.202      0.000
    S_CONJ             0.132      0.005     27.956      0.000
    S_HELPV            0.212      0.005     39.305      0.000
    S_PRON             0.257      0.005     49.350      0.000
    S_QUANT            0.236      0.005     44.452      0.000
    S_QWORDS           0.248      0.006     43.534      0.000
    S_TIME             0.229      0.006     40.134      0.000
    S_WF_N             0.322      0.005     65.995      0.000
    S_WF_V             0.187      0.005     36.635      0.000
    S_WE_N             0.066      0.002     27.863      0.000
    S_WE_V             0.033      0.002     13.797      0.000
    S_COMPLX           0.241      0.006     41.070      0.000

 Variances
    ETA                1.000      0.000    999.000    999.000

 Residual Variances
    L_ACTION           0.010      0.000     33.834      0.000
    L_ANIMAL           0.019      0.001     35.660      0.000
    L_BODYP            0.022      0.001     35.530      0.000
    L_CLOTH            0.010      0.000     34.166      0.000
    L_DESCRB           0.009      0.000     33.548      0.000
    L_FOOD             0.010      0.000     33.425      0.000
    L_ROOMS            0.009      0.000     33.788      0.000
    L_GAMES            0.017      0.000     35.896      0.000
    L_HOUSEH           0.009      0.000     32.680      0.000
    L_LOCATE           0.015      0.000     35.429      0.000
    L_OUTSDE           0.009      0.000     33.846      0.000
    L_PEOPLE           0.008      0.000     35.002      0.000
    L_PLACES           0.009      0.000     34.733      0.000
    L_SOUNDS           0.038      0.001     36.959      0.000
    L_TOYS             0.013      0.000     34.821      0.000
    L_VEHICL           0.022      0.001     35.745      0.000
    S_CONJ             0.034      0.001     36.887      0.000
    S_HELPV            0.025      0.001     36.289      0.000
    S_PRON             0.020      0.001     36.068      0.000
    S_QUANT            0.021      0.001     36.119      0.000
    S_QWORDS           0.034      0.001     36.611      0.000
    S_TIME             0.025      0.001     36.243      0.000
    S_WF_N             0.027      0.001     36.807      0.000
    S_WF_V             0.025      0.001     36.494      0.000
    S_WE_N             0.013      0.000     37.128      0.000
    S_WE_V             0.006      0.000     37.071      0.000
    S_COMPLX           0.028      0.001     36.350      0.000

New/Additional Parameters
    L26_00             0.045      0.003     17.323      0.000
    L26_1             -0.005      0.002     -2.114      0.034
    L26_2             -0.005      0.002     -3.204      0.001
    L26_3             -0.005      0.002     -3.235      0.001
    L26_4              0.003      0.001      5.206      0.000
    L26_5              0.000      0.000     -0.844      0.399
    L26_6              0.000      0.001     -0.543      0.587
    L26_7              0.000      0.000      2.038      0.042


QUALITY OF NUMERICAL RESULTS

     Condition Number for the Information Matrix              0.187E-07
       (ratio of smallest to largest eigenvalue)


TECHNICAL 1 OUTPUT


     PARAMETER SPECIFICATION


           NU
              L_ACTION      L_ANIMAL      L_BODYP       L_CLOTH       L_DESCRB
              ________      ________      ________      ________      ________
                    1             2             3             4             5


           NU
              L_FOOD        L_ROOMS       L_GAMES       L_HOUSEH      L_LOCATE
              ________      ________      ________      ________      ________
                    6             7             8             9            10


           NU
              L_OUTSDE      L_PEOPLE      L_PLACES      L_SOUNDS      L_TOYS
              ________      ________      ________      ________      ________
                   11            12            13            14            15


           NU
              L_VEHICL      S_CONJ        S_HELPV       S_PRON        S_QUANT
              ________      ________      ________      ________      ________
                   16            17            18            19            20


           NU
              S_QWORDS      S_TIME        S_WF_N        S_WF_V        S_WE_N
              ________      ________      ________      ________      ________
                   21            22            23            24            25


           NU
              S_WE_V        S_COMPLX      D_MALE        D_FIRSTB      D_MOMCOL
              ________      ________      ________      ________      ________
                    0            26             0             0             0


           NU
              D_AGE_C       D_AGE_C2      D_AGCMLE      D_AC2MLE
              ________      ________      ________      ________
                    0             0             0             0


           LAMBDA
              ETA           S_WE_V        D_MALE        D_FIRSTB      D_MOMCOL
              ________      ________      ________      ________      ________
 L_ACTION          27             0             0             0             0
 L_ANIMAL          28             0             0             0             0
 L_BODYP           29             0             0             0             0
 L_CLOTH           30             0             0             0             0
 L_DESCRB          31             0             0             0             0
 L_FOOD            32             0             0             0             0
 L_ROOMS           33             0             0             0             0
 L_GAMES           34             0             0             0             0
 L_HOUSEH          35             0             0             0             0
 L_LOCATE          36             0             0             0             0
 L_OUTSDE          37             0             0             0             0
 L_PEOPLE          38             0             0             0             0
 L_PLACES          39             0             0             0             0
 L_SOUNDS          40             0             0             0             0
 L_TOYS            41             0             0             0             0
 L_VEHICL          42             0             0             0             0
 S_CONJ            43             0             0             0             0
 S_HELPV           44             0             0             0             0
 S_PRON            45             0             0             0             0
 S_QUANT           46             0             0             0             0
 S_QWORDS          47             0             0             0             0
 S_TIME            48             0             0             0             0
 S_WF_N            49             0             0             0             0
 S_WF_V            50             0             0             0             0
 S_WE_N            51             0             0             0             0
 S_WE_V             0             0             0             0             0
 S_COMPLX          52             0             0             0             0
 D_MALE             0             0             0             0             0
 D_FIRSTB           0             0             0             0             0
 D_MOMCOL           0             0             0             0             0
 D_AGE_C            0             0             0             0             0
 D_AGE_C2           0             0             0             0             0
 D_AGCMLE           0             0             0             0             0
 D_AC2MLE           0             0             0             0             0


           LAMBDA
              D_AGE_C       D_AGE_C2      D_AGCMLE      D_AC2MLE
              ________      ________      ________      ________
 L_ACTION           0             0             0             0
 L_ANIMAL           0             0             0             0
 L_BODYP            0             0             0             0
 L_CLOTH            0             0             0             0
 L_DESCRB           0             0             0             0
 L_FOOD             0             0             0             0
 L_ROOMS            0             0             0             0
 L_GAMES            0             0             0             0
 L_HOUSEH           0             0             0             0
 L_LOCATE           0             0             0             0
 L_OUTSDE           0             0             0             0
 L_PEOPLE           0             0             0             0
 L_PLACES           0             0             0             0
 L_SOUNDS           0             0             0             0
 L_TOYS             0             0             0             0
 L_VEHICL           0             0             0             0
 S_CONJ             0             0             0             0
 S_HELPV            0             0             0             0
 S_PRON             0             0             0             0
 S_QUANT            0             0             0             0
 S_QWORDS           0             0             0             0
 S_TIME             0             0             0             0
 S_WF_N             0             0             0             0
 S_WF_V             0             0             0             0
 S_WE_N             0             0             0             0
 S_WE_V             0             0             0             0
 S_COMPLX           0             0             0             0
 D_MALE             0             0             0             0
 D_FIRSTB           0             0             0             0
 D_MOMCOL           0             0             0             0
 D_AGE_C            0             0             0             0
 D_AGE_C2           0             0             0             0
 D_AGCMLE           0             0             0             0
 D_AC2MLE           0             0             0             0


           THETA
              L_ACTION      L_ANIMAL      L_BODYP       L_CLOTH       L_DESCRB
              ________      ________      ________      ________      ________
 L_ACTION          53
 L_ANIMAL           0            54
 L_BODYP            0             0            55
 L_CLOTH            0             0             0            56
 L_DESCRB           0             0             0             0            57
 L_FOOD             0             0             0             0             0
 L_ROOMS            0             0             0             0             0
 L_GAMES            0             0             0             0             0
 L_HOUSEH           0             0             0             0             0
 L_LOCATE           0             0             0             0             0
 L_OUTSDE           0             0             0             0             0
 L_PEOPLE           0             0             0             0             0
 L_PLACES           0             0             0             0             0
 L_SOUNDS           0             0             0             0             0
 L_TOYS             0             0             0             0             0
 L_VEHICL           0             0             0             0             0
 S_CONJ             0             0             0             0             0
 S_HELPV            0             0             0             0             0
 S_PRON             0             0             0             0             0
 S_QUANT            0             0             0             0             0
 S_QWORDS           0             0             0             0             0
 S_TIME             0             0             0             0             0
 S_WF_N             0             0             0             0             0
 S_WF_V             0             0             0             0             0
 S_WE_N             0             0             0             0             0
 S_WE_V             0             0             0             0             0
 S_COMPLX           0             0             0             0             0
 D_MALE             0             0             0             0             0
 D_FIRSTB           0             0             0             0             0
 D_MOMCOL           0             0             0             0             0
 D_AGE_C            0             0             0             0             0
 D_AGE_C2           0             0             0             0             0
 D_AGCMLE           0             0             0             0             0
 D_AC2MLE           0             0             0             0             0


           THETA
              L_FOOD        L_ROOMS       L_GAMES       L_HOUSEH      L_LOCATE
              ________      ________      ________      ________      ________
 L_FOOD            58
 L_ROOMS            0            59
 L_GAMES            0             0            60
 L_HOUSEH           0             0             0            61
 L_LOCATE           0             0             0             0            62
 L_OUTSDE           0             0             0             0             0
 L_PEOPLE           0             0             0             0             0
 L_PLACES           0             0             0             0             0
 L_SOUNDS           0             0             0             0             0
 L_TOYS             0             0             0             0             0
 L_VEHICL           0             0             0             0             0
 S_CONJ             0             0             0             0             0
 S_HELPV            0             0             0             0             0
 S_PRON             0             0             0             0             0
 S_QUANT            0             0             0             0             0
 S_QWORDS           0             0             0             0             0
 S_TIME             0             0             0             0             0
 S_WF_N             0             0             0             0             0
 S_WF_V             0             0             0             0             0
 S_WE_N             0             0             0             0             0
 S_WE_V             0             0             0             0             0
 S_COMPLX           0             0             0             0             0
 D_MALE             0             0             0             0             0
 D_FIRSTB           0             0             0             0             0
 D_MOMCOL           0             0             0             0             0
 D_AGE_C            0             0             0             0             0
 D_AGE_C2           0             0             0             0             0
 D_AGCMLE           0             0             0             0             0
 D_AC2MLE           0             0             0             0             0


           THETA
              L_OUTSDE      L_PEOPLE      L_PLACES      L_SOUNDS      L_TOYS
              ________      ________      ________      ________      ________
 L_OUTSDE          63
 L_PEOPLE           0            64
 L_PLACES           0             0            65
 L_SOUNDS           0             0             0            66
 L_TOYS             0             0             0             0            67
 L_VEHICL           0             0             0             0             0
 S_CONJ             0             0             0             0             0
 S_HELPV            0             0             0             0             0
 S_PRON             0             0             0             0             0
 S_QUANT            0             0             0             0             0
 S_QWORDS           0             0             0             0             0
 S_TIME             0             0             0             0             0
 S_WF_N             0             0             0             0             0
 S_WF_V             0             0             0             0             0
 S_WE_N             0             0             0             0             0
 S_WE_V             0             0             0             0             0
 S_COMPLX           0             0             0             0             0
 D_MALE             0             0             0             0             0
 D_FIRSTB           0             0             0             0             0
 D_MOMCOL           0             0             0             0             0
 D_AGE_C            0             0             0             0             0
 D_AGE_C2           0             0             0             0             0
 D_AGCMLE           0             0             0             0             0
 D_AC2MLE           0             0             0             0             0


           THETA
              L_VEHICL      S_CONJ        S_HELPV       S_PRON        S_QUANT
              ________      ________      ________      ________      ________
 L_VEHICL          68
 S_CONJ             0            69
 S_HELPV            0             0            70
 S_PRON             0             0             0            71
 S_QUANT            0             0             0             0            72
 S_QWORDS           0             0             0             0             0
 S_TIME             0             0             0             0             0
 S_WF_N             0             0             0             0             0
 S_WF_V             0             0             0             0             0
 S_WE_N             0             0             0             0             0
 S_WE_V             0             0             0             0             0
 S_COMPLX           0             0             0             0             0
 D_MALE             0             0             0             0             0
 D_FIRSTB           0             0             0             0             0
 D_MOMCOL           0             0             0             0             0
 D_AGE_C            0             0             0             0             0
 D_AGE_C2           0             0             0             0             0
 D_AGCMLE           0             0             0             0             0
 D_AC2MLE           0             0             0             0             0


           THETA
              S_QWORDS      S_TIME        S_WF_N        S_WF_V        S_WE_N
              ________      ________      ________      ________      ________
 S_QWORDS          73
 S_TIME             0            74
 S_WF_N             0             0            75
 S_WF_V             0             0             0            76
 S_WE_N             0             0             0             0            77
 S_WE_V             0             0             0             0             0
 S_COMPLX           0             0             0             0             0
 D_MALE             0             0             0             0             0
 D_FIRSTB           0             0             0             0             0
 D_MOMCOL           0             0             0             0             0
 D_AGE_C            0             0             0             0             0
 D_AGE_C2           0             0             0             0             0
 D_AGCMLE           0             0             0             0             0
 D_AC2MLE           0             0             0             0             0


           THETA
              S_WE_V        S_COMPLX      D_MALE        D_FIRSTB      D_MOMCOL
              ________      ________      ________      ________      ________
 S_WE_V             0
 S_COMPLX           0            78
 D_MALE             0             0             0
 D_FIRSTB           0             0             0             0
 D_MOMCOL           0             0             0             0             0
 D_AGE_C            0             0             0             0             0
 D_AGE_C2           0             0             0             0             0
 D_AGCMLE           0             0             0             0             0
 D_AC2MLE           0             0             0             0             0


           THETA
              D_AGE_C       D_AGE_C2      D_AGCMLE      D_AC2MLE
              ________      ________      ________      ________
 D_AGE_C            0
 D_AGE_C2           0             0
 D_AGCMLE           0             0             0
 D_AC2MLE           0             0             0             0


           ALPHA
              ETA           S_WE_V        D_MALE        D_FIRSTB      D_MOMCOL
              ________      ________      ________      ________      ________
                    0            79             0             0             0


           ALPHA
              D_AGE_C       D_AGE_C2      D_AGCMLE      D_AC2MLE
              ________      ________      ________      ________
                    0             0             0             0


           BETA
              ETA           S_WE_V        D_MALE        D_FIRSTB      D_MOMCOL
              ________      ________      ________      ________      ________
 ETA                0             0             0             0             0
 S_WE_V            80             0            81            82            83
 D_MALE             0             0             0             0             0
 D_FIRSTB           0             0             0             0             0
 D_MOMCOL           0             0             0             0             0
 D_AGE_C            0             0             0             0             0
 D_AGE_C2           0             0             0             0             0
 D_AGCMLE           0             0             0             0             0
 D_AC2MLE           0             0             0             0             0


           BETA
              D_AGE_C       D_AGE_C2      D_AGCMLE      D_AC2MLE
              ________      ________      ________      ________
 ETA                0             0             0             0
 S_WE_V            84            85            86            87
 D_MALE             0             0             0             0
 D_FIRSTB           0             0             0             0
 D_MOMCOL           0             0             0             0
 D_AGE_C            0             0             0             0
 D_AGE_C2           0             0             0             0
 D_AGCMLE           0             0             0             0
 D_AC2MLE           0             0             0             0


           PSI
              ETA           S_WE_V        D_MALE        D_FIRSTB      D_MOMCOL
              ________      ________      ________      ________      ________
 ETA                0
 S_WE_V             0            88
 D_MALE             0             0             0
 D_FIRSTB           0             0             0             0
 D_MOMCOL           0             0             0             0             0
 D_AGE_C            0             0             0             0             0
 D_AGE_C2           0             0             0             0             0
 D_AGCMLE           0             0             0             0             0
 D_AC2MLE           0             0             0             0             0


           PSI
              D_AGE_C       D_AGE_C2      D_AGCMLE      D_AC2MLE
              ________      ________      ________      ________
 D_AGE_C            0
 D_AGE_C2           0             0
 D_AGCMLE           0             0             0
 D_AC2MLE           0             0             0             0


     PARAMETER SPECIFICATION FOR THE ADDITIONAL PARAMETERS


           NEW/ADDITIONAL PARAMETERS
              L26_00        L26_1         L26_2         L26_3         L26_4
              ________      ________      ________      ________      ________
                   89            90            91            92            93


           NEW/ADDITIONAL PARAMETERS
              L26_5         L26_6         L26_7
              ________      ________      ________
                   94            95            96


     STARTING VALUES


           NU
              L_ACTION      L_ANIMAL      L_BODYP       L_CLOTH       L_DESCRB
              ________      ________      ________      ________      ________
                0.381         0.502         0.559         0.429         0.361


           NU
              L_FOOD        L_ROOMS       L_GAMES       L_HOUSEH      L_LOCATE
              ________      ________      ________      ________      ________
                0.470         0.392         0.580         0.456         0.306


           NU
              L_OUTSDE      L_PEOPLE      L_PLACES      L_SOUNDS      L_TOYS
              ________      ________      ________      ________      ________
                0.418         0.418         0.329         0.726         0.517


           NU
              L_VEHICL      S_CONJ        S_HELPV       S_PRON        S_QUANT
              ________      ________      ________      ________      ________
                0.514         0.132         0.212         0.257         0.236


           NU
              S_QWORDS      S_TIME        S_WF_N        S_WF_V        S_WE_N
              ________      ________      ________      ________      ________
                0.248         0.229         0.322         0.187         0.066


           NU
              S_WE_V        S_COMPLX      D_MALE        D_FIRSTB      D_MOMCOL
              ________      ________      ________      ________      ________
                0.000         0.241         0.000         0.000         0.000


           NU
              D_AGE_C       D_AGE_C2      D_AGCMLE      D_AC2MLE
              ________      ________      ________      ________
                0.000         0.000         0.000         0.000


           LAMBDA
              ETA           S_WE_V        D_MALE        D_FIRSTB      D_MOMCOL
              ________      ________      ________      ________      ________
 L_ACTION       1.000         0.000         0.000         0.000         0.000
 L_ANIMAL       1.000         0.000         0.000         0.000         0.000
 L_BODYP        1.000         0.000         0.000         0.000         0.000
 L_CLOTH        1.000         0.000         0.000         0.000         0.000
 L_DESCRB       1.000         0.000         0.000         0.000         0.000
 L_FOOD         1.000         0.000         0.000         0.000         0.000
 L_ROOMS        1.000         0.000         0.000         0.000         0.000
 L_GAMES        1.000         0.000         0.000         0.000         0.000
 L_HOUSEH       1.000         0.000         0.000         0.000         0.000
 L_LOCATE       1.000         0.000         0.000         0.000         0.000
 L_OUTSDE       1.000         0.000         0.000         0.000         0.000
 L_PEOPLE       1.000         0.000         0.000         0.000         0.000
 L_PLACES       1.000         0.000         0.000         0.000         0.000
 L_SOUNDS       1.000         0.000         0.000         0.000         0.000
 L_TOYS         1.000         0.000         0.000         0.000         0.000
 L_VEHICL       1.000         0.000         0.000         0.000         0.000
 S_CONJ         1.000         0.000         0.000         0.000         0.000
 S_HELPV        1.000         0.000         0.000         0.000         0.000
 S_PRON         1.000         0.000         0.000         0.000         0.000
 S_QUANT        1.000         0.000         0.000         0.000         0.000
 S_QWORDS       1.000         0.000         0.000         0.000         0.000
 S_TIME         1.000         0.000         0.000         0.000         0.000
 S_WF_N         1.000         0.000         0.000         0.000         0.000
 S_WF_V         1.000         0.000         0.000         0.000         0.000
 S_WE_N         1.000         0.000         0.000         0.000         0.000
 S_WE_V         0.000         1.000         0.000         0.000         0.000
 S_COMPLX       1.000         0.000         0.000         0.000         0.000
 D_MALE         0.000         0.000         1.000         0.000         0.000
 D_FIRSTB       0.000         0.000         0.000         1.000         0.000
 D_MOMCOL       0.000         0.000         0.000         0.000         1.000
 D_AGE_C        0.000         0.000         0.000         0.000         0.000
 D_AGE_C2       0.000         0.000         0.000         0.000         0.000
 D_AGCMLE       0.000         0.000         0.000         0.000         0.000
 D_AC2MLE       0.000         0.000         0.000         0.000         0.000


           LAMBDA
              D_AGE_C       D_AGE_C2      D_AGCMLE      D_AC2MLE
              ________      ________      ________      ________
 L_ACTION       0.000         0.000         0.000         0.000
 L_ANIMAL       0.000         0.000         0.000         0.000
 L_BODYP        0.000         0.000         0.000         0.000
 L_CLOTH        0.000         0.000         0.000         0.000
 L_DESCRB       0.000         0.000         0.000         0.000
 L_FOOD         0.000         0.000         0.000         0.000
 L_ROOMS        0.000         0.000         0.000         0.000
 L_GAMES        0.000         0.000         0.000         0.000
 L_HOUSEH       0.000         0.000         0.000         0.000
 L_LOCATE       0.000         0.000         0.000         0.000
 L_OUTSDE       0.000         0.000         0.000         0.000
 L_PEOPLE       0.000         0.000         0.000         0.000
 L_PLACES       0.000         0.000         0.000         0.000
 L_SOUNDS       0.000         0.000         0.000         0.000
 L_TOYS         0.000         0.000         0.000         0.000
 L_VEHICL       0.000         0.000         0.000         0.000
 S_CONJ         0.000         0.000         0.000         0.000
 S_HELPV        0.000         0.000         0.000         0.000
 S_PRON         0.000         0.000         0.000         0.000
 S_QUANT        0.000         0.000         0.000         0.000
 S_QWORDS       0.000         0.000         0.000         0.000
 S_TIME         0.000         0.000         0.000         0.000
 S_WF_N         0.000         0.000         0.000         0.000
 S_WF_V         0.000         0.000         0.000         0.000
 S_WE_N         0.000         0.000         0.000         0.000
 S_WE_V         0.000         0.000         0.000         0.000
 S_COMPLX       0.000         0.000         0.000         0.000
 D_MALE         0.000         0.000         0.000         0.000
 D_FIRSTB       0.000         0.000         0.000         0.000
 D_MOMCOL       0.000         0.000         0.000         0.000
 D_AGE_C        1.000         0.000         0.000         0.000
 D_AGE_C2       0.000         1.000         0.000         0.000
 D_AGCMLE       0.000         0.000         1.000         0.000
 D_AC2MLE       0.000         0.000         0.000         1.000


           THETA
              L_ACTION      L_ANIMAL      L_BODYP       L_CLOTH       L_DESCRB
              ________      ________      ________      ________      ________
 L_ACTION       0.062
 L_ANIMAL       0.000         0.054
 L_BODYP        0.000         0.000         0.060
 L_CLOTH        0.000         0.000         0.000         0.050
 L_DESCRB       0.000         0.000         0.000         0.000         0.054
 L_FOOD         0.000         0.000         0.000         0.000         0.000
 L_ROOMS        0.000         0.000         0.000         0.000         0.000
 L_GAMES        0.000         0.000         0.000         0.000         0.000
 L_HOUSEH       0.000         0.000         0.000         0.000         0.000
 L_LOCATE       0.000         0.000         0.000         0.000         0.000
 L_OUTSDE       0.000         0.000         0.000         0.000         0.000
 L_PEOPLE       0.000         0.000         0.000         0.000         0.000
 L_PLACES       0.000         0.000         0.000         0.000         0.000
 L_SOUNDS       0.000         0.000         0.000         0.000         0.000
 L_TOYS         0.000         0.000         0.000         0.000         0.000
 L_VEHICL       0.000         0.000         0.000         0.000         0.000
 S_CONJ         0.000         0.000         0.000         0.000         0.000
 S_HELPV        0.000         0.000         0.000         0.000         0.000
 S_PRON         0.000         0.000         0.000         0.000         0.000
 S_QUANT        0.000         0.000         0.000         0.000         0.000
 S_QWORDS       0.000         0.000         0.000         0.000         0.000
 S_TIME         0.000         0.000         0.000         0.000         0.000
 S_WF_N         0.000         0.000         0.000         0.000         0.000
 S_WF_V         0.000         0.000         0.000         0.000         0.000
 S_WE_N         0.000         0.000         0.000         0.000         0.000
 S_WE_V         0.000         0.000         0.000         0.000         0.000
 S_COMPLX       0.000         0.000         0.000         0.000         0.000
 D_MALE         0.000         0.000         0.000         0.000         0.000
 D_FIRSTB       0.000         0.000         0.000         0.000         0.000
 D_MOMCOL       0.000         0.000         0.000         0.000         0.000
 D_AGE_C        0.000         0.000         0.000         0.000         0.000
 D_AGE_C2       0.000         0.000         0.000         0.000         0.000
 D_AGCMLE       0.000         0.000         0.000         0.000         0.000
 D_AC2MLE       0.000         0.000         0.000         0.000         0.000


           THETA
              L_FOOD        L_ROOMS       L_GAMES       L_HOUSEH      L_LOCATE
              ________      ________      ________      ________      ________
 L_FOOD         0.056
 L_ROOMS        0.000         0.060
 L_GAMES        0.000         0.000         0.048
 L_HOUSEH       0.000         0.000         0.000         0.061
 L_LOCATE       0.000         0.000         0.000         0.000         0.042
 L_OUTSDE       0.000         0.000         0.000         0.000         0.000
 L_PEOPLE       0.000         0.000         0.000         0.000         0.000
 L_PLACES       0.000         0.000         0.000         0.000         0.000
 L_SOUNDS       0.000         0.000         0.000         0.000         0.000
 L_TOYS         0.000         0.000         0.000         0.000         0.000
 L_VEHICL       0.000         0.000         0.000         0.000         0.000
 S_CONJ         0.000         0.000         0.000         0.000         0.000
 S_HELPV        0.000         0.000         0.000         0.000         0.000
 S_PRON         0.000         0.000         0.000         0.000         0.000
 S_QUANT        0.000         0.000         0.000         0.000         0.000
 S_QWORDS       0.000         0.000         0.000         0.000         0.000
 S_TIME         0.000         0.000         0.000         0.000         0.000
 S_WF_N         0.000         0.000         0.000         0.000         0.000
 S_WF_V         0.000         0.000         0.000         0.000         0.000
 S_WE_N         0.000         0.000         0.000         0.000         0.000
 S_WE_V         0.000         0.000         0.000         0.000         0.000
 S_COMPLX       0.000         0.000         0.000         0.000         0.000
 D_MALE         0.000         0.000         0.000         0.000         0.000
 D_FIRSTB       0.000         0.000         0.000         0.000         0.000
 D_MOMCOL       0.000         0.000         0.000         0.000         0.000
 D_AGE_C        0.000         0.000         0.000         0.000         0.000
 D_AGE_C2       0.000         0.000         0.000         0.000         0.000
 D_AGCMLE       0.000         0.000         0.000         0.000         0.000
 D_AC2MLE       0.000         0.000         0.000         0.000         0.000


           THETA
              L_OUTSDE      L_PEOPLE      L_PLACES      L_SOUNDS      L_TOYS
              ________      ________      ________      ________      ________
 L_OUTSDE       0.059
 L_PEOPLE       0.000         0.035
 L_PLACES       0.000         0.000         0.043
 L_SOUNDS       0.000         0.000         0.000         0.035
 L_TOYS         0.000         0.000         0.000         0.000         0.051
 L_VEHICL       0.000         0.000         0.000         0.000         0.000
 S_CONJ         0.000         0.000         0.000         0.000         0.000
 S_HELPV        0.000         0.000         0.000         0.000         0.000
 S_PRON         0.000         0.000         0.000         0.000         0.000
 S_QUANT        0.000         0.000         0.000         0.000         0.000
 S_QWORDS       0.000         0.000         0.000         0.000         0.000
 S_TIME         0.000         0.000         0.000         0.000         0.000
 S_WF_N         0.000         0.000         0.000         0.000         0.000
 S_WF_V         0.000         0.000         0.000         0.000         0.000
 S_WE_N         0.000         0.000         0.000         0.000         0.000
 S_WE_V         0.000         0.000         0.000         0.000         0.000
 S_COMPLX       0.000         0.000         0.000         0.000         0.000
 D_MALE         0.000         0.000         0.000         0.000         0.000
 D_FIRSTB       0.000         0.000         0.000         0.000         0.000
 D_MOMCOL       0.000         0.000         0.000         0.000         0.000
 D_AGE_C        0.000         0.000         0.000         0.000         0.000
 D_AGE_C2       0.000         0.000         0.000         0.000         0.000
 D_AGCMLE       0.000         0.000         0.000         0.000         0.000
 D_AC2MLE       0.000         0.000         0.000         0.000         0.000


           THETA
              L_VEHICL      S_CONJ        S_HELPV       S_PRON        S_QUANT
              ________      ________      ________      ________      ________
 L_VEHICL       0.055
 S_CONJ         0.000         0.031
 S_HELPV        0.000         0.000         0.040
 S_PRON         0.000         0.000         0.000         0.037
 S_QUANT        0.000         0.000         0.000         0.000         0.039
 S_QWORDS       0.000         0.000         0.000         0.000         0.000
 S_TIME         0.000         0.000         0.000         0.000         0.000
 S_WF_N         0.000         0.000         0.000         0.000         0.000
 S_WF_V         0.000         0.000         0.000         0.000         0.000
 S_WE_N         0.000         0.000         0.000         0.000         0.000
 S_WE_V         0.000         0.000         0.000         0.000         0.000
 S_COMPLX       0.000         0.000         0.000         0.000         0.000
 D_MALE         0.000         0.000         0.000         0.000         0.000
 D_FIRSTB       0.000         0.000         0.000         0.000         0.000
 D_MOMCOL       0.000         0.000         0.000         0.000         0.000
 D_AGE_C        0.000         0.000         0.000         0.000         0.000
 D_AGE_C2       0.000         0.000         0.000         0.000         0.000
 D_AGCMLE       0.000         0.000         0.000         0.000         0.000
 D_AC2MLE       0.000         0.000         0.000         0.000         0.000


           THETA
              S_QWORDS      S_TIME        S_WF_N        S_WF_V        S_WE_N
              ________      ________      ________      ________      ________
 S_QWORDS       0.045
 S_TIME         0.000         0.045
 S_WF_N         0.000         0.000         0.033
 S_WF_V         0.000         0.000         0.000         0.036
 S_WE_N         0.000         0.000         0.000         0.000         0.008
 S_WE_V         0.000         0.000         0.000         0.000         0.000
 S_COMPLX       0.000         0.000         0.000         0.000         0.000
 D_MALE         0.000         0.000         0.000         0.000         0.000
 D_FIRSTB       0.000         0.000         0.000         0.000         0.000
 D_MOMCOL       0.000         0.000         0.000         0.000         0.000
 D_AGE_C        0.000         0.000         0.000         0.000         0.000
 D_AGE_C2       0.000         0.000         0.000         0.000         0.000
 D_AGCMLE       0.000         0.000         0.000         0.000         0.000
 D_AC2MLE       0.000         0.000         0.000         0.000         0.000


           THETA
              S_WE_V        S_COMPLX      D_MALE        D_FIRSTB      D_MOMCOL
              ________      ________      ________      ________      ________
 S_WE_V         0.000
 S_COMPLX       0.000         0.048
 D_MALE         0.000         0.000         0.000
 D_FIRSTB       0.000         0.000         0.000         0.000
 D_MOMCOL       0.000         0.000         0.000         0.000         0.000
 D_AGE_C        0.000         0.000         0.000         0.000         0.000
 D_AGE_C2       0.000         0.000         0.000         0.000         0.000
 D_AGCMLE       0.000         0.000         0.000         0.000         0.000
 D_AC2MLE       0.000         0.000         0.000         0.000         0.000


           THETA
              D_AGE_C       D_AGE_C2      D_AGCMLE      D_AC2MLE
              ________      ________      ________      ________
 D_AGE_C        0.000
 D_AGE_C2       0.000         0.000
 D_AGCMLE       0.000         0.000         0.000
 D_AC2MLE       0.000         0.000         0.000         0.000


           ALPHA
              ETA           S_WE_V        D_MALE        D_FIRSTB      D_MOMCOL
              ________      ________      ________      ________      ________
                0.000         0.038         0.000         0.000         0.000


           ALPHA
              D_AGE_C       D_AGE_C2      D_AGCMLE      D_AC2MLE
              ________      ________      ________      ________
                0.000         0.000         0.000         0.000


           BETA
              ETA           S_WE_V        D_MALE        D_FIRSTB      D_MOMCOL
              ________      ________      ________      ________      ________
 ETA            0.000         0.000         0.000         0.000         0.000
 S_WE_V         1.000         0.000         0.000         0.000         0.000
 D_MALE         0.000         0.000         0.000         0.000         0.000
 D_FIRSTB       0.000         0.000         0.000         0.000         0.000
 D_MOMCOL       0.000         0.000         0.000         0.000         0.000
 D_AGE_C        0.000         0.000         0.000         0.000         0.000
 D_AGE_C2       0.000         0.000         0.000         0.000         0.000
 D_AGCMLE       0.000         0.000         0.000         0.000         0.000
 D_AC2MLE       0.000         0.000         0.000         0.000         0.000


           BETA
              D_AGE_C       D_AGE_C2      D_AGCMLE      D_AC2MLE
              ________      ________      ________      ________
 ETA            0.000         0.000         0.000         0.000
 S_WE_V         0.000         0.000         0.000         0.000
 D_MALE         0.000         0.000         0.000         0.000
 D_FIRSTB       0.000         0.000         0.000         0.000
 D_MOMCOL       0.000         0.000         0.000         0.000
 D_AGE_C        0.000         0.000         0.000         0.000
 D_AGE_C2       0.000         0.000         0.000         0.000
 D_AGCMLE       0.000         0.000         0.000         0.000
 D_AC2MLE       0.000         0.000         0.000         0.000


           PSI
              ETA           S_WE_V        D_MALE        D_FIRSTB      D_MOMCOL
              ________      ________      ________      ________      ________
 ETA            1.000
 S_WE_V         0.000         0.004
 D_MALE         0.000         0.000         0.500
 D_FIRSTB       0.000         0.000         0.000         0.500
 D_MOMCOL       0.000         0.000         0.000         0.000         0.486
 D_AGE_C        0.000         0.000         0.000         0.000         0.000
 D_AGE_C2       0.000         0.000         0.000         0.000         0.000
 D_AGCMLE       0.000         0.000         0.000         0.000         0.000
 D_AC2MLE       0.000         0.000         0.000         0.000         0.000


           PSI
              D_AGE_C       D_AGE_C2      D_AGCMLE      D_AC2MLE
              ________      ________      ________      ________
 D_AGE_C        9.020
 D_AGE_C2       0.000       184.555
 D_AGCMLE       0.000         0.000         9.822
 D_AC2MLE       0.000         0.000         0.000       377.525


     STARTING VALUES FOR THE ADDITIONAL PARAMETERS


           NEW/ADDITIONAL PARAMETERS
              L26_00        L26_1         L26_2         L26_3         L26_4
              ________      ________      ________      ________      ________
                1.000         0.000         0.000         0.000         0.000


           NEW/ADDITIONAL PARAMETERS
              L26_5         L26_6         L26_7
              ________      ________      ________
                0.000         0.000         0.000


     Beginning Time:  23:09:31
        Ending Time:  23:20:17
       Elapsed Time:  00:10:46



MUTHEN & MUTHEN
3463 Stoner Ave.
Los Angeles, CA  90066

Tel: (310) 391-9971
Fax: (310) 391-8971
Web: www.StatModel.com
Support: Support@StatModel.com

Copyright (c) 1998-2019 Muthen & Muthen
