Mplus VERSION 8.3
MUTHEN & MUTHEN
11/14/2021  12:21 PM

INPUT INSTRUCTIONS

  TITLE: Final Model to Get Scoring Parameters
  DATA: FILE = "models/onefac/calibration.dat";
  VARIABLE:
  NAMES = ID L_ACTION L_ANIMAL L_BODYP L_CLOTH L_DESCRB L_FOOD L_ROOMS L_GAMES
       L_HOUSEH L_LOCATE L_OUTSDE L_PEOPLE L_PLACES L_SOUNDS L_TOYS L_VEHICL S_CONJ
       S_HELPV S_PRON S_QUANT S_QWORDS S_TIME S_WF_N S_WF_V S_WE_N S_WE_V S_COMPLX
       D_MALE D_FIRSTB D_MOMCOL D_AGE_C D_AGE_C2 D_AGCMLE D_AC2MLE;
  MISSING=.;
  !
  USEVARIABLES= L_ACTION L_ANIMAL L_BODYP L_CLOTH L_DESCRB L_FOOD L_ROOMS L_GAMES L_HOUSEH
   L_LOCATE L_OUTSDE L_PEOPLE L_PLACES L_SOUNDS L_TOYS L_VEHICL S_CONJ S_HELPV S_PRON
   S_QUANT S_QWORDS S_TIME S_WF_N S_WF_V S_WE_N S_WE_V S_COMPLX D_MALE D_FIRSTB
   D_MOMCOL D_AGE_C D_AGE_C2 D_AGCMLE D_AC2MLE;
  AUXILIARY= ID ;
  !
  !
  CONSTRAINT= D_AGE_C2 D_MALE D_FIRSTB D_MOMCOL D_AGE_C D_AGCMLE ;
  ANALYSIS: ESTIMATOR=ML;ALGORITHM=INTEGRATION;INTEGRATION=MONTECARLO;PROCESSORS=4;
  MODEL: [ETA@0];ETA*(veta);
  ETA BY L_ACTION*(l_1);
  ETA BY L_ANIMAL*(l_2);
  ETA BY L_BODYP*(l_3);
  ETA BY L_CLOTH*(l_4);
  ETA BY L_DESCRB*(l_5);
  ETA BY L_FOOD*(l_6);
  ETA BY L_ROOMS*(l_7);
  ETA BY L_GAMES*(l_8);
  ETA BY L_HOUSEH*(l_9);
  ETA BY L_LOCATE*(l_10);
  ETA BY L_OUTSDE*(l_11);
  ETA BY L_PEOPLE*(l_12);
  ETA BY L_PLACES*(l_13);
  ETA BY L_SOUNDS*(l_14);
  ETA BY L_TOYS*(l_15);
  ETA BY L_VEHICL*(l_16);
  ETA BY S_CONJ*(l_17);
  ETA BY S_HELPV*(l_18);
  ETA BY S_PRON*(l_19);
  ETA BY S_QUANT*(l_20);
  ETA BY S_QWORDS*(l_21);
  ETA BY S_TIME*(l_22);
  ETA BY S_WF_N*(l_23);
  ETA BY S_WF_V*(l_24);
  ETA BY S_WE_N*(l_25);
  ETA BY S_WE_V*(l_26);
  ETA BY S_COMPLX*(l_27);
  ETA ON D_MALE; ETA ON D_FIRSTB; ETA ON D_MOMCOL; ETA ON D_AGE_C; ETA ON D_AC2MLE; ETA ON
   D_AGE_C2;
  L_ACTION on D_AGE_C2;

  L_ANIMAL on D_FIRSTB D_MOMCOL D_AGE_C D_AGE_C2;


  L_BODYP on D_MALE D_MOMCOL D_AGE_C;



  L_CLOTH on D_MALE D_AGE_C;




  L_DESCRB on D_FIRSTB D_AGE_C;





  L_FOOD on D_AGE_C D_AGE_C2;






  L_ROOMS on D_MOMCOL D_AGE_C;







  L_GAMES on D_AGE_C;








  L_HOUSEH on D_MALE D_MOMCOL D_AGE_C;









  L_LOCATE on D_AGE_C;










  L_OUTSDE on D_MALE D_FIRSTB D_AGE_C;











  L_PEOPLE on D_AGE_C;












  L_PLACES on D_FIRSTB D_AGE_C;













  L_SOUNDS on D_FIRSTB D_MOMCOL D_AGE_C D_AGE_C2;














  L_TOYS on D_AGE_C;















  L_VEHICL on D_MALE D_MOMCOL D_AGE_C D_AGCMLE;
















  S_CONJ on D_MALE D_AGE_C D_AGE_C2;

















  S_HELPV on D_AGE_C;


















  S_PRON on D_MALE D_AGE_C;



















  S_QUANT on D_AGE_C D_AGCMLE;




















  S_QWORDS on D_FIRSTB D_AGE_C;





















  S_TIME on D_MALE D_FIRSTB D_MOMCOL D_AGE_C;






















  S_WF_N on D_FIRSTB D_AGE_C D_AGE_C2;























  S_WF_V on D_MALE D_FIRSTB D_AGE_C D_AGE_C2;
























  S_WE_N on D_MALE D_MOMCOL D_AGE_C;

























  S_WE_V on D_MOMCOL D_AGE_C;


























  S_COMPLX on D_MALE D_MOMCOL D_AGE_C;
  MODEL CONSTRAINT: new(
  V2*0
  !
  l1_0*1   l1_5*0
  ! !
  l3_0*1   l3_1*0  l3_4*0
  ! !
  l5_0*1   l5_4*0
  ! !
  ! !
  ! !
  l9_0*1   l9_1*0
  l10_0*1   l10_4*0
  l11_0*1   l11_1*0
  l12_0*1   l12_4*0
  ! !
  l14_0*1   l14_4*0  l14_5*0
  ! !
  l16_0*1   l16_4*0  l16_6*0
  l17_0*1   l17_1*0  l17_4*0  l17_5*0
  l18_0*1   l18_4*0
  l19_0*1   l19_1*0  l19_4*0
  l20_0*1   l20_4*0  l20_6*0
  l21_0*1   l21_4*0
  l22_0*1   l22_1*0  l22_2*0  l22_4*0
  l23_0*1   l23_5*0
  l24_0*1   l24_1*0  l24_4*0
  l25_0*1   l25_3*0
  l26_0*1   l26_3*0  l26_4*0
  l27_0*1   l27_1*0  l27_3*0  l27_4*0
  );
  veta=1*exp(
  v2*D_FIRSTB+
  0);
  l_1=l1_0 +l1_5*D_AGE_C2;
  ! !;
  l_3=l3_0 +l3_1*D_MALE +l3_4*D_AGE_C;
  ! !;
  l_5=l5_0 +l5_4*D_AGE_C;
  ! !;
  ! !;
  ! !;
  l_9=l9_0 +l9_1*D_MALE;
  l_10=l10_0 +l10_4*D_AGE_C;
  l_11=l11_0 +l11_1*D_MALE;
  l_12=l12_0 +l12_4*D_AGE_C;
  ! !;
  l_14=l14_0 +l14_4*D_AGE_C +l14_5*D_AGE_C2;
  ! !;
  l_16=l16_0 +l16_4*D_AGE_C +l16_6*D_AGCMLE;
  l_17=l17_0 +l17_1*D_MALE +l17_4*D_AGE_C +l17_5*D_AGE_C2;
  l_18=l18_0 +l18_4*D_AGE_C;
  l_19=l19_0 +l19_1*D_MALE +l19_4*D_AGE_C;
  l_20=l20_0 +l20_4*D_AGE_C +l20_6*D_AGCMLE;
  l_21=l21_0 +l21_4*D_AGE_C;
  l_22=l22_0 +l22_1*D_MALE +l22_2*D_FIRSTB +l22_4*D_AGE_C;
  l_23=l23_0 +l23_5*D_AGE_C2;
  l_24=l24_0 +l24_1*D_MALE +l24_4*D_AGE_C;
  l_25=l25_0 +l25_3*D_MOMCOL;
  l_26=l26_0 +l26_3*D_MOMCOL +l26_4*D_AGE_C;
  l_27=l27_0 +l27_1*D_MALE +l27_3*D_MOMCOL +l27_4*D_AGE_C;



INPUT READING TERMINATED NORMALLY



Final Model to Get Scoring Parameters

SUMMARY OF ANALYSIS

Number of groups                                                 1
Number of observations                                        2766

Number of dependent variables                                   27
Number of independent variables                                  7
Number of continuous latent variables                            1

Observed dependent variables

  Continuous
   L_ACTION    L_ANIMAL    L_BODYP     L_CLOTH     L_DESCRB    L_FOOD
   L_ROOMS     L_GAMES     L_HOUSEH    L_LOCATE    L_OUTSDE    L_PEOPLE
   L_PLACES    L_SOUNDS    L_TOYS      L_VEHICL    S_CONJ      S_HELPV
   S_PRON      S_QUANT     S_QWORDS    S_TIME      S_WF_N      S_WF_V
   S_WE_N      S_WE_V      S_COMPLX

Observed independent variables
   D_MALE      D_FIRSTB    D_MOMCOL    D_AGE_C     D_AGE_C2    D_AGCMLE
   D_AC2MLE

Observed auxiliary variables
   ID

Continuous latent variables
   ETA


Estimator                                                       ML
Information matrix                                        OBSERVED
Optimization Specifications for the Quasi-Newton Algorithm for
Continuous Outcomes
  Maximum number of iterations                                 100
  Convergence criterion                                  0.100D-05
Optimization Specifications for the EM Algorithm
  Maximum number of iterations                                 500
  Convergence criteria
    Loglikelihood change                                 0.100D-02
    Relative loglikelihood change                        0.100D-05
    Derivative                                           0.100D-02
Optimization Specifications for the M step of the EM Algorithm for
Categorical Latent variables
  Number of M step iterations                                    1
  M step convergence criterion                           0.100D-02
  Basis for M step termination                           ITERATION
Optimization Specifications for the M step of the EM Algorithm for
Censored, Binary or Ordered Categorical (Ordinal), Unordered
Categorical (Nominal) and Count Outcomes
  Number of M step iterations                                    1
  M step convergence criterion                           0.100D-02
  Basis for M step termination                           ITERATION
  Maximum value for logit thresholds                            15
  Minimum value for logit thresholds                           -15
  Minimum expected cell size for chi-square              0.100D-01
Maximum number of iterations for H1                           2000
Convergence criterion for H1                             0.100D-03
Optimization algorithm                                         EMA
Integration Specifications
  Type                                                  MONTECARLO
  Number of integration points                                   1
  Dimensions of numerical integration                            0
  Adaptive quadrature                                           ON
  Monte Carlo integration seed                                   0
Cholesky                                                       OFF

Input data file(s)
  models/onefac/calibration.dat
Input data format  FREE


SUMMARY OF DATA

     Number of missing data patterns             1


COVARIANCE COVERAGE OF DATA

Minimum covariance coverage value   0.100


     PROPORTION OF DATA PRESENT FOR Y


           Covariance Coverage
              L_ACTION      L_ANIMAL      L_BODYP       L_CLOTH       L_DESCRB
              ________      ________      ________      ________      ________
 L_ACTION       1.000
 L_ANIMAL       1.000         1.000
 L_BODYP        1.000         1.000         1.000
 L_CLOTH        1.000         1.000         1.000         1.000
 L_DESCRB       1.000         1.000         1.000         1.000         1.000
 L_FOOD         1.000         1.000         1.000         1.000         1.000
 L_ROOMS        1.000         1.000         1.000         1.000         1.000
 L_GAMES        1.000         1.000         1.000         1.000         1.000
 L_HOUSEH       1.000         1.000         1.000         1.000         1.000
 L_LOCATE       1.000         1.000         1.000         1.000         1.000
 L_OUTSDE       1.000         1.000         1.000         1.000         1.000
 L_PEOPLE       1.000         1.000         1.000         1.000         1.000
 L_PLACES       1.000         1.000         1.000         1.000         1.000
 L_SOUNDS       1.000         1.000         1.000         1.000         1.000
 L_TOYS         1.000         1.000         1.000         1.000         1.000
 L_VEHICL       1.000         1.000         1.000         1.000         1.000
 S_CONJ         1.000         1.000         1.000         1.000         1.000
 S_HELPV        1.000         1.000         1.000         1.000         1.000
 S_PRON         1.000         1.000         1.000         1.000         1.000
 S_QUANT        1.000         1.000         1.000         1.000         1.000
 S_QWORDS       1.000         1.000         1.000         1.000         1.000
 S_TIME         1.000         1.000         1.000         1.000         1.000
 S_WF_N         1.000         1.000         1.000         1.000         1.000
 S_WF_V         1.000         1.000         1.000         1.000         1.000
 S_WE_N         1.000         1.000         1.000         1.000         1.000
 S_WE_V         1.000         1.000         1.000         1.000         1.000
 S_COMPLX       1.000         1.000         1.000         1.000         1.000
 D_MALE         1.000         1.000         1.000         1.000         1.000
 D_FIRSTB       1.000         1.000         1.000         1.000         1.000
 D_MOMCOL       1.000         1.000         1.000         1.000         1.000
 D_AGE_C        1.000         1.000         1.000         1.000         1.000
 D_AGE_C2       1.000         1.000         1.000         1.000         1.000
 D_AGCMLE       1.000         1.000         1.000         1.000         1.000
 D_AC2MLE       1.000         1.000         1.000         1.000         1.000


           Covariance Coverage
              L_FOOD        L_ROOMS       L_GAMES       L_HOUSEH      L_LOCATE
              ________      ________      ________      ________      ________
 L_FOOD         1.000
 L_ROOMS        1.000         1.000
 L_GAMES        1.000         1.000         1.000
 L_HOUSEH       1.000         1.000         1.000         1.000
 L_LOCATE       1.000         1.000         1.000         1.000         1.000
 L_OUTSDE       1.000         1.000         1.000         1.000         1.000
 L_PEOPLE       1.000         1.000         1.000         1.000         1.000
 L_PLACES       1.000         1.000         1.000         1.000         1.000
 L_SOUNDS       1.000         1.000         1.000         1.000         1.000
 L_TOYS         1.000         1.000         1.000         1.000         1.000
 L_VEHICL       1.000         1.000         1.000         1.000         1.000
 S_CONJ         1.000         1.000         1.000         1.000         1.000
 S_HELPV        1.000         1.000         1.000         1.000         1.000
 S_PRON         1.000         1.000         1.000         1.000         1.000
 S_QUANT        1.000         1.000         1.000         1.000         1.000
 S_QWORDS       1.000         1.000         1.000         1.000         1.000
 S_TIME         1.000         1.000         1.000         1.000         1.000
 S_WF_N         1.000         1.000         1.000         1.000         1.000
 S_WF_V         1.000         1.000         1.000         1.000         1.000
 S_WE_N         1.000         1.000         1.000         1.000         1.000
 S_WE_V         1.000         1.000         1.000         1.000         1.000
 S_COMPLX       1.000         1.000         1.000         1.000         1.000
 D_MALE         1.000         1.000         1.000         1.000         1.000
 D_FIRSTB       1.000         1.000         1.000         1.000         1.000
 D_MOMCOL       1.000         1.000         1.000         1.000         1.000
 D_AGE_C        1.000         1.000         1.000         1.000         1.000
 D_AGE_C2       1.000         1.000         1.000         1.000         1.000
 D_AGCMLE       1.000         1.000         1.000         1.000         1.000
 D_AC2MLE       1.000         1.000         1.000         1.000         1.000


           Covariance Coverage
              L_OUTSDE      L_PEOPLE      L_PLACES      L_SOUNDS      L_TOYS
              ________      ________      ________      ________      ________
 L_OUTSDE       1.000
 L_PEOPLE       1.000         1.000
 L_PLACES       1.000         1.000         1.000
 L_SOUNDS       1.000         1.000         1.000         1.000
 L_TOYS         1.000         1.000         1.000         1.000         1.000
 L_VEHICL       1.000         1.000         1.000         1.000         1.000
 S_CONJ         1.000         1.000         1.000         1.000         1.000
 S_HELPV        1.000         1.000         1.000         1.000         1.000
 S_PRON         1.000         1.000         1.000         1.000         1.000
 S_QUANT        1.000         1.000         1.000         1.000         1.000
 S_QWORDS       1.000         1.000         1.000         1.000         1.000
 S_TIME         1.000         1.000         1.000         1.000         1.000
 S_WF_N         1.000         1.000         1.000         1.000         1.000
 S_WF_V         1.000         1.000         1.000         1.000         1.000
 S_WE_N         1.000         1.000         1.000         1.000         1.000
 S_WE_V         1.000         1.000         1.000         1.000         1.000
 S_COMPLX       1.000         1.000         1.000         1.000         1.000
 D_MALE         1.000         1.000         1.000         1.000         1.000
 D_FIRSTB       1.000         1.000         1.000         1.000         1.000
 D_MOMCOL       1.000         1.000         1.000         1.000         1.000
 D_AGE_C        1.000         1.000         1.000         1.000         1.000
 D_AGE_C2       1.000         1.000         1.000         1.000         1.000
 D_AGCMLE       1.000         1.000         1.000         1.000         1.000
 D_AC2MLE       1.000         1.000         1.000         1.000         1.000


           Covariance Coverage
              L_VEHICL      S_CONJ        S_HELPV       S_PRON        S_QUANT
              ________      ________      ________      ________      ________
 L_VEHICL       1.000
 S_CONJ         1.000         1.000
 S_HELPV        1.000         1.000         1.000
 S_PRON         1.000         1.000         1.000         1.000
 S_QUANT        1.000         1.000         1.000         1.000         1.000
 S_QWORDS       1.000         1.000         1.000         1.000         1.000
 S_TIME         1.000         1.000         1.000         1.000         1.000
 S_WF_N         1.000         1.000         1.000         1.000         1.000
 S_WF_V         1.000         1.000         1.000         1.000         1.000
 S_WE_N         1.000         1.000         1.000         1.000         1.000
 S_WE_V         1.000         1.000         1.000         1.000         1.000
 S_COMPLX       1.000         1.000         1.000         1.000         1.000
 D_MALE         1.000         1.000         1.000         1.000         1.000
 D_FIRSTB       1.000         1.000         1.000         1.000         1.000
 D_MOMCOL       1.000         1.000         1.000         1.000         1.000
 D_AGE_C        1.000         1.000         1.000         1.000         1.000
 D_AGE_C2       1.000         1.000         1.000         1.000         1.000
 D_AGCMLE       1.000         1.000         1.000         1.000         1.000
 D_AC2MLE       1.000         1.000         1.000         1.000         1.000


           Covariance Coverage
              S_QWORDS      S_TIME        S_WF_N        S_WF_V        S_WE_N
              ________      ________      ________      ________      ________
 S_QWORDS       1.000
 S_TIME         1.000         1.000
 S_WF_N         1.000         1.000         1.000
 S_WF_V         1.000         1.000         1.000         1.000
 S_WE_N         1.000         1.000         1.000         1.000         1.000
 S_WE_V         1.000         1.000         1.000         1.000         1.000
 S_COMPLX       1.000         1.000         1.000         1.000         1.000
 D_MALE         1.000         1.000         1.000         1.000         1.000
 D_FIRSTB       1.000         1.000         1.000         1.000         1.000
 D_MOMCOL       1.000         1.000         1.000         1.000         1.000
 D_AGE_C        1.000         1.000         1.000         1.000         1.000
 D_AGE_C2       1.000         1.000         1.000         1.000         1.000
 D_AGCMLE       1.000         1.000         1.000         1.000         1.000
 D_AC2MLE       1.000         1.000         1.000         1.000         1.000


           Covariance Coverage
              S_WE_V        S_COMPLX      D_MALE        D_FIRSTB      D_MOMCOL
              ________      ________      ________      ________      ________
 S_WE_V         1.000
 S_COMPLX       1.000         1.000
 D_MALE         1.000         1.000         1.000
 D_FIRSTB       1.000         1.000         1.000         1.000
 D_MOMCOL       1.000         1.000         1.000         1.000         1.000
 D_AGE_C        1.000         1.000         1.000         1.000         1.000
 D_AGE_C2       1.000         1.000         1.000         1.000         1.000
 D_AGCMLE       1.000         1.000         1.000         1.000         1.000
 D_AC2MLE       1.000         1.000         1.000         1.000         1.000


           Covariance Coverage
              D_AGE_C       D_AGE_C2      D_AGCMLE      D_AC2MLE
              ________      ________      ________      ________
 D_AGE_C        1.000
 D_AGE_C2       1.000         1.000
 D_AGCMLE       1.000         1.000         1.000
 D_AC2MLE       1.000         1.000         1.000         1.000



UNIVARIATE SAMPLE STATISTICS


     UNIVARIATE HIGHER-ORDER MOMENT DESCRIPTIVE STATISTICS

         Variable/         Mean/     Skewness/   Minimum/ % with                Percentiles
        Sample Size      Variance    Kurtosis    Maximum  Min/Max      20%/60%    40%/80%    Median

     L_ACTION              0.381       0.465       0.000   10.09%       0.029      0.146      0.272
            2766.000       0.124      -1.319       1.000    2.02%       0.437      0.796
     L_ANIMAL              0.502       0.006       0.000    3.25%       0.140      0.372      0.512
            2766.000       0.109      -1.413       1.000    6.69%       0.651      0.860
     L_BODYP               0.559      -0.333       0.000    8.13%       0.148      0.481      0.667
            2766.000       0.120      -1.406       1.000    4.66%       0.778      0.926
     L_CLOTH               0.429       0.197       0.000    9.54%       0.071      0.286      0.429
            2766.000       0.100      -1.290       1.000    2.71%       0.536      0.750
     L_DESCRB              0.361       0.570       0.000    9.65%       0.048      0.143      0.254
            2766.000       0.109      -1.095       1.000    2.28%       0.397      0.730
     L_FOOD                0.470       0.063       0.000    5.89%       0.103      0.309      0.485
            2766.000       0.112      -1.432       1.000    3.29%       0.603      0.838
     L_ROOMS               0.392       0.352       0.000   17.75%       0.030      0.182      0.333
            2766.000       0.119      -1.378       1.000    2.13%       0.485      0.788
     L_GAMES               0.580      -0.160       0.000    1.99%       0.240      0.480      0.600
            2766.000       0.096      -1.277       1.000   11.35%       0.720      0.920
     L_HOUSEH              0.456       0.111       0.000    8.79%       0.060      0.280      0.440
            2766.000       0.122      -1.486       1.000    3.69%       0.600      0.840
     L_LOCATE              0.306       0.862       0.000   17.03%       0.038      0.154      0.231
            2766.000       0.084      -0.356       1.000    2.17%       0.308      0.577
     L_OUTSDE              0.418       0.301       0.000   14.24%       0.032      0.226      0.355
            2766.000       0.117      -1.327       1.000    4.92%       0.516      0.806
     L_PEOPLE              0.418       0.559       0.000    1.19%       0.172      0.276      0.345
            2766.000       0.071      -0.751       1.000    2.71%       0.448      0.690
     L_PLACES              0.329       0.573       0.000   18.76%       0.045      0.182      0.273
            2766.000       0.087      -0.868       1.000    1.66%       0.364      0.636
     L_SOUNDS              0.726      -0.817       0.000    0.87%       0.500      0.750      0.833
            2766.000       0.069      -0.315       1.000   24.98%       0.833      1.000
     L_TOYS                0.517       0.006       0.000    5.13%       0.167      0.389      0.500
            2766.000       0.101      -1.312       1.000    8.93%       0.611      0.889
     L_VEHICL              0.514      -0.149       0.000   10.52%       0.143      0.429      0.571
            2766.000       0.111      -1.383       1.000    6.58%       0.714      0.857
     S_CONJ                0.132       2.167       0.000   67.25%       0.000      0.000      0.000
            2766.000       0.062       3.990       1.000    3.40%       0.000      0.167
     S_HELPV               0.212       1.398       0.000   36.62%       0.000      0.048      0.048
            2766.000       0.080       0.843       1.000    2.96%       0.143      0.429
     S_PRON                0.257       1.246       0.000   15.37%       0.040      0.120      0.160
            2766.000       0.075       0.569       1.000    2.49%       0.200      0.480
     S_QUANT               0.236       1.241       0.000   27.11%       0.000      0.059      0.118
            2766.000       0.078       0.438       1.000    2.35%       0.176      0.471
     S_QWORDS              0.248       1.100       0.000   42.91%       0.000      0.000      0.143
            2766.000       0.090       0.097       1.000    4.66%       0.286      0.571
     S_TIME                0.229       1.282       0.000   42.23%       0.000      0.000      0.083
            2766.000       0.090       0.457       1.000    4.30%       0.167      0.500
     S_WF_N                0.322       0.492       0.000   25.74%       0.000      0.200      0.400
            2766.000       0.066      -0.178       1.000    2.86%       0.400      0.600
     S_WF_V                0.187       1.564       0.000   42.37%       0.000      0.000      0.050
            2766.000       0.072       1.427       1.000    2.13%       0.100      0.350
     S_WE_N                0.066       2.603       0.000   66.20%       0.000      0.000      0.000
            2766.000       0.016       8.720       1.000    0.11%       0.000      0.143
     S_WE_V                0.038       4.398       0.000   70.50%       0.000      0.000      0.000
            2766.000       0.008      28.722       1.000    0.11%       0.000      0.065
     S_COMPLX              0.241       1.159       0.000   37.85%       0.000      0.027      0.081
            2766.000       0.095       0.029       1.000    2.82%       0.162      0.541
     D_MALE                0.013      -0.026      -1.000   49.35%      -1.000     -1.000      1.000
            2766.000       1.000      -1.999       1.000   50.65%       1.000      1.000
     D_FIRSTB              0.030      -0.059      -1.000   48.52%      -1.000     -1.000      1.000
            2766.000       0.999      -1.996       1.000   51.48%       1.000      1.000
     D_MOMCOL              0.165      -0.334      -1.000   41.76%      -1.000     -1.000      1.000
            2766.000       0.973      -1.888       1.000   58.24%       1.000      1.000
     D_AGE_C              -1.267       0.087      -8.000    6.69%      -6.000     -3.000      0.000
            2766.000      18.040      -1.118       6.000    8.17%       0.000      3.000
     D_AGE_C2             19.646       0.767       0.000   15.08%       1.000      9.000     16.000
            2766.000     369.110      -0.398      64.000    6.69%      25.000     36.000
     D_AGCMLE              0.043      -0.017      -8.000    3.29%      -5.000     -1.000      0.000
            2766.000      19.644      -1.043       8.000    3.40%       1.000      5.000
     D_AC2MLE              0.168      -0.024     -64.000    3.40%     -25.000     -1.000      0.000
            2766.000     755.049       0.133      64.000    3.29%       1.000     25.000


THE MODEL ESTIMATION TERMINATED NORMALLY



MODEL FIT INFORMATION

Number of Free Parameters                      186

Loglikelihood

          H0 Value                       46906.799

Information Criteria

          Akaike (AIC)                  -93441.598
          Bayesian (BIC)                -92339.519
          Sample-Size Adjusted BIC      -92930.502
            (n* = (n + 2) / 24)



MODEL RESULTS

                                                    Two-Tailed
                    Estimate       S.E.  Est./S.E.    P-Value

 ETA      BY
    L_ACTION         999.000      0.000    999.000    999.000
    L_ANIMAL           0.217      0.004     56.970      0.000
    L_BODYP          999.000      0.000    999.000    999.000
    L_CLOTH            0.217      0.003     63.270      0.000
    L_DESCRB         999.000      0.000    999.000    999.000
    L_FOOD             0.223      0.003     63.913      0.000
    L_ROOMS            0.240      0.004     64.338      0.000
    L_GAMES            0.199      0.004     56.005      0.000
    L_HOUSEH         999.000      0.000    999.000    999.000
    L_LOCATE         999.000      0.000    999.000    999.000
    L_OUTSDE         999.000      0.000    999.000    999.000
    L_PEOPLE         999.000      0.000    999.000    999.000
    L_PLACES           0.192      0.003     60.590      0.000
    L_SOUNDS         999.000      0.000    999.000    999.000
    L_TOYS             0.211      0.004     60.002      0.000
    L_VEHICL         999.000      0.000    999.000    999.000
    S_CONJ           999.000      0.000    999.000    999.000
    S_HELPV          999.000      0.000    999.000    999.000
    S_PRON           999.000      0.000    999.000    999.000
    S_QUANT          999.000      0.000    999.000    999.000
    S_QWORDS         999.000      0.000    999.000    999.000
    S_TIME           999.000      0.000    999.000    999.000
    S_WF_N           999.000      0.000    999.000    999.000
    S_WF_V           999.000      0.000    999.000    999.000
    S_WE_N           999.000      0.000    999.000    999.000
    S_WE_V           999.000      0.000    999.000    999.000
    S_COMPLX         999.000      0.000    999.000    999.000

 ETA        ON
    D_MALE            -0.229      0.028     -8.273      0.000
    D_FIRSTB           0.123      0.019      6.309      0.000
    D_MOMCOL           0.094      0.020      4.760      0.000
    D_AGE_C            0.220      0.007     33.171      0.000
    D_AC2MLE           0.003      0.001      2.857      0.004
    D_AGE_C2          -0.004      0.001     -3.382      0.001

 L_ACTION   ON
    D_AGE_C2           0.000      0.000      2.511      0.012

 L_ANIMAL   ON
    D_FIRSTB           0.019      0.003      7.264      0.000
    D_MOMCOL           0.017      0.003      6.446      0.000
    D_AGE_C           -0.003      0.001     -2.719      0.007
    D_AGE_C2           0.000      0.000     -2.536      0.011

 L_BODYP    ON
    D_MALE            -0.004      0.003     -1.542      0.123
    D_MOMCOL          -0.010      0.003     -3.661      0.000
    D_AGE_C           -0.004      0.001     -3.824      0.000

 L_CLOTH    ON
    D_MALE            -0.015      0.002     -7.982      0.000
    D_AGE_C           -0.003      0.001     -3.080      0.002

 L_DESCRB   ON
    D_FIRSTB           0.006      0.002      3.485      0.000
    D_AGE_C            0.005      0.001      5.574      0.000

 L_FOOD     ON
    D_AGE_C            0.002      0.001      1.848      0.065
    D_AGE_C2           0.000      0.000     -0.316      0.752

 L_ROOMS    ON
    D_MOMCOL          -0.012      0.002     -5.639      0.000
    D_AGE_C           -0.003      0.001     -2.842      0.004

 L_GAMES    ON
    D_AGE_C            0.001      0.001      0.629      0.529

 L_HOUSEH   ON
    D_MALE             0.007      0.002      3.543      0.000
    D_MOMCOL          -0.009      0.002     -4.968      0.000
    D_AGE_C           -0.003      0.001     -2.961      0.003

 L_LOCATE   ON
    D_AGE_C            0.005      0.001      4.895      0.000

 L_OUTSDE   ON
    D_MALE             0.015      0.002      7.456      0.000
    D_FIRSTB           0.009      0.002      4.775      0.000
    D_AGE_C           -0.003      0.001     -2.878      0.004

 L_PEOPLE   ON
    D_AGE_C            0.003      0.001      3.393      0.001

 L_PLACES   ON
    D_FIRSTB          -0.009      0.002     -4.411      0.000
    D_AGE_C            0.003      0.001      3.338      0.001

 L_SOUNDS   ON
    D_FIRSTB           0.017      0.004      4.815      0.000
    D_MOMCOL           0.032      0.004      8.968      0.000
    D_AGE_C           -0.011      0.001     -7.137      0.000
    D_AGE_C2           0.001      0.000      3.491      0.000

 L_TOYS     ON
    D_AGE_C            0.000      0.001      0.151      0.880

 L_VEHICL   ON
    D_MALE             0.047      0.003     14.335      0.000
    D_MOMCOL           0.015      0.003      5.832      0.000
    D_AGE_C           -0.002      0.001     -1.809      0.070
    D_AGCMLE           0.001      0.001      0.866      0.387

 S_CONJ     ON
    D_MALE            -0.009      0.003     -2.773      0.006
    D_AGE_C            0.006      0.001      4.526      0.000
    D_AGE_C2          -0.001      0.000     -4.636      0.000

 S_HELPV    ON
    D_AGE_C            0.011      0.001     10.085      0.000

 S_PRON     ON
    D_MALE            -0.010      0.003     -3.883      0.000
    D_AGE_C            0.010      0.001     10.060      0.000

 S_QUANT    ON
    D_AGE_C            0.007      0.001      6.707      0.000
    D_AGCMLE          -0.004      0.001     -5.300      0.000

 S_QWORDS   ON
    D_FIRSTB          -0.012      0.003     -3.537      0.000
    D_AGE_C            0.013      0.001     10.443      0.000

 S_TIME     ON
    D_MALE            -0.008      0.003     -2.746      0.006
    D_FIRSTB           0.008      0.003      2.778      0.005
    D_MOMCOL          -0.014      0.003     -4.754      0.000
    D_AGE_C            0.007      0.001      6.022      0.000

 S_WF_N     ON
    D_FIRSTB           0.011      0.003      3.472      0.001
    D_AGE_C           -0.004      0.001     -3.081      0.002
    D_AGE_C2           0.001      0.000      3.033      0.002

 S_WF_V     ON
    D_MALE            -0.006      0.003     -2.069      0.039
    D_FIRSTB          -0.012      0.003     -4.202      0.000
    D_AGE_C            0.008      0.001      7.465      0.000
    D_AGE_C2          -0.001      0.000     -4.162      0.000

 S_WE_N     ON
    D_MALE            -0.006      0.002     -2.550      0.011
    D_MOMCOL          -0.013      0.002     -5.665      0.000
    D_AGE_C            0.000      0.001      0.465      0.642

 S_WE_V     ON
    D_MOMCOL          -0.008      0.002     -5.323      0.000
    D_AGE_C            0.002      0.001      3.629      0.000

 S_COMPLX   ON
    D_MALE            -0.017      0.003     -5.760      0.000
    D_MOMCOL           0.010      0.003      3.379      0.001
    D_AGE_C            0.017      0.001     15.556      0.000

 Intercepts
    L_ACTION           0.451      0.008     59.599      0.000
    L_ANIMAL           0.575      0.007     82.611      0.000
    L_BODYP            0.673      0.007     98.701      0.000
    L_CLOTH            0.499      0.006     78.909      0.000
    L_DESCRB           0.409      0.007     62.465      0.000
    L_FOOD             0.549      0.007     81.866      0.000
    L_ROOMS            0.471      0.007     67.787      0.000
    L_GAMES            0.648      0.006    107.031      0.000
    L_HOUSEH           0.537      0.007     76.238      0.000
    L_LOCATE           0.334      0.006     56.319      0.000
    L_OUTSDE           0.496      0.007     71.842      0.000
    L_PEOPLE           0.459      0.005     84.918      0.000
    L_PLACES           0.398      0.006     70.257      0.000
    L_SOUNDS           0.777      0.006    130.684      0.000
    L_TOYS             0.588      0.006     93.934      0.000
    L_VEHICL           0.608      0.007     91.804      0.000
    S_CONJ             0.126      0.006     22.579      0.000
    S_HELPV            0.213      0.006     37.408      0.000
    S_PRON             0.266      0.005     48.915      0.000
    S_QUANT            0.247      0.006     43.164      0.000
    S_QWORDS           0.257      0.006     42.427      0.000
    S_TIME             0.238      0.006     38.380      0.000
    S_WF_N             0.364      0.006     64.283      0.000
    S_WF_V             0.195      0.006     33.596      0.000
    S_WE_N             0.082      0.003     32.814      0.000
    S_WE_V             0.041      0.002     19.617      0.000
    S_COMPLX           0.245      0.006     42.330      0.000
    ETA                0.000      0.000    999.000    999.000

 Residual Variances
    L_ACTION           0.011      0.000     32.985      0.000
    L_ANIMAL           0.017      0.000     35.654      0.000
    L_BODYP            0.017      0.000     35.386      0.000
    L_CLOTH            0.009      0.000     34.231      0.000
    L_DESCRB           0.008      0.000     34.005      0.000
    L_FOOD             0.009      0.000     33.908      0.000
    L_ROOMS            0.010      0.000     33.976      0.000
    L_GAMES            0.016      0.000     35.880      0.000
    L_HOUSEH           0.008      0.000     32.929      0.000
    L_LOCATE           0.013      0.000     35.297      0.000
    L_OUTSDE           0.009      0.000     33.955      0.000
    L_PEOPLE           0.008      0.000     35.240      0.000
    L_PLACES           0.010      0.000     35.129      0.000
    L_SOUNDS           0.033      0.001     36.770      0.000
    L_TOYS             0.012      0.000     35.060      0.000
    L_VEHICL           0.017      0.000     35.590      0.000
    S_CONJ             0.027      0.001     36.600      0.000
    S_HELPV            0.019      0.001     35.973      0.000
    S_PRON             0.016      0.000     35.850      0.000
    S_QUANT            0.017      0.000     35.841      0.000
    S_QWORDS           0.029      0.001     36.583      0.000
    S_TIME             0.021      0.001     36.051      0.000
    S_WF_N             0.026      0.001     36.803      0.000
    S_WF_V             0.020      0.001     36.263      0.000
    S_WE_N             0.012      0.000     37.130      0.000
    S_WE_V             0.006      0.000     37.088      0.000
    S_COMPLX           0.020      0.001     36.224      0.000
    ETA              999.000      0.000    999.000    999.000

New/Additional Parameters
    V2                -0.032      0.027     -1.172      0.241
    L1_0               0.252      0.004     61.201      0.000
    L1_5              -0.001      0.000     -5.520      0.000
    L3_0               0.218      0.004     56.325      0.000
    L3_1               0.010      0.002      5.509      0.000
    L3_4              -0.009      0.001    -18.358      0.000
    L5_0               0.223      0.003     64.427      0.000
    L5_4               0.007      0.000     19.793      0.000
    L9_0               0.245      0.004     65.641      0.000
    L9_1               0.004      0.001      3.245      0.001
    L10_0              0.191      0.003     57.300      0.000
    L10_4              0.009      0.000     21.211      0.000
    L11_0              0.239      0.004     64.514      0.000
    L11_1              0.006      0.001      4.180      0.000
    L12_0              0.179      0.003     60.960      0.000
    L12_4              0.005      0.000     14.957      0.000
    L14_0              0.110      0.004     25.403      0.000
    L14_4             -0.008      0.001     -7.934      0.000
    L14_5              0.001      0.000      6.847      0.000
    L16_0              0.210      0.004     55.288      0.000
    L16_4             -0.006      0.001    -12.430      0.000
    L16_6             -0.002      0.000     -4.462      0.000
    L17_0              0.113      0.004     28.513      0.000
    L17_1             -0.008      0.002     -3.765      0.000
    L17_4              0.019      0.001     20.791      0.000
    L17_5              0.001      0.000      3.941      0.000
    L18_0              0.167      0.003     48.363      0.000
    L18_4              0.015      0.001     27.231      0.000
    L19_0              0.164      0.003     50.598      0.000
    L19_1             -0.007      0.002     -4.319      0.000
    L19_4              0.013      0.000     25.556      0.000
    L20_0              0.173      0.003     51.008      0.000
    L20_4              0.012      0.001     23.936      0.000
    L20_6             -0.002      0.000     -4.429      0.000
    L21_0              0.163      0.004     42.031      0.000
    L21_4              0.014      0.001     21.360      0.000
    L22_0              0.185      0.004     49.446      0.000
    L22_1             -0.008      0.002     -3.778      0.000
    L22_2              0.008      0.002      4.158      0.000
    L22_4              0.014      0.001     24.010      0.000
    L23_0              0.126      0.004     31.968      0.000
    L23_5              0.001      0.000      7.124      0.000
    L24_0              0.156      0.003     45.294      0.000
    L24_1             -0.009      0.002     -4.411      0.000
    L24_4              0.016      0.001     21.175      0.000
    L25_0              0.039      0.002     17.813      0.000
    L25_3             -0.007      0.002     -4.450      0.000
    L26_0              0.031      0.002     20.166      0.000
    L26_3             -0.004      0.001     -3.844      0.000
    L26_4              0.002      0.000      8.716      0.000
    L27_0              0.168      0.004     47.122      0.000
    L27_1             -0.011      0.002     -5.453      0.000
    L27_3              0.010      0.002      4.874      0.000
    L27_4              0.016      0.001     27.413      0.000


QUALITY OF NUMERICAL RESULTS

     Condition Number for the Information Matrix              0.176E-07
       (ratio of smallest to largest eigenvalue)


     Beginning Time:  12:21:31
        Ending Time:  14:44:43
       Elapsed Time:  02:23:12



MUTHEN & MUTHEN
3463 Stoner Ave.
Los Angeles, CA  90066

Tel: (310) 391-9971
Fax: (310) 391-8971
Web: www.StatModel.com
Support: Support@StatModel.com

Copyright (c) 1998-2019 Muthen & Muthen
