Mplus VERSION 8.3
MUTHEN & MUTHEN
11/12/2021  11:46 PM

INPUT INSTRUCTIONS

  TITLE: Variance Impact Model
  DATA: FILE = "models/onefac/calibration.dat";
  VARIABLE:
  NAMES = ID L_ACTION L_ANIMAL L_BODYP L_CLOTH L_DESCRB L_FOOD L_ROOMS L_GAMES
       L_HOUSEH L_LOCATE L_OUTSDE L_PEOPLE L_PLACES L_SOUNDS L_TOYS L_VEHICL S_CONJ
       S_HELPV S_PRON S_QUANT S_QWORDS S_TIME S_WF_N S_WF_V S_WE_N S_WE_V S_COMPLX
       D_MALE D_FIRSTB D_MOMCOL D_AGE_C D_AGE_C2 D_AGCMLE D_AC2MLE;
  MISSING=.;
  !
  USEVARIABLES= L_ACTION L_ANIMAL L_BODYP L_CLOTH L_DESCRB L_FOOD L_ROOMS L_GAMES L_HOUSEH
   L_LOCATE L_OUTSDE L_PEOPLE L_PLACES L_SOUNDS L_TOYS L_VEHICL S_CONJ S_HELPV S_PRON
   S_QUANT S_QWORDS S_TIME S_WF_N S_WF_V S_WE_N S_WE_V S_COMPLX D_AGE_C D_AGE_C2 ;
  AUXILIARY= ID ;
  !
  !
  CONSTRAINT= D_AGE_C D_AGE_C2 ;
  ANALYSIS: ESTIMATOR=ML;ALGORITHM=INTEGRATION;INTEGRATION=MONTECARLO;PROCESSORS=4;
  MODEL: ETA ON D_AGE_C D_AGE_C2 ; ETA*(veta);
  ETA BY L_ACTION*(l1);
  ETA BY L_ANIMAL*(l2);
  ETA BY L_BODYP*(l3);
  ETA BY L_CLOTH*(l4);
  ETA BY L_DESCRB*(l5);
  ETA BY L_FOOD*(l6);
  ETA BY L_ROOMS*(l7);
  ETA BY L_GAMES*(l8);
  ETA BY L_HOUSEH*(l9);
  ETA BY L_LOCATE*(l10);
  ETA BY L_OUTSDE*(l11);
  ETA BY L_PEOPLE*(l12);
  ETA BY L_PLACES*(l13);
  ETA BY L_SOUNDS*(l14);
  ETA BY L_TOYS*(l15);
  ETA BY L_VEHICL*(l16);
  ETA BY S_CONJ*(l17);
  ETA BY S_HELPV*(l18);
  ETA BY S_PRON*(l19);
  ETA BY S_QUANT*(l20);
  ETA BY S_QWORDS*(l21);
  ETA BY S_TIME*(l22);
  ETA BY S_WF_N*(l23);
  ETA BY S_WF_V*(l24);
  ETA BY S_WE_N*(l25);
  ETA BY S_WE_V*(l26);
  ETA BY S_COMPLX*(l27);
  MODEL CONSTRAINT: new(
  v1*0
  v2*0
  );
  veta=1*exp(
  v1*D_AGE_C+
  v2*D_AGE_C2);
  OUTPUT: tech1;



INPUT READING TERMINATED NORMALLY



Variance Impact Model

SUMMARY OF ANALYSIS

Number of groups                                                 1
Number of observations                                        2766

Number of dependent variables                                   27
Number of independent variables                                  2
Number of continuous latent variables                            1

Observed dependent variables

  Continuous
   L_ACTION    L_ANIMAL    L_BODYP     L_CLOTH     L_DESCRB    L_FOOD
   L_ROOMS     L_GAMES     L_HOUSEH    L_LOCATE    L_OUTSDE    L_PEOPLE
   L_PLACES    L_SOUNDS    L_TOYS      L_VEHICL    S_CONJ      S_HELPV
   S_PRON      S_QUANT     S_QWORDS    S_TIME      S_WF_N      S_WF_V
   S_WE_N      S_WE_V      S_COMPLX

Observed independent variables
   D_AGE_C     D_AGE_C2

Observed auxiliary variables
   ID

Continuous latent variables
   ETA


Estimator                                                       ML
Information matrix                                        OBSERVED
Optimization Specifications for the Quasi-Newton Algorithm for
Continuous Outcomes
  Maximum number of iterations                                 100
  Convergence criterion                                  0.100D-05
Optimization Specifications for the EM Algorithm
  Maximum number of iterations                                 500
  Convergence criteria
    Loglikelihood change                                 0.100D-02
    Relative loglikelihood change                        0.100D-05
    Derivative                                           0.100D-02
Optimization Specifications for the M step of the EM Algorithm for
Categorical Latent variables
  Number of M step iterations                                    1
  M step convergence criterion                           0.100D-02
  Basis for M step termination                           ITERATION
Optimization Specifications for the M step of the EM Algorithm for
Censored, Binary or Ordered Categorical (Ordinal), Unordered
Categorical (Nominal) and Count Outcomes
  Number of M step iterations                                    1
  M step convergence criterion                           0.100D-02
  Basis for M step termination                           ITERATION
  Maximum value for logit thresholds                            15
  Minimum value for logit thresholds                           -15
  Minimum expected cell size for chi-square              0.100D-01
Maximum number of iterations for H1                           2000
Convergence criterion for H1                             0.100D-03
Optimization algorithm                                         EMA
Integration Specifications
  Type                                                  MONTECARLO
  Number of integration points                                   1
  Dimensions of numerical integration                            0
  Adaptive quadrature                                           ON
  Monte Carlo integration seed                                   0
Cholesky                                                       OFF

Input data file(s)
  models/onefac/calibration.dat
Input data format  FREE


SUMMARY OF DATA

     Number of missing data patterns             1


COVARIANCE COVERAGE OF DATA

Minimum covariance coverage value   0.100


     PROPORTION OF DATA PRESENT FOR Y


           Covariance Coverage
              L_ACTION      L_ANIMAL      L_BODYP       L_CLOTH       L_DESCRB
              ________      ________      ________      ________      ________
 L_ACTION       1.000
 L_ANIMAL       1.000         1.000
 L_BODYP        1.000         1.000         1.000
 L_CLOTH        1.000         1.000         1.000         1.000
 L_DESCRB       1.000         1.000         1.000         1.000         1.000
 L_FOOD         1.000         1.000         1.000         1.000         1.000
 L_ROOMS        1.000         1.000         1.000         1.000         1.000
 L_GAMES        1.000         1.000         1.000         1.000         1.000
 L_HOUSEH       1.000         1.000         1.000         1.000         1.000
 L_LOCATE       1.000         1.000         1.000         1.000         1.000
 L_OUTSDE       1.000         1.000         1.000         1.000         1.000
 L_PEOPLE       1.000         1.000         1.000         1.000         1.000
 L_PLACES       1.000         1.000         1.000         1.000         1.000
 L_SOUNDS       1.000         1.000         1.000         1.000         1.000
 L_TOYS         1.000         1.000         1.000         1.000         1.000
 L_VEHICL       1.000         1.000         1.000         1.000         1.000
 S_CONJ         1.000         1.000         1.000         1.000         1.000
 S_HELPV        1.000         1.000         1.000         1.000         1.000
 S_PRON         1.000         1.000         1.000         1.000         1.000
 S_QUANT        1.000         1.000         1.000         1.000         1.000
 S_QWORDS       1.000         1.000         1.000         1.000         1.000
 S_TIME         1.000         1.000         1.000         1.000         1.000
 S_WF_N         1.000         1.000         1.000         1.000         1.000
 S_WF_V         1.000         1.000         1.000         1.000         1.000
 S_WE_N         1.000         1.000         1.000         1.000         1.000
 S_WE_V         1.000         1.000         1.000         1.000         1.000
 S_COMPLX       1.000         1.000         1.000         1.000         1.000
 D_AGE_C        1.000         1.000         1.000         1.000         1.000
 D_AGE_C2       1.000         1.000         1.000         1.000         1.000


           Covariance Coverage
              L_FOOD        L_ROOMS       L_GAMES       L_HOUSEH      L_LOCATE
              ________      ________      ________      ________      ________
 L_FOOD         1.000
 L_ROOMS        1.000         1.000
 L_GAMES        1.000         1.000         1.000
 L_HOUSEH       1.000         1.000         1.000         1.000
 L_LOCATE       1.000         1.000         1.000         1.000         1.000
 L_OUTSDE       1.000         1.000         1.000         1.000         1.000
 L_PEOPLE       1.000         1.000         1.000         1.000         1.000
 L_PLACES       1.000         1.000         1.000         1.000         1.000
 L_SOUNDS       1.000         1.000         1.000         1.000         1.000
 L_TOYS         1.000         1.000         1.000         1.000         1.000
 L_VEHICL       1.000         1.000         1.000         1.000         1.000
 S_CONJ         1.000         1.000         1.000         1.000         1.000
 S_HELPV        1.000         1.000         1.000         1.000         1.000
 S_PRON         1.000         1.000         1.000         1.000         1.000
 S_QUANT        1.000         1.000         1.000         1.000         1.000
 S_QWORDS       1.000         1.000         1.000         1.000         1.000
 S_TIME         1.000         1.000         1.000         1.000         1.000
 S_WF_N         1.000         1.000         1.000         1.000         1.000
 S_WF_V         1.000         1.000         1.000         1.000         1.000
 S_WE_N         1.000         1.000         1.000         1.000         1.000
 S_WE_V         1.000         1.000         1.000         1.000         1.000
 S_COMPLX       1.000         1.000         1.000         1.000         1.000
 D_AGE_C        1.000         1.000         1.000         1.000         1.000
 D_AGE_C2       1.000         1.000         1.000         1.000         1.000


           Covariance Coverage
              L_OUTSDE      L_PEOPLE      L_PLACES      L_SOUNDS      L_TOYS
              ________      ________      ________      ________      ________
 L_OUTSDE       1.000
 L_PEOPLE       1.000         1.000
 L_PLACES       1.000         1.000         1.000
 L_SOUNDS       1.000         1.000         1.000         1.000
 L_TOYS         1.000         1.000         1.000         1.000         1.000
 L_VEHICL       1.000         1.000         1.000         1.000         1.000
 S_CONJ         1.000         1.000         1.000         1.000         1.000
 S_HELPV        1.000         1.000         1.000         1.000         1.000
 S_PRON         1.000         1.000         1.000         1.000         1.000
 S_QUANT        1.000         1.000         1.000         1.000         1.000
 S_QWORDS       1.000         1.000         1.000         1.000         1.000
 S_TIME         1.000         1.000         1.000         1.000         1.000
 S_WF_N         1.000         1.000         1.000         1.000         1.000
 S_WF_V         1.000         1.000         1.000         1.000         1.000
 S_WE_N         1.000         1.000         1.000         1.000         1.000
 S_WE_V         1.000         1.000         1.000         1.000         1.000
 S_COMPLX       1.000         1.000         1.000         1.000         1.000
 D_AGE_C        1.000         1.000         1.000         1.000         1.000
 D_AGE_C2       1.000         1.000         1.000         1.000         1.000


           Covariance Coverage
              L_VEHICL      S_CONJ        S_HELPV       S_PRON        S_QUANT
              ________      ________      ________      ________      ________
 L_VEHICL       1.000
 S_CONJ         1.000         1.000
 S_HELPV        1.000         1.000         1.000
 S_PRON         1.000         1.000         1.000         1.000
 S_QUANT        1.000         1.000         1.000         1.000         1.000
 S_QWORDS       1.000         1.000         1.000         1.000         1.000
 S_TIME         1.000         1.000         1.000         1.000         1.000
 S_WF_N         1.000         1.000         1.000         1.000         1.000
 S_WF_V         1.000         1.000         1.000         1.000         1.000
 S_WE_N         1.000         1.000         1.000         1.000         1.000
 S_WE_V         1.000         1.000         1.000         1.000         1.000
 S_COMPLX       1.000         1.000         1.000         1.000         1.000
 D_AGE_C        1.000         1.000         1.000         1.000         1.000
 D_AGE_C2       1.000         1.000         1.000         1.000         1.000


           Covariance Coverage
              S_QWORDS      S_TIME        S_WF_N        S_WF_V        S_WE_N
              ________      ________      ________      ________      ________
 S_QWORDS       1.000
 S_TIME         1.000         1.000
 S_WF_N         1.000         1.000         1.000
 S_WF_V         1.000         1.000         1.000         1.000
 S_WE_N         1.000         1.000         1.000         1.000         1.000
 S_WE_V         1.000         1.000         1.000         1.000         1.000
 S_COMPLX       1.000         1.000         1.000         1.000         1.000
 D_AGE_C        1.000         1.000         1.000         1.000         1.000
 D_AGE_C2       1.000         1.000         1.000         1.000         1.000


           Covariance Coverage
              S_WE_V        S_COMPLX      D_AGE_C       D_AGE_C2
              ________      ________      ________      ________
 S_WE_V         1.000
 S_COMPLX       1.000         1.000
 D_AGE_C        1.000         1.000         1.000
 D_AGE_C2       1.000         1.000         1.000         1.000



UNIVARIATE SAMPLE STATISTICS


     UNIVARIATE HIGHER-ORDER MOMENT DESCRIPTIVE STATISTICS

         Variable/         Mean/     Skewness/   Minimum/ % with                Percentiles
        Sample Size      Variance    Kurtosis    Maximum  Min/Max      20%/60%    40%/80%    Median

     L_ACTION              0.381       0.465       0.000   10.09%       0.029      0.146      0.272
            2766.000       0.124      -1.319       1.000    2.02%       0.437      0.796
     L_ANIMAL              0.502       0.006       0.000    3.25%       0.140      0.372      0.512
            2766.000       0.109      -1.413       1.000    6.69%       0.651      0.860
     L_BODYP               0.559      -0.333       0.000    8.13%       0.148      0.481      0.667
            2766.000       0.120      -1.406       1.000    4.66%       0.778      0.926
     L_CLOTH               0.429       0.197       0.000    9.54%       0.071      0.286      0.429
            2766.000       0.100      -1.290       1.000    2.71%       0.536      0.750
     L_DESCRB              0.361       0.570       0.000    9.65%       0.048      0.143      0.254
            2766.000       0.109      -1.095       1.000    2.28%       0.397      0.730
     L_FOOD                0.470       0.063       0.000    5.89%       0.103      0.309      0.485
            2766.000       0.112      -1.432       1.000    3.29%       0.603      0.838
     L_ROOMS               0.392       0.352       0.000   17.75%       0.030      0.182      0.333
            2766.000       0.119      -1.378       1.000    2.13%       0.485      0.788
     L_GAMES               0.580      -0.160       0.000    1.99%       0.240      0.480      0.600
            2766.000       0.096      -1.277       1.000   11.35%       0.720      0.920
     L_HOUSEH              0.456       0.111       0.000    8.79%       0.060      0.280      0.440
            2766.000       0.122      -1.486       1.000    3.69%       0.600      0.840
     L_LOCATE              0.306       0.862       0.000   17.03%       0.038      0.154      0.231
            2766.000       0.084      -0.356       1.000    2.17%       0.308      0.577
     L_OUTSDE              0.418       0.301       0.000   14.24%       0.032      0.226      0.355
            2766.000       0.117      -1.327       1.000    4.92%       0.516      0.806
     L_PEOPLE              0.418       0.559       0.000    1.19%       0.172      0.276      0.345
            2766.000       0.071      -0.751       1.000    2.71%       0.448      0.690
     L_PLACES              0.329       0.573       0.000   18.76%       0.045      0.182      0.273
            2766.000       0.087      -0.868       1.000    1.66%       0.364      0.636
     L_SOUNDS              0.726      -0.817       0.000    0.87%       0.500      0.750      0.833
            2766.000       0.069      -0.315       1.000   24.98%       0.833      1.000
     L_TOYS                0.517       0.006       0.000    5.13%       0.167      0.389      0.500
            2766.000       0.101      -1.312       1.000    8.93%       0.611      0.889
     L_VEHICL              0.514      -0.149       0.000   10.52%       0.143      0.429      0.571
            2766.000       0.111      -1.383       1.000    6.58%       0.714      0.857
     S_CONJ                0.132       2.167       0.000   67.25%       0.000      0.000      0.000
            2766.000       0.062       3.990       1.000    3.40%       0.000      0.167
     S_HELPV               0.212       1.398       0.000   36.62%       0.000      0.048      0.048
            2766.000       0.080       0.843       1.000    2.96%       0.143      0.429
     S_PRON                0.257       1.246       0.000   15.37%       0.040      0.120      0.160
            2766.000       0.075       0.569       1.000    2.49%       0.200      0.480
     S_QUANT               0.236       1.241       0.000   27.11%       0.000      0.059      0.118
            2766.000       0.078       0.438       1.000    2.35%       0.176      0.471
     S_QWORDS              0.248       1.100       0.000   42.91%       0.000      0.000      0.143
            2766.000       0.090       0.097       1.000    4.66%       0.286      0.571
     S_TIME                0.229       1.282       0.000   42.23%       0.000      0.000      0.083
            2766.000       0.090       0.457       1.000    4.30%       0.167      0.500
     S_WF_N                0.322       0.492       0.000   25.74%       0.000      0.200      0.400
            2766.000       0.066      -0.178       1.000    2.86%       0.400      0.600
     S_WF_V                0.187       1.564       0.000   42.37%       0.000      0.000      0.050
            2766.000       0.072       1.427       1.000    2.13%       0.100      0.350
     S_WE_N                0.066       2.603       0.000   66.20%       0.000      0.000      0.000
            2766.000       0.016       8.720       1.000    0.11%       0.000      0.143
     S_WE_V                0.038       4.398       0.000   70.50%       0.000      0.000      0.000
            2766.000       0.008      28.722       1.000    0.11%       0.000      0.065
     S_COMPLX              0.241       1.159       0.000   37.85%       0.000      0.027      0.081
            2766.000       0.095       0.029       1.000    2.82%       0.162      0.541
     D_AGE_C              -1.267       0.087      -8.000    6.69%      -6.000     -3.000      0.000
            2766.000      18.040      -1.118       6.000    8.17%       0.000      3.000
     D_AGE_C2             19.646       0.767       0.000   15.08%       1.000      9.000     16.000
            2766.000     369.110      -0.398      64.000    6.69%      25.000     36.000


THE MODEL ESTIMATION TERMINATED NORMALLY



MODEL FIT INFORMATION

Number of Free Parameters                       85

Loglikelihood

          H0 Value                       43097.342

Information Criteria

          Akaike (AIC)                  -86024.683
          Bayesian (BIC)                -85521.045
          Sample-Size Adjusted BIC      -85791.118
            (n* = (n + 2) / 24)



MODEL RESULTS

                                                    Two-Tailed
                    Estimate       S.E.  Est./S.E.    P-Value

 ETA      BY
    L_ACTION           0.295      0.006     48.322      0.000
    L_ANIMAL           0.262      0.006     46.025      0.000
    L_BODYP            0.273      0.006     45.645      0.000
    L_CLOTH            0.261      0.005     47.867      0.000
    L_DESCRB           0.276      0.006     48.342      0.000
    L_FOOD             0.279      0.006     48.179      0.000
    L_ROOMS            0.289      0.006     48.349      0.000
    L_GAMES            0.245      0.005     45.976      0.000
    L_HOUSEH           0.293      0.006     48.469      0.000
    L_LOCATE           0.230      0.005     46.028      0.000
    L_OUTSDE           0.287      0.006     48.368      0.000
    L_PEOPLE           0.219      0.005     47.507      0.000
    L_PLACES           0.244      0.005     47.862      0.000
    L_SOUNDS           0.153      0.004     34.263      0.000
    L_TOYS             0.259      0.005     47.159      0.000
    L_VEHICL           0.261      0.006     45.432      0.000
    S_CONJ             0.147      0.004     34.889      0.000
    S_HELPV            0.206      0.005     42.286      0.000
    S_PRON             0.206      0.005     43.717      0.000
    S_QUANT            0.208      0.005     43.428      0.000
    S_QWORDS           0.208      0.005     40.495      0.000
    S_TIME             0.222      0.005     43.131      0.000
    S_WF_N             0.172      0.004     39.396      0.000
    S_WF_V             0.190      0.005     41.221      0.000
    S_WE_N             0.047      0.002     22.543      0.000
    S_WE_V             0.038      0.002     24.624      0.000
    S_COMPLX           0.227      0.005     42.962      0.000

 ETA        ON
    D_AGE_C            0.187      0.005     34.525      0.000
    D_AGE_C2           0.000      0.001      0.603      0.546

 Intercepts
    L_ACTION           0.447      0.007     59.960      0.000
    L_ANIMAL           0.560      0.007     80.902      0.000
    L_BODYP            0.620      0.007     85.319      0.000
    L_CLOTH            0.487      0.007     73.111      0.000
    L_DESCRB           0.422      0.007     60.585      0.000
    L_FOOD             0.533      0.007     75.364      0.000
    L_ROOMS            0.456      0.007     62.530      0.000
    L_GAMES            0.635      0.006     97.974      0.000
    L_HOUSEH           0.521      0.007     70.650      0.000
    L_LOCATE           0.358      0.006     58.897      0.000
    L_OUTSDE           0.483      0.007     66.605      0.000
    L_PEOPLE           0.467      0.006     83.156      0.000
    L_PLACES           0.384      0.006     61.701      0.000
    L_SOUNDS           0.760      0.005    142.736      0.000
    L_TOYS             0.575      0.007     85.723      0.000
    L_VEHICL           0.573      0.007     82.112      0.000
    S_CONJ             0.165      0.005     32.761      0.000
    S_HELPV            0.258      0.006     43.921      0.000
    S_PRON             0.303      0.006     53.174      0.000
    S_QUANT            0.283      0.006     48.690      0.000
    S_QWORDS           0.295      0.006     47.711      0.000
    S_TIME             0.278      0.006     44.727      0.000
    S_WF_N             0.360      0.005     68.429      0.000
    S_WF_V             0.230      0.006     41.398      0.000
    S_WE_N             0.077      0.002     31.118      0.000
    S_WE_V             0.046      0.002     25.709      0.000
    S_COMPLX           0.292      0.006     45.574      0.000

 Residual Variances
    L_ACTION           0.010      0.000     33.790      0.000
    L_ANIMAL           0.019      0.001     35.667      0.000
    L_BODYP            0.023      0.001     35.533      0.000
    L_CLOTH            0.010      0.000     34.192      0.000
    L_DESCRB           0.009      0.000     33.480      0.000
    L_FOOD             0.010      0.000     33.434      0.000
    L_ROOMS            0.009      0.000     33.800      0.000
    L_GAMES            0.017      0.000     35.902      0.000
    L_HOUSEH           0.009      0.000     32.722      0.000
    L_LOCATE           0.014      0.000     35.406      0.000
    L_OUTSDE           0.009      0.000     33.863      0.000
    L_PEOPLE           0.008      0.000     35.011      0.000
    L_PLACES           0.009      0.000     34.719      0.000
    L_SOUNDS           0.038      0.001     36.962      0.000
    L_TOYS             0.013      0.000     34.828      0.000
    L_VEHICL           0.022      0.001     35.745      0.000
    S_CONJ             0.033      0.001     36.880      0.000
    S_HELPV            0.025      0.001     36.265      0.000
    S_PRON             0.019      0.001     36.040      0.000
    S_QUANT            0.021      0.001     36.095      0.000
    S_QWORDS           0.033      0.001     36.600      0.000
    S_TIME             0.025      0.001     36.227      0.000
    S_WF_N             0.027      0.001     36.810      0.000
    S_WF_V             0.025      0.001     36.479      0.000
    S_WE_N             0.013      0.000     37.129      0.000
    S_WE_V             0.006      0.000     37.109      0.000
    S_COMPLX           0.027      0.001     36.325      0.000
    ETA              999.000      0.000    999.000    999.000

New/Additional Parameters
    V1                 0.046      0.007      6.305      0.000
    V2                -0.021      0.002    -12.801      0.000


QUALITY OF NUMERICAL RESULTS

     Condition Number for the Information Matrix              0.184E-07
       (ratio of smallest to largest eigenvalue)


TECHNICAL 1 OUTPUT


     PARAMETER SPECIFICATION


           NU
              L_ACTION      L_ANIMAL      L_BODYP       L_CLOTH       L_DESCRB
              ________      ________      ________      ________      ________
                    1             2             3             4             5


           NU
              L_FOOD        L_ROOMS       L_GAMES       L_HOUSEH      L_LOCATE
              ________      ________      ________      ________      ________
                    6             7             8             9            10


           NU
              L_OUTSDE      L_PEOPLE      L_PLACES      L_SOUNDS      L_TOYS
              ________      ________      ________      ________      ________
                   11            12            13            14            15


           NU
              L_VEHICL      S_CONJ        S_HELPV       S_PRON        S_QUANT
              ________      ________      ________      ________      ________
                   16            17            18            19            20


           NU
              S_QWORDS      S_TIME        S_WF_N        S_WF_V        S_WE_N
              ________      ________      ________      ________      ________
                   21            22            23            24            25


           NU
              S_WE_V        S_COMPLX      D_AGE_C       D_AGE_C2
              ________      ________      ________      ________
                   26            27             0             0


           LAMBDA
              ETA           D_AGE_C       D_AGE_C2
              ________      ________      ________
 L_ACTION          28             0             0
 L_ANIMAL          29             0             0
 L_BODYP           30             0             0
 L_CLOTH           31             0             0
 L_DESCRB          32             0             0
 L_FOOD            33             0             0
 L_ROOMS           34             0             0
 L_GAMES           35             0             0
 L_HOUSEH          36             0             0
 L_LOCATE          37             0             0
 L_OUTSDE          38             0             0
 L_PEOPLE          39             0             0
 L_PLACES          40             0             0
 L_SOUNDS          41             0             0
 L_TOYS            42             0             0
 L_VEHICL          43             0             0
 S_CONJ            44             0             0
 S_HELPV           45             0             0
 S_PRON            46             0             0
 S_QUANT           47             0             0
 S_QWORDS          48             0             0
 S_TIME            49             0             0
 S_WF_N            50             0             0
 S_WF_V            51             0             0
 S_WE_N            52             0             0
 S_WE_V            53             0             0
 S_COMPLX          54             0             0
 D_AGE_C            0             0             0
 D_AGE_C2           0             0             0


           THETA
              L_ACTION      L_ANIMAL      L_BODYP       L_CLOTH       L_DESCRB
              ________      ________      ________      ________      ________
 L_ACTION          55
 L_ANIMAL           0            56
 L_BODYP            0             0            57
 L_CLOTH            0             0             0            58
 L_DESCRB           0             0             0             0            59
 L_FOOD             0             0             0             0             0
 L_ROOMS            0             0             0             0             0
 L_GAMES            0             0             0             0             0
 L_HOUSEH           0             0             0             0             0
 L_LOCATE           0             0             0             0             0
 L_OUTSDE           0             0             0             0             0
 L_PEOPLE           0             0             0             0             0
 L_PLACES           0             0             0             0             0
 L_SOUNDS           0             0             0             0             0
 L_TOYS             0             0             0             0             0
 L_VEHICL           0             0             0             0             0
 S_CONJ             0             0             0             0             0
 S_HELPV            0             0             0             0             0
 S_PRON             0             0             0             0             0
 S_QUANT            0             0             0             0             0
 S_QWORDS           0             0             0             0             0
 S_TIME             0             0             0             0             0
 S_WF_N             0             0             0             0             0
 S_WF_V             0             0             0             0             0
 S_WE_N             0             0             0             0             0
 S_WE_V             0             0             0             0             0
 S_COMPLX           0             0             0             0             0
 D_AGE_C            0             0             0             0             0
 D_AGE_C2           0             0             0             0             0


           THETA
              L_FOOD        L_ROOMS       L_GAMES       L_HOUSEH      L_LOCATE
              ________      ________      ________      ________      ________
 L_FOOD            60
 L_ROOMS            0            61
 L_GAMES            0             0            62
 L_HOUSEH           0             0             0            63
 L_LOCATE           0             0             0             0            64
 L_OUTSDE           0             0             0             0             0
 L_PEOPLE           0             0             0             0             0
 L_PLACES           0             0             0             0             0
 L_SOUNDS           0             0             0             0             0
 L_TOYS             0             0             0             0             0
 L_VEHICL           0             0             0             0             0
 S_CONJ             0             0             0             0             0
 S_HELPV            0             0             0             0             0
 S_PRON             0             0             0             0             0
 S_QUANT            0             0             0             0             0
 S_QWORDS           0             0             0             0             0
 S_TIME             0             0             0             0             0
 S_WF_N             0             0             0             0             0
 S_WF_V             0             0             0             0             0
 S_WE_N             0             0             0             0             0
 S_WE_V             0             0             0             0             0
 S_COMPLX           0             0             0             0             0
 D_AGE_C            0             0             0             0             0
 D_AGE_C2           0             0             0             0             0


           THETA
              L_OUTSDE      L_PEOPLE      L_PLACES      L_SOUNDS      L_TOYS
              ________      ________      ________      ________      ________
 L_OUTSDE          65
 L_PEOPLE           0            66
 L_PLACES           0             0            67
 L_SOUNDS           0             0             0            68
 L_TOYS             0             0             0             0            69
 L_VEHICL           0             0             0             0             0
 S_CONJ             0             0             0             0             0
 S_HELPV            0             0             0             0             0
 S_PRON             0             0             0             0             0
 S_QUANT            0             0             0             0             0
 S_QWORDS           0             0             0             0             0
 S_TIME             0             0             0             0             0
 S_WF_N             0             0             0             0             0
 S_WF_V             0             0             0             0             0
 S_WE_N             0             0             0             0             0
 S_WE_V             0             0             0             0             0
 S_COMPLX           0             0             0             0             0
 D_AGE_C            0             0             0             0             0
 D_AGE_C2           0             0             0             0             0


           THETA
              L_VEHICL      S_CONJ        S_HELPV       S_PRON        S_QUANT
              ________      ________      ________      ________      ________
 L_VEHICL          70
 S_CONJ             0            71
 S_HELPV            0             0            72
 S_PRON             0             0             0            73
 S_QUANT            0             0             0             0            74
 S_QWORDS           0             0             0             0             0
 S_TIME             0             0             0             0             0
 S_WF_N             0             0             0             0             0
 S_WF_V             0             0             0             0             0
 S_WE_N             0             0             0             0             0
 S_WE_V             0             0             0             0             0
 S_COMPLX           0             0             0             0             0
 D_AGE_C            0             0             0             0             0
 D_AGE_C2           0             0             0             0             0


           THETA
              S_QWORDS      S_TIME        S_WF_N        S_WF_V        S_WE_N
              ________      ________      ________      ________      ________
 S_QWORDS          75
 S_TIME             0            76
 S_WF_N             0             0            77
 S_WF_V             0             0             0            78
 S_WE_N             0             0             0             0            79
 S_WE_V             0             0             0             0             0
 S_COMPLX           0             0             0             0             0
 D_AGE_C            0             0             0             0             0
 D_AGE_C2           0             0             0             0             0


           THETA
              S_WE_V        S_COMPLX      D_AGE_C       D_AGE_C2
              ________      ________      ________      ________
 S_WE_V            80
 S_COMPLX           0            81
 D_AGE_C            0             0             0
 D_AGE_C2           0             0             0             0


           ALPHA
              ETA           D_AGE_C       D_AGE_C2
              ________      ________      ________
                    0             0             0


           BETA
              ETA           D_AGE_C       D_AGE_C2
              ________      ________      ________
 ETA                0            82            83
 D_AGE_C            0             0             0
 D_AGE_C2           0             0             0


           PSI
              ETA           D_AGE_C       D_AGE_C2
              ________      ________      ________
 ETA               84
 D_AGE_C            0             0
 D_AGE_C2           0             0             0


     PARAMETER SPECIFICATION FOR THE ADDITIONAL PARAMETERS


           NEW/ADDITIONAL PARAMETERS
              V1            V2
              ________      ________
                   85            86


     STARTING VALUES


           NU
              L_ACTION      L_ANIMAL      L_BODYP       L_CLOTH       L_DESCRB
              ________      ________      ________      ________      ________
                0.381         0.502         0.559         0.429         0.361


           NU
              L_FOOD        L_ROOMS       L_GAMES       L_HOUSEH      L_LOCATE
              ________      ________      ________      ________      ________
                0.470         0.392         0.580         0.456         0.306


           NU
              L_OUTSDE      L_PEOPLE      L_PLACES      L_SOUNDS      L_TOYS
              ________      ________      ________      ________      ________
                0.418         0.418         0.329         0.726         0.517


           NU
              L_VEHICL      S_CONJ        S_HELPV       S_PRON        S_QUANT
              ________      ________      ________      ________      ________
                0.514         0.132         0.212         0.257         0.236


           NU
              S_QWORDS      S_TIME        S_WF_N        S_WF_V        S_WE_N
              ________      ________      ________      ________      ________
                0.248         0.229         0.322         0.187         0.066


           NU
              S_WE_V        S_COMPLX      D_AGE_C       D_AGE_C2
              ________      ________      ________      ________
                0.038         0.241         0.000         0.000


           LAMBDA
              ETA           D_AGE_C       D_AGE_C2
              ________      ________      ________
 L_ACTION       1.000         0.000         0.000
 L_ANIMAL       1.000         0.000         0.000
 L_BODYP        1.000         0.000         0.000
 L_CLOTH        1.000         0.000         0.000
 L_DESCRB       1.000         0.000         0.000
 L_FOOD         1.000         0.000         0.000
 L_ROOMS        1.000         0.000         0.000
 L_GAMES        1.000         0.000         0.000
 L_HOUSEH       1.000         0.000         0.000
 L_LOCATE       1.000         0.000         0.000
 L_OUTSDE       1.000         0.000         0.000
 L_PEOPLE       1.000         0.000         0.000
 L_PLACES       1.000         0.000         0.000
 L_SOUNDS       1.000         0.000         0.000
 L_TOYS         1.000         0.000         0.000
 L_VEHICL       1.000         0.000         0.000
 S_CONJ         1.000         0.000         0.000
 S_HELPV        1.000         0.000         0.000
 S_PRON         1.000         0.000         0.000
 S_QUANT        1.000         0.000         0.000
 S_QWORDS       1.000         0.000         0.000
 S_TIME         1.000         0.000         0.000
 S_WF_N         1.000         0.000         0.000
 S_WF_V         1.000         0.000         0.000
 S_WE_N         1.000         0.000         0.000
 S_WE_V         1.000         0.000         0.000
 S_COMPLX       1.000         0.000         0.000
 D_AGE_C        0.000         1.000         0.000
 D_AGE_C2       0.000         0.000         1.000


           THETA
              L_ACTION      L_ANIMAL      L_BODYP       L_CLOTH       L_DESCRB
              ________      ________      ________      ________      ________
 L_ACTION       0.062
 L_ANIMAL       0.000         0.054
 L_BODYP        0.000         0.000         0.060
 L_CLOTH        0.000         0.000         0.000         0.050
 L_DESCRB       0.000         0.000         0.000         0.000         0.054
 L_FOOD         0.000         0.000         0.000         0.000         0.000
 L_ROOMS        0.000         0.000         0.000         0.000         0.000
 L_GAMES        0.000         0.000         0.000         0.000         0.000
 L_HOUSEH       0.000         0.000         0.000         0.000         0.000
 L_LOCATE       0.000         0.000         0.000         0.000         0.000
 L_OUTSDE       0.000         0.000         0.000         0.000         0.000
 L_PEOPLE       0.000         0.000         0.000         0.000         0.000
 L_PLACES       0.000         0.000         0.000         0.000         0.000
 L_SOUNDS       0.000         0.000         0.000         0.000         0.000
 L_TOYS         0.000         0.000         0.000         0.000         0.000
 L_VEHICL       0.000         0.000         0.000         0.000         0.000
 S_CONJ         0.000         0.000         0.000         0.000         0.000
 S_HELPV        0.000         0.000         0.000         0.000         0.000
 S_PRON         0.000         0.000         0.000         0.000         0.000
 S_QUANT        0.000         0.000         0.000         0.000         0.000
 S_QWORDS       0.000         0.000         0.000         0.000         0.000
 S_TIME         0.000         0.000         0.000         0.000         0.000
 S_WF_N         0.000         0.000         0.000         0.000         0.000
 S_WF_V         0.000         0.000         0.000         0.000         0.000
 S_WE_N         0.000         0.000         0.000         0.000         0.000
 S_WE_V         0.000         0.000         0.000         0.000         0.000
 S_COMPLX       0.000         0.000         0.000         0.000         0.000
 D_AGE_C        0.000         0.000         0.000         0.000         0.000
 D_AGE_C2       0.000         0.000         0.000         0.000         0.000


           THETA
              L_FOOD        L_ROOMS       L_GAMES       L_HOUSEH      L_LOCATE
              ________      ________      ________      ________      ________
 L_FOOD         0.056
 L_ROOMS        0.000         0.060
 L_GAMES        0.000         0.000         0.048
 L_HOUSEH       0.000         0.000         0.000         0.061
 L_LOCATE       0.000         0.000         0.000         0.000         0.042
 L_OUTSDE       0.000         0.000         0.000         0.000         0.000
 L_PEOPLE       0.000         0.000         0.000         0.000         0.000
 L_PLACES       0.000         0.000         0.000         0.000         0.000
 L_SOUNDS       0.000         0.000         0.000         0.000         0.000
 L_TOYS         0.000         0.000         0.000         0.000         0.000
 L_VEHICL       0.000         0.000         0.000         0.000         0.000
 S_CONJ         0.000         0.000         0.000         0.000         0.000
 S_HELPV        0.000         0.000         0.000         0.000         0.000
 S_PRON         0.000         0.000         0.000         0.000         0.000
 S_QUANT        0.000         0.000         0.000         0.000         0.000
 S_QWORDS       0.000         0.000         0.000         0.000         0.000
 S_TIME         0.000         0.000         0.000         0.000         0.000
 S_WF_N         0.000         0.000         0.000         0.000         0.000
 S_WF_V         0.000         0.000         0.000         0.000         0.000
 S_WE_N         0.000         0.000         0.000         0.000         0.000
 S_WE_V         0.000         0.000         0.000         0.000         0.000
 S_COMPLX       0.000         0.000         0.000         0.000         0.000
 D_AGE_C        0.000         0.000         0.000         0.000         0.000
 D_AGE_C2       0.000         0.000         0.000         0.000         0.000


           THETA
              L_OUTSDE      L_PEOPLE      L_PLACES      L_SOUNDS      L_TOYS
              ________      ________      ________      ________      ________
 L_OUTSDE       0.059
 L_PEOPLE       0.000         0.035
 L_PLACES       0.000         0.000         0.043
 L_SOUNDS       0.000         0.000         0.000         0.035
 L_TOYS         0.000         0.000         0.000         0.000         0.051
 L_VEHICL       0.000         0.000         0.000         0.000         0.000
 S_CONJ         0.000         0.000         0.000         0.000         0.000
 S_HELPV        0.000         0.000         0.000         0.000         0.000
 S_PRON         0.000         0.000         0.000         0.000         0.000
 S_QUANT        0.000         0.000         0.000         0.000         0.000
 S_QWORDS       0.000         0.000         0.000         0.000         0.000
 S_TIME         0.000         0.000         0.000         0.000         0.000
 S_WF_N         0.000         0.000         0.000         0.000         0.000
 S_WF_V         0.000         0.000         0.000         0.000         0.000
 S_WE_N         0.000         0.000         0.000         0.000         0.000
 S_WE_V         0.000         0.000         0.000         0.000         0.000
 S_COMPLX       0.000         0.000         0.000         0.000         0.000
 D_AGE_C        0.000         0.000         0.000         0.000         0.000
 D_AGE_C2       0.000         0.000         0.000         0.000         0.000


           THETA
              L_VEHICL      S_CONJ        S_HELPV       S_PRON        S_QUANT
              ________      ________      ________      ________      ________
 L_VEHICL       0.055
 S_CONJ         0.000         0.031
 S_HELPV        0.000         0.000         0.040
 S_PRON         0.000         0.000         0.000         0.037
 S_QUANT        0.000         0.000         0.000         0.000         0.039
 S_QWORDS       0.000         0.000         0.000         0.000         0.000
 S_TIME         0.000         0.000         0.000         0.000         0.000
 S_WF_N         0.000         0.000         0.000         0.000         0.000
 S_WF_V         0.000         0.000         0.000         0.000         0.000
 S_WE_N         0.000         0.000         0.000         0.000         0.000
 S_WE_V         0.000         0.000         0.000         0.000         0.000
 S_COMPLX       0.000         0.000         0.000         0.000         0.000
 D_AGE_C        0.000         0.000         0.000         0.000         0.000
 D_AGE_C2       0.000         0.000         0.000         0.000         0.000


           THETA
              S_QWORDS      S_TIME        S_WF_N        S_WF_V        S_WE_N
              ________      ________      ________      ________      ________
 S_QWORDS       0.045
 S_TIME         0.000         0.045
 S_WF_N         0.000         0.000         0.033
 S_WF_V         0.000         0.000         0.000         0.036
 S_WE_N         0.000         0.000         0.000         0.000         0.008
 S_WE_V         0.000         0.000         0.000         0.000         0.000
 S_COMPLX       0.000         0.000         0.000         0.000         0.000
 D_AGE_C        0.000         0.000         0.000         0.000         0.000
 D_AGE_C2       0.000         0.000         0.000         0.000         0.000


           THETA
              S_WE_V        S_COMPLX      D_AGE_C       D_AGE_C2
              ________      ________      ________      ________
 S_WE_V         0.004
 S_COMPLX       0.000         0.048
 D_AGE_C        0.000         0.000         0.000
 D_AGE_C2       0.000         0.000         0.000         0.000


           ALPHA
              ETA           D_AGE_C       D_AGE_C2
              ________      ________      ________
                0.000         0.000         0.000


           BETA
              ETA           D_AGE_C       D_AGE_C2
              ________      ________      ________
 ETA            0.000         0.000         0.000
 D_AGE_C        0.000         0.000         0.000
 D_AGE_C2       0.000         0.000         0.000


           PSI
              ETA           D_AGE_C       D_AGE_C2
              ________      ________      ________
 ETA            0.050
 D_AGE_C        0.000         9.020
 D_AGE_C2       0.000         0.000       184.555


     STARTING VALUES FOR THE ADDITIONAL PARAMETERS


           NEW/ADDITIONAL PARAMETERS
              V1            V2
              ________      ________
                0.000         0.000


     Beginning Time:  23:46:38
        Ending Time:  23:58:17
       Elapsed Time:  00:11:39



MUTHEN & MUTHEN
3463 Stoner Ave.
Los Angeles, CA  90066

Tel: (310) 391-9971
Fax: (310) 391-8971
Web: www.StatModel.com
Support: Support@StatModel.com

Copyright (c) 1998-2019 Muthen & Muthen
