Mplus VERSION 8.4
MUTHEN & MUTHEN
11/02/2021   3:01 PM

INPUT INSTRUCTIONS

  TITLE: Variance Impact Model
  DATA: FILE = "models/lex_3d/calibration.dat";
  VARIABLE:
  NAMES = ID L_ACTION L_ANIMAL L_BODYP L_CLOTH L_DESCRB L_FOOD L_ROOMS L_GAMES
       L_HOUSEH L_LOCATE L_OUTSDE L_PEOPLE L_PLACES L_SOUNDS L_TOYS L_VEHICL D_AGE_C
       D_AGE_C2 D_MALE D_FIRSTB D_MOMCOL D_AGESEX D_AG2SEX;
  MISSING=.;
  !
  !
  USEVARIABLES= L_ACTION L_ANIMAL L_BODYP L_CLOTH L_DESCRB L_FOOD L_ROOMS L_GAMES L_HOUSEH
   L_LOCATE L_OUTSDE L_PEOPLE L_PLACES L_SOUNDS L_TOYS L_VEHICL D_AGE_C D_AGE_C2 ;
  AUXILIARY= ID ;
  !
  !
  CONSTRAINT= D_AGE_C D_AGE_C2 ;
  ANALYSIS: ESTIMATOR=ML;ALGORITHM=INTEGRATION;INTEGRATION=MONTECARLO;PROCESSORS=4;
  MODEL: ETA ON D_AGE_C D_AGE_C2 ; ETA*(veta);
  ETA BY L_ACTION*(l1);
  ETA BY L_ANIMAL*(l2);
  ETA BY L_BODYP*(l3);
  ETA BY L_CLOTH*(l4);
  ETA BY L_DESCRB*(l5);
  ETA BY L_FOOD*(l6);
  ETA BY L_ROOMS*(l7);
  ETA BY L_GAMES*(l8);
  ETA BY L_HOUSEH*(l9);
  ETA BY L_LOCATE*(l10);
  ETA BY L_OUTSDE*(l11);
  ETA BY L_PEOPLE*(l12);
  ETA BY L_PLACES*(l13);
  ETA BY L_SOUNDS*(l14);
  ETA BY L_TOYS*(l15);
  ETA BY L_VEHICL*(l16);
  MODEL CONSTRAINT: new(
  v1*0
  v2*0
  );
  veta=1*exp(
  v1*D_AGE_C+
  v2*D_AGE_C2);
  OUTPUT: tech1;



INPUT READING TERMINATED NORMALLY



Variance Impact Model

SUMMARY OF ANALYSIS

Number of groups                                                 1
Number of observations                                        2766

Number of dependent variables                                   16
Number of independent variables                                  2
Number of continuous latent variables                            1

Observed dependent variables

  Continuous
   L_ACTION    L_ANIMAL    L_BODYP     L_CLOTH     L_DESCRB    L_FOOD
   L_ROOMS     L_GAMES     L_HOUSEH    L_LOCATE    L_OUTSDE    L_PEOPLE
   L_PLACES    L_SOUNDS    L_TOYS      L_VEHICL

Observed independent variables
   D_AGE_C     D_AGE_C2

Observed auxiliary variables
   ID

Continuous latent variables
   ETA


Estimator                                                       ML
Information matrix                                        OBSERVED
Optimization Specifications for the Quasi-Newton Algorithm for
Continuous Outcomes
  Maximum number of iterations                                 100
  Convergence criterion                                  0.100D-05
Optimization Specifications for the EM Algorithm
  Maximum number of iterations                                 500
  Convergence criteria
    Loglikelihood change                                 0.100D-02
    Relative loglikelihood change                        0.100D-05
    Derivative                                           0.100D-02
Optimization Specifications for the M step of the EM Algorithm for
Categorical Latent variables
  Number of M step iterations                                    1
  M step convergence criterion                           0.100D-02
  Basis for M step termination                           ITERATION
Optimization Specifications for the M step of the EM Algorithm for
Censored, Binary or Ordered Categorical (Ordinal), Unordered
Categorical (Nominal) and Count Outcomes
  Number of M step iterations                                    1
  M step convergence criterion                           0.100D-02
  Basis for M step termination                           ITERATION
  Maximum value for logit thresholds                            15
  Minimum value for logit thresholds                           -15
  Minimum expected cell size for chi-square              0.100D-01
Maximum number of iterations for H1                           2000
Convergence criterion for H1                             0.100D-03
Optimization algorithm                                         EMA
Integration Specifications
  Type                                                  MONTECARLO
  Number of integration points                                   1
  Dimensions of numerical integration                            0
  Adaptive quadrature                                           ON
  Monte Carlo integration seed                                   0
Cholesky                                                       OFF

Input data file(s)
  models/lex_3d/calibration.dat
Input data format  FREE


SUMMARY OF DATA

     Number of missing data patterns             1


COVARIANCE COVERAGE OF DATA

Minimum covariance coverage value   0.100


     PROPORTION OF DATA PRESENT FOR Y


           Covariance Coverage
              L_ACTION      L_ANIMAL      L_BODYP       L_CLOTH       L_DESCRB
              ________      ________      ________      ________      ________
 L_ACTION       1.000
 L_ANIMAL       1.000         1.000
 L_BODYP        1.000         1.000         1.000
 L_CLOTH        1.000         1.000         1.000         1.000
 L_DESCRB       1.000         1.000         1.000         1.000         1.000
 L_FOOD         1.000         1.000         1.000         1.000         1.000
 L_ROOMS        1.000         1.000         1.000         1.000         1.000
 L_GAMES        1.000         1.000         1.000         1.000         1.000
 L_HOUSEH       1.000         1.000         1.000         1.000         1.000
 L_LOCATE       1.000         1.000         1.000         1.000         1.000
 L_OUTSDE       1.000         1.000         1.000         1.000         1.000
 L_PEOPLE       1.000         1.000         1.000         1.000         1.000
 L_PLACES       1.000         1.000         1.000         1.000         1.000
 L_SOUNDS       1.000         1.000         1.000         1.000         1.000
 L_TOYS         1.000         1.000         1.000         1.000         1.000
 L_VEHICL       1.000         1.000         1.000         1.000         1.000
 D_AGE_C        1.000         1.000         1.000         1.000         1.000
 D_AGE_C2       1.000         1.000         1.000         1.000         1.000


           Covariance Coverage
              L_FOOD        L_ROOMS       L_GAMES       L_HOUSEH      L_LOCATE
              ________      ________      ________      ________      ________
 L_FOOD         1.000
 L_ROOMS        1.000         1.000
 L_GAMES        1.000         1.000         1.000
 L_HOUSEH       1.000         1.000         1.000         1.000
 L_LOCATE       1.000         1.000         1.000         1.000         1.000
 L_OUTSDE       1.000         1.000         1.000         1.000         1.000
 L_PEOPLE       1.000         1.000         1.000         1.000         1.000
 L_PLACES       1.000         1.000         1.000         1.000         1.000
 L_SOUNDS       1.000         1.000         1.000         1.000         1.000
 L_TOYS         1.000         1.000         1.000         1.000         1.000
 L_VEHICL       1.000         1.000         1.000         1.000         1.000
 D_AGE_C        1.000         1.000         1.000         1.000         1.000
 D_AGE_C2       1.000         1.000         1.000         1.000         1.000


           Covariance Coverage
              L_OUTSDE      L_PEOPLE      L_PLACES      L_SOUNDS      L_TOYS
              ________      ________      ________      ________      ________
 L_OUTSDE       1.000
 L_PEOPLE       1.000         1.000
 L_PLACES       1.000         1.000         1.000
 L_SOUNDS       1.000         1.000         1.000         1.000
 L_TOYS         1.000         1.000         1.000         1.000         1.000
 L_VEHICL       1.000         1.000         1.000         1.000         1.000
 D_AGE_C        1.000         1.000         1.000         1.000         1.000
 D_AGE_C2       1.000         1.000         1.000         1.000         1.000


           Covariance Coverage
              L_VEHICL      D_AGE_C       D_AGE_C2
              ________      ________      ________
 L_VEHICL       1.000
 D_AGE_C        1.000         1.000
 D_AGE_C2       1.000         1.000         1.000



UNIVARIATE SAMPLE STATISTICS


     UNIVARIATE HIGHER-ORDER MOMENT DESCRIPTIVE STATISTICS

         Variable/         Mean/     Skewness/   Minimum/ % with                Percentiles
        Sample Size      Variance    Kurtosis    Maximum  Min/Max      20%/60%    40%/80%    Median

     L_ACTION              0.381       0.465       0.000   10.09%       0.029      0.146      0.272
            2766.000       0.124      -1.319       1.000    2.02%       0.437      0.796
     L_ANIMAL              0.502       0.006       0.000    3.25%       0.140      0.372      0.512
            2766.000       0.109      -1.413       1.000    6.69%       0.651      0.860
     L_BODYP               0.559      -0.333       0.000    8.13%       0.148      0.481      0.667
            2766.000       0.120      -1.406       1.000    4.66%       0.778      0.926
     L_CLOTH               0.429       0.197       0.000    9.54%       0.071      0.286      0.429
            2766.000       0.100      -1.290       1.000    2.71%       0.536      0.750
     L_DESCRB              0.361       0.570       0.000    9.65%       0.048      0.143      0.254
            2766.000       0.109      -1.095       1.000    2.28%       0.397      0.730
     L_FOOD                0.470       0.063       0.000    5.89%       0.103      0.309      0.485
            2766.000       0.112      -1.432       1.000    3.29%       0.603      0.838
     L_ROOMS               0.392       0.352       0.000   17.75%       0.030      0.182      0.333
            2766.000       0.119      -1.378       1.000    2.13%       0.485      0.788
     L_GAMES               0.580      -0.160       0.000    1.99%       0.240      0.480      0.600
            2766.000       0.096      -1.277       1.000   11.35%       0.720      0.920
     L_HOUSEH              0.456       0.111       0.000    8.79%       0.060      0.280      0.440
            2766.000       0.122      -1.486       1.000    3.69%       0.600      0.840
     L_LOCATE              0.306       0.862       0.000   17.03%       0.038      0.154      0.231
            2766.000       0.084      -0.356       1.000    2.17%       0.308      0.577
     L_OUTSDE              0.418       0.301       0.000   14.24%       0.032      0.226      0.355
            2766.000       0.117      -1.327       1.000    4.92%       0.516      0.806
     L_PEOPLE              0.418       0.559       0.000    1.19%       0.172      0.276      0.345
            2766.000       0.071      -0.751       1.000    2.71%       0.448      0.690
     L_PLACES              0.329       0.573       0.000   18.76%       0.045      0.182      0.273
            2766.000       0.087      -0.868       1.000    1.66%       0.364      0.636
     L_SOUNDS              0.726      -0.817       0.000    0.87%       0.500      0.750      0.833
            2766.000       0.069      -0.315       1.000   24.98%       0.833      1.000
     L_TOYS                0.517       0.006       0.000    5.13%       0.167      0.389      0.500
            2766.000       0.101      -1.312       1.000    8.93%       0.611      0.889
     L_VEHICL              0.514      -0.149       0.000   10.52%       0.143      0.429      0.571
            2766.000       0.111      -1.383       1.000    6.58%       0.714      0.857
     D_AGE_C              -0.267       0.087      -7.000    6.69%      -5.000     -2.000      1.000
            2766.000      18.040      -1.118       7.000    8.17%       1.000      4.000
     D_AGE_C2             18.112       0.675       0.000    4.92%       1.000      9.000     16.000
            2766.000     285.153      -0.881      49.000   14.86%      16.000     36.000


THE MODEL ESTIMATION TERMINATED NORMALLY



MODEL FIT INFORMATION

Number of Free Parameters                       52

Loglikelihood

          H0 Value                       29013.338

Information Criteria

          Akaike (AIC)                  -57922.677
          Bayesian (BIC)                -57614.569
          Sample-Size Adjusted BIC      -57779.790
            (n* = (n + 2) / 24)



MODEL RESULTS

                                                    Two-Tailed
                    Estimate       S.E.  Est./S.E.    P-Value

 ETA      BY
    L_ACTION           0.288      0.006     47.215      0.000
    L_ANIMAL           0.263      0.006     46.170      0.000
    L_BODYP            0.277      0.006     46.202      0.000
    L_CLOTH            0.262      0.005     47.831      0.000
    L_DESCRB           0.268      0.006     47.039      0.000
    L_FOOD             0.280      0.006     48.235      0.000
    L_ROOMS            0.287      0.006     47.971      0.000
    L_GAMES            0.244      0.005     45.796      0.000
    L_HOUSEH           0.294      0.006     48.507      0.000
    L_LOCATE           0.219      0.005     44.093      0.000
    L_OUTSDE           0.285      0.006     48.054      0.000
    L_PEOPLE           0.213      0.005     46.402      0.000
    L_PLACES           0.239      0.005     46.861      0.000
    L_SOUNDS           0.155      0.004     34.839      0.000
    L_TOYS             0.261      0.006     47.293      0.000
    L_VEHICL           0.264      0.006     45.855      0.000

 ETA        ON
    D_AGE_C            0.185      0.005     37.827      0.000
    D_AGE_C2          -0.001      0.001     -1.659      0.097

 Intercepts
    L_ACTION           0.402      0.008     52.128      0.000
    L_ANIMAL           0.521      0.007     72.557      0.000
    L_BODYP            0.579      0.008     76.780      0.000
    L_CLOTH            0.448      0.007     64.639      0.000
    L_DESCRB           0.380      0.007     52.774      0.000
    L_FOOD             0.491      0.007     66.703      0.000
    L_ROOMS            0.413      0.008     54.428      0.000
    L_GAMES            0.598      0.007     89.192      0.000
    L_HOUSEH           0.477      0.008     62.102      0.000
    L_LOCATE           0.322      0.006     51.760      0.000
    L_OUTSDE           0.439      0.008     58.337      0.000
    L_PEOPLE           0.433      0.006     74.778      0.000
    L_PLACES           0.347      0.006     53.890      0.000
    L_SOUNDS           0.737      0.005    136.341      0.000
    L_TOYS             0.536      0.007     76.910      0.000
    L_VEHICL           0.533      0.007     73.793      0.000

 Residual Variances
    L_ACTION           0.013      0.000     34.363      0.000
    L_ANIMAL           0.016      0.000     35.471      0.000
    L_BODYP            0.018      0.000     35.344      0.000
    L_CLOTH            0.008      0.000     33.846      0.000
    L_DESCRB           0.012      0.000     34.558      0.000
    L_FOOD             0.007      0.000     32.570      0.000
    L_ROOMS            0.009      0.000     33.422      0.000
    L_GAMES            0.016      0.000     35.771      0.000
    L_HOUSEH           0.006      0.000     31.520      0.000
    L_LOCATE           0.019      0.001     36.102      0.000
    L_OUTSDE           0.008      0.000     33.448      0.000
    L_PEOPLE           0.010      0.000     35.260      0.000
    L_PLACES           0.010      0.000     34.876      0.000
    L_SOUNDS           0.037      0.001     36.935      0.000
    L_TOYS             0.010      0.000     34.533      0.000
    L_VEHICL           0.018      0.001     35.609      0.000
    ETA              999.000      0.000    999.000    999.000

New/Additional Parameters
    V1                 0.055      0.006      8.511      0.000
    V2                -0.021      0.002    -12.872      0.000


QUALITY OF NUMERICAL RESULTS

     Condition Number for the Information Matrix              0.142E-07
       (ratio of smallest to largest eigenvalue)


TECHNICAL 1 OUTPUT


     PARAMETER SPECIFICATION


           NU
              L_ACTION      L_ANIMAL      L_BODYP       L_CLOTH       L_DESCRB
              ________      ________      ________      ________      ________
                    1             2             3             4             5


           NU
              L_FOOD        L_ROOMS       L_GAMES       L_HOUSEH      L_LOCATE
              ________      ________      ________      ________      ________
                    6             7             8             9            10


           NU
              L_OUTSDE      L_PEOPLE      L_PLACES      L_SOUNDS      L_TOYS
              ________      ________      ________      ________      ________
                   11            12            13            14            15


           NU
              L_VEHICL      D_AGE_C       D_AGE_C2
              ________      ________      ________
                   16             0             0


           LAMBDA
              ETA           D_AGE_C       D_AGE_C2
              ________      ________      ________
 L_ACTION          17             0             0
 L_ANIMAL          18             0             0
 L_BODYP           19             0             0
 L_CLOTH           20             0             0
 L_DESCRB          21             0             0
 L_FOOD            22             0             0
 L_ROOMS           23             0             0
 L_GAMES           24             0             0
 L_HOUSEH          25             0             0
 L_LOCATE          26             0             0
 L_OUTSDE          27             0             0
 L_PEOPLE          28             0             0
 L_PLACES          29             0             0
 L_SOUNDS          30             0             0
 L_TOYS            31             0             0
 L_VEHICL          32             0             0
 D_AGE_C            0             0             0
 D_AGE_C2           0             0             0


           THETA
              L_ACTION      L_ANIMAL      L_BODYP       L_CLOTH       L_DESCRB
              ________      ________      ________      ________      ________
 L_ACTION          33
 L_ANIMAL           0            34
 L_BODYP            0             0            35
 L_CLOTH            0             0             0            36
 L_DESCRB           0             0             0             0            37
 L_FOOD             0             0             0             0             0
 L_ROOMS            0             0             0             0             0
 L_GAMES            0             0             0             0             0
 L_HOUSEH           0             0             0             0             0
 L_LOCATE           0             0             0             0             0
 L_OUTSDE           0             0             0             0             0
 L_PEOPLE           0             0             0             0             0
 L_PLACES           0             0             0             0             0
 L_SOUNDS           0             0             0             0             0
 L_TOYS             0             0             0             0             0
 L_VEHICL           0             0             0             0             0
 D_AGE_C            0             0             0             0             0
 D_AGE_C2           0             0             0             0             0


           THETA
              L_FOOD        L_ROOMS       L_GAMES       L_HOUSEH      L_LOCATE
              ________      ________      ________      ________      ________
 L_FOOD            38
 L_ROOMS            0            39
 L_GAMES            0             0            40
 L_HOUSEH           0             0             0            41
 L_LOCATE           0             0             0             0            42
 L_OUTSDE           0             0             0             0             0
 L_PEOPLE           0             0             0             0             0
 L_PLACES           0             0             0             0             0
 L_SOUNDS           0             0             0             0             0
 L_TOYS             0             0             0             0             0
 L_VEHICL           0             0             0             0             0
 D_AGE_C            0             0             0             0             0
 D_AGE_C2           0             0             0             0             0


           THETA
              L_OUTSDE      L_PEOPLE      L_PLACES      L_SOUNDS      L_TOYS
              ________      ________      ________      ________      ________
 L_OUTSDE          43
 L_PEOPLE           0            44
 L_PLACES           0             0            45
 L_SOUNDS           0             0             0            46
 L_TOYS             0             0             0             0            47
 L_VEHICL           0             0             0             0             0
 D_AGE_C            0             0             0             0             0
 D_AGE_C2           0             0             0             0             0


           THETA
              L_VEHICL      D_AGE_C       D_AGE_C2
              ________      ________      ________
 L_VEHICL          48
 D_AGE_C            0             0
 D_AGE_C2           0             0             0


           ALPHA
              ETA           D_AGE_C       D_AGE_C2
              ________      ________      ________
                    0             0             0


           BETA
              ETA           D_AGE_C       D_AGE_C2
              ________      ________      ________
 ETA                0            49            50
 D_AGE_C            0             0             0
 D_AGE_C2           0             0             0


           PSI
              ETA           D_AGE_C       D_AGE_C2
              ________      ________      ________
 ETA               51
 D_AGE_C            0             0
 D_AGE_C2           0             0             0


     PARAMETER SPECIFICATION FOR THE ADDITIONAL PARAMETERS


           NEW/ADDITIONAL PARAMETERS
              V1            V2
              ________      ________
                   52            53


     STARTING VALUES


           NU
              L_ACTION      L_ANIMAL      L_BODYP       L_CLOTH       L_DESCRB
              ________      ________      ________      ________      ________
                0.381         0.502         0.559         0.429         0.361


           NU
              L_FOOD        L_ROOMS       L_GAMES       L_HOUSEH      L_LOCATE
              ________      ________      ________      ________      ________
                0.470         0.392         0.580         0.456         0.306


           NU
              L_OUTSDE      L_PEOPLE      L_PLACES      L_SOUNDS      L_TOYS
              ________      ________      ________      ________      ________
                0.418         0.418         0.329         0.726         0.517


           NU
              L_VEHICL      D_AGE_C       D_AGE_C2
              ________      ________      ________
                0.514         0.000         0.000


           LAMBDA
              ETA           D_AGE_C       D_AGE_C2
              ________      ________      ________
 L_ACTION       1.000         0.000         0.000
 L_ANIMAL       1.000         0.000         0.000
 L_BODYP        1.000         0.000         0.000
 L_CLOTH        1.000         0.000         0.000
 L_DESCRB       1.000         0.000         0.000
 L_FOOD         1.000         0.000         0.000
 L_ROOMS        1.000         0.000         0.000
 L_GAMES        1.000         0.000         0.000
 L_HOUSEH       1.000         0.000         0.000
 L_LOCATE       1.000         0.000         0.000
 L_OUTSDE       1.000         0.000         0.000
 L_PEOPLE       1.000         0.000         0.000
 L_PLACES       1.000         0.000         0.000
 L_SOUNDS       1.000         0.000         0.000
 L_TOYS         1.000         0.000         0.000
 L_VEHICL       1.000         0.000         0.000
 D_AGE_C        0.000         1.000         0.000
 D_AGE_C2       0.000         0.000         1.000


           THETA
              L_ACTION      L_ANIMAL      L_BODYP       L_CLOTH       L_DESCRB
              ________      ________      ________      ________      ________
 L_ACTION       0.062
 L_ANIMAL       0.000         0.054
 L_BODYP        0.000         0.000         0.060
 L_CLOTH        0.000         0.000         0.000         0.050
 L_DESCRB       0.000         0.000         0.000         0.000         0.054
 L_FOOD         0.000         0.000         0.000         0.000         0.000
 L_ROOMS        0.000         0.000         0.000         0.000         0.000
 L_GAMES        0.000         0.000         0.000         0.000         0.000
 L_HOUSEH       0.000         0.000         0.000         0.000         0.000
 L_LOCATE       0.000         0.000         0.000         0.000         0.000
 L_OUTSDE       0.000         0.000         0.000         0.000         0.000
 L_PEOPLE       0.000         0.000         0.000         0.000         0.000
 L_PLACES       0.000         0.000         0.000         0.000         0.000
 L_SOUNDS       0.000         0.000         0.000         0.000         0.000
 L_TOYS         0.000         0.000         0.000         0.000         0.000
 L_VEHICL       0.000         0.000         0.000         0.000         0.000
 D_AGE_C        0.000         0.000         0.000         0.000         0.000
 D_AGE_C2       0.000         0.000         0.000         0.000         0.000


           THETA
              L_FOOD        L_ROOMS       L_GAMES       L_HOUSEH      L_LOCATE
              ________      ________      ________      ________      ________
 L_FOOD         0.056
 L_ROOMS        0.000         0.060
 L_GAMES        0.000         0.000         0.048
 L_HOUSEH       0.000         0.000         0.000         0.061
 L_LOCATE       0.000         0.000         0.000         0.000         0.042
 L_OUTSDE       0.000         0.000         0.000         0.000         0.000
 L_PEOPLE       0.000         0.000         0.000         0.000         0.000
 L_PLACES       0.000         0.000         0.000         0.000         0.000
 L_SOUNDS       0.000         0.000         0.000         0.000         0.000
 L_TOYS         0.000         0.000         0.000         0.000         0.000
 L_VEHICL       0.000         0.000         0.000         0.000         0.000
 D_AGE_C        0.000         0.000         0.000         0.000         0.000
 D_AGE_C2       0.000         0.000         0.000         0.000         0.000


           THETA
              L_OUTSDE      L_PEOPLE      L_PLACES      L_SOUNDS      L_TOYS
              ________      ________      ________      ________      ________
 L_OUTSDE       0.059
 L_PEOPLE       0.000         0.035
 L_PLACES       0.000         0.000         0.043
 L_SOUNDS       0.000         0.000         0.000         0.035
 L_TOYS         0.000         0.000         0.000         0.000         0.051
 L_VEHICL       0.000         0.000         0.000         0.000         0.000
 D_AGE_C        0.000         0.000         0.000         0.000         0.000
 D_AGE_C2       0.000         0.000         0.000         0.000         0.000


           THETA
              L_VEHICL      D_AGE_C       D_AGE_C2
              ________      ________      ________
 L_VEHICL       0.055
 D_AGE_C        0.000         0.000
 D_AGE_C2       0.000         0.000         0.000


           ALPHA
              ETA           D_AGE_C       D_AGE_C2
              ________      ________      ________
                0.000         0.000         0.000


           BETA
              ETA           D_AGE_C       D_AGE_C2
              ________      ________      ________
 ETA            0.000         0.000         0.000
 D_AGE_C        0.000         0.000         0.000
 D_AGE_C2       0.000         0.000         0.000


           PSI
              ETA           D_AGE_C       D_AGE_C2
              ________      ________      ________
 ETA            0.050
 D_AGE_C        0.000         9.020
 D_AGE_C2       0.000         0.000       142.577


     STARTING VALUES FOR THE ADDITIONAL PARAMETERS


           NEW/ADDITIONAL PARAMETERS
              V1            V2
              ________      ________
                0.000         0.000


     Beginning Time:  15:01:54
        Ending Time:  15:06:11
       Elapsed Time:  00:04:17



MUTHEN & MUTHEN
3463 Stoner Ave.
Los Angeles, CA  90066

Tel: (310) 391-9971
Fax: (310) 391-8971
Web: www.StatModel.com
Support: Support@StatModel.com

Copyright (c) 1998-2019 Muthen & Muthen
