Mplus VERSION 8.3
MUTHEN & MUTHEN
09/25/2021   2:55 PM

INPUT INSTRUCTIONS

  TITLE: Scoring Model
  DATA: FILE = "lex/full.dat";
  VARIABLE:
  NAMES = ID L_ACTION L_ANIMAL L_BODYP L_CLOTH L_DESCRB L_FOOD L_ROOMS L_GAMES
       L_HOUSEH L_LOCATE L_OUTSDE L_PEOPLE L_PLACES L_SOUNDS L_TOYS L_VEHICL AGE
       FIRST_B MALE;
  MISSING=.;
  !
  !
  USEVARIABLES= L_ACTION L_ANIMAL L_BODYP L_CLOTH L_DESCRB L_FOOD L_ROOMS L_GAMES L_HOUSEH
   L_LOCATE L_OUTSDE L_PEOPLE L_PLACES L_SOUNDS L_TOYS L_VEHICL AGE FIRST_B MALE;
  AUXILIARY=ID;
  !
  !
  !
  CONSTRAINT= AGE MALE FIRST_B ;
  ANALYSIS: ESTIMATOR=ML; ALGORITHM=INTEGRATION; INTEGRATION=MONTECARLO; PROCESSORS=4;
  MODEL: [ETA@0];ETA*(veta);
  ETA BY L_ACTION*(l_1);
  ETA BY L_ANIMAL @0.226;
  ETA BY L_BODYP*(l_3);
  ETA BY L_CLOTH*(l_4);
  ETA BY L_DESCRB*(l_5);
  ETA BY L_FOOD*(l_6);
  ETA BY L_ROOMS*(l_7);
  ETA BY L_GAMES @0.202;
  ETA BY L_HOUSEH*(l_9);
  ETA BY L_LOCATE*(l_10);
  ETA BY L_OUTSDE*(l_11);
  ETA BY L_PEOPLE*(l_12);
  ETA BY L_PLACES*(l_13);
  ETA BY L_SOUNDS*(l_14);
  ETA BY L_TOYS*(l_15);
  ETA BY L_VEHICL @0.224;
  ETA ON AGE@0.129;
  ETA ON FIRST_B@0.138;
  ETA ON MALE@-0.15;
  L_ACTION ON AGE@-0.019;
  L_ACTION ON MALE@0.018;
  L_ANIMAL ON AGE@0.018;
  L_ANIMAL ON FIRST_B@0.019;
  L_BODYP ON AGE@0.034;
  L_BODYP ON MALE@-0.029;
  L_CLOTH ON AGE@0.001;
  L_CLOTH ON MALE@0.002;
  L_DESCRB ON AGE@-0.022;
  L_DESCRB ON MALE@0.016;
  L_FOOD ON AGE@0.01;
  L_FOOD ON FIRST_B@0.01;
  L_ROOMS ON AGE@-0.011;
  L_ROOMS ON MALE@0.015;
  L_GAMES ON AGE@0.02;
  L_GAMES ON MALE@-0.012;
  L_HOUSEH ON AGE@0.004;
  L_LOCATE ON AGE@-0.026;
  L_LOCATE ON MALE@0.018;
  L_OUTSDE ON AGE@-0.009;
  L_OUTSDE ON FIRST_B@0.008;
  L_PEOPLE ON AGE@-0.015;
  L_PLACES ON AGE@-0.015;
  L_SOUNDS ON AGE@0.025;
  L_SOUNDS ON FIRST_B@0.021;
  L_TOYS ON AGE@0.008;
  L_TOYS ON FIRST_B@0.012;
  L_VEHICL ON AGE@0.021;
  L_VEHICL ON MALE@0.034;
  [L_ACTION@0.102];
  [L_ANIMAL@-0.563];
  [L_BODYP@-0.884];
  [L_CLOTH@-0.26];
  [L_DESCRB@0.205];
  [L_FOOD@-0.456];
  [L_ROOMS@-0.09];
  [L_GAMES@-0.462];
  [L_HOUSEH@-0.376];
  [L_LOCATE@0.354];
  [L_OUTSDE@-0.108];
  [L_PEOPLE@0.222];
  [L_PLACES@0.087];
  [L_SOUNDS@-0.227];
  [L_TOYS@-0.326];
  [L_VEHICL@-0.613];
  MODEL CONSTRAINT:
    veta=1*exp(
    0);
    l_1=-0.125 +0.016*AGE -0.008*MALE;
    ! !;
    l_3=0.338 -0.005*AGE +0.006*MALE;
    l_4=0.089 +0.006*AGE -0.007*MALE;
    l_5=-0.152 +0.016*AGE -0.008*MALE;
    l_6=0.136 +0.004*AGE -0.005*FIRST_B;
    l_7=-0.009 +0.011*AGE -0.006*MALE;
    ! !;
    l_9=0.118 +0.006*AGE;
    l_10=-0.192 +0.016*AGE -0.008*MALE;
    l_11=0.009 +0.01*AGE;
    l_12=-0.086 +0.011*AGE;
    l_13=-0.103 +0.013*AGE;
    l_14=0.267 -0.006*AGE;
    l_15=0.13 +0.004*AGE -0.006*FIRST_B;
    ! !;



  OUTPUT: tech1;
  SAVEDATA: SAVE=FSCORES; FILE=scores.dat;



*** WARNING
  Data set contains cases with missing on x-variables.
  These cases were not included in the analysis.
  Number of cases with missing on x-variables:  2744
   1 WARNING(S) FOUND IN THE INPUT INSTRUCTIONS



Scoring Model

SUMMARY OF ANALYSIS

Number of groups                                                 1
Number of observations                                        2776

Number of dependent variables                                   16
Number of independent variables                                  3
Number of continuous latent variables                            1

Observed dependent variables

  Continuous
   L_ACTION    L_ANIMAL    L_BODYP     L_CLOTH     L_DESCRB    L_FOOD
   L_ROOMS     L_GAMES     L_HOUSEH    L_LOCATE    L_OUTSDE    L_PEOPLE
   L_PLACES    L_SOUNDS    L_TOYS      L_VEHICL

Observed independent variables
   AGE         FIRST_B     MALE

Observed auxiliary variables
   ID

Continuous latent variables
   ETA


Estimator                                                       ML
Information matrix                                        OBSERVED
Optimization Specifications for the Quasi-Newton Algorithm for
Continuous Outcomes
  Maximum number of iterations                                 100
  Convergence criterion                                  0.100D-05
Optimization Specifications for the EM Algorithm
  Maximum number of iterations                                 500
  Convergence criteria
    Loglikelihood change                                 0.100D-02
    Relative loglikelihood change                        0.100D-05
    Derivative                                           0.100D-02
Optimization Specifications for the M step of the EM Algorithm for
Categorical Latent variables
  Number of M step iterations                                    1
  M step convergence criterion                           0.100D-02
  Basis for M step termination                           ITERATION
Optimization Specifications for the M step of the EM Algorithm for
Censored, Binary or Ordered Categorical (Ordinal), Unordered
Categorical (Nominal) and Count Outcomes
  Number of M step iterations                                    1
  M step convergence criterion                           0.100D-02
  Basis for M step termination                           ITERATION
  Maximum value for logit thresholds                            15
  Minimum value for logit thresholds                           -15
  Minimum expected cell size for chi-square              0.100D-01
Maximum number of iterations for H1                           2000
Convergence criterion for H1                             0.100D-03
Optimization algorithm                                         EMA
Integration Specifications
  Type                                                  MONTECARLO
  Number of integration points                                   1
  Dimensions of numerical integration                            0
  Adaptive quadrature                                           ON
  Monte Carlo integration seed                                   0
Cholesky                                                       OFF

Input data file(s)
  lex/full.dat
Input data format  FREE


SUMMARY OF DATA

     Number of missing data patterns             1


COVARIANCE COVERAGE OF DATA

Minimum covariance coverage value   0.100


     PROPORTION OF DATA PRESENT FOR Y


           Covariance Coverage
              L_ACTION      L_ANIMAL      L_BODYP       L_CLOTH       L_DESCRB
              ________      ________      ________      ________      ________
 L_ACTION       1.000
 L_ANIMAL       1.000         1.000
 L_BODYP        1.000         1.000         1.000
 L_CLOTH        1.000         1.000         1.000         1.000
 L_DESCRB       1.000         1.000         1.000         1.000         1.000
 L_FOOD         1.000         1.000         1.000         1.000         1.000
 L_ROOMS        1.000         1.000         1.000         1.000         1.000
 L_GAMES        1.000         1.000         1.000         1.000         1.000
 L_HOUSEH       1.000         1.000         1.000         1.000         1.000
 L_LOCATE       1.000         1.000         1.000         1.000         1.000
 L_OUTSDE       1.000         1.000         1.000         1.000         1.000
 L_PEOPLE       1.000         1.000         1.000         1.000         1.000
 L_PLACES       1.000         1.000         1.000         1.000         1.000
 L_SOUNDS       1.000         1.000         1.000         1.000         1.000
 L_TOYS         1.000         1.000         1.000         1.000         1.000
 L_VEHICL       1.000         1.000         1.000         1.000         1.000
 AGE            1.000         1.000         1.000         1.000         1.000
 FIRST_B        1.000         1.000         1.000         1.000         1.000
 MALE           1.000         1.000         1.000         1.000         1.000


           Covariance Coverage
              L_FOOD        L_ROOMS       L_GAMES       L_HOUSEH      L_LOCATE
              ________      ________      ________      ________      ________
 L_FOOD         1.000
 L_ROOMS        1.000         1.000
 L_GAMES        1.000         1.000         1.000
 L_HOUSEH       1.000         1.000         1.000         1.000
 L_LOCATE       1.000         1.000         1.000         1.000         1.000
 L_OUTSDE       1.000         1.000         1.000         1.000         1.000
 L_PEOPLE       1.000         1.000         1.000         1.000         1.000
 L_PLACES       1.000         1.000         1.000         1.000         1.000
 L_SOUNDS       1.000         1.000         1.000         1.000         1.000
 L_TOYS         1.000         1.000         1.000         1.000         1.000
 L_VEHICL       1.000         1.000         1.000         1.000         1.000
 AGE            1.000         1.000         1.000         1.000         1.000
 FIRST_B        1.000         1.000         1.000         1.000         1.000
 MALE           1.000         1.000         1.000         1.000         1.000


           Covariance Coverage
              L_OUTSDE      L_PEOPLE      L_PLACES      L_SOUNDS      L_TOYS
              ________      ________      ________      ________      ________
 L_OUTSDE       1.000
 L_PEOPLE       1.000         1.000
 L_PLACES       1.000         1.000         1.000
 L_SOUNDS       1.000         1.000         1.000         1.000
 L_TOYS         1.000         1.000         1.000         1.000         1.000
 L_VEHICL       1.000         1.000         1.000         1.000         1.000
 AGE            1.000         1.000         1.000         1.000         1.000
 FIRST_B        1.000         1.000         1.000         1.000         1.000
 MALE           1.000         1.000         1.000         1.000         1.000


           Covariance Coverage
              L_VEHICL      AGE           FIRST_B       MALE
              ________      ________      ________      ________
 L_VEHICL       1.000
 AGE            1.000         1.000
 FIRST_B        1.000         1.000         1.000
 MALE           1.000         1.000         1.000         1.000



UNIVARIATE SAMPLE STATISTICS


     UNIVARIATE HIGHER-ORDER MOMENT DESCRIPTIVE STATISTICS

         Variable/         Mean/     Skewness/   Minimum/ % with                Percentiles
        Sample Size      Variance    Kurtosis    Maximum  Min/Max      20%/60%    40%/80%    Median

     L_ACTION              0.380       0.466       0.000   10.09%       0.029      0.146      0.272
            2776.000       0.124      -1.316       1.000    2.02%       0.437      0.796
     L_ANIMAL              0.501       0.008       0.000    3.24%       0.140      0.372      0.512
            2776.000       0.109      -1.412       1.000    6.66%       0.651      0.860
     L_BODYP               0.558      -0.332       0.000    8.11%       0.148      0.481      0.648
            2776.000       0.120      -1.406       1.000    4.65%       0.778      0.926
     L_CLOTH               0.428       0.200       0.000    9.51%       0.071      0.286      0.429
            2776.000       0.099      -1.288       1.000    2.70%       0.536      0.750
     L_DESCRB              0.360       0.572       0.000    9.69%       0.048      0.143      0.254
            2776.000       0.108      -1.091       1.000    2.27%       0.397      0.730
     L_FOOD                0.470       0.063       0.000    5.91%       0.103      0.309      0.485
            2776.000       0.112      -1.432       1.000    3.28%       0.603      0.838
     L_ROOMS               0.391       0.355       0.000   17.72%       0.030      0.182      0.333
            2776.000       0.119      -1.374       1.000    2.13%       0.485      0.788
     L_GAMES               0.580      -0.159       0.000    1.98%       0.240      0.480      0.600
            2776.000       0.096      -1.278       1.000   11.31%       0.720      0.920
     L_HOUSEH              0.455       0.113       0.000    8.75%       0.060      0.280      0.440
            2776.000       0.121      -1.485       1.000    3.67%       0.600      0.840
     L_LOCATE              0.306       0.867       0.000   16.97%       0.038      0.154      0.231
            2776.000       0.084      -0.347       1.000    2.16%       0.308      0.577
     L_OUTSDE              0.418       0.302       0.000   14.19%       0.032      0.226      0.355
            2776.000       0.117      -1.326       1.000    4.90%       0.516      0.806
     L_PEOPLE              0.417       0.562       0.000    1.19%       0.172      0.276      0.345
            2776.000       0.071      -0.745       1.000    2.70%       0.448      0.655
     L_PLACES              0.329       0.576       0.000   18.70%       0.045      0.182      0.273
            2776.000       0.087      -0.863       1.000    1.66%       0.364      0.636
     L_SOUNDS              0.726      -0.818       0.000    0.86%       0.500      0.750      0.833
            2776.000       0.069      -0.309       1.000   24.96%       0.833      1.000
     L_TOYS                0.517       0.008       0.000    5.12%       0.167      0.389      0.500
            2776.000       0.101      -1.311       1.000    8.90%       0.611      0.889
     L_VEHICL              0.514      -0.147       0.000   10.52%       0.143      0.429      0.571
            2776.000       0.111      -1.384       1.000    6.56%       0.714      0.857
     AGE                  22.731       0.089      16.000    6.66%      18.000     21.000     23.500
            2776.000      18.016      -1.116      30.000    8.14%      24.000     27.000
     FIRST_B               0.030      -0.059      -1.000   48.52%      -1.000     -1.000      1.000
            2776.000       0.999      -1.997       1.000   51.48%       1.000      1.000
     MALE                  0.014      -0.029      -1.000   49.28%      -1.000     -1.000      1.000
            2776.000       1.000      -1.999       1.000   50.72%       1.000      1.000


THE MODEL ESTIMATION TERMINATED NORMALLY



MODEL FIT INFORMATION

Number of Free Parameters                       16

Loglikelihood

          H0 Value                       30167.928

Information Criteria

          Akaike (AIC)                  -60303.856
          Bayesian (BIC)                -60208.996
          Sample-Size Adjusted BIC      -60259.833
            (n* = (n + 2) / 24)



MODEL RESULTS

                                                    Two-Tailed
                    Estimate       S.E.  Est./S.E.    P-Value

 ETA      BY
    L_ACTION         999.000      0.000    999.000    999.000
    L_ANIMAL           0.226      0.000    999.000    999.000
    L_BODYP          999.000      0.000    999.000    999.000
    L_CLOTH          999.000      0.000    999.000    999.000
    L_DESCRB         999.000      0.000    999.000    999.000
    L_FOOD           999.000      0.000    999.000    999.000
    L_ROOMS          999.000      0.000    999.000    999.000
    L_GAMES            0.202      0.000    999.000    999.000
    L_HOUSEH         999.000      0.000    999.000    999.000
    L_LOCATE         999.000      0.000    999.000    999.000
    L_OUTSDE         999.000      0.000    999.000    999.000
    L_PEOPLE         999.000      0.000    999.000    999.000
    L_PLACES         999.000      0.000    999.000    999.000
    L_SOUNDS         999.000      0.000    999.000    999.000
    L_TOYS           999.000      0.000    999.000    999.000
    L_VEHICL           0.224      0.000    999.000    999.000

 ETA        ON
    AGE                0.129      0.000    999.000    999.000
    FIRST_B            0.138      0.000    999.000    999.000
    MALE              -0.150      0.000    999.000    999.000

 L_ACTION   ON
    AGE               -0.019      0.000    999.000    999.000
    MALE               0.018      0.000    999.000    999.000

 L_ANIMAL   ON
    AGE                0.018      0.000    999.000    999.000
    FIRST_B            0.019      0.000    999.000    999.000

 L_BODYP    ON
    AGE                0.034      0.000    999.000    999.000
    MALE              -0.029      0.000    999.000    999.000

 L_CLOTH    ON
    AGE                0.001      0.000    999.000    999.000
    MALE               0.002      0.000    999.000    999.000

 L_DESCRB   ON
    AGE               -0.022      0.000    999.000    999.000
    MALE               0.016      0.000    999.000    999.000

 L_FOOD     ON
    AGE                0.010      0.000    999.000    999.000
    FIRST_B            0.010      0.000    999.000    999.000

 L_ROOMS    ON
    AGE               -0.011      0.000    999.000    999.000
    MALE               0.015      0.000    999.000    999.000

 L_GAMES    ON
    AGE                0.020      0.000    999.000    999.000
    MALE              -0.012      0.000    999.000    999.000

 L_HOUSEH   ON
    AGE                0.004      0.000    999.000    999.000

 L_LOCATE   ON
    AGE               -0.026      0.000    999.000    999.000
    MALE               0.018      0.000    999.000    999.000

 L_OUTSDE   ON
    AGE               -0.009      0.000    999.000    999.000
    FIRST_B            0.008      0.000    999.000    999.000

 L_PEOPLE   ON
    AGE               -0.015      0.000    999.000    999.000

 L_PLACES   ON
    AGE               -0.015      0.000    999.000    999.000

 L_SOUNDS   ON
    AGE                0.025      0.000    999.000    999.000
    FIRST_B            0.021      0.000    999.000    999.000

 L_TOYS     ON
    AGE                0.008      0.000    999.000    999.000
    FIRST_B            0.012      0.000    999.000    999.000

 L_VEHICL   ON
    AGE                0.021      0.000    999.000    999.000
    MALE               0.034      0.000    999.000    999.000

 Intercepts
    L_ACTION           0.102      0.000    999.000    999.000
    L_ANIMAL          -0.563      0.000    999.000    999.000
    L_BODYP           -0.884      0.000    999.000    999.000
    L_CLOTH           -0.260      0.000    999.000    999.000
    L_DESCRB           0.205      0.000    999.000    999.000
    L_FOOD            -0.456      0.000    999.000    999.000
    L_ROOMS           -0.090      0.000    999.000    999.000
    L_GAMES           -0.462      0.000    999.000    999.000
    L_HOUSEH          -0.376      0.000    999.000    999.000
    L_LOCATE           0.354      0.000    999.000    999.000
    L_OUTSDE          -0.108      0.000    999.000    999.000
    L_PEOPLE           0.222      0.000    999.000    999.000
    L_PLACES           0.087      0.000    999.000    999.000
    L_SOUNDS          -0.227      0.000    999.000    999.000
    L_TOYS            -0.326      0.000    999.000    999.000
    L_VEHICL          -0.613      0.000    999.000    999.000
    ETA                0.000      0.000    999.000    999.000

 Residual Variances
    L_ACTION           0.012      0.000     34.445      0.000
    L_ANIMAL           0.015      0.000     35.432      0.000
    L_BODYP            0.016      0.000     35.462      0.000
    L_CLOTH            0.007      0.000     33.723      0.000
    L_DESCRB           0.010      0.000     34.479      0.000
    L_FOOD             0.008      0.000     33.711      0.000
    L_ROOMS            0.008      0.000     33.541      0.000
    L_GAMES            0.015      0.000     35.719      0.000
    L_HOUSEH           0.006      0.000     31.898      0.000
    L_LOCATE           0.017      0.000     36.037      0.000
    L_OUTSDE           0.008      0.000     33.702      0.000
    L_PEOPLE           0.010      0.000     35.733      0.000
    L_PLACES           0.009      0.000     34.923      0.000
    L_SOUNDS           0.035      0.001     36.908      0.000
    L_TOYS             0.010      0.000     34.676      0.000
    L_VEHICL           0.015      0.000     35.459      0.000
    ETA                1.000      0.000    999.000    999.000


QUALITY OF NUMERICAL RESULTS

     Condition Number for the Information Matrix              0.116E-07
       (ratio of smallest to largest eigenvalue)


TECHNICAL 1 OUTPUT


     PARAMETER SPECIFICATION


           NU
              L_ACTION      L_ANIMAL      L_BODYP       L_CLOTH       L_DESCRB
              ________      ________      ________      ________      ________
                    0             0             0             0             0


           NU
              L_FOOD        L_ROOMS       L_GAMES       L_HOUSEH      L_LOCATE
              ________      ________      ________      ________      ________
                    0             0             0             0             0


           NU
              L_OUTSDE      L_PEOPLE      L_PLACES      L_SOUNDS      L_TOYS
              ________      ________      ________      ________      ________
                    0             0             0             0             0


           NU
              L_VEHICL      AGE           FIRST_B       MALE
              ________      ________      ________      ________
                    0             0             0             0


           LAMBDA
              ETA           L_ACTION      L_ANIMAL      L_BODYP       L_CLOTH
              ________      ________      ________      ________      ________
 L_ACTION           0             0             0             0             0
 L_ANIMAL           0             0             0             0             0
 L_BODYP            0             0             0             0             0
 L_CLOTH            0             0             0             0             0
 L_DESCRB           0             0             0             0             0
 L_FOOD             0             0             0             0             0
 L_ROOMS            0             0             0             0             0
 L_GAMES            0             0             0             0             0
 L_HOUSEH           0             0             0             0             0
 L_LOCATE           0             0             0             0             0
 L_OUTSDE           0             0             0             0             0
 L_PEOPLE           0             0             0             0             0
 L_PLACES           0             0             0             0             0
 L_SOUNDS           0             0             0             0             0
 L_TOYS             0             0             0             0             0
 L_VEHICL           0             0             0             0             0
 AGE                0             0             0             0             0
 FIRST_B            0             0             0             0             0
 MALE               0             0             0             0             0


           LAMBDA
              L_DESCRB      L_FOOD        L_ROOMS       L_GAMES       L_HOUSEH
              ________      ________      ________      ________      ________
 L_ACTION           0             0             0             0             0
 L_ANIMAL           0             0             0             0             0
 L_BODYP            0             0             0             0             0
 L_CLOTH            0             0             0             0             0
 L_DESCRB           0             0             0             0             0
 L_FOOD             0             0             0             0             0
 L_ROOMS            0             0             0             0             0
 L_GAMES            0             0             0             0             0
 L_HOUSEH           0             0             0             0             0
 L_LOCATE           0             0             0             0             0
 L_OUTSDE           0             0             0             0             0
 L_PEOPLE           0             0             0             0             0
 L_PLACES           0             0             0             0             0
 L_SOUNDS           0             0             0             0             0
 L_TOYS             0             0             0             0             0
 L_VEHICL           0             0             0             0             0
 AGE                0             0             0             0             0
 FIRST_B            0             0             0             0             0
 MALE               0             0             0             0             0


           LAMBDA
              L_LOCATE      L_OUTSDE      L_PEOPLE      L_PLACES      L_SOUNDS
              ________      ________      ________      ________      ________
 L_ACTION           0             0             0             0             0
 L_ANIMAL           0             0             0             0             0
 L_BODYP            0             0             0             0             0
 L_CLOTH            0             0             0             0             0
 L_DESCRB           0             0             0             0             0
 L_FOOD             0             0             0             0             0
 L_ROOMS            0             0             0             0             0
 L_GAMES            0             0             0             0             0
 L_HOUSEH           0             0             0             0             0
 L_LOCATE           0             0             0             0             0
 L_OUTSDE           0             0             0             0             0
 L_PEOPLE           0             0             0             0             0
 L_PLACES           0             0             0             0             0
 L_SOUNDS           0             0             0             0             0
 L_TOYS             0             0             0             0             0
 L_VEHICL           0             0             0             0             0
 AGE                0             0             0             0             0
 FIRST_B            0             0             0             0             0
 MALE               0             0             0             0             0


           LAMBDA
              L_TOYS        L_VEHICL      AGE           FIRST_B       MALE
              ________      ________      ________      ________      ________
 L_ACTION           0             0             0             0             0
 L_ANIMAL           0             0             0             0             0
 L_BODYP            0             0             0             0             0
 L_CLOTH            0             0             0             0             0
 L_DESCRB           0             0             0             0             0
 L_FOOD             0             0             0             0             0
 L_ROOMS            0             0             0             0             0
 L_GAMES            0             0             0             0             0
 L_HOUSEH           0             0             0             0             0
 L_LOCATE           0             0             0             0             0
 L_OUTSDE           0             0             0             0             0
 L_PEOPLE           0             0             0             0             0
 L_PLACES           0             0             0             0             0
 L_SOUNDS           0             0             0             0             0
 L_TOYS             0             0             0             0             0
 L_VEHICL           0             0             0             0             0
 AGE                0             0             0             0             0
 FIRST_B            0             0             0             0             0
 MALE               0             0             0             0             0


           THETA
              L_ACTION      L_ANIMAL      L_BODYP       L_CLOTH       L_DESCRB
              ________      ________      ________      ________      ________
 L_ACTION           0
 L_ANIMAL           0             0
 L_BODYP            0             0             0
 L_CLOTH            0             0             0             0
 L_DESCRB           0             0             0             0             0
 L_FOOD             0             0             0             0             0
 L_ROOMS            0             0             0             0             0
 L_GAMES            0             0             0             0             0
 L_HOUSEH           0             0             0             0             0
 L_LOCATE           0             0             0             0             0
 L_OUTSDE           0             0             0             0             0
 L_PEOPLE           0             0             0             0             0
 L_PLACES           0             0             0             0             0
 L_SOUNDS           0             0             0             0             0
 L_TOYS             0             0             0             0             0
 L_VEHICL           0             0             0             0             0
 AGE                0             0             0             0             0
 FIRST_B            0             0             0             0             0
 MALE               0             0             0             0             0


           THETA
              L_FOOD        L_ROOMS       L_GAMES       L_HOUSEH      L_LOCATE
              ________      ________      ________      ________      ________
 L_FOOD             0
 L_ROOMS            0             0
 L_GAMES            0             0             0
 L_HOUSEH           0             0             0             0
 L_LOCATE           0             0             0             0             0
 L_OUTSDE           0             0             0             0             0
 L_PEOPLE           0             0             0             0             0
 L_PLACES           0             0             0             0             0
 L_SOUNDS           0             0             0             0             0
 L_TOYS             0             0             0             0             0
 L_VEHICL           0             0             0             0             0
 AGE                0             0             0             0             0
 FIRST_B            0             0             0             0             0
 MALE               0             0             0             0             0


           THETA
              L_OUTSDE      L_PEOPLE      L_PLACES      L_SOUNDS      L_TOYS
              ________      ________      ________      ________      ________
 L_OUTSDE           0
 L_PEOPLE           0             0
 L_PLACES           0             0             0
 L_SOUNDS           0             0             0             0
 L_TOYS             0             0             0             0             0
 L_VEHICL           0             0             0             0             0
 AGE                0             0             0             0             0
 FIRST_B            0             0             0             0             0
 MALE               0             0             0             0             0


           THETA
              L_VEHICL      AGE           FIRST_B       MALE
              ________      ________      ________      ________
 L_VEHICL           0
 AGE                0             0
 FIRST_B            0             0             0
 MALE               0             0             0             0


           ALPHA
              ETA           L_ACTION      L_ANIMAL      L_BODYP       L_CLOTH
              ________      ________      ________      ________      ________
                    0             0             0             0             0


           ALPHA
              L_DESCRB      L_FOOD        L_ROOMS       L_GAMES       L_HOUSEH
              ________      ________      ________      ________      ________
                    0             0             0             0             0


           ALPHA
              L_LOCATE      L_OUTSDE      L_PEOPLE      L_PLACES      L_SOUNDS
              ________      ________      ________      ________      ________
                    0             0             0             0             0


           ALPHA
              L_TOYS        L_VEHICL      AGE           FIRST_B       MALE
              ________      ________      ________      ________      ________
                    0             0             0             0             0


           BETA
              ETA           L_ACTION      L_ANIMAL      L_BODYP       L_CLOTH
              ________      ________      ________      ________      ________
 ETA                0             0             0             0             0
 L_ACTION           1             0             0             0             0
 L_ANIMAL           0             0             0             0             0
 L_BODYP            2             0             0             0             0
 L_CLOTH            3             0             0             0             0
 L_DESCRB           4             0             0             0             0
 L_FOOD             5             0             0             0             0
 L_ROOMS            6             0             0             0             0
 L_GAMES            0             0             0             0             0
 L_HOUSEH           7             0             0             0             0
 L_LOCATE           8             0             0             0             0
 L_OUTSDE           9             0             0             0             0
 L_PEOPLE          10             0             0             0             0
 L_PLACES          11             0             0             0             0
 L_SOUNDS          12             0             0             0             0
 L_TOYS            13             0             0             0             0
 L_VEHICL           0             0             0             0             0
 AGE                0             0             0             0             0
 FIRST_B            0             0             0             0             0
 MALE               0             0             0             0             0


           BETA
              L_DESCRB      L_FOOD        L_ROOMS       L_GAMES       L_HOUSEH
              ________      ________      ________      ________      ________
 ETA                0             0             0             0             0
 L_ACTION           0             0             0             0             0
 L_ANIMAL           0             0             0             0             0
 L_BODYP            0             0             0             0             0
 L_CLOTH            0             0             0             0             0
 L_DESCRB           0             0             0             0             0
 L_FOOD             0             0             0             0             0
 L_ROOMS            0             0             0             0             0
 L_GAMES            0             0             0             0             0
 L_HOUSEH           0             0             0             0             0
 L_LOCATE           0             0             0             0             0
 L_OUTSDE           0             0             0             0             0
 L_PEOPLE           0             0             0             0             0
 L_PLACES           0             0             0             0             0
 L_SOUNDS           0             0             0             0             0
 L_TOYS             0             0             0             0             0
 L_VEHICL           0             0             0             0             0
 AGE                0             0             0             0             0
 FIRST_B            0             0             0             0             0
 MALE               0             0             0             0             0


           BETA
              L_LOCATE      L_OUTSDE      L_PEOPLE      L_PLACES      L_SOUNDS
              ________      ________      ________      ________      ________
 ETA                0             0             0             0             0
 L_ACTION           0             0             0             0             0
 L_ANIMAL           0             0             0             0             0
 L_BODYP            0             0             0             0             0
 L_CLOTH            0             0             0             0             0
 L_DESCRB           0             0             0             0             0
 L_FOOD             0             0             0             0             0
 L_ROOMS            0             0             0             0             0
 L_GAMES            0             0             0             0             0
 L_HOUSEH           0             0             0             0             0
 L_LOCATE           0             0             0             0             0
 L_OUTSDE           0             0             0             0             0
 L_PEOPLE           0             0             0             0             0
 L_PLACES           0             0             0             0             0
 L_SOUNDS           0             0             0             0             0
 L_TOYS             0             0             0             0             0
 L_VEHICL           0             0             0             0             0
 AGE                0             0             0             0             0
 FIRST_B            0             0             0             0             0
 MALE               0             0             0             0             0


           BETA
              L_TOYS        L_VEHICL      AGE           FIRST_B       MALE
              ________      ________      ________      ________      ________
 ETA                0             0             0             0             0
 L_ACTION           0             0             0             0             0
 L_ANIMAL           0             0             0             0             0
 L_BODYP            0             0             0             0             0
 L_CLOTH            0             0             0             0             0
 L_DESCRB           0             0             0             0             0
 L_FOOD             0             0             0             0             0
 L_ROOMS            0             0             0             0             0
 L_GAMES            0             0             0             0             0
 L_HOUSEH           0             0             0             0             0
 L_LOCATE           0             0             0             0             0
 L_OUTSDE           0             0             0             0             0
 L_PEOPLE           0             0             0             0             0
 L_PLACES           0             0             0             0             0
 L_SOUNDS           0             0             0             0             0
 L_TOYS             0             0             0             0             0
 L_VEHICL           0             0             0             0             0
 AGE                0             0             0             0             0
 FIRST_B            0             0             0             0             0
 MALE               0             0             0             0             0


           PSI
              ETA           L_ACTION      L_ANIMAL      L_BODYP       L_CLOTH
              ________      ________      ________      ________      ________
 ETA               14
 L_ACTION           0            15
 L_ANIMAL           0             0            16
 L_BODYP            0             0             0            17
 L_CLOTH            0             0             0             0            18
 L_DESCRB           0             0             0             0             0
 L_FOOD             0             0             0             0             0
 L_ROOMS            0             0             0             0             0
 L_GAMES            0             0             0             0             0
 L_HOUSEH           0             0             0             0             0
 L_LOCATE           0             0             0             0             0
 L_OUTSDE           0             0             0             0             0
 L_PEOPLE           0             0             0             0             0
 L_PLACES           0             0             0             0             0
 L_SOUNDS           0             0             0             0             0
 L_TOYS             0             0             0             0             0
 L_VEHICL           0             0             0             0             0
 AGE                0             0             0             0             0
 FIRST_B            0             0             0             0             0
 MALE               0             0             0             0             0


           PSI
              L_DESCRB      L_FOOD        L_ROOMS       L_GAMES       L_HOUSEH
              ________      ________      ________      ________      ________
 L_DESCRB          19
 L_FOOD             0            20
 L_ROOMS            0             0            21
 L_GAMES            0             0             0            22
 L_HOUSEH           0             0             0             0            23
 L_LOCATE           0             0             0             0             0
 L_OUTSDE           0             0             0             0             0
 L_PEOPLE           0             0             0             0             0
 L_PLACES           0             0             0             0             0
 L_SOUNDS           0             0             0             0             0
 L_TOYS             0             0             0             0             0
 L_VEHICL           0             0             0             0             0
 AGE                0             0             0             0             0
 FIRST_B            0             0             0             0             0
 MALE               0             0             0             0             0


           PSI
              L_LOCATE      L_OUTSDE      L_PEOPLE      L_PLACES      L_SOUNDS
              ________      ________      ________      ________      ________
 L_LOCATE          24
 L_OUTSDE           0            25
 L_PEOPLE           0             0            26
 L_PLACES           0             0             0            27
 L_SOUNDS           0             0             0             0            28
 L_TOYS             0             0             0             0             0
 L_VEHICL           0             0             0             0             0
 AGE                0             0             0             0             0
 FIRST_B            0             0             0             0             0
 MALE               0             0             0             0             0


           PSI
              L_TOYS        L_VEHICL      AGE           FIRST_B       MALE
              ________      ________      ________      ________      ________
 L_TOYS            29
 L_VEHICL           0            30
 AGE                0             0             0
 FIRST_B            0             0             0             0
 MALE               0             0             0             0             0


     STARTING VALUES


           NU
              L_ACTION      L_ANIMAL      L_BODYP       L_CLOTH       L_DESCRB
              ________      ________      ________      ________      ________
                0.000         0.000         0.000         0.000         0.000


           NU
              L_FOOD        L_ROOMS       L_GAMES       L_HOUSEH      L_LOCATE
              ________      ________      ________      ________      ________
                0.000         0.000         0.000         0.000         0.000


           NU
              L_OUTSDE      L_PEOPLE      L_PLACES      L_SOUNDS      L_TOYS
              ________      ________      ________      ________      ________
                0.000         0.000         0.000         0.000         0.000


           NU
              L_VEHICL      AGE           FIRST_B       MALE
              ________      ________      ________      ________
                0.000         0.000         0.000         0.000


           LAMBDA
              ETA           L_ACTION      L_ANIMAL      L_BODYP       L_CLOTH
              ________      ________      ________      ________      ________
 L_ACTION       0.000         1.000         0.000         0.000         0.000
 L_ANIMAL       0.000         0.000         1.000         0.000         0.000
 L_BODYP        0.000         0.000         0.000         1.000         0.000
 L_CLOTH        0.000         0.000         0.000         0.000         1.000
 L_DESCRB       0.000         0.000         0.000         0.000         0.000
 L_FOOD         0.000         0.000         0.000         0.000         0.000
 L_ROOMS        0.000         0.000         0.000         0.000         0.000
 L_GAMES        0.000         0.000         0.000         0.000         0.000
 L_HOUSEH       0.000         0.000         0.000         0.000         0.000
 L_LOCATE       0.000         0.000         0.000         0.000         0.000
 L_OUTSDE       0.000         0.000         0.000         0.000         0.000
 L_PEOPLE       0.000         0.000         0.000         0.000         0.000
 L_PLACES       0.000         0.000         0.000         0.000         0.000
 L_SOUNDS       0.000         0.000         0.000         0.000         0.000
 L_TOYS         0.000         0.000         0.000         0.000         0.000
 L_VEHICL       0.000         0.000         0.000         0.000         0.000
 AGE            0.000         0.000         0.000         0.000         0.000
 FIRST_B        0.000         0.000         0.000         0.000         0.000
 MALE           0.000         0.000         0.000         0.000         0.000


           LAMBDA
              L_DESCRB      L_FOOD        L_ROOMS       L_GAMES       L_HOUSEH
              ________      ________      ________      ________      ________
 L_ACTION       0.000         0.000         0.000         0.000         0.000
 L_ANIMAL       0.000         0.000         0.000         0.000         0.000
 L_BODYP        0.000         0.000         0.000         0.000         0.000
 L_CLOTH        0.000         0.000         0.000         0.000         0.000
 L_DESCRB       1.000         0.000         0.000         0.000         0.000
 L_FOOD         0.000         1.000         0.000         0.000         0.000
 L_ROOMS        0.000         0.000         1.000         0.000         0.000
 L_GAMES        0.000         0.000         0.000         1.000         0.000
 L_HOUSEH       0.000         0.000         0.000         0.000         1.000
 L_LOCATE       0.000         0.000         0.000         0.000         0.000
 L_OUTSDE       0.000         0.000         0.000         0.000         0.000
 L_PEOPLE       0.000         0.000         0.000         0.000         0.000
 L_PLACES       0.000         0.000         0.000         0.000         0.000
 L_SOUNDS       0.000         0.000         0.000         0.000         0.000
 L_TOYS         0.000         0.000         0.000         0.000         0.000
 L_VEHICL       0.000         0.000         0.000         0.000         0.000
 AGE            0.000         0.000         0.000         0.000         0.000
 FIRST_B        0.000         0.000         0.000         0.000         0.000
 MALE           0.000         0.000         0.000         0.000         0.000


           LAMBDA
              L_LOCATE      L_OUTSDE      L_PEOPLE      L_PLACES      L_SOUNDS
              ________      ________      ________      ________      ________
 L_ACTION       0.000         0.000         0.000         0.000         0.000
 L_ANIMAL       0.000         0.000         0.000         0.000         0.000
 L_BODYP        0.000         0.000         0.000         0.000         0.000
 L_CLOTH        0.000         0.000         0.000         0.000         0.000
 L_DESCRB       0.000         0.000         0.000         0.000         0.000
 L_FOOD         0.000         0.000         0.000         0.000         0.000
 L_ROOMS        0.000         0.000         0.000         0.000         0.000
 L_GAMES        0.000         0.000         0.000         0.000         0.000
 L_HOUSEH       0.000         0.000         0.000         0.000         0.000
 L_LOCATE       1.000         0.000         0.000         0.000         0.000
 L_OUTSDE       0.000         1.000         0.000         0.000         0.000
 L_PEOPLE       0.000         0.000         1.000         0.000         0.000
 L_PLACES       0.000         0.000         0.000         1.000         0.000
 L_SOUNDS       0.000         0.000         0.000         0.000         1.000
 L_TOYS         0.000         0.000         0.000         0.000         0.000
 L_VEHICL       0.000         0.000         0.000         0.000         0.000
 AGE            0.000         0.000         0.000         0.000         0.000
 FIRST_B        0.000         0.000         0.000         0.000         0.000
 MALE           0.000         0.000         0.000         0.000         0.000


           LAMBDA
              L_TOYS        L_VEHICL      AGE           FIRST_B       MALE
              ________      ________      ________      ________      ________
 L_ACTION       0.000         0.000         0.000         0.000         0.000
 L_ANIMAL       0.000         0.000         0.000         0.000         0.000
 L_BODYP        0.000         0.000         0.000         0.000         0.000
 L_CLOTH        0.000         0.000         0.000         0.000         0.000
 L_DESCRB       0.000         0.000         0.000         0.000         0.000
 L_FOOD         0.000         0.000         0.000         0.000         0.000
 L_ROOMS        0.000         0.000         0.000         0.000         0.000
 L_GAMES        0.000         0.000         0.000         0.000         0.000
 L_HOUSEH       0.000         0.000         0.000         0.000         0.000
 L_LOCATE       0.000         0.000         0.000         0.000         0.000
 L_OUTSDE       0.000         0.000         0.000         0.000         0.000
 L_PEOPLE       0.000         0.000         0.000         0.000         0.000
 L_PLACES       0.000         0.000         0.000         0.000         0.000
 L_SOUNDS       0.000         0.000         0.000         0.000         0.000
 L_TOYS         1.000         0.000         0.000         0.000         0.000
 L_VEHICL       0.000         1.000         0.000         0.000         0.000
 AGE            0.000         0.000         1.000         0.000         0.000
 FIRST_B        0.000         0.000         0.000         1.000         0.000
 MALE           0.000         0.000         0.000         0.000         1.000


           THETA
              L_ACTION      L_ANIMAL      L_BODYP       L_CLOTH       L_DESCRB
              ________      ________      ________      ________      ________
 L_ACTION       0.000
 L_ANIMAL       0.000         0.000
 L_BODYP        0.000         0.000         0.000
 L_CLOTH        0.000         0.000         0.000         0.000
 L_DESCRB       0.000         0.000         0.000         0.000         0.000
 L_FOOD         0.000         0.000         0.000         0.000         0.000
 L_ROOMS        0.000         0.000         0.000         0.000         0.000
 L_GAMES        0.000         0.000         0.000         0.000         0.000
 L_HOUSEH       0.000         0.000         0.000         0.000         0.000
 L_LOCATE       0.000         0.000         0.000         0.000         0.000
 L_OUTSDE       0.000         0.000         0.000         0.000         0.000
 L_PEOPLE       0.000         0.000         0.000         0.000         0.000
 L_PLACES       0.000         0.000         0.000         0.000         0.000
 L_SOUNDS       0.000         0.000         0.000         0.000         0.000
 L_TOYS         0.000         0.000         0.000         0.000         0.000
 L_VEHICL       0.000         0.000         0.000         0.000         0.000
 AGE            0.000         0.000         0.000         0.000         0.000
 FIRST_B        0.000         0.000         0.000         0.000         0.000
 MALE           0.000         0.000         0.000         0.000         0.000


           THETA
              L_FOOD        L_ROOMS       L_GAMES       L_HOUSEH      L_LOCATE
              ________      ________      ________      ________      ________
 L_FOOD         0.000
 L_ROOMS        0.000         0.000
 L_GAMES        0.000         0.000         0.000
 L_HOUSEH       0.000         0.000         0.000         0.000
 L_LOCATE       0.000         0.000         0.000         0.000         0.000
 L_OUTSDE       0.000         0.000         0.000         0.000         0.000
 L_PEOPLE       0.000         0.000         0.000         0.000         0.000
 L_PLACES       0.000         0.000         0.000         0.000         0.000
 L_SOUNDS       0.000         0.000         0.000         0.000         0.000
 L_TOYS         0.000         0.000         0.000         0.000         0.000
 L_VEHICL       0.000         0.000         0.000         0.000         0.000
 AGE            0.000         0.000         0.000         0.000         0.000
 FIRST_B        0.000         0.000         0.000         0.000         0.000
 MALE           0.000         0.000         0.000         0.000         0.000


           THETA
              L_OUTSDE      L_PEOPLE      L_PLACES      L_SOUNDS      L_TOYS
              ________      ________      ________      ________      ________
 L_OUTSDE       0.000
 L_PEOPLE       0.000         0.000
 L_PLACES       0.000         0.000         0.000
 L_SOUNDS       0.000         0.000         0.000         0.000
 L_TOYS         0.000         0.000         0.000         0.000         0.000
 L_VEHICL       0.000         0.000         0.000         0.000         0.000
 AGE            0.000         0.000         0.000         0.000         0.000
 FIRST_B        0.000         0.000         0.000         0.000         0.000
 MALE           0.000         0.000         0.000         0.000         0.000


           THETA
              L_VEHICL      AGE           FIRST_B       MALE
              ________      ________      ________      ________
 L_VEHICL       0.000
 AGE            0.000         0.000
 FIRST_B        0.000         0.000         0.000
 MALE           0.000         0.000         0.000         0.000


           ALPHA
              ETA           L_ACTION      L_ANIMAL      L_BODYP       L_CLOTH
              ________      ________      ________      ________      ________
                0.000         0.102        -0.563        -0.884        -0.260


           ALPHA
              L_DESCRB      L_FOOD        L_ROOMS       L_GAMES       L_HOUSEH
              ________      ________      ________      ________      ________
                0.205        -0.456        -0.090        -0.462        -0.376


           ALPHA
              L_LOCATE      L_OUTSDE      L_PEOPLE      L_PLACES      L_SOUNDS
              ________      ________      ________      ________      ________
                0.354        -0.108         0.222         0.087        -0.227


           ALPHA
              L_TOYS        L_VEHICL      AGE           FIRST_B       MALE
              ________      ________      ________      ________      ________
               -0.326        -0.613         0.000         0.000         0.000


           BETA
              ETA           L_ACTION      L_ANIMAL      L_BODYP       L_CLOTH
              ________      ________      ________      ________      ________
 ETA            0.000         0.000         0.000         0.000         0.000
 L_ACTION       1.000         0.000         0.000         0.000         0.000
 L_ANIMAL       0.226         0.000         0.000         0.000         0.000
 L_BODYP        1.000         0.000         0.000         0.000         0.000
 L_CLOTH        1.000         0.000         0.000         0.000         0.000
 L_DESCRB       1.000         0.000         0.000         0.000         0.000
 L_FOOD         1.000         0.000         0.000         0.000         0.000
 L_ROOMS        1.000         0.000         0.000         0.000         0.000
 L_GAMES        0.202         0.000         0.000         0.000         0.000
 L_HOUSEH       1.000         0.000         0.000         0.000         0.000
 L_LOCATE       1.000         0.000         0.000         0.000         0.000
 L_OUTSDE       1.000         0.000         0.000         0.000         0.000
 L_PEOPLE       1.000         0.000         0.000         0.000         0.000
 L_PLACES       1.000         0.000         0.000         0.000         0.000
 L_SOUNDS       1.000         0.000         0.000         0.000         0.000
 L_TOYS         1.000         0.000         0.000         0.000         0.000
 L_VEHICL       0.224         0.000         0.000         0.000         0.000
 AGE            0.000         0.000         0.000         0.000         0.000
 FIRST_B        0.000         0.000         0.000         0.000         0.000
 MALE           0.000         0.000         0.000         0.000         0.000


           BETA
              L_DESCRB      L_FOOD        L_ROOMS       L_GAMES       L_HOUSEH
              ________      ________      ________      ________      ________
 ETA            0.000         0.000         0.000         0.000         0.000
 L_ACTION       0.000         0.000         0.000         0.000         0.000
 L_ANIMAL       0.000         0.000         0.000         0.000         0.000
 L_BODYP        0.000         0.000         0.000         0.000         0.000
 L_CLOTH        0.000         0.000         0.000         0.000         0.000
 L_DESCRB       0.000         0.000         0.000         0.000         0.000
 L_FOOD         0.000         0.000         0.000         0.000         0.000
 L_ROOMS        0.000         0.000         0.000         0.000         0.000
 L_GAMES        0.000         0.000         0.000         0.000         0.000
 L_HOUSEH       0.000         0.000         0.000         0.000         0.000
 L_LOCATE       0.000         0.000         0.000         0.000         0.000
 L_OUTSDE       0.000         0.000         0.000         0.000         0.000
 L_PEOPLE       0.000         0.000         0.000         0.000         0.000
 L_PLACES       0.000         0.000         0.000         0.000         0.000
 L_SOUNDS       0.000         0.000         0.000         0.000         0.000
 L_TOYS         0.000         0.000         0.000         0.000         0.000
 L_VEHICL       0.000         0.000         0.000         0.000         0.000
 AGE            0.000         0.000         0.000         0.000         0.000
 FIRST_B        0.000         0.000         0.000         0.000         0.000
 MALE           0.000         0.000         0.000         0.000         0.000


           BETA
              L_LOCATE      L_OUTSDE      L_PEOPLE      L_PLACES      L_SOUNDS
              ________      ________      ________      ________      ________
 ETA            0.000         0.000         0.000         0.000         0.000
 L_ACTION       0.000         0.000         0.000         0.000         0.000
 L_ANIMAL       0.000         0.000         0.000         0.000         0.000
 L_BODYP        0.000         0.000         0.000         0.000         0.000
 L_CLOTH        0.000         0.000         0.000         0.000         0.000
 L_DESCRB       0.000         0.000         0.000         0.000         0.000
 L_FOOD         0.000         0.000         0.000         0.000         0.000
 L_ROOMS        0.000         0.000         0.000         0.000         0.000
 L_GAMES        0.000         0.000         0.000         0.000         0.000
 L_HOUSEH       0.000         0.000         0.000         0.000         0.000
 L_LOCATE       0.000         0.000         0.000         0.000         0.000
 L_OUTSDE       0.000         0.000         0.000         0.000         0.000
 L_PEOPLE       0.000         0.000         0.000         0.000         0.000
 L_PLACES       0.000         0.000         0.000         0.000         0.000
 L_SOUNDS       0.000         0.000         0.000         0.000         0.000
 L_TOYS         0.000         0.000         0.000         0.000         0.000
 L_VEHICL       0.000         0.000         0.000         0.000         0.000
 AGE            0.000         0.000         0.000         0.000         0.000
 FIRST_B        0.000         0.000         0.000         0.000         0.000
 MALE           0.000         0.000         0.000         0.000         0.000


           BETA
              L_TOYS        L_VEHICL      AGE           FIRST_B       MALE
              ________      ________      ________      ________      ________
 ETA            0.000         0.000         0.129         0.138        -0.150
 L_ACTION       0.000         0.000        -0.019         0.000         0.018
 L_ANIMAL       0.000         0.000         0.018         0.019         0.000
 L_BODYP        0.000         0.000         0.034         0.000        -0.029
 L_CLOTH        0.000         0.000         0.001         0.000         0.002
 L_DESCRB       0.000         0.000        -0.022         0.000         0.016
 L_FOOD         0.000         0.000         0.010         0.010         0.000
 L_ROOMS        0.000         0.000        -0.011         0.000         0.015
 L_GAMES        0.000         0.000         0.020         0.000        -0.012
 L_HOUSEH       0.000         0.000         0.004         0.000         0.000
 L_LOCATE       0.000         0.000        -0.026         0.000         0.018
 L_OUTSDE       0.000         0.000        -0.009         0.008         0.000
 L_PEOPLE       0.000         0.000        -0.015         0.000         0.000
 L_PLACES       0.000         0.000        -0.015         0.000         0.000
 L_SOUNDS       0.000         0.000         0.025         0.021         0.000
 L_TOYS         0.000         0.000         0.008         0.012         0.000
 L_VEHICL       0.000         0.000         0.021         0.000         0.034
 AGE            0.000         0.000         0.000         0.000         0.000
 FIRST_B        0.000         0.000         0.000         0.000         0.000
 MALE           0.000         0.000         0.000         0.000         0.000


           PSI
              ETA           L_ACTION      L_ANIMAL      L_BODYP       L_CLOTH
              ________      ________      ________      ________      ________
 ETA            0.050
 L_ACTION       0.000         0.062
 L_ANIMAL       0.000         0.000         0.054
 L_BODYP        0.000         0.000         0.000         0.060
 L_CLOTH        0.000         0.000         0.000         0.000         0.050
 L_DESCRB       0.000         0.000         0.000         0.000         0.000
 L_FOOD         0.000         0.000         0.000         0.000         0.000
 L_ROOMS        0.000         0.000         0.000         0.000         0.000
 L_GAMES        0.000         0.000         0.000         0.000         0.000
 L_HOUSEH       0.000         0.000         0.000         0.000         0.000
 L_LOCATE       0.000         0.000         0.000         0.000         0.000
 L_OUTSDE       0.000         0.000         0.000         0.000         0.000
 L_PEOPLE       0.000         0.000         0.000         0.000         0.000
 L_PLACES       0.000         0.000         0.000         0.000         0.000
 L_SOUNDS       0.000         0.000         0.000         0.000         0.000
 L_TOYS         0.000         0.000         0.000         0.000         0.000
 L_VEHICL       0.000         0.000         0.000         0.000         0.000
 AGE            0.000         0.000         0.000         0.000         0.000
 FIRST_B        0.000         0.000         0.000         0.000         0.000
 MALE           0.000         0.000         0.000         0.000         0.000


           PSI
              L_DESCRB      L_FOOD        L_ROOMS       L_GAMES       L_HOUSEH
              ________      ________      ________      ________      ________
 L_DESCRB       0.054
 L_FOOD         0.000         0.056
 L_ROOMS        0.000         0.000         0.059
 L_GAMES        0.000         0.000         0.000         0.048
 L_HOUSEH       0.000         0.000         0.000         0.000         0.061
 L_LOCATE       0.000         0.000         0.000         0.000         0.000
 L_OUTSDE       0.000         0.000         0.000         0.000         0.000
 L_PEOPLE       0.000         0.000         0.000         0.000         0.000
 L_PLACES       0.000         0.000         0.000         0.000         0.000
 L_SOUNDS       0.000         0.000         0.000         0.000         0.000
 L_TOYS         0.000         0.000         0.000         0.000         0.000
 L_VEHICL       0.000         0.000         0.000         0.000         0.000
 AGE            0.000         0.000         0.000         0.000         0.000
 FIRST_B        0.000         0.000         0.000         0.000         0.000
 MALE           0.000         0.000         0.000         0.000         0.000


           PSI
              L_LOCATE      L_OUTSDE      L_PEOPLE      L_PLACES      L_SOUNDS
              ________      ________      ________      ________      ________
 L_LOCATE       0.042
 L_OUTSDE       0.000         0.059
 L_PEOPLE       0.000         0.000         0.035
 L_PLACES       0.000         0.000         0.000         0.043
 L_SOUNDS       0.000         0.000         0.000         0.000         0.034
 L_TOYS         0.000         0.000         0.000         0.000         0.000
 L_VEHICL       0.000         0.000         0.000         0.000         0.000
 AGE            0.000         0.000         0.000         0.000         0.000
 FIRST_B        0.000         0.000         0.000         0.000         0.000
 MALE           0.000         0.000         0.000         0.000         0.000


           PSI
              L_TOYS        L_VEHICL      AGE           FIRST_B       MALE
              ________      ________      ________      ________      ________
 L_TOYS         0.051
 L_VEHICL       0.000         0.055
 AGE            0.000         0.000         9.008
 FIRST_B        0.000         0.000         0.000         0.500
 MALE           0.000         0.000         0.000         0.000         0.500


SAMPLE STATISTICS FOR ESTIMATED FACTOR SCORES


     SAMPLE STATISTICS


           Means
              ETA
              ________
                2.584


           Covariances
              ETA
              ________
 ETA            1.475


           Correlations
              ETA
              ________
 ETA            1.000


SAVEDATA INFORMATION


  Save file
    scores.dat

  Order and format of variables

    L_ACTION       F10.3
    L_ANIMAL       F10.3
    L_BODYP        F10.3
    L_CLOTH        F10.3
    L_DESCRB       F10.3
    L_FOOD         F10.3
    L_ROOMS        F10.3
    L_GAMES        F10.3
    L_HOUSEH       F10.3
    L_LOCATE       F10.3
    L_OUTSDE       F10.3
    L_PEOPLE       F10.3
    L_PLACES       F10.3
    L_SOUNDS       F10.3
    L_TOYS         F10.3
    L_VEHICL       F10.3
    AGE            F10.3
    FIRST_B        F10.3
    MALE           F10.3
    ID             F10.3
    ETA            F10.3

  Save file format
    21F10.3

  Save file record length    10000


     Beginning Time:  14:55:03
        Ending Time:  14:57:40
       Elapsed Time:  00:02:37



MUTHEN & MUTHEN
3463 Stoner Ave.
Los Angeles, CA  90066

Tel: (310) 391-9971
Fax: (310) 391-8971
Web: www.StatModel.com
Support: Support@StatModel.com

Copyright (c) 1998-2019 Muthen & Muthen
