Mplus VERSION 8.4
MUTHEN & MUTHEN
10/04/2021   1:49 PM

INPUT INSTRUCTIONS

  TITLE: Final Model to Get Scoring Parameters
  DATA: FILE = "lex/calibration.dat";
  VARIABLE:
  NAMES = ID L_ACTION L_ANIMAL L_BODYP L_CLOTH L_DESCRB L_FOOD L_ROOMS L_GAMES
       L_HOUSEH L_LOCATE L_OUTSDE L_PEOPLE L_PLACES L_SOUNDS L_TOYS L_VEHICL AGE
       FIRST_B MALE;
  MISSING=.;
  !
  !
  USEVARIABLES= L_ACTION L_ANIMAL L_BODYP L_CLOTH L_DESCRB L_FOOD L_ROOMS L_GAMES L_HOUSEH
   L_LOCATE L_OUTSDE L_PEOPLE L_PLACES L_SOUNDS L_TOYS L_VEHICL AGE FIRST_B MALE;
  AUXILIARY= ID ;
  !
  !
  CONSTRAINT= AGE FIRST_B MALE ;
  ANALYSIS: ESTIMATOR=ML;ALGORITHM=INTEGRATION;INTEGRATION=MONTECARLO;PROCESSORS=4;
  MODEL: [ETA@0];ETA*(veta);
  ETA BY L_ACTION*(l_1);
  ETA BY L_ANIMAL*(l_2);
  ETA BY L_BODYP*(l_3);
  ETA BY L_CLOTH*(l_4);
  ETA BY L_DESCRB*(l_5);
  ETA BY L_FOOD*(l_6);
  ETA BY L_ROOMS*(l_7);
  ETA BY L_GAMES*(l_8);
  ETA BY L_HOUSEH*(l_9);
  ETA BY L_LOCATE*(l_10);
  ETA BY L_OUTSDE*(l_11);
  ETA BY L_PEOPLE*(l_12);
  ETA BY L_PLACES*(l_13);
  ETA BY L_SOUNDS*(l_14);
  ETA BY L_TOYS*(l_15);
  ETA BY L_VEHICL*(l_16);
  ETA ON AGE; ETA ON FIRST_B; ETA ON MALE;
  L_ACTION on AGE MALE;

  L_ANIMAL on AGE FIRST_B;


  L_BODYP on AGE MALE;



  L_CLOTH on AGE MALE;




  L_DESCRB on AGE MALE;





  L_FOOD on AGE FIRST_B;






  L_ROOMS on AGE MALE;







  L_GAMES on AGE MALE;








  L_HOUSEH on AGE;









  L_LOCATE on AGE MALE;










  L_OUTSDE on AGE FIRST_B;











  L_PEOPLE on AGE;












  L_PLACES on AGE;













  L_SOUNDS on AGE FIRST_B;














  L_TOYS on AGE FIRST_B;















  L_VEHICL on AGE MALE;
  MODEL CONSTRAINT: new(
  !
  l1_0*1   l1_1*0  l1_3*0
  ! !
  l3_0*1   l3_1*0  l3_3*0
  l4_0*1   l4_1*0  l4_3*0
  l5_0*1   l5_1*0  l5_3*0
  l6_0*1   l6_1*0  l6_2*0
  l7_0*1   l7_1*0  l7_3*0
  ! !
  l9_0*1   l9_1*0
  l10_0*1   l10_1*0  l10_3*0
  l11_0*1   l11_1*0
  l12_0*1   l12_1*0
  l13_0*1   l13_1*0
  l14_0*1   l14_1*0
  l15_0*1   l15_1*0  l15_2*0
  ! !
  );
  veta=1*exp(
  0);
  l_1=l1_0 +l1_1*AGE +l1_3*MALE;
  ! !;
  l_3=l3_0 +l3_1*AGE +l3_3*MALE;
  l_4=l4_0 +l4_1*AGE +l4_3*MALE;
  l_5=l5_0 +l5_1*AGE +l5_3*MALE;
  l_6=l6_0 +l6_1*AGE +l6_2*FIRST_B;
  l_7=l7_0 +l7_1*AGE +l7_3*MALE;
  ! !;
  l_9=l9_0 +l9_1*AGE;
  l_10=l10_0 +l10_1*AGE +l10_3*MALE;
  l_11=l11_0 +l11_1*AGE;
  l_12=l12_0 +l12_1*AGE;
  l_13=l13_0 +l13_1*AGE;
  l_14=l14_0 +l14_1*AGE;
  l_15=l15_0 +l15_1*AGE +l15_2*FIRST_B;
  ! !;



*** WARNING
  Data set contains cases with missing on x-variables.
  These cases were not included in the analysis.
  Number of cases with missing on x-variables:  2744
   1 WARNING(S) FOUND IN THE INPUT INSTRUCTIONS



Final Model to Get Scoring Parameters

SUMMARY OF ANALYSIS

Number of groups                                                 1
Number of observations                                        2776

Number of dependent variables                                   16
Number of independent variables                                  3
Number of continuous latent variables                            1

Observed dependent variables

  Continuous
   L_ACTION    L_ANIMAL    L_BODYP     L_CLOTH     L_DESCRB    L_FOOD
   L_ROOMS     L_GAMES     L_HOUSEH    L_LOCATE    L_OUTSDE    L_PEOPLE
   L_PLACES    L_SOUNDS    L_TOYS      L_VEHICL

Observed independent variables
   AGE         FIRST_B     MALE

Observed auxiliary variables
   ID

Continuous latent variables
   ETA


Estimator                                                       ML
Information matrix                                        OBSERVED
Optimization Specifications for the Quasi-Newton Algorithm for
Continuous Outcomes
  Maximum number of iterations                                 100
  Convergence criterion                                  0.100D-05
Optimization Specifications for the EM Algorithm
  Maximum number of iterations                                 500
  Convergence criteria
    Loglikelihood change                                 0.100D-02
    Relative loglikelihood change                        0.100D-05
    Derivative                                           0.100D-02
Optimization Specifications for the M step of the EM Algorithm for
Categorical Latent variables
  Number of M step iterations                                    1
  M step convergence criterion                           0.100D-02
  Basis for M step termination                           ITERATION
Optimization Specifications for the M step of the EM Algorithm for
Censored, Binary or Ordered Categorical (Ordinal), Unordered
Categorical (Nominal) and Count Outcomes
  Number of M step iterations                                    1
  M step convergence criterion                           0.100D-02
  Basis for M step termination                           ITERATION
  Maximum value for logit thresholds                            15
  Minimum value for logit thresholds                           -15
  Minimum expected cell size for chi-square              0.100D-01
Maximum number of iterations for H1                           2000
Convergence criterion for H1                             0.100D-03
Optimization algorithm                                         EMA
Integration Specifications
  Type                                                  MONTECARLO
  Number of integration points                                   1
  Dimensions of numerical integration                            0
  Adaptive quadrature                                           ON
  Monte Carlo integration seed                                   0
Cholesky                                                       OFF

Input data file(s)
  lex/calibration.dat
Input data format  FREE


SUMMARY OF DATA

     Number of missing data patterns             1


COVARIANCE COVERAGE OF DATA

Minimum covariance coverage value   0.100


     PROPORTION OF DATA PRESENT FOR Y


           Covariance Coverage
              L_ACTION      L_ANIMAL      L_BODYP       L_CLOTH       L_DESCRB
              ________      ________      ________      ________      ________
 L_ACTION       1.000
 L_ANIMAL       1.000         1.000
 L_BODYP        1.000         1.000         1.000
 L_CLOTH        1.000         1.000         1.000         1.000
 L_DESCRB       1.000         1.000         1.000         1.000         1.000
 L_FOOD         1.000         1.000         1.000         1.000         1.000
 L_ROOMS        1.000         1.000         1.000         1.000         1.000
 L_GAMES        1.000         1.000         1.000         1.000         1.000
 L_HOUSEH       1.000         1.000         1.000         1.000         1.000
 L_LOCATE       1.000         1.000         1.000         1.000         1.000
 L_OUTSDE       1.000         1.000         1.000         1.000         1.000
 L_PEOPLE       1.000         1.000         1.000         1.000         1.000
 L_PLACES       1.000         1.000         1.000         1.000         1.000
 L_SOUNDS       1.000         1.000         1.000         1.000         1.000
 L_TOYS         1.000         1.000         1.000         1.000         1.000
 L_VEHICL       1.000         1.000         1.000         1.000         1.000
 AGE            1.000         1.000         1.000         1.000         1.000
 FIRST_B        1.000         1.000         1.000         1.000         1.000
 MALE           1.000         1.000         1.000         1.000         1.000


           Covariance Coverage
              L_FOOD        L_ROOMS       L_GAMES       L_HOUSEH      L_LOCATE
              ________      ________      ________      ________      ________
 L_FOOD         1.000
 L_ROOMS        1.000         1.000
 L_GAMES        1.000         1.000         1.000
 L_HOUSEH       1.000         1.000         1.000         1.000
 L_LOCATE       1.000         1.000         1.000         1.000         1.000
 L_OUTSDE       1.000         1.000         1.000         1.000         1.000
 L_PEOPLE       1.000         1.000         1.000         1.000         1.000
 L_PLACES       1.000         1.000         1.000         1.000         1.000
 L_SOUNDS       1.000         1.000         1.000         1.000         1.000
 L_TOYS         1.000         1.000         1.000         1.000         1.000
 L_VEHICL       1.000         1.000         1.000         1.000         1.000
 AGE            1.000         1.000         1.000         1.000         1.000
 FIRST_B        1.000         1.000         1.000         1.000         1.000
 MALE           1.000         1.000         1.000         1.000         1.000


           Covariance Coverage
              L_OUTSDE      L_PEOPLE      L_PLACES      L_SOUNDS      L_TOYS
              ________      ________      ________      ________      ________
 L_OUTSDE       1.000
 L_PEOPLE       1.000         1.000
 L_PLACES       1.000         1.000         1.000
 L_SOUNDS       1.000         1.000         1.000         1.000
 L_TOYS         1.000         1.000         1.000         1.000         1.000
 L_VEHICL       1.000         1.000         1.000         1.000         1.000
 AGE            1.000         1.000         1.000         1.000         1.000
 FIRST_B        1.000         1.000         1.000         1.000         1.000
 MALE           1.000         1.000         1.000         1.000         1.000


           Covariance Coverage
              L_VEHICL      AGE           FIRST_B       MALE
              ________      ________      ________      ________
 L_VEHICL       1.000
 AGE            1.000         1.000
 FIRST_B        1.000         1.000         1.000
 MALE           1.000         1.000         1.000         1.000



UNIVARIATE SAMPLE STATISTICS


     UNIVARIATE HIGHER-ORDER MOMENT DESCRIPTIVE STATISTICS

         Variable/         Mean/     Skewness/   Minimum/ % with                Percentiles
        Sample Size      Variance    Kurtosis    Maximum  Min/Max      20%/60%    40%/80%    Median

     L_ACTION              0.380       0.466       0.000   10.09%       0.029      0.146      0.272
            2776.000       0.124      -1.316       1.000    2.02%       0.437      0.796
     L_ANIMAL              0.501       0.008       0.000    3.24%       0.140      0.372      0.512
            2776.000       0.109      -1.412       1.000    6.66%       0.651      0.860
     L_BODYP               0.558      -0.332       0.000    8.11%       0.148      0.481      0.648
            2776.000       0.120      -1.406       1.000    4.65%       0.778      0.926
     L_CLOTH               0.428       0.200       0.000    9.51%       0.071      0.286      0.429
            2776.000       0.099      -1.288       1.000    2.70%       0.536      0.750
     L_DESCRB              0.360       0.572       0.000    9.69%       0.048      0.143      0.254
            2776.000       0.108      -1.091       1.000    2.27%       0.397      0.730
     L_FOOD                0.470       0.063       0.000    5.91%       0.103      0.309      0.485
            2776.000       0.112      -1.432       1.000    3.28%       0.603      0.838
     L_ROOMS               0.391       0.355       0.000   17.72%       0.030      0.182      0.333
            2776.000       0.119      -1.374       1.000    2.13%       0.485      0.788
     L_GAMES               0.580      -0.159       0.000    1.98%       0.240      0.480      0.600
            2776.000       0.096      -1.278       1.000   11.31%       0.720      0.920
     L_HOUSEH              0.455       0.113       0.000    8.75%       0.060      0.280      0.440
            2776.000       0.121      -1.485       1.000    3.67%       0.600      0.840
     L_LOCATE              0.306       0.867       0.000   16.97%       0.038      0.154      0.231
            2776.000       0.084      -0.347       1.000    2.16%       0.308      0.577
     L_OUTSDE              0.418       0.302       0.000   14.19%       0.032      0.226      0.355
            2776.000       0.117      -1.326       1.000    4.90%       0.516      0.806
     L_PEOPLE              0.417       0.562       0.000    1.19%       0.172      0.276      0.345
            2776.000       0.071      -0.745       1.000    2.70%       0.448      0.655
     L_PLACES              0.329       0.576       0.000   18.70%       0.045      0.182      0.273
            2776.000       0.087      -0.863       1.000    1.66%       0.364      0.636
     L_SOUNDS              0.726      -0.818       0.000    0.86%       0.500      0.750      0.833
            2776.000       0.069      -0.309       1.000   24.96%       0.833      1.000
     L_TOYS                0.517       0.008       0.000    5.12%       0.167      0.389      0.500
            2776.000       0.101      -1.311       1.000    8.90%       0.611      0.889
     L_VEHICL              0.514      -0.147       0.000   10.52%       0.143      0.429      0.571
            2776.000       0.111      -1.384       1.000    6.56%       0.714      0.857
     AGE                  22.731       0.089      16.000    6.66%      18.000     21.000     23.500
            2776.000      18.016      -1.116      30.000    8.14%      24.000     27.000
     FIRST_B               0.030      -0.059      -1.000   48.52%      -1.000     -1.000      1.000
            2776.000       0.999      -1.997       1.000   51.48%       1.000      1.000
     MALE                  0.014      -0.029      -1.000   49.28%      -1.000     -1.000      1.000
            2776.000       1.000      -1.999       1.000   50.72%       1.000      1.000


THE MODEL ESTIMATION TERMINATED NORMALLY



MODEL FIT INFORMATION

Number of Free Parameters                      101

Loglikelihood

          H0 Value                       30865.476

Information Criteria

          Akaike (AIC)                  -61528.951
          Bayesian (BIC)                -60930.146
          Sample-Size Adjusted BIC      -61251.057
            (n* = (n + 2) / 24)



MODEL RESULTS

                                                    Two-Tailed
                    Estimate       S.E.  Est./S.E.    P-Value

 ETA      BY
    L_ACTION         999.000      0.000    999.000    999.000
    L_ANIMAL           0.226      0.004     59.516      0.000
    L_BODYP          999.000      0.000    999.000    999.000
    L_CLOTH          999.000      0.000    999.000    999.000
    L_DESCRB         999.000      0.000    999.000    999.000
    L_FOOD           999.000      0.000    999.000    999.000
    L_ROOMS          999.000      0.000    999.000    999.000
    L_GAMES            0.202      0.004     56.889      0.000
    L_HOUSEH         999.000      0.000    999.000    999.000
    L_LOCATE         999.000      0.000    999.000    999.000
    L_OUTSDE         999.000      0.000    999.000    999.000
    L_PEOPLE         999.000      0.000    999.000    999.000
    L_PLACES         999.000      0.000    999.000    999.000
    L_SOUNDS         999.000      0.000    999.000    999.000
    L_TOYS           999.000      0.000    999.000    999.000
    L_VEHICL           0.224      0.004     58.813      0.000

 ETA        ON
    AGE                0.128      0.007     17.669      0.000
    FIRST_B            0.138      0.019      7.162      0.000
    MALE              -0.150      0.019     -7.773      0.000

 L_ACTION   ON
    AGE               -0.018      0.004     -5.169      0.000
    MALE               0.018      0.006      3.057      0.002

 L_ANIMAL   ON
    AGE                0.018      0.001     13.057      0.000
    FIRST_B            0.019      0.002      8.004      0.000

 L_BODYP    ON
    AGE                0.034      0.002     16.029      0.000
    MALE              -0.029      0.007     -4.306      0.000

 L_CLOTH    ON
    AGE                0.001      0.002      0.528      0.598
    MALE               0.002      0.005      0.332      0.740

 L_DESCRB   ON
    AGE               -0.022      0.003     -6.225      0.000
    MALE               0.016      0.006      2.905      0.004

 L_FOOD     ON
    AGE                0.011      0.002      4.725      0.000
    FIRST_B            0.010      0.005      2.095      0.036

 L_ROOMS    ON
    AGE               -0.011      0.003     -3.546      0.000
    MALE               0.014      0.005      2.788      0.005

 L_GAMES    ON
    AGE                0.020      0.001     15.932      0.000
    MALE              -0.012      0.002     -4.881      0.000

 L_HOUSEH   ON
    AGE                0.004      0.002      1.617      0.106

 L_LOCATE   ON
    AGE               -0.025      0.004     -7.200      0.000
    MALE               0.018      0.007      2.600      0.009

 L_OUTSDE   ON
    AGE               -0.009      0.003     -2.953      0.003
    FIRST_B            0.008      0.002      4.406      0.000

 L_PEOPLE   ON
    AGE               -0.014      0.003     -5.226      0.000

 L_PLACES   ON
    AGE               -0.015      0.003     -4.842      0.000

 L_SOUNDS   ON
    AGE                0.024      0.003      9.127      0.000
    FIRST_B            0.021      0.004      5.897      0.000

 L_TOYS     ON
    AGE                0.009      0.002      3.790      0.000
    FIRST_B            0.012      0.005      2.219      0.026

 L_VEHICL   ON
    AGE                0.021      0.001     15.185      0.000
    MALE               0.034      0.002     13.624      0.000

 Intercepts
    L_ACTION           0.094      0.050      1.887      0.059
    L_ANIMAL          -0.560      0.026    -21.141      0.000
    L_BODYP           -0.878      0.055    -15.944      0.000
    L_CLOTH           -0.261      0.034     -7.587      0.000
    L_DESCRB           0.196      0.049      3.950      0.000
    L_FOOD            -0.457      0.035    -12.888      0.000
    L_ROOMS           -0.094      0.041     -2.322      0.020
    L_GAMES           -0.459      0.024    -18.861      0.000
    L_HOUSEH          -0.377      0.035    -10.705      0.000
    L_LOCATE           0.344      0.056      6.092      0.000
    L_OUTSDE          -0.112      0.039     -2.905      0.004
    L_PEOPLE           0.216      0.040      5.359      0.000
    L_PLACES           0.080      0.043      1.863      0.062
    L_SOUNDS          -0.221      0.064     -3.469      0.001
    L_TOYS            -0.326      0.038     -8.545      0.000
    L_VEHICL          -0.609      0.026    -23.001      0.000
    ETA                0.000      0.000    999.000    999.000

 Residual Variances
    L_ACTION           0.011      0.000     34.468      0.000
    L_ANIMAL           0.015      0.000     35.446      0.000
    L_BODYP            0.015      0.000     35.180      0.000
    L_CLOTH            0.007      0.000     33.808      0.000
    L_DESCRB           0.010      0.000     34.417      0.000
    L_FOOD             0.007      0.000     33.100      0.000
    L_ROOMS            0.008      0.000     33.572      0.000
    L_GAMES            0.015      0.000     35.757      0.000
    L_HOUSEH           0.006      0.000     31.688      0.000
    L_LOCATE           0.017      0.000     36.026      0.000
    L_OUTSDE           0.008      0.000     33.489      0.000
    L_PEOPLE           0.009      0.000     35.351      0.000
    L_PLACES           0.009      0.000     34.954      0.000
    L_SOUNDS           0.034      0.001     36.872      0.000
    L_TOYS             0.010      0.000     34.738      0.000
    L_VEHICL           0.015      0.000     35.462      0.000
    ETA                1.000      0.000    999.000    999.000

New/Additional Parameters
    L1_0              -0.125      0.014     -9.105      0.000
    L1_1               0.016      0.001     24.344      0.000
    L1_3              -0.008      0.002     -4.367      0.000
    L3_0               0.338      0.015     22.630      0.000
    L3_1              -0.005      0.001     -7.266      0.000
    L3_3               0.006      0.002      2.976      0.003
    L4_0               0.089      0.011      8.065      0.000
    L4_1               0.006      0.000     11.874      0.000
    L4_3              -0.007      0.002     -4.808      0.000
    L5_0              -0.152      0.013    -11.725      0.000
    L5_1               0.016      0.001     26.414      0.000
    L5_3              -0.008      0.002     -4.568      0.000
    L6_0               0.136      0.011     12.372      0.000
    L6_1               0.004      0.000      8.701      0.000
    L6_2              -0.005      0.001     -3.466      0.001
    L7_0              -0.009      0.012     -0.758      0.449
    L7_1               0.011      0.001     19.705      0.000
    L7_3              -0.006      0.002     -3.468      0.001
    L9_0               0.118      0.011     10.651      0.000
    L9_1               0.006      0.000     11.896      0.000
    L10_0             -0.191      0.015    -12.967      0.000
    L10_1              0.016      0.001     23.646      0.000
    L10_3             -0.008      0.002     -3.848      0.000
    L11_0              0.009      0.012      0.803      0.422
    L11_1              0.010      0.001     18.953      0.000
    L12_0             -0.086      0.011     -7.717      0.000
    L12_1              0.011      0.001     22.139      0.000
    L13_0             -0.103      0.012     -8.758      0.000
    L13_1              0.013      0.001     23.579      0.000
    L14_0              0.267      0.020     13.599      0.000
    L14_1             -0.006      0.001     -6.657      0.000
    L15_0              0.130      0.012     10.624      0.000
    L15_1              0.004      0.001      7.355      0.000
    L15_2             -0.006      0.002     -3.260      0.001


QUALITY OF NUMERICAL RESULTS

     Condition Number for the Information Matrix              0.253E-09
       (ratio of smallest to largest eigenvalue)


DIAGRAM INFORMATION

  Use View Diagram under the Diagram menu in the Mplus Editor to view the diagram.
  If running Mplus from the Mplus Diagrammer, the diagram opens automatically.

  Diagram output
    C:\Users\day00096\Desktop\aMNLFA_local\lex\round3calibration.dgm

     Beginning Time:  13:49:06
        Ending Time:  18:26:28
       Elapsed Time:  04:37:22



MUTHEN & MUTHEN
3463 Stoner Ave.
Los Angeles, CA  90066

Tel: (310) 391-9971
Fax: (310) 391-8971
Web: www.StatModel.com
Support: Support@StatModel.com

Copyright (c) 1998-2019 Muthen & Muthen
