Mplus VERSION 8.4
MUTHEN & MUTHEN
10/04/2021   1:47 PM

INPUT INSTRUCTIONS

  TITLE: Scoring Model
  DATA: FILE = "lex/full.dat";
  VARIABLE:
  NAMES = ID L_ACTION L_ANIMAL L_BODYP L_CLOTH L_DESCRB L_FOOD L_ROOMS L_GAMES
       L_HOUSEH L_LOCATE L_OUTSDE L_PEOPLE L_PLACES L_SOUNDS L_TOYS L_VEHICL AGE
       FIRST_B MALE;
  MISSING=.;
  !
  !
  USEVARIABLES= L_ACTION L_ANIMAL L_BODYP L_CLOTH L_DESCRB L_FOOD L_ROOMS L_GAMES L_HOUSEH
   L_LOCATE L_OUTSDE L_PEOPLE L_PLACES L_SOUNDS L_TOYS L_VEHICL AGE FIRST_B MALE;
  AUXILIARY=ID;
  !
  !
  !
  CONSTRAINT= AGE MALE FIRST_B ;
  ANALYSIS: ESTIMATOR=ML; ALGORITHM=INTEGRATION; INTEGRATION=MONTECARLO; PROCESSORS=4;
  MODEL: [ETA@0];ETA*(veta);
  ETA BY L_ACTION*(l_1);
  ETA BY L_ANIMAL @0.226;
  ETA BY L_BODYP*(l_3);
  ETA BY L_CLOTH*(l_4);
  ETA BY L_DESCRB*(l_5);
  ETA BY L_FOOD*(l_6);
  ETA BY L_ROOMS*(l_7);
  ETA BY L_GAMES @0.202;
  ETA BY L_HOUSEH*(l_9);
  ETA BY L_LOCATE*(l_10);
  ETA BY L_OUTSDE*(l_11);
  ETA BY L_PEOPLE*(l_12);
  ETA BY L_PLACES*(l_13);
  ETA BY L_SOUNDS*(l_14);
  ETA BY L_TOYS*(l_15);
  ETA BY L_VEHICL @0.224;
  ETA ON AGE@0.129;
  ETA ON FIRST_B@0.138;
  ETA ON MALE@-0.15;
  L_ACTION ON AGE@-0.019;
  L_ACTION ON MALE@0.018;
  L_ANIMAL ON AGE@0.018;
  L_ANIMAL ON FIRST_B@0.019;
  L_BODYP ON AGE@0.034;
  L_BODYP ON MALE@-0.029;
  L_CLOTH ON AGE@0.001;
  L_CLOTH ON MALE@0.002;
  L_DESCRB ON AGE@-0.022;
  L_DESCRB ON MALE@0.016;
  L_FOOD ON AGE@0.01;
  L_FOOD ON FIRST_B@0.01;
  L_ROOMS ON AGE@-0.011;
  L_ROOMS ON MALE@0.015;
  L_GAMES ON AGE@0.02;
  L_GAMES ON MALE@-0.012;
  L_HOUSEH ON AGE@0.004;
  L_LOCATE ON AGE@-0.026;
  L_LOCATE ON MALE@0.018;
  L_OUTSDE ON AGE@-0.009;
  L_OUTSDE ON FIRST_B@0.008;
  L_PEOPLE ON AGE@-0.015;
  L_PLACES ON AGE@-0.015;
  L_SOUNDS ON AGE@0.025;
  L_SOUNDS ON FIRST_B@0.021;
  L_TOYS ON AGE@0.008;
  L_TOYS ON FIRST_B@0.012;
  L_VEHICL ON AGE@0.021;
  L_VEHICL ON MALE@0.034;
  [L_ACTION@0.102];
  [L_ANIMAL@-0.563];
  [L_BODYP@-0.884];
  [L_CLOTH@-0.26];
  [L_DESCRB@0.205];
  [L_FOOD@-0.456];
  [L_ROOMS@-0.09];
  [L_GAMES@-0.462];
  [L_HOUSEH@-0.376];
  [L_LOCATE@0.354];
  [L_OUTSDE@-0.108];
  [L_PEOPLE@0.222];
  [L_PLACES@0.087];
  [L_SOUNDS@-0.227];
  [L_TOYS@-0.326];
  [L_VEHICL@-0.613];
  MODEL CONSTRAINT:
    veta=1*exp(
    0);
    l_1=-0.125 +0.016*AGE -0.008*MALE;
    ! !;
    l_3=0.338 -0.005*AGE +0.006*MALE;
    l_4=0.089 +0.006*AGE -0.007*MALE;
    l_5=-0.152 +0.016*AGE -0.008*MALE;
    l_6=0.136 +0.004*AGE -0.005*FIRST_B;
    l_7=-0.009 +0.011*AGE -0.006*MALE;
    ! !;
    l_9=0.118 +0.006*AGE;
    l_10=-0.192 +0.016*AGE -0.008*MALE;
    l_11=0.009 +0.01*AGE;
    l_12=-0.086 +0.011*AGE;
    l_13=-0.103 +0.013*AGE;
    l_14=0.267 -0.006*AGE;
    l_15=0.13 +0.004*AGE -0.006*FIRST_B;
    ! !;



  OUTPUT: tech1;
  SAVEDATA: SAVE=FSCORES; FILE=scores.dat;



*** WARNING in SAVEDATA command
   (Err#: 9)
  Error opening data save file:
  scores.dat
  Data will not be saved.
*** WARNING
  Data set contains cases with missing on x-variables.
  These cases were not included in the analysis.
  Number of cases with missing on x-variables:  2744
   2 WARNING(S) FOUND IN THE INPUT INSTRUCTIONS



Scoring Model

