Mplus VERSION 8.4
MUTHEN & MUTHEN
11/02/2021  10:58 PM

INPUT INSTRUCTIONS

  TITLE: Scoring Model
  DATA: FILE = "models/lex_sex/full.dat";
  VARIABLE:
  NAMES = ID L_ACTION L_ANIMAL L_BODYP L_CLOTH L_DESCRB L_FOOD L_ROOMS L_GAMES
       L_HOUSEH L_LOCATE L_OUTSDE L_PEOPLE L_PLACES L_SOUNDS L_TOYS L_VEHICL D_AGE_C
       D_MALE D_AGE_C2;
  MISSING=.;
  !
  !
  USEVARIABLES= L_ACTION L_ANIMAL L_BODYP L_CLOTH L_DESCRB L_FOOD L_ROOMS L_GAMES L_HOUSEH
   L_LOCATE L_OUTSDE L_PEOPLE L_PLACES L_SOUNDS L_TOYS L_VEHICL D_AGE_C D_MALE;
  AUXILIARY=ID;
  !
  !
  !
  CONSTRAINT= D_AGE_C D_MALE ;
  ANALYSIS: ESTIMATOR=ML; ALGORITHM=INTEGRATION; INTEGRATION=MONTECARLO; PROCESSORS=4;
  MODEL: [ETA@0];ETA*(veta);
  ETA BY L_ACTION*(l_1);
  ETA BY L_ANIMAL*(l_2);
  ETA BY L_BODYP*(l_3);
  ETA BY L_CLOTH*(l_4);
  ETA BY L_DESCRB*(l_5);
  ETA BY L_FOOD*(l_6);
  ETA BY L_ROOMS*(l_7);
  ETA BY L_GAMES*(l_8);
  ETA BY L_HOUSEH @0.163;
  ETA BY L_LOCATE*(l_10);
  ETA BY L_OUTSDE*(l_11);
  ETA BY L_PEOPLE*(l_12);
  ETA BY L_PLACES*(l_13);
  ETA BY L_SOUNDS*(l_14);
  ETA BY L_TOYS*(l_15);
  ETA BY L_VEHICL*(l_16);
  ETA ON D_AGE_C@0.368;
  ETA ON D_MALE@-0.083;
  L_ACTION ON D_AGE_C@0.011;
  L_ANIMAL ON D_AGE_C@-0.004;
  L_BODYP ON D_AGE_C@-0.006;
  L_CLOTH ON D_AGE_C@-0.006;
  L_CLOTH ON D_MALE@-0.015;
  L_DESCRB ON D_AGE_C@0.009;
  L_DESCRB ON D_MALE@-0.008;
  L_FOOD ON D_AGE_C@0.002;
  L_ROOMS ON D_AGE_C@0.002;
  L_GAMES ON D_AGE_C@-0.008;
  L_GAMES ON D_MALE@-0.007;
  L_LOCATE ON D_AGE_C@0.004;
  L_OUTSDE ON D_AGE_C@0.001;
  L_OUTSDE ON D_MALE@0.012;
  L_PEOPLE ON D_AGE_C@-0.001;
  L_PLACES ON D_AGE_C@0.005;
  L_SOUNDS ON D_AGE_C@-0.024;
  L_TOYS ON D_AGE_C@-0.001;
  L_VEHICL ON D_AGE_C@-0.001;
  L_VEHICL ON D_MALE@0.03;
  [L_ACTION@0.377];
  [L_ANIMAL@0.621];
  [L_BODYP@0.692];
  [L_CLOTH@0.468];
  [L_DESCRB@0.366];
  [L_FOOD@0.518];
  [L_ROOMS@0.393];
  [L_GAMES@0.691];
  [L_HOUSEH@0.498];
  [L_LOCATE@0.298];
  [L_OUTSDE@0.448];
  [L_PEOPLE@0.409];
  [L_PLACES@0.306];
  [L_SOUNDS@0.969];
  [L_TOYS@0.604];
  [L_VEHICL@0.619];
  MODEL CONSTRAINT:
    veta=1*exp(
    0.104*D_AGE_C+
    0);
    l_1=0.148 +0.007*D_AGE_C;
    l_2=0.157 -0.005*D_AGE_C;
    l_3=0.164 -0.01*D_AGE_C;
    l_4=0.162 -0.005*D_MALE;
    l_5=0.145 +0.006*D_AGE_C -0.002*D_MALE;
    l_6=0.151 -0.001*D_AGE_C;
    l_7=0.161 +0.005*D_AGE_C;
    l_8=0.153 -0.007*D_AGE_C +0.003*D_MALE;
    ! !;
    l_10=0.132 +0.007*D_AGE_C;
    l_11=0.162 +0.002*D_AGE_C +0.003*D_MALE;
    l_12=0.133 +0.005*D_AGE_C;
    l_13=0.136 +0.006*D_AGE_C;
    l_14=0.134 -0.016*D_AGE_C;
    l_15=0.152 -0.003*D_AGE_C;
    l_16=0.152 -0.006*D_AGE_C;



  OUTPUT: tech1;
  SAVEDATA: SAVE=FSCORES; FILE=scores.dat;



INPUT READING TERMINATED NORMALLY



Scoring Model

SUMMARY OF ANALYSIS

Number of groups                                                 1
Number of observations                                        1308

Number of dependent variables                                   16
Number of independent variables                                  2
Number of continuous latent variables                            1

Observed dependent variables

  Continuous
   L_ACTION    L_ANIMAL    L_BODYP     L_CLOTH     L_DESCRB    L_FOOD
   L_ROOMS     L_GAMES     L_HOUSEH    L_LOCATE    L_OUTSDE    L_PEOPLE
   L_PLACES    L_SOUNDS    L_TOYS      L_VEHICL

Observed independent variables
   D_AGE_C     D_MALE

Observed auxiliary variables
   ID

Continuous latent variables
   ETA


Estimator                                                       ML
Information matrix                                        OBSERVED
Optimization Specifications for the Quasi-Newton Algorithm for
Continuous Outcomes
  Maximum number of iterations                                 100
  Convergence criterion                                  0.100D-05
Optimization Specifications for the EM Algorithm
  Maximum number of iterations                                 500
  Convergence criteria
    Loglikelihood change                                 0.100D-02
    Relative loglikelihood change                        0.100D-05
    Derivative                                           0.100D-02
Optimization Specifications for the M step of the EM Algorithm for
Categorical Latent variables
  Number of M step iterations                                    1
  M step convergence criterion                           0.100D-02
  Basis for M step termination                           ITERATION
Optimization Specifications for the M step of the EM Algorithm for
Censored, Binary or Ordered Categorical (Ordinal), Unordered
Categorical (Nominal) and Count Outcomes
  Number of M step iterations                                    1
  M step convergence criterion                           0.100D-02
  Basis for M step termination                           ITERATION
  Maximum value for logit thresholds                            15
  Minimum value for logit thresholds                           -15
  Minimum expected cell size for chi-square              0.100D-01
Maximum number of iterations for H1                           2000
Convergence criterion for H1                             0.100D-03
Optimization algorithm                                         EMA
Integration Specifications
  Type                                                  MONTECARLO
  Number of integration points                                   1
  Dimensions of numerical integration                            0
  Adaptive quadrature                                           ON
  Monte Carlo integration seed                                   0
Cholesky                                                       OFF

Input data file(s)
  models/lex_sex/full.dat
Input data format  FREE


SUMMARY OF DATA

     Number of missing data patterns             1


COVARIANCE COVERAGE OF DATA

Minimum covariance coverage value   0.100


     PROPORTION OF DATA PRESENT FOR Y


           Covariance Coverage
              L_ACTION      L_ANIMAL      L_BODYP       L_CLOTH       L_DESCRB
              ________      ________      ________      ________      ________
 L_ACTION       1.000
 L_ANIMAL       1.000         1.000
 L_BODYP        1.000         1.000         1.000
 L_CLOTH        1.000         1.000         1.000         1.000
 L_DESCRB       1.000         1.000         1.000         1.000         1.000
 L_FOOD         1.000         1.000         1.000         1.000         1.000
 L_ROOMS        1.000         1.000         1.000         1.000         1.000
 L_GAMES        1.000         1.000         1.000         1.000         1.000
 L_HOUSEH       1.000         1.000         1.000         1.000         1.000
 L_LOCATE       1.000         1.000         1.000         1.000         1.000
 L_OUTSDE       1.000         1.000         1.000         1.000         1.000
 L_PEOPLE       1.000         1.000         1.000         1.000         1.000
 L_PLACES       1.000         1.000         1.000         1.000         1.000
 L_SOUNDS       1.000         1.000         1.000         1.000         1.000
 L_TOYS         1.000         1.000         1.000         1.000         1.000
 L_VEHICL       1.000         1.000         1.000         1.000         1.000
 D_AGE_C        1.000         1.000         1.000         1.000         1.000
 D_MALE         1.000         1.000         1.000         1.000         1.000


           Covariance Coverage
              L_FOOD        L_ROOMS       L_GAMES       L_HOUSEH      L_LOCATE
              ________      ________      ________      ________      ________
 L_FOOD         1.000
 L_ROOMS        1.000         1.000
 L_GAMES        1.000         1.000         1.000
 L_HOUSEH       1.000         1.000         1.000         1.000
 L_LOCATE       1.000         1.000         1.000         1.000         1.000
 L_OUTSDE       1.000         1.000         1.000         1.000         1.000
 L_PEOPLE       1.000         1.000         1.000         1.000         1.000
 L_PLACES       1.000         1.000         1.000         1.000         1.000
 L_SOUNDS       1.000         1.000         1.000         1.000         1.000
 L_TOYS         1.000         1.000         1.000         1.000         1.000
 L_VEHICL       1.000         1.000         1.000         1.000         1.000
 D_AGE_C        1.000         1.000         1.000         1.000         1.000
 D_MALE         1.000         1.000         1.000         1.000         1.000


           Covariance Coverage
              L_OUTSDE      L_PEOPLE      L_PLACES      L_SOUNDS      L_TOYS
              ________      ________      ________      ________      ________
 L_OUTSDE       1.000
 L_PEOPLE       1.000         1.000
 L_PLACES       1.000         1.000         1.000
 L_SOUNDS       1.000         1.000         1.000         1.000
 L_TOYS         1.000         1.000         1.000         1.000         1.000
 L_VEHICL       1.000         1.000         1.000         1.000         1.000
 D_AGE_C        1.000         1.000         1.000         1.000         1.000
 D_MALE         1.000         1.000         1.000         1.000         1.000


           Covariance Coverage
              L_VEHICL      D_AGE_C       D_MALE
              ________      ________      ________
 L_VEHICL       1.000
 D_AGE_C        1.000         1.000
 D_MALE         1.000         1.000         1.000



UNIVARIATE SAMPLE STATISTICS


     UNIVARIATE HIGHER-ORDER MOMENT DESCRIPTIVE STATISTICS

         Variable/         Mean/     Skewness/   Minimum/ % with                Percentiles
        Sample Size      Variance    Kurtosis    Maximum  Min/Max      20%/60%    40%/80%    Median

     L_ACTION              0.402       0.325       0.000   22.40%       0.000      0.039      0.194
            1308.000       0.169      -1.671       1.000    4.97%       0.563      0.922
     L_ANIMAL              0.493       0.079       0.000    5.89%       0.070      0.209      0.442
            1308.000       0.153      -1.720       1.000   14.07%       0.721      0.953
     L_BODYP               0.502      -0.037       0.000   17.81%       0.037      0.222      0.519
            1308.000       0.168      -1.785       1.000   10.40%       0.815      0.963
     L_CLOTH               0.414       0.274       0.000   18.27%       0.036      0.143      0.286
            1308.000       0.138      -1.562       1.000    5.81%       0.571      0.857
     L_DESCRB              0.390       0.372       0.000   18.50%       0.016      0.063      0.206
            1308.000       0.154      -1.586       1.000    5.50%       0.524      0.873
     L_FOOD                0.446       0.174       0.000   10.32%       0.029      0.132      0.338
            1308.000       0.153      -1.709       1.000    6.12%       0.662      0.897
     L_ROOMS               0.394       0.324       0.000   31.73%       0.000      0.061      0.212
            1308.000       0.159      -1.646       1.000    5.28%       0.545      0.879
     L_GAMES               0.544      -0.024       0.000    4.36%       0.160      0.320      0.520
            1308.000       0.135      -1.628       1.000   18.88%       0.760      0.960
     L_HOUSEH              0.438       0.191       0.000   17.13%       0.020      0.120      0.340
            1308.000       0.162      -1.725       1.000    7.11%       0.680      0.920
     L_LOCATE              0.341       0.586       0.000   25.23%       0.000      0.077      0.192
            1308.000       0.119      -1.167       1.000    4.13%       0.385      0.731
     L_OUTSDE              0.420       0.269       0.000   25.61%       0.000      0.097      0.290
            1308.000       0.161      -1.650       1.000   11.24%       0.581      0.903
     L_PEOPLE              0.423       0.455       0.000    1.76%       0.103      0.207      0.310
            1308.000       0.102      -1.261       1.000    4.97%       0.483      0.759
     L_PLACES              0.339       0.498       0.000   33.94%       0.000      0.045      0.182
            1308.000       0.125      -1.315       1.000    4.97%       0.455      0.727
     L_SOUNDS              0.720      -0.775       0.000    1.91%       0.417      0.667      0.833
            1308.000       0.091      -0.688       1.000   35.55%       0.917      1.000
     L_TOYS                0.506       0.080       0.000    9.10%       0.111      0.278      0.444
            1308.000       0.145      -1.666       1.000   18.35%       0.722      0.944
     L_VEHICL              0.479       0.033       0.000   23.01%       0.000      0.214      0.464
            1308.000       0.160      -1.717       1.000   14.53%       0.714      0.929
     D_AGE_C              -0.992      -0.002      -7.000   49.77%      -7.000     -7.000      2.500
            1308.000      35.960      -1.999       6.000    0.08%       5.000      5.000
     D_MALE                0.060      -0.119      -1.000   47.02%      -1.000     -1.000      1.000
            1308.000       0.996      -1.986       1.000   52.98%       1.000      1.000


THE MODEL ESTIMATION TERMINATED NORMALLY



MODEL FIT INFORMATION

Number of Free Parameters                       16

Loglikelihood

          H0 Value                       19772.619

Information Criteria

          Akaike (AIC)                  -39513.239
          Bayesian (BIC)                -39430.419
          Sample-Size Adjusted BIC      -39481.243
            (n* = (n + 2) / 24)



MODEL RESULTS

                                                    Two-Tailed
                    Estimate       S.E.  Est./S.E.    P-Value

 ETA      BY
    L_ACTION         999.000      0.000    999.000    999.000
    L_ANIMAL         999.000      0.000    999.000    999.000
    L_BODYP          999.000      0.000    999.000    999.000
    L_CLOTH          999.000      0.000    999.000    999.000
    L_DESCRB         999.000      0.000    999.000    999.000
    L_FOOD           999.000      0.000    999.000    999.000
    L_ROOMS          999.000      0.000    999.000    999.000
    L_GAMES          999.000      0.000    999.000    999.000
    L_HOUSEH           0.163      0.000    999.000    999.000
    L_LOCATE         999.000      0.000    999.000    999.000
    L_OUTSDE         999.000      0.000    999.000    999.000
    L_PEOPLE         999.000      0.000    999.000    999.000
    L_PLACES         999.000      0.000    999.000    999.000
    L_SOUNDS         999.000      0.000    999.000    999.000
    L_TOYS           999.000      0.000    999.000    999.000
    L_VEHICL         999.000      0.000    999.000    999.000

 ETA        ON
    D_AGE_C            0.368      0.000    999.000    999.000
    D_MALE            -0.083      0.000    999.000    999.000

 L_ACTION   ON
    D_AGE_C            0.011      0.000    999.000    999.000

 L_ANIMAL   ON
    D_AGE_C           -0.004      0.000    999.000    999.000

 L_BODYP    ON
    D_AGE_C           -0.006      0.000    999.000    999.000

 L_CLOTH    ON
    D_AGE_C           -0.006      0.000    999.000    999.000
    D_MALE            -0.015      0.000    999.000    999.000

 L_DESCRB   ON
    D_AGE_C            0.009      0.000    999.000    999.000
    D_MALE            -0.008      0.000    999.000    999.000

 L_FOOD     ON
    D_AGE_C            0.002      0.000    999.000    999.000

 L_ROOMS    ON
    D_AGE_C            0.002      0.000    999.000    999.000

 L_GAMES    ON
    D_AGE_C           -0.008      0.000    999.000    999.000
    D_MALE            -0.007      0.000    999.000    999.000

 L_LOCATE   ON
    D_AGE_C            0.004      0.000    999.000    999.000

 L_OUTSDE   ON
    D_AGE_C            0.001      0.000    999.000    999.000
    D_MALE             0.012      0.000    999.000    999.000

 L_PEOPLE   ON
    D_AGE_C           -0.001      0.000    999.000    999.000

 L_PLACES   ON
    D_AGE_C            0.005      0.000    999.000    999.000

 L_SOUNDS   ON
    D_AGE_C           -0.024      0.000    999.000    999.000

 L_TOYS     ON
    D_AGE_C           -0.001      0.000    999.000    999.000

 L_VEHICL   ON
    D_AGE_C           -0.001      0.000    999.000    999.000
    D_MALE             0.030      0.000    999.000    999.000

 Intercepts
    L_ACTION           0.377      0.000    999.000    999.000
    L_ANIMAL           0.621      0.000    999.000    999.000
    L_BODYP            0.692      0.000    999.000    999.000
    L_CLOTH            0.468      0.000    999.000    999.000
    L_DESCRB           0.366      0.000    999.000    999.000
    L_FOOD             0.518      0.000    999.000    999.000
    L_ROOMS            0.393      0.000    999.000    999.000
    L_GAMES            0.691      0.000    999.000    999.000
    L_HOUSEH           0.498      0.000    999.000    999.000
    L_LOCATE           0.298      0.000    999.000    999.000
    L_OUTSDE           0.448      0.000    999.000    999.000
    L_PEOPLE           0.409      0.000    999.000    999.000
    L_PLACES           0.306      0.000    999.000    999.000
    L_SOUNDS           0.969      0.000    999.000    999.000
    L_TOYS             0.604      0.000    999.000    999.000
    L_VEHICL           0.619      0.000    999.000    999.000
    ETA                0.000      0.000    999.000    999.000

 Residual Variances
    L_ACTION           0.005      0.000     23.147      0.000
    L_ANIMAL           0.008      0.000     24.394      0.000
    L_BODYP            0.008      0.000     23.993      0.000
    L_CLOTH            0.005      0.000     23.363      0.000
    L_DESCRB           0.006      0.000     23.399      0.000
    L_FOOD             0.004      0.000     23.286      0.000
    L_ROOMS            0.005      0.000     23.045      0.000
    L_GAMES            0.009      0.000     24.212      0.000
    L_HOUSEH           0.004      0.000     22.348      0.000
    L_LOCATE           0.012      0.001     24.642      0.000
    L_OUTSDE           0.005      0.000     23.143      0.000
    L_PEOPLE           0.007      0.000     24.274      0.000
    L_PLACES           0.007      0.000     24.026      0.000
    L_SOUNDS           0.024      0.001     24.700      0.000
    L_TOYS             0.007      0.000     24.092      0.000
    L_VEHICL           0.009      0.000     24.431      0.000
    ETA              999.000      0.000    999.000    999.000


QUALITY OF NUMERICAL RESULTS

     Condition Number for the Information Matrix              0.849E-07
       (ratio of smallest to largest eigenvalue)


TECHNICAL 1 OUTPUT


     PARAMETER SPECIFICATION


           NU
              L_ACTION      L_ANIMAL      L_BODYP       L_CLOTH       L_DESCRB
              ________      ________      ________      ________      ________
                    0             0             0             0             0


           NU
              L_FOOD        L_ROOMS       L_GAMES       L_HOUSEH      L_LOCATE
              ________      ________      ________      ________      ________
                    0             0             0             0             0


           NU
              L_OUTSDE      L_PEOPLE      L_PLACES      L_SOUNDS      L_TOYS
              ________      ________      ________      ________      ________
                    0             0             0             0             0


           NU
              L_VEHICL      D_AGE_C       D_MALE
              ________      ________      ________
                    0             0             0


           LAMBDA
              ETA           L_ACTION      L_ANIMAL      L_BODYP       L_CLOTH
              ________      ________      ________      ________      ________
 L_ACTION           0             0             0             0             0
 L_ANIMAL           0             0             0             0             0
 L_BODYP            0             0             0             0             0
 L_CLOTH            0             0             0             0             0
 L_DESCRB           0             0             0             0             0
 L_FOOD             0             0             0             0             0
 L_ROOMS            0             0             0             0             0
 L_GAMES            0             0             0             0             0
 L_HOUSEH           0             0             0             0             0
 L_LOCATE           0             0             0             0             0
 L_OUTSDE           0             0             0             0             0
 L_PEOPLE           0             0             0             0             0
 L_PLACES           0             0             0             0             0
 L_SOUNDS           0             0             0             0             0
 L_TOYS             0             0             0             0             0
 L_VEHICL           0             0             0             0             0
 D_AGE_C            0             0             0             0             0
 D_MALE             0             0             0             0             0


           LAMBDA
              L_DESCRB      L_FOOD        L_ROOMS       L_GAMES       L_LOCATE
              ________      ________      ________      ________      ________
 L_ACTION           0             0             0             0             0
 L_ANIMAL           0             0             0             0             0
 L_BODYP            0             0             0             0             0
 L_CLOTH            0             0             0             0             0
 L_DESCRB           0             0             0             0             0
 L_FOOD             0             0             0             0             0
 L_ROOMS            0             0             0             0             0
 L_GAMES            0             0             0             0             0
 L_HOUSEH           0             0             0             0             0
 L_LOCATE           0             0             0             0             0
 L_OUTSDE           0             0             0             0             0
 L_PEOPLE           0             0             0             0             0
 L_PLACES           0             0             0             0             0
 L_SOUNDS           0             0             0             0             0
 L_TOYS             0             0             0             0             0
 L_VEHICL           0             0             0             0             0
 D_AGE_C            0             0             0             0             0
 D_MALE             0             0             0             0             0


           LAMBDA
              L_OUTSDE      L_PEOPLE      L_PLACES      L_SOUNDS      L_TOYS
              ________      ________      ________      ________      ________
 L_ACTION           0             0             0             0             0
 L_ANIMAL           0             0             0             0             0
 L_BODYP            0             0             0             0             0
 L_CLOTH            0             0             0             0             0
 L_DESCRB           0             0             0             0             0
 L_FOOD             0             0             0             0             0
 L_ROOMS            0             0             0             0             0
 L_GAMES            0             0             0             0             0
 L_HOUSEH           0             0             0             0             0
 L_LOCATE           0             0             0             0             0
 L_OUTSDE           0             0             0             0             0
 L_PEOPLE           0             0             0             0             0
 L_PLACES           0             0             0             0             0
 L_SOUNDS           0             0             0             0             0
 L_TOYS             0             0             0             0             0
 L_VEHICL           0             0             0             0             0
 D_AGE_C            0             0             0             0             0
 D_MALE             0             0             0             0             0


           LAMBDA
              L_VEHICL      D_AGE_C       D_MALE
              ________      ________      ________
 L_ACTION           0             0             0
 L_ANIMAL           0             0             0
 L_BODYP            0             0             0
 L_CLOTH            0             0             0
 L_DESCRB           0             0             0
 L_FOOD             0             0             0
 L_ROOMS            0             0             0
 L_GAMES            0             0             0
 L_HOUSEH           0             0             0
 L_LOCATE           0             0             0
 L_OUTSDE           0             0             0
 L_PEOPLE           0             0             0
 L_PLACES           0             0             0
 L_SOUNDS           0             0             0
 L_TOYS             0             0             0
 L_VEHICL           0             0             0
 D_AGE_C            0             0             0
 D_MALE             0             0             0


           THETA
              L_ACTION      L_ANIMAL      L_BODYP       L_CLOTH       L_DESCRB
              ________      ________      ________      ________      ________
 L_ACTION           0
 L_ANIMAL           0             0
 L_BODYP            0             0             0
 L_CLOTH            0             0             0             0
 L_DESCRB           0             0             0             0             0
 L_FOOD             0             0             0             0             0
 L_ROOMS            0             0             0             0             0
 L_GAMES            0             0             0             0             0
 L_HOUSEH           0             0             0             0             0
 L_LOCATE           0             0             0             0             0
 L_OUTSDE           0             0             0             0             0
 L_PEOPLE           0             0             0             0             0
 L_PLACES           0             0             0             0             0
 L_SOUNDS           0             0             0             0             0
 L_TOYS             0             0             0             0             0
 L_VEHICL           0             0             0             0             0
 D_AGE_C            0             0             0             0             0
 D_MALE             0             0             0             0             0


           THETA
              L_FOOD        L_ROOMS       L_GAMES       L_HOUSEH      L_LOCATE
              ________      ________      ________      ________      ________
 L_FOOD             0
 L_ROOMS            0             0
 L_GAMES            0             0             0
 L_HOUSEH           0             0             0             1
 L_LOCATE           0             0             0             0             0
 L_OUTSDE           0             0             0             0             0
 L_PEOPLE           0             0             0             0             0
 L_PLACES           0             0             0             0             0
 L_SOUNDS           0             0             0             0             0
 L_TOYS             0             0             0             0             0
 L_VEHICL           0             0             0             0             0
 D_AGE_C            0             0             0             0             0
 D_MALE             0             0             0             0             0


           THETA
              L_OUTSDE      L_PEOPLE      L_PLACES      L_SOUNDS      L_TOYS
              ________      ________      ________      ________      ________
 L_OUTSDE           0
 L_PEOPLE           0             0
 L_PLACES           0             0             0
 L_SOUNDS           0             0             0             0
 L_TOYS             0             0             0             0             0
 L_VEHICL           0             0             0             0             0
 D_AGE_C            0             0             0             0             0
 D_MALE             0             0             0             0             0


           THETA
              L_VEHICL      D_AGE_C       D_MALE
              ________      ________      ________
 L_VEHICL           0
 D_AGE_C            0             0
 D_MALE             0             0             0


           ALPHA
              ETA           L_ACTION      L_ANIMAL      L_BODYP       L_CLOTH
              ________      ________      ________      ________      ________
                    0             0             0             0             0


           ALPHA
              L_DESCRB      L_FOOD        L_ROOMS       L_GAMES       L_LOCATE
              ________      ________      ________      ________      ________
                    0             0             0             0             0


           ALPHA
              L_OUTSDE      L_PEOPLE      L_PLACES      L_SOUNDS      L_TOYS
              ________      ________      ________      ________      ________
                    0             0             0             0             0


           ALPHA
              L_VEHICL      D_AGE_C       D_MALE
              ________      ________      ________
                    0             0             0


           BETA
              ETA           L_ACTION      L_ANIMAL      L_BODYP       L_CLOTH
              ________      ________      ________      ________      ________
 ETA                0             0             0             0             0
 L_ACTION           2             0             0             0             0
 L_ANIMAL           3             0             0             0             0
 L_BODYP            4             0             0             0             0
 L_CLOTH            5             0             0             0             0
 L_DESCRB           6             0             0             0             0
 L_FOOD             7             0             0             0             0
 L_ROOMS            8             0             0             0             0
 L_GAMES            9             0             0             0             0
 L_LOCATE          10             0             0             0             0
 L_OUTSDE          11             0             0             0             0
 L_PEOPLE          12             0             0             0             0
 L_PLACES          13             0             0             0             0
 L_SOUNDS          14             0             0             0             0
 L_TOYS            15             0             0             0             0
 L_VEHICL          16             0             0             0             0
 D_AGE_C            0             0             0             0             0
 D_MALE             0             0             0             0             0


           BETA
              L_DESCRB      L_FOOD        L_ROOMS       L_GAMES       L_LOCATE
              ________      ________      ________      ________      ________
 ETA                0             0             0             0             0
 L_ACTION           0             0             0             0             0
 L_ANIMAL           0             0             0             0             0
 L_BODYP            0             0             0             0             0
 L_CLOTH            0             0             0             0             0
 L_DESCRB           0             0             0             0             0
 L_FOOD             0             0             0             0             0
 L_ROOMS            0             0             0             0             0
 L_GAMES            0             0             0             0             0
 L_LOCATE           0             0             0             0             0
 L_OUTSDE           0             0             0             0             0
 L_PEOPLE           0             0             0             0             0
 L_PLACES           0             0             0             0             0
 L_SOUNDS           0             0             0             0             0
 L_TOYS             0             0             0             0             0
 L_VEHICL           0             0             0             0             0
 D_AGE_C            0             0             0             0             0
 D_MALE             0             0             0             0             0


           BETA
              L_OUTSDE      L_PEOPLE      L_PLACES      L_SOUNDS      L_TOYS
              ________      ________      ________      ________      ________
 ETA                0             0             0             0             0
 L_ACTION           0             0             0             0             0
 L_ANIMAL           0             0             0             0             0
 L_BODYP            0             0             0             0             0
 L_CLOTH            0             0             0             0             0
 L_DESCRB           0             0             0             0             0
 L_FOOD             0             0             0             0             0
 L_ROOMS            0             0             0             0             0
 L_GAMES            0             0             0             0             0
 L_LOCATE           0             0             0             0             0
 L_OUTSDE           0             0             0             0             0
 L_PEOPLE           0             0             0             0             0
 L_PLACES           0             0             0             0             0
 L_SOUNDS           0             0             0             0             0
 L_TOYS             0             0             0             0             0
 L_VEHICL           0             0             0             0             0
 D_AGE_C            0             0             0             0             0
 D_MALE             0             0             0             0             0


           BETA
              L_VEHICL      D_AGE_C       D_MALE
              ________      ________      ________
 ETA                0             0             0
 L_ACTION           0             0             0
 L_ANIMAL           0             0             0
 L_BODYP            0             0             0
 L_CLOTH            0             0             0
 L_DESCRB           0             0             0
 L_FOOD             0             0             0
 L_ROOMS            0             0             0
 L_GAMES            0             0             0
 L_LOCATE           0             0             0
 L_OUTSDE           0             0             0
 L_PEOPLE           0             0             0
 L_PLACES           0             0             0
 L_SOUNDS           0             0             0
 L_TOYS             0             0             0
 L_VEHICL           0             0             0
 D_AGE_C            0             0             0
 D_MALE             0             0             0


           PSI
              ETA           L_ACTION      L_ANIMAL      L_BODYP       L_CLOTH
              ________      ________      ________      ________      ________
 ETA               17
 L_ACTION           0            18
 L_ANIMAL           0             0            19
 L_BODYP            0             0             0            20
 L_CLOTH            0             0             0             0            21
 L_DESCRB           0             0             0             0             0
 L_FOOD             0             0             0             0             0
 L_ROOMS            0             0             0             0             0
 L_GAMES            0             0             0             0             0
 L_LOCATE           0             0             0             0             0
 L_OUTSDE           0             0             0             0             0
 L_PEOPLE           0             0             0             0             0
 L_PLACES           0             0             0             0             0
 L_SOUNDS           0             0             0             0             0
 L_TOYS             0             0             0             0             0
 L_VEHICL           0             0             0             0             0
 D_AGE_C            0             0             0             0             0
 D_MALE             0             0             0             0             0


           PSI
              L_DESCRB      L_FOOD        L_ROOMS       L_GAMES       L_LOCATE
              ________      ________      ________      ________      ________
 L_DESCRB          22
 L_FOOD             0            23
 L_ROOMS            0             0            24
 L_GAMES            0             0             0            25
 L_LOCATE           0             0             0             0            26
 L_OUTSDE           0             0             0             0             0
 L_PEOPLE           0             0             0             0             0
 L_PLACES           0             0             0             0             0
 L_SOUNDS           0             0             0             0             0
 L_TOYS             0             0             0             0             0
 L_VEHICL           0             0             0             0             0
 D_AGE_C            0             0             0             0             0
 D_MALE             0             0             0             0             0


           PSI
              L_OUTSDE      L_PEOPLE      L_PLACES      L_SOUNDS      L_TOYS
              ________      ________      ________      ________      ________
 L_OUTSDE          27
 L_PEOPLE           0            28
 L_PLACES           0             0            29
 L_SOUNDS           0             0             0            30
 L_TOYS             0             0             0             0            31
 L_VEHICL           0             0             0             0             0
 D_AGE_C            0             0             0             0             0
 D_MALE             0             0             0             0             0


           PSI
              L_VEHICL      D_AGE_C       D_MALE
              ________      ________      ________
 L_VEHICL          32
 D_AGE_C            0             0
 D_MALE             0             0             0


     STARTING VALUES


           NU
              L_ACTION      L_ANIMAL      L_BODYP       L_CLOTH       L_DESCRB
              ________      ________      ________      ________      ________
                0.000         0.000         0.000         0.000         0.000


           NU
              L_FOOD        L_ROOMS       L_GAMES       L_HOUSEH      L_LOCATE
              ________      ________      ________      ________      ________
                0.000         0.000         0.000         0.498         0.000


           NU
              L_OUTSDE      L_PEOPLE      L_PLACES      L_SOUNDS      L_TOYS
              ________      ________      ________      ________      ________
                0.000         0.000         0.000         0.000         0.000


           NU
              L_VEHICL      D_AGE_C       D_MALE
              ________      ________      ________
                0.000         0.000         0.000


           LAMBDA
              ETA           L_ACTION      L_ANIMAL      L_BODYP       L_CLOTH
              ________      ________      ________      ________      ________
 L_ACTION       0.000         1.000         0.000         0.000         0.000
 L_ANIMAL       0.000         0.000         1.000         0.000         0.000
 L_BODYP        0.000         0.000         0.000         1.000         0.000
 L_CLOTH        0.000         0.000         0.000         0.000         1.000
 L_DESCRB       0.000         0.000         0.000         0.000         0.000
 L_FOOD         0.000         0.000         0.000         0.000         0.000
 L_ROOMS        0.000         0.000         0.000         0.000         0.000
 L_GAMES        0.000         0.000         0.000         0.000         0.000
 L_HOUSEH       0.163         0.000         0.000         0.000         0.000
 L_LOCATE       0.000         0.000         0.000         0.000         0.000
 L_OUTSDE       0.000         0.000         0.000         0.000         0.000
 L_PEOPLE       0.000         0.000         0.000         0.000         0.000
 L_PLACES       0.000         0.000         0.000         0.000         0.000
 L_SOUNDS       0.000         0.000         0.000         0.000         0.000
 L_TOYS         0.000         0.000         0.000         0.000         0.000
 L_VEHICL       0.000         0.000         0.000         0.000         0.000
 D_AGE_C        0.000         0.000         0.000         0.000         0.000
 D_MALE         0.000         0.000         0.000         0.000         0.000


           LAMBDA
              L_DESCRB      L_FOOD        L_ROOMS       L_GAMES       L_LOCATE
              ________      ________      ________      ________      ________
 L_ACTION       0.000         0.000         0.000         0.000         0.000
 L_ANIMAL       0.000         0.000         0.000         0.000         0.000
 L_BODYP        0.000         0.000         0.000         0.000         0.000
 L_CLOTH        0.000         0.000         0.000         0.000         0.000
 L_DESCRB       1.000         0.000         0.000         0.000         0.000
 L_FOOD         0.000         1.000         0.000         0.000         0.000
 L_ROOMS        0.000         0.000         1.000         0.000         0.000
 L_GAMES        0.000         0.000         0.000         1.000         0.000
 L_HOUSEH       0.000         0.000         0.000         0.000         0.000
 L_LOCATE       0.000         0.000         0.000         0.000         1.000
 L_OUTSDE       0.000         0.000         0.000         0.000         0.000
 L_PEOPLE       0.000         0.000         0.000         0.000         0.000
 L_PLACES       0.000         0.000         0.000         0.000         0.000
 L_SOUNDS       0.000         0.000         0.000         0.000         0.000
 L_TOYS         0.000         0.000         0.000         0.000         0.000
 L_VEHICL       0.000         0.000         0.000         0.000         0.000
 D_AGE_C        0.000         0.000         0.000         0.000         0.000
 D_MALE         0.000         0.000         0.000         0.000         0.000


           LAMBDA
              L_OUTSDE      L_PEOPLE      L_PLACES      L_SOUNDS      L_TOYS
              ________      ________      ________      ________      ________
 L_ACTION       0.000         0.000         0.000         0.000         0.000
 L_ANIMAL       0.000         0.000         0.000         0.000         0.000
 L_BODYP        0.000         0.000         0.000         0.000         0.000
 L_CLOTH        0.000         0.000         0.000         0.000         0.000
 L_DESCRB       0.000         0.000         0.000         0.000         0.000
 L_FOOD         0.000         0.000         0.000         0.000         0.000
 L_ROOMS        0.000         0.000         0.000         0.000         0.000
 L_GAMES        0.000         0.000         0.000         0.000         0.000
 L_HOUSEH       0.000         0.000         0.000         0.000         0.000
 L_LOCATE       0.000         0.000         0.000         0.000         0.000
 L_OUTSDE       1.000         0.000         0.000         0.000         0.000
 L_PEOPLE       0.000         1.000         0.000         0.000         0.000
 L_PLACES       0.000         0.000         1.000         0.000         0.000
 L_SOUNDS       0.000         0.000         0.000         1.000         0.000
 L_TOYS         0.000         0.000         0.000         0.000         1.000
 L_VEHICL       0.000         0.000         0.000         0.000         0.000
 D_AGE_C        0.000         0.000         0.000         0.000         0.000
 D_MALE         0.000         0.000         0.000         0.000         0.000


           LAMBDA
              L_VEHICL      D_AGE_C       D_MALE
              ________      ________      ________
 L_ACTION       0.000         0.000         0.000
 L_ANIMAL       0.000         0.000         0.000
 L_BODYP        0.000         0.000         0.000
 L_CLOTH        0.000         0.000         0.000
 L_DESCRB       0.000         0.000         0.000
 L_FOOD         0.000         0.000         0.000
 L_ROOMS        0.000         0.000         0.000
 L_GAMES        0.000         0.000         0.000
 L_HOUSEH       0.000         0.000         0.000
 L_LOCATE       0.000         0.000         0.000
 L_OUTSDE       0.000         0.000         0.000
 L_PEOPLE       0.000         0.000         0.000
 L_PLACES       0.000         0.000         0.000
 L_SOUNDS       0.000         0.000         0.000
 L_TOYS         0.000         0.000         0.000
 L_VEHICL       1.000         0.000         0.000
 D_AGE_C        0.000         1.000         0.000
 D_MALE         0.000         0.000         1.000


           THETA
              L_ACTION      L_ANIMAL      L_BODYP       L_CLOTH       L_DESCRB
              ________      ________      ________      ________      ________
 L_ACTION       0.000
 L_ANIMAL       0.000         0.000
 L_BODYP        0.000         0.000         0.000
 L_CLOTH        0.000         0.000         0.000         0.000
 L_DESCRB       0.000         0.000         0.000         0.000         0.000
 L_FOOD         0.000         0.000         0.000         0.000         0.000
 L_ROOMS        0.000         0.000         0.000         0.000         0.000
 L_GAMES        0.000         0.000         0.000         0.000         0.000
 L_HOUSEH       0.000         0.000         0.000         0.000         0.000
 L_LOCATE       0.000         0.000         0.000         0.000         0.000
 L_OUTSDE       0.000         0.000         0.000         0.000         0.000
 L_PEOPLE       0.000         0.000         0.000         0.000         0.000
 L_PLACES       0.000         0.000         0.000         0.000         0.000
 L_SOUNDS       0.000         0.000         0.000         0.000         0.000
 L_TOYS         0.000         0.000         0.000         0.000         0.000
 L_VEHICL       0.000         0.000         0.000         0.000         0.000
 D_AGE_C        0.000         0.000         0.000         0.000         0.000
 D_MALE         0.000         0.000         0.000         0.000         0.000


           THETA
              L_FOOD        L_ROOMS       L_GAMES       L_HOUSEH      L_LOCATE
              ________      ________      ________      ________      ________
 L_FOOD         0.000
 L_ROOMS        0.000         0.000
 L_GAMES        0.000         0.000         0.000
 L_HOUSEH       0.000         0.000         0.000         0.081
 L_LOCATE       0.000         0.000         0.000         0.000         0.000
 L_OUTSDE       0.000         0.000         0.000         0.000         0.000
 L_PEOPLE       0.000         0.000         0.000         0.000         0.000
 L_PLACES       0.000         0.000         0.000         0.000         0.000
 L_SOUNDS       0.000         0.000         0.000         0.000         0.000
 L_TOYS         0.000         0.000         0.000         0.000         0.000
 L_VEHICL       0.000         0.000         0.000         0.000         0.000
 D_AGE_C        0.000         0.000         0.000         0.000         0.000
 D_MALE         0.000         0.000         0.000         0.000         0.000


           THETA
              L_OUTSDE      L_PEOPLE      L_PLACES      L_SOUNDS      L_TOYS
              ________      ________      ________      ________      ________
 L_OUTSDE       0.000
 L_PEOPLE       0.000         0.000
 L_PLACES       0.000         0.000         0.000
 L_SOUNDS       0.000         0.000         0.000         0.000
 L_TOYS         0.000         0.000         0.000         0.000         0.000
 L_VEHICL       0.000         0.000         0.000         0.000         0.000
 D_AGE_C        0.000         0.000         0.000         0.000         0.000
 D_MALE         0.000         0.000         0.000         0.000         0.000


           THETA
              L_VEHICL      D_AGE_C       D_MALE
              ________      ________      ________
 L_VEHICL       0.000
 D_AGE_C        0.000         0.000
 D_MALE         0.000         0.000         0.000


           ALPHA
              ETA           L_ACTION      L_ANIMAL      L_BODYP       L_CLOTH
              ________      ________      ________      ________      ________
                0.000         0.377         0.621         0.692         0.468


           ALPHA
              L_DESCRB      L_FOOD        L_ROOMS       L_GAMES       L_LOCATE
              ________      ________      ________      ________      ________
                0.366         0.518         0.393         0.691         0.298


           ALPHA
              L_OUTSDE      L_PEOPLE      L_PLACES      L_SOUNDS      L_TOYS
              ________      ________      ________      ________      ________
                0.448         0.409         0.306         0.969         0.604


           ALPHA
              L_VEHICL      D_AGE_C       D_MALE
              ________      ________      ________
                0.619         0.000         0.000


           BETA
              ETA           L_ACTION      L_ANIMAL      L_BODYP       L_CLOTH
              ________      ________      ________      ________      ________
 ETA            0.000         0.000         0.000         0.000         0.000
 L_ACTION       1.000         0.000         0.000         0.000         0.000
 L_ANIMAL       1.000         0.000         0.000         0.000         0.000
 L_BODYP        1.000         0.000         0.000         0.000         0.000
 L_CLOTH        1.000         0.000         0.000         0.000         0.000
 L_DESCRB       1.000         0.000         0.000         0.000         0.000
 L_FOOD         1.000         0.000         0.000         0.000         0.000
 L_ROOMS        1.000         0.000         0.000         0.000         0.000
 L_GAMES        1.000         0.000         0.000         0.000         0.000
 L_LOCATE       1.000         0.000         0.000         0.000         0.000
 L_OUTSDE       1.000         0.000         0.000         0.000         0.000
 L_PEOPLE       1.000         0.000         0.000         0.000         0.000
 L_PLACES       1.000         0.000         0.000         0.000         0.000
 L_SOUNDS       1.000         0.000         0.000         0.000         0.000
 L_TOYS         1.000         0.000         0.000         0.000         0.000
 L_VEHICL       1.000         0.000         0.000         0.000         0.000
 D_AGE_C        0.000         0.000         0.000         0.000         0.000
 D_MALE         0.000         0.000         0.000         0.000         0.000


           BETA
              L_DESCRB      L_FOOD        L_ROOMS       L_GAMES       L_LOCATE
              ________      ________      ________      ________      ________
 ETA            0.000         0.000         0.000         0.000         0.000
 L_ACTION       0.000         0.000         0.000         0.000         0.000
 L_ANIMAL       0.000         0.000         0.000         0.000         0.000
 L_BODYP        0.000         0.000         0.000         0.000         0.000
 L_CLOTH        0.000         0.000         0.000         0.000         0.000
 L_DESCRB       0.000         0.000         0.000         0.000         0.000
 L_FOOD         0.000         0.000         0.000         0.000         0.000
 L_ROOMS        0.000         0.000         0.000         0.000         0.000
 L_GAMES        0.000         0.000         0.000         0.000         0.000
 L_LOCATE       0.000         0.000         0.000         0.000         0.000
 L_OUTSDE       0.000         0.000         0.000         0.000         0.000
 L_PEOPLE       0.000         0.000         0.000         0.000         0.000
 L_PLACES       0.000         0.000         0.000         0.000         0.000
 L_SOUNDS       0.000         0.000         0.000         0.000         0.000
 L_TOYS         0.000         0.000         0.000         0.000         0.000
 L_VEHICL       0.000         0.000         0.000         0.000         0.000
 D_AGE_C        0.000         0.000         0.000         0.000         0.000
 D_MALE         0.000         0.000         0.000         0.000         0.000


           BETA
              L_OUTSDE      L_PEOPLE      L_PLACES      L_SOUNDS      L_TOYS
              ________      ________      ________      ________      ________
 ETA            0.000         0.000         0.000         0.000         0.000
 L_ACTION       0.000         0.000         0.000         0.000         0.000
 L_ANIMAL       0.000         0.000         0.000         0.000         0.000
 L_BODYP        0.000         0.000         0.000         0.000         0.000
 L_CLOTH        0.000         0.000         0.000         0.000         0.000
 L_DESCRB       0.000         0.000         0.000         0.000         0.000
 L_FOOD         0.000         0.000         0.000         0.000         0.000
 L_ROOMS        0.000         0.000         0.000         0.000         0.000
 L_GAMES        0.000         0.000         0.000         0.000         0.000
 L_LOCATE       0.000         0.000         0.000         0.000         0.000
 L_OUTSDE       0.000         0.000         0.000         0.000         0.000
 L_PEOPLE       0.000         0.000         0.000         0.000         0.000
 L_PLACES       0.000         0.000         0.000         0.000         0.000
 L_SOUNDS       0.000         0.000         0.000         0.000         0.000
 L_TOYS         0.000         0.000         0.000         0.000         0.000
 L_VEHICL       0.000         0.000         0.000         0.000         0.000
 D_AGE_C        0.000         0.000         0.000         0.000         0.000
 D_MALE         0.000         0.000         0.000         0.000         0.000


           BETA
              L_VEHICL      D_AGE_C       D_MALE
              ________      ________      ________
 ETA            0.000         0.368        -0.083
 L_ACTION       0.000         0.011         0.000
 L_ANIMAL       0.000        -0.004         0.000
 L_BODYP        0.000        -0.006         0.000
 L_CLOTH        0.000        -0.006        -0.015
 L_DESCRB       0.000         0.009        -0.008
 L_FOOD         0.000         0.002         0.000
 L_ROOMS        0.000         0.002         0.000
 L_GAMES        0.000        -0.008        -0.007
 L_LOCATE       0.000         0.004         0.000
 L_OUTSDE       0.000         0.001         0.012
 L_PEOPLE       0.000        -0.001         0.000
 L_PLACES       0.000         0.005         0.000
 L_SOUNDS       0.000        -0.024         0.000
 L_TOYS         0.000        -0.001         0.000
 L_VEHICL       0.000        -0.001         0.030
 D_AGE_C        0.000         0.000         0.000
 D_MALE         0.000         0.000         0.000


           PSI
              ETA           L_ACTION      L_ANIMAL      L_BODYP       L_CLOTH
              ________      ________      ________      ________      ________
 ETA            0.050
 L_ACTION       0.000         0.084
 L_ANIMAL       0.000         0.000         0.076
 L_BODYP        0.000         0.000         0.000         0.084
 L_CLOTH        0.000         0.000         0.000         0.000         0.069
 L_DESCRB       0.000         0.000         0.000         0.000         0.000
 L_FOOD         0.000         0.000         0.000         0.000         0.000
 L_ROOMS        0.000         0.000         0.000         0.000         0.000
 L_GAMES        0.000         0.000         0.000         0.000         0.000
 L_LOCATE       0.000         0.000         0.000         0.000         0.000
 L_OUTSDE       0.000         0.000         0.000         0.000         0.000
 L_PEOPLE       0.000         0.000         0.000         0.000         0.000
 L_PLACES       0.000         0.000         0.000         0.000         0.000
 L_SOUNDS       0.000         0.000         0.000         0.000         0.000
 L_TOYS         0.000         0.000         0.000         0.000         0.000
 L_VEHICL       0.000         0.000         0.000         0.000         0.000
 D_AGE_C        0.000         0.000         0.000         0.000         0.000
 D_MALE         0.000         0.000         0.000         0.000         0.000


           PSI
              L_DESCRB      L_FOOD        L_ROOMS       L_GAMES       L_LOCATE
              ________      ________      ________      ________      ________
 L_DESCRB       0.077
 L_FOOD         0.000         0.077
 L_ROOMS        0.000         0.000         0.079
 L_GAMES        0.000         0.000         0.000         0.068
 L_LOCATE       0.000         0.000         0.000         0.000         0.060
 L_OUTSDE       0.000         0.000         0.000         0.000         0.000
 L_PEOPLE       0.000         0.000         0.000         0.000         0.000
 L_PLACES       0.000         0.000         0.000         0.000         0.000
 L_SOUNDS       0.000         0.000         0.000         0.000         0.000
 L_TOYS         0.000         0.000         0.000         0.000         0.000
 L_VEHICL       0.000         0.000         0.000         0.000         0.000
 D_AGE_C        0.000         0.000         0.000         0.000         0.000
 D_MALE         0.000         0.000         0.000         0.000         0.000


           PSI
              L_OUTSDE      L_PEOPLE      L_PLACES      L_SOUNDS      L_TOYS
              ________      ________      ________      ________      ________
 L_OUTSDE       0.081
 L_PEOPLE       0.000         0.051
 L_PLACES       0.000         0.000         0.062
 L_SOUNDS       0.000         0.000         0.000         0.046
 L_TOYS         0.000         0.000         0.000         0.000         0.073
 L_VEHICL       0.000         0.000         0.000         0.000         0.000
 D_AGE_C        0.000         0.000         0.000         0.000         0.000
 D_MALE         0.000         0.000         0.000         0.000         0.000


           PSI
              L_VEHICL      D_AGE_C       D_MALE
              ________      ________      ________
 L_VEHICL       0.080
 D_AGE_C        0.000        17.980
 D_MALE         0.000         0.000         0.498


SAMPLE STATISTICS FOR ESTIMATED FACTOR SCORES


     SAMPLE STATISTICS


           Means
              ETA
              ________
               -0.268


           Covariances
              ETA
              ________
 ETA            5.545


           Correlations
              ETA
              ________
 ETA            1.000


SAVEDATA INFORMATION


  Save file
    scores.dat

  Order and format of variables

    L_ACTION       F10.3
    L_ANIMAL       F10.3
    L_BODYP        F10.3
    L_CLOTH        F10.3
    L_DESCRB       F10.3
    L_FOOD         F10.3
    L_ROOMS        F10.3
    L_GAMES        F10.3
    L_HOUSEH       F10.3
    L_LOCATE       F10.3
    L_OUTSDE       F10.3
    L_PEOPLE       F10.3
    L_PLACES       F10.3
    L_SOUNDS       F10.3
    L_TOYS         F10.3
    L_VEHICL       F10.3
    D_AGE_C        F10.3
    D_MALE         F10.3
    ID             F10.3
    ETA            F10.3

  Save file format
    20F10.3

  Save file record length    10000


     Beginning Time:  22:58:37
        Ending Time:  22:59:16
       Elapsed Time:  00:00:39



MUTHEN & MUTHEN
3463 Stoner Ave.
Los Angeles, CA  90066

Tel: (310) 391-9971
Fax: (310) 391-8971
Web: www.StatModel.com
Support: Support@StatModel.com

Copyright (c) 1998-2019 Muthen & Muthen
