Mplus VERSION 8.4
MUTHEN & MUTHEN
06/28/2021   7:52 PM

INPUT INSTRUCTIONS

  TITLE: Measurement Invariance Model for L_FOOD
  DATA: FILE = "I:/Research/MCDI/MCDI-analysis//code/MNLFA/lex/calibration.dat";
  VARIABLE:
  NAMES = ID S_CONJ S_HELPV S_PRON S_QUANT S_QWORDS S_TIME S_WF_N S_WF_V S_WE_N S_WE_V
       S_COMPLX L_ACTION L_ANIMAL L_BODYP L_CLOTH L_DESCRB L_FOOD L_ROOMS L_GAMES
       L_HOUSEH L_LOCATE L_OUTSDE L_PEOPLE L_PLACES L_SOUNDS L_TOYS L_VEHICL FIRST_B
       MALE;
  MISSING=.;
  !
  USEVARIABLES= L_ACTION L_ANIMAL L_BODYP L_CLOTH L_DESCRB L_FOOD L_ROOMS L_GAMES L_HOUSEH
   L_LOCATE L_OUTSDE L_PEOPLE L_PLACES L_SOUNDS L_TOYS L_VEHICL FIRST_B MALE ;
  AUXILIARY= S_CONJ S_HELPV S_PRON S_QUANT S_QWORDS S_TIME S_WF_N S_WF_V S_WE_N S_WE_V
   S_COMPLX ;
  !
  !
  CONSTRAINT= FIRST_B MALE ;
  ANALYSIS: ESTIMATOR=ML;ALGORITHM=INTEGRATION;INTEGRATION=MONTECARLO;PROCESSORS=4;
  MODEL: [ETA@0]; ETA@1;
  ETA BY L_ACTION*(l1);
  ETA BY L_ANIMAL*(l2);
  ETA BY L_BODYP*(l3);
  ETA BY L_CLOTH*(l4);
  ETA BY L_DESCRB*(l5);
  ETA BY L_FOOD*(l6);
  ETA BY L_ROOMS*(l7);
  ETA BY L_GAMES*(l8);
  ETA BY L_HOUSEH*(l9);
  ETA BY L_LOCATE*(l10);
  ETA BY L_OUTSDE*(l11);
  ETA BY L_PEOPLE*(l12);
  ETA BY L_PLACES*(l13);
  ETA BY L_SOUNDS*(l14);
  ETA BY L_TOYS*(l15);
  ETA BY L_VEHICL*(l16);
  L_FOOD on FIRST_B MALE;
  MODEL CONSTRAINT: new(
  l6_00*1
  l6_1*0
  l6_2*0
  );
  l6=l6_00
  +l6_1*FIRST_B
  +l6_2*MALE
  ;
  OUTPUT: tech1;



*** WARNING
  Data set contains cases with missing on x-variables.
  These cases were not included in the analysis.
  Number of cases with missing on x-variables:  2744
   1 WARNING(S) FOUND IN THE INPUT INSTRUCTIONS



Measurement Invariance Model for L_FOOD

SUMMARY OF ANALYSIS

Number of groups                                                 1
Number of observations                                        2776

Number of dependent variables                                   16
Number of independent variables                                  2
Number of continuous latent variables                            1

Observed dependent variables

  Continuous
   L_ACTION    L_ANIMAL    L_BODYP     L_CLOTH     L_DESCRB    L_FOOD
   L_ROOMS     L_GAMES     L_HOUSEH    L_LOCATE    L_OUTSDE    L_PEOPLE
   L_PLACES    L_SOUNDS    L_TOYS      L_VEHICL

Observed independent variables
   FIRST_B     MALE

Observed auxiliary variables
   S_CONJ      S_HELPV     S_PRON      S_QUANT     S_QWORDS    S_TIME
   S_WF_N      S_WF_V      S_WE_N      S_WE_V      S_COMPLX

Continuous latent variables
   ETA


Estimator                                                       ML
Information matrix                                        OBSERVED
Optimization Specifications for the Quasi-Newton Algorithm for
Continuous Outcomes
  Maximum number of iterations                                 100
  Convergence criterion                                  0.100D-05
Optimization Specifications for the EM Algorithm
  Maximum number of iterations                                 500
  Convergence criteria
    Loglikelihood change                                 0.100D-02
    Relative loglikelihood change                        0.100D-05
    Derivative                                           0.100D-02
Optimization Specifications for the M step of the EM Algorithm for
Categorical Latent variables
  Number of M step iterations                                    1
  M step convergence criterion                           0.100D-02
  Basis for M step termination                           ITERATION
Optimization Specifications for the M step of the EM Algorithm for
Censored, Binary or Ordered Categorical (Ordinal), Unordered
Categorical (Nominal) and Count Outcomes
  Number of M step iterations                                    1
  M step convergence criterion                           0.100D-02
  Basis for M step termination                           ITERATION
  Maximum value for logit thresholds                            15
  Minimum value for logit thresholds                           -15
  Minimum expected cell size for chi-square              0.100D-01
Maximum number of iterations for H1                           2000
Convergence criterion for H1                             0.100D-03
Optimization algorithm                                         EMA
Integration Specifications
  Type                                                  MONTECARLO
  Number of integration points                                   1
  Dimensions of numerical integration                            0
  Adaptive quadrature                                           ON
  Monte Carlo integration seed                                   0
Cholesky                                                       OFF

Input data file(s)
  I:/Research/MCDI/MCDI-analysis//code/MNLFA/lex/calibration.dat
Input data format  FREE


SUMMARY OF DATA

     Number of missing data patterns             1


COVARIANCE COVERAGE OF DATA

Minimum covariance coverage value   0.100


     PROPORTION OF DATA PRESENT FOR Y


           Covariance Coverage
              L_ACTION      L_ANIMAL      L_BODYP       L_CLOTH       L_DESCRB
              ________      ________      ________      ________      ________
 L_ACTION       1.000
 L_ANIMAL       1.000         1.000
 L_BODYP        1.000         1.000         1.000
 L_CLOTH        1.000         1.000         1.000         1.000
 L_DESCRB       1.000         1.000         1.000         1.000         1.000
 L_FOOD         1.000         1.000         1.000         1.000         1.000
 L_ROOMS        1.000         1.000         1.000         1.000         1.000
 L_GAMES        1.000         1.000         1.000         1.000         1.000
 L_HOUSEH       1.000         1.000         1.000         1.000         1.000
 L_LOCATE       1.000         1.000         1.000         1.000         1.000
 L_OUTSDE       1.000         1.000         1.000         1.000         1.000
 L_PEOPLE       1.000         1.000         1.000         1.000         1.000
 L_PLACES       1.000         1.000         1.000         1.000         1.000
 L_SOUNDS       1.000         1.000         1.000         1.000         1.000
 L_TOYS         1.000         1.000         1.000         1.000         1.000
 L_VEHICL       1.000         1.000         1.000         1.000         1.000
 FIRST_B        1.000         1.000         1.000         1.000         1.000
 MALE           1.000         1.000         1.000         1.000         1.000


           Covariance Coverage
              L_FOOD        L_ROOMS       L_GAMES       L_HOUSEH      L_LOCATE
              ________      ________      ________      ________      ________
 L_FOOD         1.000
 L_ROOMS        1.000         1.000
 L_GAMES        1.000         1.000         1.000
 L_HOUSEH       1.000         1.000         1.000         1.000
 L_LOCATE       1.000         1.000         1.000         1.000         1.000
 L_OUTSDE       1.000         1.000         1.000         1.000         1.000
 L_PEOPLE       1.000         1.000         1.000         1.000         1.000
 L_PLACES       1.000         1.000         1.000         1.000         1.000
 L_SOUNDS       1.000         1.000         1.000         1.000         1.000
 L_TOYS         1.000         1.000         1.000         1.000         1.000
 L_VEHICL       1.000         1.000         1.000         1.000         1.000
 FIRST_B        1.000         1.000         1.000         1.000         1.000
 MALE           1.000         1.000         1.000         1.000         1.000


           Covariance Coverage
              L_OUTSDE      L_PEOPLE      L_PLACES      L_SOUNDS      L_TOYS
              ________      ________      ________      ________      ________
 L_OUTSDE       1.000
 L_PEOPLE       1.000         1.000
 L_PLACES       1.000         1.000         1.000
 L_SOUNDS       1.000         1.000         1.000         1.000
 L_TOYS         1.000         1.000         1.000         1.000         1.000
 L_VEHICL       1.000         1.000         1.000         1.000         1.000
 FIRST_B        1.000         1.000         1.000         1.000         1.000
 MALE           1.000         1.000         1.000         1.000         1.000


           Covariance Coverage
              L_VEHICL      FIRST_B       MALE
              ________      ________      ________
 L_VEHICL       1.000
 FIRST_B        1.000         1.000
 MALE           1.000         1.000         1.000



UNIVARIATE SAMPLE STATISTICS


     UNIVARIATE HIGHER-ORDER MOMENT DESCRIPTIVE STATISTICS

         Variable/         Mean/     Skewness/   Minimum/ % with                Percentiles
        Sample Size      Variance    Kurtosis    Maximum  Min/Max      20%/60%    40%/80%    Median

     L_ACTION              0.380       0.466       0.000   10.09%       0.029      0.146      0.272
            2776.000       0.124      -1.316       1.000    2.02%       0.437      0.796
     L_ANIMAL              0.501       0.008       0.000    3.24%       0.140      0.372      0.512
            2776.000       0.109      -1.412       1.000    6.66%       0.651      0.860
     L_BODYP               0.558      -0.332       0.000    8.11%       0.148      0.481      0.648
            2776.000       0.120      -1.406       1.000    4.65%       0.778      0.926
     L_CLOTH               0.428       0.200       0.000    9.51%       0.071      0.286      0.429
            2776.000       0.099      -1.288       1.000    2.70%       0.536      0.750
     L_DESCRB              0.360       0.572       0.000    9.69%       0.048      0.143      0.254
            2776.000       0.108      -1.091       1.000    2.27%       0.397      0.730
     L_FOOD                0.470       0.063       0.000    5.91%       0.103      0.309      0.485
            2776.000       0.112      -1.432       1.000    3.28%       0.603      0.838
     L_ROOMS               0.391       0.355       0.000   17.72%       0.030      0.182      0.333
            2776.000       0.119      -1.374       1.000    2.13%       0.485      0.788
     L_GAMES               0.580      -0.159       0.000    1.98%       0.240      0.480      0.600
            2776.000       0.096      -1.278       1.000   11.31%       0.720      0.920
     L_HOUSEH              0.455       0.113       0.000    8.75%       0.060      0.280      0.440
            2776.000       0.121      -1.485       1.000    3.67%       0.600      0.840
     L_LOCATE              0.306       0.867       0.000   16.97%       0.038      0.154      0.231
            2776.000       0.084      -0.347       1.000    2.16%       0.308      0.577
     L_OUTSDE              0.418       0.302       0.000   14.19%       0.032      0.226      0.355
            2776.000       0.117      -1.326       1.000    4.90%       0.516      0.806
     L_PEOPLE              0.417       0.562       0.000    1.19%       0.172      0.276      0.345
            2776.000       0.071      -0.745       1.000    2.70%       0.448      0.655
     L_PLACES              0.329       0.576       0.000   18.70%       0.045      0.182      0.273
            2776.000       0.087      -0.863       1.000    1.66%       0.364      0.636
     L_SOUNDS              0.726      -0.818       0.000    0.86%       0.500      0.750      0.833
            2776.000       0.069      -0.309       1.000   24.96%       0.833      1.000
     L_TOYS                0.517       0.008       0.000    5.12%       0.167      0.389      0.500
            2776.000       0.101      -1.311       1.000    8.90%       0.611      0.889
     L_VEHICL              0.514      -0.147       0.000   10.52%       0.143      0.429      0.571
            2776.000       0.111      -1.384       1.000    6.56%       0.714      0.857
     FIRST_B               0.030      -0.059      -1.000   48.52%      -1.000     -1.000      1.000
            2776.000       0.999      -1.997       1.000   51.48%       1.000      1.000
     MALE                  0.014      -0.029      -1.000   49.28%      -1.000     -1.000      1.000
            2776.000       1.000      -1.999       1.000   50.72%       1.000      1.000


THE MODEL ESTIMATION TERMINATED NORMALLY



MODEL FIT INFORMATION

Number of Free Parameters                       52

Loglikelihood

          H0 Value                       28188.422

Information Criteria

          Akaike (AIC)                  -56272.844
          Bayesian (BIC)                -55964.549
          Sample-Size Adjusted BIC      -56129.770
            (n* = (n + 2) / 24)



MODEL RESULTS

                                                    Two-Tailed
                    Estimate       S.E.  Est./S.E.    P-Value

 ETA      BY
    L_ACTION           0.333      0.005     66.896      0.000
    L_ANIMAL           0.305      0.005     64.238      0.000
    L_BODYP            0.320      0.005     64.287      0.000
    L_CLOTH            0.303      0.004     68.883      0.000
    L_DESCRB           0.310      0.005     66.393      0.000
    L_FOOD           999.000      0.000    999.000    999.000
    L_ROOMS            0.332      0.005     69.277      0.000
    L_GAMES            0.283      0.004     63.103      0.000
    L_HOUSEH           0.340      0.005     70.968      0.000
    L_LOCATE           0.254      0.004     58.715      0.000
    L_OUTSDE           0.330      0.005     69.503      0.000
    L_PEOPLE           0.247      0.004     64.616      0.000
    L_PLACES           0.276      0.004     65.862      0.000
    L_SOUNDS           0.179      0.004     40.924      0.000
    L_TOYS             0.302      0.004     67.243      0.000
    L_VEHICL           0.305      0.005     63.308      0.000

 L_FOOD     ON
    FIRST_B           -0.007      0.002     -4.118      0.000
    MALE               0.000      0.002      0.208      0.835

 Means
    ETA                0.000      0.000    999.000    999.000

 Intercepts
    L_ACTION           0.380      0.007     56.906      0.000
    L_ANIMAL           0.501      0.006     80.080      0.000
    L_BODYP            0.558      0.007     84.889      0.000
    L_CLOTH            0.428      0.006     71.544      0.000
    L_DESCRB           0.360      0.006     57.594      0.000
    L_FOOD             0.471      0.006     73.950      0.000
    L_ROOMS            0.391      0.007     59.766      0.000
    L_GAMES            0.580      0.006     98.921      0.000
    L_HOUSEH           0.455      0.007     68.825      0.000
    L_LOCATE           0.306      0.005     55.661      0.000
    L_OUTSDE           0.418      0.006     64.322      0.000
    L_PEOPLE           0.417      0.005     82.695      0.000
    L_PLACES           0.329      0.006     58.835      0.000
    L_SOUNDS           0.726      0.005    145.670      0.000
    L_TOYS             0.517      0.006     85.517      0.000
    L_VEHICL           0.514      0.006     81.286      0.000

 Variances
    ETA                1.000      0.000    999.000    999.000

 Residual Variances
    L_ACTION           0.013      0.000     34.480      0.000
    L_ANIMAL           0.016      0.000     35.502      0.000
    L_BODYP            0.017      0.000     35.405      0.000
    L_CLOTH            0.008      0.000     33.848      0.000
    L_DESCRB           0.012      0.000     34.674      0.000
    L_FOOD             0.007      0.000     32.560      0.000
    L_ROOMS            0.009      0.000     33.461      0.000
    L_GAMES            0.016      0.000     35.828      0.000
    L_HOUSEH           0.006      0.000     31.506      0.000
    L_LOCATE           0.019      0.001     36.183      0.000
    L_OUTSDE           0.008      0.000     33.462      0.000
    L_PEOPLE           0.010      0.000     35.340      0.000
    L_PLACES           0.011      0.000     34.968      0.000
    L_SOUNDS           0.037      0.001     36.999      0.000
    L_TOYS             0.010      0.000     34.596      0.000
    L_VEHICL           0.018      0.000     35.658      0.000

New/Additional Parameters
    L6_00              0.325      0.005     69.967      0.000
    L6_1              -0.005      0.002     -3.119      0.002
    L6_2               0.001      0.002      0.847      0.397


QUALITY OF NUMERICAL RESULTS

     Condition Number for the Information Matrix              0.143E-07
       (ratio of smallest to largest eigenvalue)


TECHNICAL 1 OUTPUT


     PARAMETER SPECIFICATION


           NU
              L_ACTION      L_ANIMAL      L_BODYP       L_CLOTH       L_DESCRB
              ________      ________      ________      ________      ________
                    1             2             3             4             5


           NU
              L_FOOD        L_ROOMS       L_GAMES       L_HOUSEH      L_LOCATE
              ________      ________      ________      ________      ________
                    0             6             7             8             9


           NU
              L_OUTSDE      L_PEOPLE      L_PLACES      L_SOUNDS      L_TOYS
              ________      ________      ________      ________      ________
                   10            11            12            13            14


           NU
              L_VEHICL      FIRST_B       MALE
              ________      ________      ________
                   15             0             0


           LAMBDA
              ETA           L_FOOD        FIRST_B       MALE
              ________      ________      ________      ________
 L_ACTION          16             0             0             0
 L_ANIMAL          17             0             0             0
 L_BODYP           18             0             0             0
 L_CLOTH           19             0             0             0
 L_DESCRB          20             0             0             0
 L_FOOD             0             0             0             0
 L_ROOMS           21             0             0             0
 L_GAMES           22             0             0             0
 L_HOUSEH          23             0             0             0
 L_LOCATE          24             0             0             0
 L_OUTSDE          25             0             0             0
 L_PEOPLE          26             0             0             0
 L_PLACES          27             0             0             0
 L_SOUNDS          28             0             0             0
 L_TOYS            29             0             0             0
 L_VEHICL          30             0             0             0
 FIRST_B            0             0             0             0
 MALE               0             0             0             0


           THETA
              L_ACTION      L_ANIMAL      L_BODYP       L_CLOTH       L_DESCRB
              ________      ________      ________      ________      ________
 L_ACTION          31
 L_ANIMAL           0            32
 L_BODYP            0             0            33
 L_CLOTH            0             0             0            34
 L_DESCRB           0             0             0             0            35
 L_FOOD             0             0             0             0             0
 L_ROOMS            0             0             0             0             0
 L_GAMES            0             0             0             0             0
 L_HOUSEH           0             0             0             0             0
 L_LOCATE           0             0             0             0             0
 L_OUTSDE           0             0             0             0             0
 L_PEOPLE           0             0             0             0             0
 L_PLACES           0             0             0             0             0
 L_SOUNDS           0             0             0             0             0
 L_TOYS             0             0             0             0             0
 L_VEHICL           0             0             0             0             0
 FIRST_B            0             0             0             0             0
 MALE               0             0             0             0             0


           THETA
              L_FOOD        L_ROOMS       L_GAMES       L_HOUSEH      L_LOCATE
              ________      ________      ________      ________      ________
 L_FOOD             0
 L_ROOMS            0            36
 L_GAMES            0             0            37
 L_HOUSEH           0             0             0            38
 L_LOCATE           0             0             0             0            39
 L_OUTSDE           0             0             0             0             0
 L_PEOPLE           0             0             0             0             0
 L_PLACES           0             0             0             0             0
 L_SOUNDS           0             0             0             0             0
 L_TOYS             0             0             0             0             0
 L_VEHICL           0             0             0             0             0
 FIRST_B            0             0             0             0             0
 MALE               0             0             0             0             0


           THETA
              L_OUTSDE      L_PEOPLE      L_PLACES      L_SOUNDS      L_TOYS
              ________      ________      ________      ________      ________
 L_OUTSDE          40
 L_PEOPLE           0            41
 L_PLACES           0             0            42
 L_SOUNDS           0             0             0            43
 L_TOYS             0             0             0             0            44
 L_VEHICL           0             0             0             0             0
 FIRST_B            0             0             0             0             0
 MALE               0             0             0             0             0


           THETA
              L_VEHICL      FIRST_B       MALE
              ________      ________      ________
 L_VEHICL          45
 FIRST_B            0             0
 MALE               0             0             0


           ALPHA
              ETA           L_FOOD        FIRST_B       MALE
              ________      ________      ________      ________
                    0            46             0             0


           BETA
              ETA           L_FOOD        FIRST_B       MALE
              ________      ________      ________      ________
 ETA                0             0             0             0
 L_FOOD            47             0            48            49
 FIRST_B            0             0             0             0
 MALE               0             0             0             0


           PSI
              ETA           L_FOOD        FIRST_B       MALE
              ________      ________      ________      ________
 ETA                0
 L_FOOD             0            50
 FIRST_B            0             0             0
 MALE               0             0             0             0


     PARAMETER SPECIFICATION FOR THE ADDITIONAL PARAMETERS


           NEW/ADDITIONAL PARAMETERS
              L6_00         L6_1          L6_2
              ________      ________      ________
                   51            52            53


     STARTING VALUES


           NU
              L_ACTION      L_ANIMAL      L_BODYP       L_CLOTH       L_DESCRB
              ________      ________      ________      ________      ________
                0.380         0.501         0.558         0.428         0.360


           NU
              L_FOOD        L_ROOMS       L_GAMES       L_HOUSEH      L_LOCATE
              ________      ________      ________      ________      ________
                0.000         0.391         0.580         0.455         0.306


           NU
              L_OUTSDE      L_PEOPLE      L_PLACES      L_SOUNDS      L_TOYS
              ________      ________      ________      ________      ________
                0.418         0.417         0.329         0.726         0.517


           NU
              L_VEHICL      FIRST_B       MALE
              ________      ________      ________
                0.514         0.000         0.000


           LAMBDA
              ETA           L_FOOD        FIRST_B       MALE
              ________      ________      ________      ________
 L_ACTION       1.000         0.000         0.000         0.000
 L_ANIMAL       1.000         0.000         0.000         0.000
 L_BODYP        1.000         0.000         0.000         0.000
 L_CLOTH        1.000         0.000         0.000         0.000
 L_DESCRB       1.000         0.000         0.000         0.000
 L_FOOD         0.000         1.000         0.000         0.000
 L_ROOMS        1.000         0.000         0.000         0.000
 L_GAMES        1.000         0.000         0.000         0.000
 L_HOUSEH       1.000         0.000         0.000         0.000
 L_LOCATE       1.000         0.000         0.000         0.000
 L_OUTSDE       1.000         0.000         0.000         0.000
 L_PEOPLE       1.000         0.000         0.000         0.000
 L_PLACES       1.000         0.000         0.000         0.000
 L_SOUNDS       1.000         0.000         0.000         0.000
 L_TOYS         1.000         0.000         0.000         0.000
 L_VEHICL       1.000         0.000         0.000         0.000
 FIRST_B        0.000         0.000         1.000         0.000
 MALE           0.000         0.000         0.000         1.000


           THETA
              L_ACTION      L_ANIMAL      L_BODYP       L_CLOTH       L_DESCRB
              ________      ________      ________      ________      ________
 L_ACTION       0.062
 L_ANIMAL       0.000         0.054
 L_BODYP        0.000         0.000         0.060
 L_CLOTH        0.000         0.000         0.000         0.050
 L_DESCRB       0.000         0.000         0.000         0.000         0.054
 L_FOOD         0.000         0.000         0.000         0.000         0.000
 L_ROOMS        0.000         0.000         0.000         0.000         0.000
 L_GAMES        0.000         0.000         0.000         0.000         0.000
 L_HOUSEH       0.000         0.000         0.000         0.000         0.000
 L_LOCATE       0.000         0.000         0.000         0.000         0.000
 L_OUTSDE       0.000         0.000         0.000         0.000         0.000
 L_PEOPLE       0.000         0.000         0.000         0.000         0.000
 L_PLACES       0.000         0.000         0.000         0.000         0.000
 L_SOUNDS       0.000         0.000         0.000         0.000         0.000
 L_TOYS         0.000         0.000         0.000         0.000         0.000
 L_VEHICL       0.000         0.000         0.000         0.000         0.000
 FIRST_B        0.000         0.000         0.000         0.000         0.000
 MALE           0.000         0.000         0.000         0.000         0.000


           THETA
              L_FOOD        L_ROOMS       L_GAMES       L_HOUSEH      L_LOCATE
              ________      ________      ________      ________      ________
 L_FOOD         0.000
 L_ROOMS        0.000         0.059
 L_GAMES        0.000         0.000         0.048
 L_HOUSEH       0.000         0.000         0.000         0.061
 L_LOCATE       0.000         0.000         0.000         0.000         0.042
 L_OUTSDE       0.000         0.000         0.000         0.000         0.000
 L_PEOPLE       0.000         0.000         0.000         0.000         0.000
 L_PLACES       0.000         0.000         0.000         0.000         0.000
 L_SOUNDS       0.000         0.000         0.000         0.000         0.000
 L_TOYS         0.000         0.000         0.000         0.000         0.000
 L_VEHICL       0.000         0.000         0.000         0.000         0.000
 FIRST_B        0.000         0.000         0.000         0.000         0.000
 MALE           0.000         0.000         0.000         0.000         0.000


           THETA
              L_OUTSDE      L_PEOPLE      L_PLACES      L_SOUNDS      L_TOYS
              ________      ________      ________      ________      ________
 L_OUTSDE       0.059
 L_PEOPLE       0.000         0.035
 L_PLACES       0.000         0.000         0.043
 L_SOUNDS       0.000         0.000         0.000         0.034
 L_TOYS         0.000         0.000         0.000         0.000         0.051
 L_VEHICL       0.000         0.000         0.000         0.000         0.000
 FIRST_B        0.000         0.000         0.000         0.000         0.000
 MALE           0.000         0.000         0.000         0.000         0.000


           THETA
              L_VEHICL      FIRST_B       MALE
              ________      ________      ________
 L_VEHICL       0.055
 FIRST_B        0.000         0.000
 MALE           0.000         0.000         0.000


           ALPHA
              ETA           L_FOOD        FIRST_B       MALE
              ________      ________      ________      ________
                0.000         0.470         0.000         0.000


           BETA
              ETA           L_FOOD        FIRST_B       MALE
              ________      ________      ________      ________
 ETA            0.000         0.000         0.000         0.000
 L_FOOD         1.000         0.000         0.000         0.000
 FIRST_B        0.000         0.000         0.000         0.000
 MALE           0.000         0.000         0.000         0.000


           PSI
              ETA           L_FOOD        FIRST_B       MALE
              ________      ________      ________      ________
 ETA            1.000
 L_FOOD         0.000         0.056
 FIRST_B        0.000         0.000         0.500
 MALE           0.000         0.000         0.000         0.500


     STARTING VALUES FOR THE ADDITIONAL PARAMETERS


           NEW/ADDITIONAL PARAMETERS
              L6_00         L6_1          L6_2
              ________      ________      ________
                1.000         0.000         0.000


     Beginning Time:  19:52:50
        Ending Time:  19:53:48
       Elapsed Time:  00:00:58



MUTHEN & MUTHEN
3463 Stoner Ave.
Los Angeles, CA  90066

Tel: (310) 391-9971
Fax: (310) 391-8971
Web: www.StatModel.com
Support: Support@StatModel.com

Copyright (c) 1998-2019 Muthen & Muthen
