Mplus VERSION 8.4
MUTHEN & MUTHEN
06/28/2021   8:11 PM

INPUT INSTRUCTIONS

  TITLE: Variance Impact Model
  DATA: FILE = "I:/Research/MCDI/MCDI-analysis//code/MNLFA/lex/calibration.dat";
  VARIABLE:
  NAMES = ID S_CONJ S_HELPV S_PRON S_QUANT S_QWORDS S_TIME S_WF_N S_WF_V S_WE_N S_WE_V
       S_COMPLX L_ACTION L_ANIMAL L_BODYP L_CLOTH L_DESCRB L_FOOD L_ROOMS L_GAMES
       L_HOUSEH L_LOCATE L_OUTSDE L_PEOPLE L_PLACES L_SOUNDS L_TOYS L_VEHICL FIRST_B
       MALE;
  MISSING=.;
  !
  USEVARIABLES= L_ACTION L_ANIMAL L_BODYP L_CLOTH L_DESCRB L_FOOD L_ROOMS L_GAMES L_HOUSEH
   L_LOCATE L_OUTSDE L_PEOPLE L_PLACES L_SOUNDS L_TOYS L_VEHICL ;
  AUXILIARY= S_CONJ S_HELPV S_PRON S_QUANT S_QWORDS S_TIME S_WF_N S_WF_V S_WE_N S_WE_V
   S_COMPLX ;
  !
  !
  CONSTRAINT= ;
  ANALYSIS: ESTIMATOR=ML;ALGORITHM=INTEGRATION;INTEGRATION=MONTECARLO;PROCESSORS=4;
  MODEL: ETA ON ; ETA*(veta);
  ETA BY L_ACTION*(l1);
  ETA BY L_ANIMAL*(l2);
  ETA BY L_BODYP*(l3);
  ETA BY L_CLOTH*(l4);
  ETA BY L_DESCRB*(l5);
  ETA BY L_FOOD*(l6);
  ETA BY L_ROOMS*(l7);
  ETA BY L_GAMES*(l8);
  ETA BY L_HOUSEH*(l9);
  ETA BY L_LOCATE*(l10);
  ETA BY L_OUTSDE*(l11);
  ETA BY L_PEOPLE*(l12);
  ETA BY L_PLACES*(l13);
  ETA BY L_SOUNDS*(l14);
  ETA BY L_TOYS*(l15);
  ETA BY L_VEHICL*(l16);
  v0*0
  );
  v0*);
  OUTPUT: tech1;

*** ERROR
  Mismatched parentheses:
  )


MUTHEN & MUTHEN
3463 Stoner Ave.
Los Angeles, CA  90066

Tel: (310) 391-9971
Fax: (310) 391-8971
Web: www.StatModel.com
Support: Support@StatModel.com

Copyright (c) 1998-2019 Muthen & Muthen
